[INFO] Scanning for projects...
[INFO] Inspecting build with total of 1 modules...
[INFO] Installing Nexus Staging features:
[INFO]   ... total of 1 executions of maven-deploy-plugin replaced with nexus-staging-maven-plugin
[INFO] 
[INFO] ---------------------< com.maxonrow:mxw-sdk-java >----------------------
[INFO] Building mxw-sdk-java 0.6.9-SNAPSHOT
[INFO]   from pom.xml
[INFO] --------------------------------[ jar ]---------------------------------
[INFO] 
[INFO] --- surefire:3.1.2:test (default-cli) @ mxw-sdk-java ---
[INFO] Using auto detected provider org.apache.maven.surefire.junit4.JUnit4Provider
[INFO] 
[INFO] -------------------------------------------------------
[INFO]  T E S T S
[INFO] -------------------------------------------------------
[INFO] Running flaky.FlakyTest
[ERROR] Tests run: 7, Failures: 7, Errors: 0, Skipped: 0, Time elapsed: 1.783 s <<< FAILURE! -- in flaky.FlakyTest
[ERROR] flaky.FlakyTest.test051_1 -- Time elapsed: 0.753 s <<< FAILURE!
org.junit.ComparisonFailure: 'UTC--2023-12-10T01-02-23.475000000Z--mxw1px6kv6fa2gwzf3ucvvfpdny50phpwjmndl0ysd.json' != 'UTC--2023-11-20T08-48-59.513000000Z--mxw17e5rj6p4leexgv2mtla989ve9njhmf3sevxpev.json' expected:<UTC--2023-1[2-10T01-02-23.475000000Z--mxw1px6kv6fa2gwzf3ucvvfpdny50phpwjmndl0ysd].json> but was:<UTC--2023-1[1-20T08-48-59.513000000Z--mxw17e5rj6p4leexgv2mtla989ve9njhmf3sevxpev].json>
	at org.junit.Assert.assertEquals(Assert.java:117)
	at flaky.FlakyTest.test051_1(FlakyTest.java:20)
	at sun.reflect.NativeMethodAccessorImpl.invoke0(Native Method)
	at sun.reflect.NativeMethodAccessorImpl.invoke(NativeMethodAccessorImpl.java:62)
	at sun.reflect.DelegatingMethodAccessorImpl.invoke(DelegatingMethodAccessorImpl.java:43)
	at java.lang.reflect.Method.invoke(Method.java:498)
	at org.junit.runners.model.FrameworkMethod$1.runReflectiveCall(FrameworkMethod.java:59)
	at org.junit.internal.runners.model.ReflectiveCallable.run(ReflectiveCallable.java:12)
	at org.junit.runners.model.FrameworkMethod.invokeExplosively(FrameworkMethod.java:56)
	at org.junit.internal.runners.statements.InvokeMethod.evaluate(InvokeMethod.java:17)
	at org.junit.runners.ParentRunner$3.evaluate(ParentRunner.java:306)
	at org.junit.runners.BlockJUnit4ClassRunner$1.evaluate(BlockJUnit4ClassRunner.java:100)
	at org.junit.runners.ParentRunner.runLeaf(ParentRunner.java:366)
	at org.junit.runners.BlockJUnit4ClassRunner.runChild(BlockJUnit4ClassRunner.java:103)
	at org.junit.runners.BlockJUnit4ClassRunner.runChild(BlockJUnit4ClassRunner.java:63)
	at org.junit.runners.ParentRunner$4.run(ParentRunner.java:331)
	at org.junit.runners.ParentRunner$1.schedule(ParentRunner.java:79)
	at org.junit.runners.ParentRunner.runChildren(ParentRunner.java:329)
	at org.junit.runners.ParentRunner.access$100(ParentRunner.java:66)
	at org.junit.runners.ParentRunner$2.evaluate(ParentRunner.java:293)
	at org.junit.runners.ParentRunner$3.evaluate(ParentRunner.java:306)
	at org.junit.runners.ParentRunner.run(ParentRunner.java:413)
	at org.apache.maven.surefire.junit4.JUnit4Provider.execute(JUnit4Provider.java:316)
	at org.apache.maven.surefire.junit4.JUnit4Provider.executeWithRerun(JUnit4Provider.java:240)
	at org.apache.maven.surefire.junit4.JUnit4Provider.executeTestSet(JUnit4Provider.java:214)
	at org.apache.maven.surefire.junit4.JUnit4Provider.invoke(JUnit4Provider.java:155)
	at org.apache.maven.surefire.booter.ForkedBooter.runSuitesInProcess(ForkedBooter.java:385)
	at org.apache.maven.surefire.booter.ForkedBooter.execute(ForkedBooter.java:162)
	at org.apache.maven.surefire.booter.ForkedBooter.run(ForkedBooter.java:507)
	at org.apache.maven.surefire.booter.ForkedBooter.main(ForkedBooter.java:495)

[ERROR] flaky.FlakyTest.test116_1 -- Time elapsed: 0.018 s <<< FAILURE!
org.junit.ComparisonFailure: '0x89c15e7e953a6f18072a9bbeea62d980f5bbb4cdea724258c58bb256de785d67' != '0x3f735f375f246cce0cdfc278e746452e28f6bf175d2e8b3b929b0ae58d6acca9' expected:<0x[89c15e7e953a6f18072a9bbeea62d980f5bbb4cdea724258c58bb256de785d67]> but was:<0x[3f735f375f246cce0cdfc278e746452e28f6bf175d2e8b3b929b0ae58d6acca9]>
	at org.junit.Assert.assertEquals(Assert.java:117)
	at flaky.FlakyTest.test116_1(FlakyTest.java:31)
	at sun.reflect.NativeMethodAccessorImpl.invoke0(Native Method)
	at sun.reflect.NativeMethodAccessorImpl.invoke(NativeMethodAccessorImpl.java:62)
	at sun.reflect.DelegatingMethodAccessorImpl.invoke(DelegatingMethodAccessorImpl.java:43)
	at java.lang.reflect.Method.invoke(Method.java:498)
	at org.junit.runners.model.FrameworkMethod$1.runReflectiveCall(FrameworkMethod.java:59)
	at org.junit.internal.runners.model.ReflectiveCallable.run(ReflectiveCallable.java:12)
	at org.junit.runners.model.FrameworkMethod.invokeExplosively(FrameworkMethod.java:56)
	at org.junit.internal.runners.statements.InvokeMethod.evaluate(InvokeMethod.java:17)
	at org.junit.runners.ParentRunner$3.evaluate(ParentRunner.java:306)
	at org.junit.runners.BlockJUnit4ClassRunner$1.evaluate(BlockJUnit4ClassRunner.java:100)
	at org.junit.runners.ParentRunner.runLeaf(ParentRunner.java:366)
	at org.junit.runners.BlockJUnit4ClassRunner.runChild(BlockJUnit4ClassRunner.java:103)
	at org.junit.runners.BlockJUnit4ClassRunner.runChild(BlockJUnit4ClassRunner.java:63)
	at org.junit.runners.ParentRunner$4.run(ParentRunner.java:331)
	at org.junit.runners.ParentRunner$1.schedule(ParentRunner.java:79)
	at org.junit.runners.ParentRunner.runChildren(ParentRunner.java:329)
	at org.junit.runners.ParentRunner.access$100(ParentRunner.java:66)
	at org.junit.runners.ParentRunner$2.evaluate(ParentRunner.java:293)
	at org.junit.runners.ParentRunner$3.evaluate(ParentRunner.java:306)
	at org.junit.runners.ParentRunner.run(ParentRunner.java:413)
	at org.apache.maven.surefire.junit4.JUnit4Provider.execute(JUnit4Provider.java:316)
	at org.apache.maven.surefire.junit4.JUnit4Provider.executeWithRerun(JUnit4Provider.java:240)
	at org.apache.maven.surefire.junit4.JUnit4Provider.executeTestSet(JUnit4Provider.java:214)
	at org.apache.maven.surefire.junit4.JUnit4Provider.invoke(JUnit4Provider.java:155)
	at org.apache.maven.surefire.booter.ForkedBooter.runSuitesInProcess(ForkedBooter.java:385)
	at org.apache.maven.surefire.booter.ForkedBooter.execute(ForkedBooter.java:162)
	at org.apache.maven.surefire.booter.ForkedBooter.run(ForkedBooter.java:507)
	at org.apache.maven.surefire.booter.ForkedBooter.main(ForkedBooter.java:495)

[ERROR] flaky.FlakyTest.test146_1 -- Time elapsed: 0.255 s <<< FAILURE!
org.junit.ComparisonFailure: '{"address":"mxw12trql0yg0v009l5h2dv0hmffmxherfzwfju088","id":"1e034dca-3954-4859-b55e-166125f4f782","version":3,"crypto":{"cipher":"aes-256-ctr","ciphertext":"f43943f992409df2e1ded2ac8e2131f58a9ed1f8814a70f62cbc038c4f75d722","cipherparams":{"iv":"73ef359db10903227e19236c89284fe4"},"kdf":"scrypt","kdfparams":{"dklen":48,"n":131072,"p":1,"r":8,"salt":"21c0049569141fa220c61d8e18dd81109da78e40e002b7f6ce496ffd7aa0f894"},"mac":"8c21d94ed3cfad5a825034c4bb5dcc373bc7db75032f3d789c74e48838c6efab"}}' != '{"address":"mxw18mfndv7kur3csup8vf60kly0dqqnmlrq0qpwh0","id":"24f9db58-02a1-46ad-b174-050894f61bc3","version":3,"crypto":{"cipher":"aes-256-ctr","ciphertext":"f657ed922313c2767ca26831363056bafc823e487c39092fc2ccfb4210c94f68","cipherparams":{"iv":"59062e491f87b5b7cfd9b3351238f4e8"},"kdf":"scrypt","kdfparams":{"dklen":48,"n":131072,"p":1,"r":8,"salt":"298d5dddd6340fb86934cff6290bebfb7d46aca0b687c8ace8db0bd09d735baa"},"mac":"de7619e140145978c33e7b018e52a22b4bf303ab653c3bb35deefe7131e5773d"}}' expected:<{"address":"mxw1[2trql0yg0v009l5h2dv0hmffmxherfzwfju088","id":"1e034dca-3954-4859-b55e-166125f4f782","version":3,"crypto":{"cipher":"aes-256-ctr","ciphertext":"f43943f992409df2e1ded2ac8e2131f58a9ed1f8814a70f62cbc038c4f75d722","cipherparams":{"iv":"73ef359db10903227e19236c89284fe4"},"kdf":"scrypt","kdfparams":{"dklen":48,"n":131072,"p":1,"r":8,"salt":"21c0049569141fa220c61d8e18dd81109da78e40e002b7f6ce496ffd7aa0f894"},"mac":"8c21d94ed3cfad5a825034c4bb5dcc373bc7db75032f3d789c74e48838c6efab]"}}> but was:<{"address":"mxw1[8mfndv7kur3csup8vf60kly0dqqnmlrq0qpwh0","id":"24f9db58-02a1-46ad-b174-050894f61bc3","version":3,"crypto":{"cipher":"aes-256-ctr","ciphertext":"f657ed922313c2767ca26831363056bafc823e487c39092fc2ccfb4210c94f68","cipherparams":{"iv":"59062e491f87b5b7cfd9b3351238f4e8"},"kdf":"scrypt","kdfparams":{"dklen":48,"n":131072,"p":1,"r":8,"salt":"298d5dddd6340fb86934cff6290bebfb7d46aca0b687c8ace8db0bd09d735baa"},"mac":"de7619e140145978c33e7b018e52a22b4bf303ab653c3bb35deefe7131e5773d]"}}>
	at org.junit.Assert.assertEquals(Assert.java:117)
	at flaky.FlakyTest.test146_1(FlakyTest.java:49)
	at sun.reflect.NativeMethodAccessorImpl.invoke0(Native Method)
	at sun.reflect.NativeMethodAccessorImpl.invoke(NativeMethodAccessorImpl.java:62)
	at sun.reflect.DelegatingMethodAccessorImpl.invoke(DelegatingMethodAccessorImpl.java:43)
	at java.lang.reflect.Method.invoke(Method.java:498)
	at org.junit.runners.model.FrameworkMethod$1.runReflectiveCall(FrameworkMethod.java:59)
	at org.junit.internal.runners.model.ReflectiveCallable.run(ReflectiveCallable.java:12)
	at org.junit.runners.model.FrameworkMethod.invokeExplosively(FrameworkMethod.java:56)
	at org.junit.internal.runners.statements.InvokeMethod.evaluate(InvokeMethod.java:17)
	at org.junit.runners.ParentRunner$3.evaluate(ParentRunner.java:306)
	at org.junit.runners.BlockJUnit4ClassRunner$1.evaluate(BlockJUnit4ClassRunner.java:100)
	at org.junit.runners.ParentRunner.runLeaf(ParentRunner.java:366)
	at org.junit.runners.BlockJUnit4ClassRunner.runChild(BlockJUnit4ClassRunner.java:103)
	at org.junit.runners.BlockJUnit4ClassRunner.runChild(BlockJUnit4ClassRunner.java:63)
	at org.junit.runners.ParentRunner$4.run(ParentRunner.java:331)
	at org.junit.runners.ParentRunner$1.schedule(ParentRunner.java:79)
	at org.junit.runners.ParentRunner.runChildren(ParentRunner.java:329)
	at org.junit.runners.ParentRunner.access$100(ParentRunner.java:66)
	at org.junit.runners.ParentRunner$2.evaluate(ParentRunner.java:293)
	at org.junit.runners.ParentRunner$3.evaluate(ParentRunner.java:306)
	at org.junit.runners.ParentRunner.run(ParentRunner.java:413)
	at org.apache.maven.surefire.junit4.JUnit4Provider.execute(JUnit4Provider.java:316)
	at org.apache.maven.surefire.junit4.JUnit4Provider.executeWithRerun(JUnit4Provider.java:240)
	at org.apache.maven.surefire.junit4.JUnit4Provider.executeTestSet(JUnit4Provider.java:214)
	at org.apache.maven.surefire.junit4.JUnit4Provider.invoke(JUnit4Provider.java:155)
	at org.apache.maven.surefire.booter.ForkedBooter.runSuitesInProcess(ForkedBooter.java:385)
	at org.apache.maven.surefire.booter.ForkedBooter.execute(ForkedBooter.java:162)
	at org.apache.maven.surefire.booter.ForkedBooter.run(ForkedBooter.java:507)
	at org.apache.maven.surefire.booter.ForkedBooter.main(ForkedBooter.java:495)

[ERROR] flaky.FlakyTest.test169_1 -- Time elapsed: 0.002 s <<< FAILURE!
org.junit.ComparisonFailure: '0x03233f4312d3c4ff702bbd1de6fc8cc00388d35fb1bac244ab415ad2ceb70f22ec' != '0x03fca673aef7ac30a998a60428e304e2c8f3150a11bd5e0894b100fdd9cb70d962' expected:<0x03[233f4312d3c4ff702bbd1de6fc8cc00388d35fb1bac244ab415ad2ceb70f22ec]> but was:<0x03[fca673aef7ac30a998a60428e304e2c8f3150a11bd5e0894b100fdd9cb70d962]>
	at org.junit.Assert.assertEquals(Assert.java:117)
	at flaky.FlakyTest.test169_1(FlakyTest.java:58)
	at sun.reflect.NativeMethodAccessorImpl.invoke0(Native Method)
	at sun.reflect.NativeMethodAccessorImpl.invoke(NativeMethodAccessorImpl.java:62)
	at sun.reflect.DelegatingMethodAccessorImpl.invoke(DelegatingMethodAccessorImpl.java:43)
	at java.lang.reflect.Method.invoke(Method.java:498)
	at org.junit.runners.model.FrameworkMethod$1.runReflectiveCall(FrameworkMethod.java:59)
	at org.junit.internal.runners.model.ReflectiveCallable.run(ReflectiveCallable.java:12)
	at org.junit.runners.model.FrameworkMethod.invokeExplosively(FrameworkMethod.java:56)
	at org.junit.internal.runners.statements.InvokeMethod.evaluate(InvokeMethod.java:17)
	at org.junit.runners.ParentRunner$3.evaluate(ParentRunner.java:306)
	at org.junit.runners.BlockJUnit4ClassRunner$1.evaluate(BlockJUnit4ClassRunner.java:100)
	at org.junit.runners.ParentRunner.runLeaf(ParentRunner.java:366)
	at org.junit.runners.BlockJUnit4ClassRunner.runChild(BlockJUnit4ClassRunner.java:103)
	at org.junit.runners.BlockJUnit4ClassRunner.runChild(BlockJUnit4ClassRunner.java:63)
	at org.junit.runners.ParentRunner$4.run(ParentRunner.java:331)
	at org.junit.runners.ParentRunner$1.schedule(ParentRunner.java:79)
	at org.junit.runners.ParentRunner.runChildren(ParentRunner.java:329)
	at org.junit.runners.ParentRunner.access$100(ParentRunner.java:66)
	at org.junit.runners.ParentRunner$2.evaluate(ParentRunner.java:293)
	at org.junit.runners.ParentRunner$3.evaluate(ParentRunner.java:306)
	at org.junit.runners.ParentRunner.run(ParentRunner.java:413)
	at org.apache.maven.surefire.junit4.JUnit4Provider.execute(JUnit4Provider.java:316)
	at org.apache.maven.surefire.junit4.JUnit4Provider.executeWithRerun(JUnit4Provider.java:240)
	at org.apache.maven.surefire.junit4.JUnit4Provider.executeTestSet(JUnit4Provider.java:214)
	at org.apache.maven.surefire.junit4.JUnit4Provider.invoke(JUnit4Provider.java:155)
	at org.apache.maven.surefire.booter.ForkedBooter.runSuitesInProcess(ForkedBooter.java:385)
	at org.apache.maven.surefire.booter.ForkedBooter.execute(ForkedBooter.java:162)
	at org.apache.maven.surefire.booter.ForkedBooter.run(ForkedBooter.java:507)
	at org.apache.maven.surefire.booter.ForkedBooter.main(ForkedBooter.java:495)

[ERROR] flaky.FlakyTest.test173_1 -- Time elapsed: 0.239 s <<< FAILURE!
org.junit.ComparisonFailure: 'UTC--2023-12-10T01-02-24.20000000Z--mxw1vacqxq04sq6dxruvkgh6ntwcwaj022ez4rpuur.json' != 'UTC--2023-11-20T08-49-02.529000000Z--mxw1h58d98wvy6lq5hcyxf8jl7ahmdw5hgrdjxym4z.json' expected:<UTC--2023-1[2-10T01-02-24.20000000Z--mxw1vacqxq04sq6dxruvkgh6ntwcwaj022ez4rpuur].json> but was:<UTC--2023-1[1-20T08-49-02.529000000Z--mxw1h58d98wvy6lq5hcyxf8jl7ahmdw5hgrdjxym4z].json>
	at org.junit.Assert.assertEquals(Assert.java:117)
	at flaky.FlakyTest.test173_1(FlakyTest.java:66)
	at sun.reflect.NativeMethodAccessorImpl.invoke0(Native Method)
	at sun.reflect.NativeMethodAccessorImpl.invoke(NativeMethodAccessorImpl.java:62)
	at sun.reflect.DelegatingMethodAccessorImpl.invoke(DelegatingMethodAccessorImpl.java:43)
	at java.lang.reflect.Method.invoke(Method.java:498)
	at org.junit.runners.model.FrameworkMethod$1.runReflectiveCall(FrameworkMethod.java:59)
	at org.junit.internal.runners.model.ReflectiveCallable.run(ReflectiveCallable.java:12)
	at org.junit.runners.model.FrameworkMethod.invokeExplosively(FrameworkMethod.java:56)
	at org.junit.internal.runners.statements.InvokeMethod.evaluate(InvokeMethod.java:17)
	at org.junit.runners.ParentRunner$3.evaluate(ParentRunner.java:306)
	at org.junit.runners.BlockJUnit4ClassRunner$1.evaluate(BlockJUnit4ClassRunner.java:100)
	at org.junit.runners.ParentRunner.runLeaf(ParentRunner.java:366)
	at org.junit.runners.BlockJUnit4ClassRunner.runChild(BlockJUnit4ClassRunner.java:103)
	at org.junit.runners.BlockJUnit4ClassRunner.runChild(BlockJUnit4ClassRunner.java:63)
	at org.junit.runners.ParentRunner$4.run(ParentRunner.java:331)
	at org.junit.runners.ParentRunner$1.schedule(ParentRunner.java:79)
	at org.junit.runners.ParentRunner.runChildren(ParentRunner.java:329)
	at org.junit.runners.ParentRunner.access$100(ParentRunner.java:66)
	at org.junit.runners.ParentRunner$2.evaluate(ParentRunner.java:293)
	at org.junit.runners.ParentRunner$3.evaluate(ParentRunner.java:306)
	at org.junit.runners.ParentRunner.run(ParentRunner.java:413)
	at org.apache.maven.surefire.junit4.JUnit4Provider.execute(JUnit4Provider.java:316)
	at org.apache.maven.surefire.junit4.JUnit4Provider.executeWithRerun(JUnit4Provider.java:240)
	at org.apache.maven.surefire.junit4.JUnit4Provider.executeTestSet(JUnit4Provider.java:214)
	at org.apache.maven.surefire.junit4.JUnit4Provider.invoke(JUnit4Provider.java:155)
	at org.apache.maven.surefire.booter.ForkedBooter.runSuitesInProcess(ForkedBooter.java:385)
	at org.apache.maven.surefire.booter.ForkedBooter.execute(ForkedBooter.java:162)
	at org.apache.maven.surefire.booter.ForkedBooter.run(ForkedBooter.java:507)
	at org.apache.maven.surefire.booter.ForkedBooter.main(ForkedBooter.java:495)

[ERROR] flaky.FlakyTest.test196_1 -- Time elapsed: 0.246 s <<< FAILURE!
org.junit.ComparisonFailure: 'UTC--2023-12-10T01-02-24.266000000Z--mxw1ytfnncj2ca079akh7tmy9uxhs8mwkts7e5lc6c.json' != 'UTC--2023-11-20T08-49-03.335000000Z--mxw1u23mtrhsjank5f2p53fh90grthz9hkfhnag3gs.json' expected:<UTC--2023-1[2-10T01-02-24.266000000Z--mxw1ytfnncj2ca079akh7tmy9uxhs8mwkts7e5lc6c].json> but was:<UTC--2023-1[1-20T08-49-03.335000000Z--mxw1u23mtrhsjank5f2p53fh90grthz9hkfhnag3gs].json>
	at org.junit.Assert.assertEquals(Assert.java:117)
	at flaky.FlakyTest.test196_1(FlakyTest.java:74)
	at sun.reflect.NativeMethodAccessorImpl.invoke0(Native Method)
	at sun.reflect.NativeMethodAccessorImpl.invoke(NativeMethodAccessorImpl.java:62)
	at sun.reflect.DelegatingMethodAccessorImpl.invoke(DelegatingMethodAccessorImpl.java:43)
	at java.lang.reflect.Method.invoke(Method.java:498)
	at org.junit.runners.model.FrameworkMethod$1.runReflectiveCall(FrameworkMethod.java:59)
	at org.junit.internal.runners.model.ReflectiveCallable.run(ReflectiveCallable.java:12)
	at org.junit.runners.model.FrameworkMethod.invokeExplosively(FrameworkMethod.java:56)
	at org.junit.internal.runners.statements.InvokeMethod.evaluate(InvokeMethod.java:17)
	at org.junit.runners.ParentRunner$3.evaluate(ParentRunner.java:306)
	at org.junit.runners.BlockJUnit4ClassRunner$1.evaluate(BlockJUnit4ClassRunner.java:100)
	at org.junit.runners.ParentRunner.runLeaf(ParentRunner.java:366)
	at org.junit.runners.BlockJUnit4ClassRunner.runChild(BlockJUnit4ClassRunner.java:103)
	at org.junit.runners.BlockJUnit4ClassRunner.runChild(BlockJUnit4ClassRunner.java:63)
	at org.junit.runners.ParentRunner$4.run(ParentRunner.java:331)
	at org.junit.runners.ParentRunner$1.schedule(ParentRunner.java:79)
	at org.junit.runners.ParentRunner.runChildren(ParentRunner.java:329)
	at org.junit.runners.ParentRunner.access$100(ParentRunner.java:66)
	at org.junit.runners.ParentRunner$2.evaluate(ParentRunner.java:293)
	at org.junit.runners.ParentRunner$3.evaluate(ParentRunner.java:306)
	at org.junit.runners.ParentRunner.run(ParentRunner.java:413)
	at org.apache.maven.surefire.junit4.JUnit4Provider.execute(JUnit4Provider.java:316)
	at org.apache.maven.surefire.junit4.JUnit4Provider.executeWithRerun(JUnit4Provider.java:240)
	at org.apache.maven.surefire.junit4.JUnit4Provider.executeTestSet(JUnit4Provider.java:214)
	at org.apache.maven.surefire.junit4.JUnit4Provider.invoke(JUnit4Provider.java:155)
	at org.apache.maven.surefire.booter.ForkedBooter.runSuitesInProcess(ForkedBooter.java:385)
	at org.apache.maven.surefire.booter.ForkedBooter.execute(ForkedBooter.java:162)
	at org.apache.maven.surefire.booter.ForkedBooter.run(ForkedBooter.java:507)
	at org.apache.maven.surefire.booter.ForkedBooter.main(ForkedBooter.java:495)

[ERROR] flaky.FlakyTest.test340_1 -- Time elapsed: 0.239 s <<< FAILURE!
org.junit.ComparisonFailure: 'UTC--2023-12-10T01-02-24.506000000Z--mxw16mtemlsr8xdl6epm0hqq58salzzsdskdwehrfm.json' != 'UTC--2023-11-20T08-49-07.574000000Z--mxw1dpfktr6ssrz9awdr8f3q3q5dzpyjpa2sg0upum.json' expected:<UTC--2023-1[2-10T01-02-24.506000000Z--mxw16mtemlsr8xdl6epm0hqq58salzzsdskdwehrf]m.json> but was:<UTC--2023-1[1-20T08-49-07.574000000Z--mxw1dpfktr6ssrz9awdr8f3q3q5dzpyjpa2sg0upu]m.json>
	at org.junit.Assert.assertEquals(Assert.java:117)
	at flaky.FlakyTest.test340_1(FlakyTest.java:82)
	at sun.reflect.NativeMethodAccessorImpl.invoke0(Native Method)
	at sun.reflect.NativeMethodAccessorImpl.invoke(NativeMethodAccessorImpl.java:62)
	at sun.reflect.DelegatingMethodAccessorImpl.invoke(DelegatingMethodAccessorImpl.java:43)
	at java.lang.reflect.Method.invoke(Method.java:498)
	at org.junit.runners.model.FrameworkMethod$1.runReflectiveCall(FrameworkMethod.java:59)
	at org.junit.internal.runners.model.ReflectiveCallable.run(ReflectiveCallable.java:12)
	at org.junit.runners.model.FrameworkMethod.invokeExplosively(FrameworkMethod.java:56)
	at org.junit.internal.runners.statements.InvokeMethod.evaluate(InvokeMethod.java:17)
	at org.junit.runners.ParentRunner$3.evaluate(ParentRunner.java:306)
	at org.junit.runners.BlockJUnit4ClassRunner$1.evaluate(BlockJUnit4ClassRunner.java:100)
	at org.junit.runners.ParentRunner.runLeaf(ParentRunner.java:366)
	at org.junit.runners.BlockJUnit4ClassRunner.runChild(BlockJUnit4ClassRunner.java:103)
	at org.junit.runners.BlockJUnit4ClassRunner.runChild(BlockJUnit4ClassRunner.java:63)
	at org.junit.runners.ParentRunner$4.run(ParentRunner.java:331)
	at org.junit.runners.ParentRunner$1.schedule(ParentRunner.java:79)
	at org.junit.runners.ParentRunner.runChildren(ParentRunner.java:329)
	at org.junit.runners.ParentRunner.access$100(ParentRunner.java:66)
	at org.junit.runners.ParentRunner$2.evaluate(ParentRunner.java:293)
	at org.junit.runners.ParentRunner$3.evaluate(ParentRunner.java:306)
	at org.junit.runners.ParentRunner.run(ParentRunner.java:413)
	at org.apache.maven.surefire.junit4.JUnit4Provider.execute(JUnit4Provider.java:316)
	at org.apache.maven.surefire.junit4.JUnit4Provider.executeWithRerun(JUnit4Provider.java:240)
	at org.apache.maven.surefire.junit4.JUnit4Provider.executeTestSet(JUnit4Provider.java:214)
	at org.apache.maven.surefire.junit4.JUnit4Provider.invoke(JUnit4Provider.java:155)
	at org.apache.maven.surefire.booter.ForkedBooter.runSuitesInProcess(ForkedBooter.java:385)
	at org.apache.maven.surefire.booter.ForkedBooter.execute(ForkedBooter.java:162)
	at org.apache.maven.surefire.booter.ForkedBooter.run(ForkedBooter.java:507)
	at org.apache.maven.surefire.booter.ForkedBooter.main(ForkedBooter.java:495)

[INFO] 
[INFO] Results:
[INFO] 
[ERROR] Failures: 
[ERROR]   FlakyTest.test051_1:20 'UTC--2023-12-10T01-02-23.475000000Z--mxw1px6kv6fa2gwzf3ucvvfpdny50phpwjmndl0ysd.json' != 'UTC--2023-11-20T08-48-59.513000000Z--mxw17e5rj6p4leexgv2mtla989ve9njhmf3sevxpev.json' expected:<UTC--2023-1[2-10T01-02-23.475000000Z--mxw1px6kv6fa2gwzf3ucvvfpdny50phpwjmndl0ysd].json> but was:<UTC--2023-1[1-20T08-48-59.513000000Z--mxw17e5rj6p4leexgv2mtla989ve9njhmf3sevxpev].json>
[ERROR]   FlakyTest.test116_1:31 '0x89c15e7e953a6f18072a9bbeea62d980f5bbb4cdea724258c58bb256de785d67' != '0x3f735f375f246cce0cdfc278e746452e28f6bf175d2e8b3b929b0ae58d6acca9' expected:<0x[89c15e7e953a6f18072a9bbeea62d980f5bbb4cdea724258c58bb256de785d67]> but was:<0x[3f735f375f246cce0cdfc278e746452e28f6bf175d2e8b3b929b0ae58d6acca9]>
[ERROR]   FlakyTest.test146_1:49 '{"address":"mxw12trql0yg0v009l5h2dv0hmffmxherfzwfju088","id":"1e034dca-3954-4859-b55e-166125f4f782","version":3,"crypto":{"cipher":"aes-256-ctr","ciphertext":"f43943f992409df2e1ded2ac8e2131f58a9ed1f8814a70f62cbc038c4f75d722","cipherparams":{"iv":"73ef359db10903227e19236c89284fe4"},"kdf":"scrypt","kdfparams":{"dklen":48,"n":131072,"p":1,"r":8,"salt":"21c0049569141fa220c61d8e18dd81109da78e40e002b7f6ce496ffd7aa0f894"},"mac":"8c21d94ed3cfad5a825034c4bb5dcc373bc7db75032f3d789c74e48838c6efab"}}' != '{"address":"mxw18mfndv7kur3csup8vf60kly0dqqnmlrq0qpwh0","id":"24f9db58-02a1-46ad-b174-050894f61bc3","version":3,"crypto":{"cipher":"aes-256-ctr","ciphertext":"f657ed922313c2767ca26831363056bafc823e487c39092fc2ccfb4210c94f68","cipherparams":{"iv":"59062e491f87b5b7cfd9b3351238f4e8"},"kdf":"scrypt","kdfparams":{"dklen":48,"n":131072,"p":1,"r":8,"salt":"298d5dddd6340fb86934cff6290bebfb7d46aca0b687c8ace8db0bd09d735baa"},"mac":"de7619e140145978c33e7b018e52a22b4bf303ab653c3bb35deefe7131e5773d"}}' expected:<{"address":"mxw1[2trql0yg0v009l5h2dv0hmffmxherfzwfju088","id":"1e034dca-3954-4859-b55e-166125f4f782","version":3,"crypto":{"cipher":"aes-256-ctr","ciphertext":"f43943f992409df2e1ded2ac8e2131f58a9ed1f8814a70f62cbc038c4f75d722","cipherparams":{"iv":"73ef359db10903227e19236c89284fe4"},"kdf":"scrypt","kdfparams":{"dklen":48,"n":131072,"p":1,"r":8,"salt":"21c0049569141fa220c61d8e18dd81109da78e40e002b7f6ce496ffd7aa0f894"},"mac":"8c21d94ed3cfad5a825034c4bb5dcc373bc7db75032f3d789c74e48838c6efab]"}}> but was:<{"address":"mxw1[8mfndv7kur3csup8vf60kly0dqqnmlrq0qpwh0","id":"24f9db58-02a1-46ad-b174-050894f61bc3","version":3,"crypto":{"cipher":"aes-256-ctr","ciphertext":"f657ed922313c2767ca26831363056bafc823e487c39092fc2ccfb4210c94f68","cipherparams":{"iv":"59062e491f87b5b7cfd9b3351238f4e8"},"kdf":"scrypt","kdfparams":{"dklen":48,"n":131072,"p":1,"r":8,"salt":"298d5dddd6340fb86934cff6290bebfb7d46aca0b687c8ace8db0bd09d735baa"},"mac":"de7619e140145978c33e7b018e52a22b4bf303ab653c3bb35deefe7131e5773d]"}}>
[ERROR]   FlakyTest.test169_1:58 '0x03233f4312d3c4ff702bbd1de6fc8cc00388d35fb1bac244ab415ad2ceb70f22ec' != '0x03fca673aef7ac30a998a60428e304e2c8f3150a11bd5e0894b100fdd9cb70d962' expected:<0x03[233f4312d3c4ff702bbd1de6fc8cc00388d35fb1bac244ab415ad2ceb70f22ec]> but was:<0x03[fca673aef7ac30a998a60428e304e2c8f3150a11bd5e0894b100fdd9cb70d962]>
[ERROR]   FlakyTest.test173_1:66 'UTC--2023-12-10T01-02-24.20000000Z--mxw1vacqxq04sq6dxruvkgh6ntwcwaj022ez4rpuur.json' != 'UTC--2023-11-20T08-49-02.529000000Z--mxw1h58d98wvy6lq5hcyxf8jl7ahmdw5hgrdjxym4z.json' expected:<UTC--2023-1[2-10T01-02-24.20000000Z--mxw1vacqxq04sq6dxruvkgh6ntwcwaj022ez4rpuur].json> but was:<UTC--2023-1[1-20T08-49-02.529000000Z--mxw1h58d98wvy6lq5hcyxf8jl7ahmdw5hgrdjxym4z].json>
[ERROR]   FlakyTest.test196_1:74 'UTC--2023-12-10T01-02-24.266000000Z--mxw1ytfnncj2ca079akh7tmy9uxhs8mwkts7e5lc6c.json' != 'UTC--2023-11-20T08-49-03.335000000Z--mxw1u23mtrhsjank5f2p53fh90grthz9hkfhnag3gs.json' expected:<UTC--2023-1[2-10T01-02-24.266000000Z--mxw1ytfnncj2ca079akh7tmy9uxhs8mwkts7e5lc6c].json> but was:<UTC--2023-1[1-20T08-49-03.335000000Z--mxw1u23mtrhsjank5f2p53fh90grthz9hkfhnag3gs].json>
[ERROR]   FlakyTest.test340_1:82 'UTC--2023-12-10T01-02-24.506000000Z--mxw16mtemlsr8xdl6epm0hqq58salzzsdskdwehrfm.json' != 'UTC--2023-11-20T08-49-07.574000000Z--mxw1dpfktr6ssrz9awdr8f3q3q5dzpyjpa2sg0upum.json' expected:<UTC--2023-1[2-10T01-02-24.506000000Z--mxw16mtemlsr8xdl6epm0hqq58salzzsdskdwehrf]m.json> but was:<UTC--2023-1[1-20T08-49-07.574000000Z--mxw1dpfktr6ssrz9awdr8f3q3q5dzpyjpa2sg0upu]m.json>
[INFO] 
[ERROR] Tests run: 7, Failures: 7, Errors: 0, Skipped: 0
[INFO] 
[INFO] ------------------------------------------------------------------------
[INFO] BUILD FAILURE
[INFO] ------------------------------------------------------------------------
[INFO] Total time:  2.672 s
[INFO] Finished at: 2023-12-09T19:02:24-06:00
[INFO] ------------------------------------------------------------------------
[ERROR] Failed to execute goal org.apache.maven.plugins:maven-surefire-plugin:3.1.2:test (default-cli) on project mxw-sdk-java: There are test failures.
[ERROR] 
[ERROR] Please refer to /Users/yhcrown/Documents/flaky_java_projects/maxonrow-mxw-sdk-java/target/surefire-reports for the individual test results.
[ERROR] Please refer to dump files (if any exist) [date].dump, [date]-jvmRun[N].dump and [date].dumpstream.
[ERROR] -> [Help 1]
[ERROR] 
[ERROR] To see the full stack trace of the errors, re-run Maven with the -e switch.
[ERROR] Re-run Maven using the -X switch to enable full debug logging.
[ERROR] 
[ERROR] For more information about the errors and possible solutions, please read the following articles:
[ERROR] [Help 1] http://cwiki.apache.org/confluence/display/MAVEN/MojoFailureException
