[INFO] Scanning for projects...
[INFO] 
[INFO] -----------------------< com.anitechcs:resting >------------------------
[INFO] Building resting 0.0.1
[INFO]   from pom.xml
[INFO] --------------------------------[ jar ]---------------------------------
[INFO] 
[INFO] --- resources:3.3.1:resources (default-resources) @ resting ---
[INFO] Copying 3 resources from src/main/resources to target/classes
[INFO] 
[INFO] --- compiler:3.11.0:compile (default-compile) @ resting ---
[INFO] Nothing to compile - all classes are up to date
[INFO] 
[INFO] --- resources:3.3.1:testResources (default-testResources) @ resting ---
[INFO] Copying 1 resource from src/test/resources to target/test-classes
[INFO] 
[INFO] --- compiler:3.11.0:testCompile (default-testCompile) @ resting ---
[INFO] Changes detected - recompiling the module! :source
[INFO] Compiling 2 source files with javac [debug target 1.8] to target/test-classes
[INFO] -------------------------------------------------------------
[ERROR] COMPILATION ERROR : 
[INFO] -------------------------------------------------------------
[ERROR] /Users/yhcrown/Documents/flaky_java_projects/anitechcs-resting/src/test/java/flaky/FlakyTests.java:[43,5] illegal start of expression
[ERROR] /Users/yhcrown/Documents/flaky_java_projects/anitechcs-resting/src/test/java/flaky/FlakyTests.java:[43,12] illegal start of expression
[ERROR] /Users/yhcrown/Documents/flaky_java_projects/anitechcs-resting/src/test/java/flaky/FlakyTests.java:[43,26] ';' expected
[ERROR] /Users/yhcrown/Documents/flaky_java_projects/anitechcs-resting/src/test/java/flaky/FlakyTests.java:[43,36] not a statement
[ERROR] /Users/yhcrown/Documents/flaky_java_projects/anitechcs-resting/src/test/java/flaky/FlakyTests.java:[43,45] ';' expected
[ERROR] /Users/yhcrown/Documents/flaky_java_projects/anitechcs-resting/src/test/java/flaky/FlakyTests.java:[73,5] illegal start of expression
[ERROR] /Users/yhcrown/Documents/flaky_java_projects/anitechcs-resting/src/test/java/flaky/FlakyTests.java:[73,12] illegal start of expression
[ERROR] /Users/yhcrown/Documents/flaky_java_projects/anitechcs-resting/src/test/java/flaky/FlakyTests.java:[73,26] ';' expected
[ERROR] /Users/yhcrown/Documents/flaky_java_projects/anitechcs-resting/src/test/java/flaky/FlakyTests.java:[73,36] not a statement
[ERROR] /Users/yhcrown/Documents/flaky_java_projects/anitechcs-resting/src/test/java/flaky/FlakyTests.java:[73,45] ';' expected
[ERROR] /Users/yhcrown/Documents/flaky_java_projects/anitechcs-resting/src/test/java/flaky/FlakyTests.java:[103,5] illegal start of expression
[ERROR] /Users/yhcrown/Documents/flaky_java_projects/anitechcs-resting/src/test/java/flaky/FlakyTests.java:[103,12] illegal start of expression
[ERROR] /Users/yhcrown/Documents/flaky_java_projects/anitechcs-resting/src/test/java/flaky/FlakyTests.java:[103,26] ';' expected
[ERROR] /Users/yhcrown/Documents/flaky_java_projects/anitechcs-resting/src/test/java/flaky/FlakyTests.java:[103,36] not a statement
[ERROR] /Users/yhcrown/Documents/flaky_java_projects/anitechcs-resting/src/test/java/flaky/FlakyTests.java:[103,45] ';' expected
[ERROR] /Users/yhcrown/Documents/flaky_java_projects/anitechcs-resting/src/test/java/flaky/FlakyTests.java:[132,2] reached end of file while parsing
[ERROR] /Users/yhcrown/Documents/flaky_java_projects/anitechcs-resting/src/test/java/flaky/FlakyTests.java:[38,12] 'try' without 'catch', 'finally' or resource declarations
[INFO] 17 errors 
[INFO] -------------------------------------------------------------
[INFO] ------------------------------------------------------------------------
[INFO] BUILD FAILURE
[INFO] ------------------------------------------------------------------------
[INFO] Total time:  0.512 s
[INFO] Finished at: 2023-11-20T03:42:37-06:00
[INFO] ------------------------------------------------------------------------
[ERROR] Failed to execute goal org.apache.maven.plugins:maven-compiler-plugin:3.11.0:testCompile (default-testCompile) on project resting: Compilation failure: Compilation failure: 
[ERROR] /Users/yhcrown/Documents/flaky_java_projects/anitechcs-resting/src/test/java/flaky/FlakyTests.java:[43,5] illegal start of expression
[ERROR] /Users/yhcrown/Documents/flaky_java_projects/anitechcs-resting/src/test/java/flaky/FlakyTests.java:[43,12] illegal start of expression
[ERROR] /Users/yhcrown/Documents/flaky_java_projects/anitechcs-resting/src/test/java/flaky/FlakyTests.java:[43,26] ';' expected
[ERROR] /Users/yhcrown/Documents/flaky_java_projects/anitechcs-resting/src/test/java/flaky/FlakyTests.java:[43,36] not a statement
[ERROR] /Users/yhcrown/Documents/flaky_java_projects/anitechcs-resting/src/test/java/flaky/FlakyTests.java:[43,45] ';' expected
[ERROR] /Users/yhcrown/Documents/flaky_java_projects/anitechcs-resting/src/test/java/flaky/FlakyTests.java:[73,5] illegal start of expression
[ERROR] /Users/yhcrown/Documents/flaky_java_projects/anitechcs-resting/src/test/java/flaky/FlakyTests.java:[73,12] illegal start of expression
[ERROR] /Users/yhcrown/Documents/flaky_java_projects/anitechcs-resting/src/test/java/flaky/FlakyTests.java:[73,26] ';' expected
[ERROR] /Users/yhcrown/Documents/flaky_java_projects/anitechcs-resting/src/test/java/flaky/FlakyTests.java:[73,36] not a statement
[ERROR] /Users/yhcrown/Documents/flaky_java_projects/anitechcs-resting/src/test/java/flaky/FlakyTests.java:[73,45] ';' expected
[ERROR] /Users/yhcrown/Documents/flaky_java_projects/anitechcs-resting/src/test/java/flaky/FlakyTests.java:[103,5] illegal start of expression
[ERROR] /Users/yhcrown/Documents/flaky_java_projects/anitechcs-resting/src/test/java/flaky/FlakyTests.java:[103,12] illegal start of expression
[ERROR] /Users/yhcrown/Documents/flaky_java_projects/anitechcs-resting/src/test/java/flaky/FlakyTests.java:[103,26] ';' expected
[ERROR] /Users/yhcrown/Documents/flaky_java_projects/anitechcs-resting/src/test/java/flaky/FlakyTests.java:[103,36] not a statement
[ERROR] /Users/yhcrown/Documents/flaky_java_projects/anitechcs-resting/src/test/java/flaky/FlakyTests.java:[103,45] ';' expected
[ERROR] /Users/yhcrown/Documents/flaky_java_projects/anitechcs-resting/src/test/java/flaky/FlakyTests.java:[132,2] reached end of file while parsing
[ERROR] /Users/yhcrown/Documents/flaky_java_projects/anitechcs-resting/src/test/java/flaky/FlakyTests.java:[38,12] 'try' without 'catch', 'finally' or resource declarations
[ERROR] -> [Help 1]
[ERROR] 
[ERROR] To see the full stack trace of the errors, re-run Maven with the -e switch.
[ERROR] Re-run Maven using the -X switch to enable full debug logging.
[ERROR] 
[ERROR] For more information about the errors and possible solutions, please read the following articles:
[ERROR] [Help 1] http://cwiki.apache.org/confluence/display/MAVEN/MojoFailureException
