[TIME]: 0:00:11.502972
Randoop for Java version "4.3.2, local changes, branch master, commit df17bc8, 2023-01-08".
Cannot instantiate non-accessible class com.lightstep.tracer.metrics.ValueAdapter specified via --testclass or --classlist.
Cannot instantiate non-accessible class com.lightstep.tracer.metrics.NetworkMetricGroup specified via --testclass or --classlist.
Cannot instantiate non-accessible class com.lightstep.tracer.metrics.Metric specified via --testclass or --classlist.
Cannot instantiate non-accessible class com.lightstep.tracer.metrics.MetricGroup specified via --testclass or --classlist.
Cannot instantiate non-accessible class com.lightstep.tracer.metrics.CounterMetric specified via --testclass or --classlist.
Cannot instantiate non-accessible class com.lightstep.tracer.metrics.CpuMetricGroup specified via --testclass or --classlist.
Cannot instantiate non-accessible class com.lightstep.tracer.metrics.MemoryMetricGroup specified via --testclass or --classlist.
Cannot instantiate non-accessible class com.lightstep.tracer.metrics.GcMetricGroup specified via --testclass or --classlist.
Cannot instantiate non-accessible class com.lightstep.tracer.metrics.ProtobufSender specified via --testclass or --classlist.
Cannot instantiate non-accessible class com.lightstep.tracer.metrics.GaugeMetric specified via --testclass or --classlist.

Will try to generate tests for 23 out of 33 classes.
Removing com.lightstep.tracer.grpc.IngestRequest$Builder from the classes under test due to problem extracting operations:
java.lang.ClassCastException: class randoop.types.NonParameterizedType cannot be cast to class randoop.types.InstantiatedType (randoop.types.NonParameterizedType and randoop.types.InstantiatedType are in unnamed module of loader 'app')
	at randoop.types.ClassOrInterfaceType.getMatchingSupertype(ClassOrInterfaceType.java:295)
	at randoop.types.InstantiatedType.getMatchingSupertype(InstantiatedType.java:161)
	at randoop.types.ClassOrInterfaceType.getMatchingSupertype(ClassOrInterfaceType.java:298)
	at randoop.types.InstantiatedType.getMatchingSupertype(InstantiatedType.java:161)
	at randoop.types.ClassOrInterfaceType.getMatchingSupertype(ClassOrInterfaceType.java:298)
	at randoop.types.ClassOrInterfaceType.getInstantiatingSubstitution(ClassOrInterfaceType.java:323)
	at randoop.reflection.OperationExtractor.instantiateTypes(OperationExtractor.java:341)
	at randoop.reflection.OperationExtractor.visit(OperationExtractor.java:438)
	at randoop.reflection.ReflectionManager.applyTo(ReflectionManager.java:312)
	at randoop.reflection.ReflectionManager.apply(ReflectionManager.java:153)
	at randoop.reflection.OperationExtractor.operations(OperationExtractor.java:216)
	at randoop.reflection.OperationModel.addOperationsFromClasses(OperationModel.java:682)
	at randoop.reflection.OperationModel.createModel(OperationModel.java:173)
	at randoop.main.GenTests.handle(GenTests.java:314)
	at randoop.main.Main.nonStaticMain(Main.java:69)
	at randoop.main.Main.main(Main.java:31)

Removing com.lightstep.tracer.grpc.IngestResponse$Builder from the classes under test due to problem extracting operations:
java.lang.ClassCastException: class randoop.types.NonParameterizedType cannot be cast to class randoop.types.InstantiatedType (randoop.types.NonParameterizedType and randoop.types.InstantiatedType are in unnamed module of loader 'app')
	at randoop.types.ClassOrInterfaceType.getMatchingSupertype(ClassOrInterfaceType.java:295)
	at randoop.types.InstantiatedType.getMatchingSupertype(InstantiatedType.java:161)
	at randoop.types.ClassOrInterfaceType.getMatchingSupertype(ClassOrInterfaceType.java:298)
	at randoop.types.InstantiatedType.getMatchingSupertype(InstantiatedType.java:161)
	at randoop.types.ClassOrInterfaceType.getMatchingSupertype(ClassOrInterfaceType.java:298)
	at randoop.types.ClassOrInterfaceType.getInstantiatingSubstitution(ClassOrInterfaceType.java:323)
	at randoop.reflection.OperationExtractor.instantiateTypes(OperationExtractor.java:341)
	at randoop.reflection.OperationExtractor.visit(OperationExtractor.java:438)
	at randoop.reflection.ReflectionManager.applyTo(ReflectionManager.java:312)
	at randoop.reflection.ReflectionManager.apply(ReflectionManager.java:153)
	at randoop.reflection.OperationExtractor.operations(OperationExtractor.java:216)
	at randoop.reflection.OperationModel.addOperationsFromClasses(OperationModel.java:682)
	at randoop.reflection.OperationModel.createModel(OperationModel.java:173)
	at randoop.main.GenTests.handle(GenTests.java:314)
	at randoop.main.Main.nonStaticMain(Main.java:69)
	at randoop.main.Main.main(Main.java:31)

Removing com.lightstep.tracer.grpc.KeyValue$Builder from the classes under test due to problem extracting operations:
java.lang.ClassCastException: class randoop.types.NonParameterizedType cannot be cast to class randoop.types.InstantiatedType (randoop.types.NonParameterizedType and randoop.types.InstantiatedType are in unnamed module of loader 'app')
	at randoop.types.ClassOrInterfaceType.getMatchingSupertype(ClassOrInterfaceType.java:295)
	at randoop.types.InstantiatedType.getMatchingSupertype(InstantiatedType.java:161)
	at randoop.types.ClassOrInterfaceType.getMatchingSupertype(ClassOrInterfaceType.java:298)
	at randoop.types.InstantiatedType.getMatchingSupertype(InstantiatedType.java:161)
	at randoop.types.ClassOrInterfaceType.getMatchingSupertype(ClassOrInterfaceType.java:298)
	at randoop.types.ClassOrInterfaceType.getInstantiatingSubstitution(ClassOrInterfaceType.java:323)
	at randoop.reflection.OperationExtractor.instantiateTypes(OperationExtractor.java:341)
	at randoop.reflection.OperationExtractor.visit(OperationExtractor.java:438)
	at randoop.reflection.ReflectionManager.applyTo(ReflectionManager.java:312)
	at randoop.reflection.ReflectionManager.apply(ReflectionManager.java:153)
	at randoop.reflection.OperationExtractor.operations(OperationExtractor.java:216)
	at randoop.reflection.OperationModel.addOperationsFromClasses(OperationModel.java:682)
	at randoop.reflection.OperationModel.createModel(OperationModel.java:173)
	at randoop.main.GenTests.handle(GenTests.java:314)
	at randoop.main.Main.nonStaticMain(Main.java:69)
	at randoop.main.Main.main(Main.java:31)

Removing com.lightstep.tracer.grpc.MetricPoint$Builder from the classes under test due to problem extracting operations:
java.lang.ClassCastException: class randoop.types.NonParameterizedType cannot be cast to class randoop.types.InstantiatedType (randoop.types.NonParameterizedType and randoop.types.InstantiatedType are in unnamed module of loader 'app')
	at randoop.types.ClassOrInterfaceType.getMatchingSupertype(ClassOrInterfaceType.java:295)
	at randoop.types.InstantiatedType.getMatchingSupertype(InstantiatedType.java:161)
	at randoop.types.ClassOrInterfaceType.getMatchingSupertype(ClassOrInterfaceType.java:298)
	at randoop.types.InstantiatedType.getMatchingSupertype(InstantiatedType.java:161)
	at randoop.types.ClassOrInterfaceType.getMatchingSupertype(ClassOrInterfaceType.java:298)
	at randoop.types.ClassOrInterfaceType.getInstantiatingSubstitution(ClassOrInterfaceType.java:323)
	at randoop.reflection.OperationExtractor.instantiateTypes(OperationExtractor.java:341)
	at randoop.reflection.OperationExtractor.visit(OperationExtractor.java:438)
	at randoop.reflection.ReflectionManager.applyTo(ReflectionManager.java:312)
	at randoop.reflection.ReflectionManager.apply(ReflectionManager.java:153)
	at randoop.reflection.OperationExtractor.operations(OperationExtractor.java:216)
	at randoop.reflection.OperationModel.addOperationsFromClasses(OperationModel.java:682)
	at randoop.reflection.OperationModel.createModel(OperationModel.java:173)
	at randoop.main.GenTests.handle(GenTests.java:314)
	at randoop.main.Main.nonStaticMain(Main.java:69)
	at randoop.main.Main.main(Main.java:31)

Removing com.lightstep.tracer.grpc.Reporter$Builder from the classes under test due to problem extracting operations:
java.lang.ClassCastException: class randoop.types.NonParameterizedType cannot be cast to class randoop.types.InstantiatedType (randoop.types.NonParameterizedType and randoop.types.InstantiatedType are in unnamed module of loader 'app')
	at randoop.types.ClassOrInterfaceType.getMatchingSupertype(ClassOrInterfaceType.java:295)
	at randoop.types.InstantiatedType.getMatchingSupertype(InstantiatedType.java:161)
	at randoop.types.ClassOrInterfaceType.getMatchingSupertype(ClassOrInterfaceType.java:298)
	at randoop.types.InstantiatedType.getMatchingSupertype(InstantiatedType.java:161)
	at randoop.types.ClassOrInterfaceType.getMatchingSupertype(ClassOrInterfaceType.java:298)
	at randoop.types.ClassOrInterfaceType.getInstantiatingSubstitution(ClassOrInterfaceType.java:323)
	at randoop.reflection.OperationExtractor.instantiateTypes(OperationExtractor.java:341)
	at randoop.reflection.OperationExtractor.visit(OperationExtractor.java:438)
	at randoop.reflection.ReflectionManager.applyTo(ReflectionManager.java:312)
	at randoop.reflection.ReflectionManager.apply(ReflectionManager.java:153)
	at randoop.reflection.OperationExtractor.operations(OperationExtractor.java:216)
	at randoop.reflection.OperationModel.addOperationsFromClasses(OperationModel.java:682)
	at randoop.reflection.OperationModel.createModel(OperationModel.java:173)
	at randoop.main.GenTests.handle(GenTests.java:314)
	at randoop.main.Main.nonStaticMain(Main.java:69)
	at randoop.main.Main.main(Main.java:31)

PUBLIC MEMBERS=344
Explorer = ForwardGenerator(steps: 0, null steps: 0, num_sequences_generated: 0;
    allSequences: 0, regresson seqs: 0, error seqs: 0=0=0, invalid seqs: 0, subsumed_sequences: 0, num_failed_output_test: 0;
    sideEffectFreeMethods: 1113, runtimePrimitivesSeen: 38)

Progress update: steps=1, test inputs generated=0, failing inputs=0      (2023-10-28T04:37:22.813091Z     65.8M used)
Progress update: steps=721, test inputs generated=501, failing inputs=0      (2023-10-28T04:37:31.788540Z     127M used)
Normal method executions: 30456
Exceptional method executions: 120

Average method execution time (normal termination):      0.000922
Average method execution time (exceptional termination): 1.04
Approximate memory usage 127M
Explorer = ForwardGenerator(steps: 721, null steps: 220, num_sequences_generated: 501;
    allSequences: 501, regresson seqs: 500, error seqs: 0=0=0, invalid seqs: 0, subsumed_sequences: 0, num_failed_output_test: 1;
    sideEffectFreeMethods: 1113, runtimePrimitivesSeen: 59)

No error-revealing tests to output.

About to look for failing assertions in 330 regression sequences.

Regression test output:
Regression test count: 330
Writing regression JUnit tests...
Created file /Users/yhcrown/Documents/randoop_tests/lightstep-lightstep-metrics-java/66adb9cc291bd4392c62c08d5b2ecb0766eabe2f/alltests/TestGroup100Case0.java
Created file /Users/yhcrown/Documents/randoop_tests/lightstep-lightstep-metrics-java/66adb9cc291bd4392c62c08d5b2ecb0766eabe2f/alltests/TestGroup100Case.java
Wrote regression JUnit tests.
About to look for flaky methods.

Invalid tests generated: 0
