[TIME]: 0:00:12.185039
Randoop for Java version "4.3.2, local changes, branch master, commit df17bc8, 2023-01-08".

Will try to generate tests for 9 classes.
PUBLIC MEMBERS=36
Explorer = ForwardGenerator(steps: 0, null steps: 0, num_sequences_generated: 0;
    allSequences: 0, regresson seqs: 0, error seqs: 0=0=0, invalid seqs: 0, subsumed_sequences: 0, num_failed_output_test: 0;
    sideEffectFreeMethods: 1115, runtimePrimitivesSeen: 38)

Progress update: steps=1, test inputs generated=0, failing inputs=0      (2023-11-20T09:18:08.378Z     56.5M used)[info] Node not detected. Falling back to rhino
[info] Node not detected. Falling back to rhino
[info] Node not detected. Falling back to rhino
[info] Node not detected. Falling back to rhino
[info] Node not detected. Falling back to rhino
[info] Node not detected. Falling back to rhino
[info] Node not detected. Falling back to rhino
[info] Node not detected. Falling back to rhino
[info] Node not detected. Falling back to rhino
[info] Node not detected. Falling back to rhino
[info] Node not detected. Falling back to rhino
[error] com.github.mcheely.maven.requirejs.RhinoRunnerException: org.apache.maven.plugin.Mojo:line 100:column 100:com.github.mcheely.maven.requirejs.RhinoRunnerException: hi!
	org.apache.maven.plugin.Mojo
[info] Node not detected. Falling back to rhino
[error] com.github.mcheely.maven.requirejs.RhinoRunnerException: :line 0:column 1:unknown error
	hi!
[warn] com.github.mcheely.maven.requirejs.RhinoRunnerException: hi!:line 0:column 10:com.github.mcheely.maven.requirejs.RhinoRunnerException: 
	org.apache.maven.plugin.Mojo
[info] Node not detected. Falling back to rhino
[error] hi!:line 0:column 100:org.apache.maven.plugin.Mojo
	hi!
[info] Node not detected. Falling back to rhino
[warn] com.github.mcheely.maven.requirejs.RhinoRunnerException: hi!:line 0:column 10:com.github.mcheely.maven.requirejs.RhinoRunnerException: 
	org.apache.maven.plugin.Mojo
[error] com.github.mcheely.maven.requirejs.OptimizationException: :line 10:column 100:com.github.mcheely.maven.requirejs.OptimizationException: com.github.mcheely.maven.requirejs.RhinoRunnerException: com.github.mcheely.maven.requirejs.RhinoRunnerException: com.github.mcheely.maven.requirejs.RhinoRunnerException: hi!
[error] hi!:line 0:column 100:org.apache.maven.plugin.Mojo
	hi!
[error] com.github.mcheely.maven.requirejs.RhinoRunnerException: com.github.mcheely.maven.requirejs.OptimizationException: com.github.mcheely.maven.requirejs.RhinoRunnerException: com.github.mcheely.maven.requirejs.RhinoRunnerException: com.github.mcheely.maven.requirejs.RhinoRunnerException: hi!:line 0:column 100:com.github.mcheely.maven.requirejs.OptimizationException: com.github.mcheely.maven.requirejs.OptimizationException: com.github.mcheely.maven.requirejs.RhinoRunnerException: 
	com.github.mcheely.maven.requirejs.OptimizationException: 
[error] com.github.mcheely.maven.requirejs.RhinoRunnerException: :line 0:column -1:com.github.mcheely.maven.requirejs.RhinoRunnerException: 
	com.github.mcheely.maven.requirejs.OptimizationException: org.apache.maven.plugin.Mojo
[warn] com.github.mcheely.maven.requirejs.RhinoRunnerException: hi!:line 0:column 10:com.github.mcheely.maven.requirejs.RhinoRunnerException: 
	org.apache.maven.plugin.Mojo
[error] com.github.mcheely.maven.requirejs.RhinoRunnerException: :line 100:column -1:unknown error
	com.github.mcheely.maven.requirejs.OptimizationException: 
[warn] com.github.mcheely.maven.requirejs.RhinoRunnerException: hi!:line 0:column 10:com.github.mcheely.maven.requirejs.RhinoRunnerException: 
	org.apache.maven.plugin.Mojo
[warn] com.github.mcheely.maven.requirejs.OptimizationException: org.apache.maven.plugin.Mojo:line 10:column 0:com.github.mcheely.maven.requirejs.RhinoRunnerException: com.github.mcheely.maven.requirejs.RhinoRunnerException: hi!
	hi!
[error] com.github.mcheely.maven.requirejs.OptimizationException: com.github.mcheely.maven.requirejs.RhinoRunnerException: com.github.mcheely.maven.requirejs.RhinoRunnerException: com.github.mcheely.maven.requirejs.RhinoRunnerException: hi!:line -1:column 100:com.github.mcheely.maven.requirejs.RhinoRunnerException: hi!
	com.github.mcheely.maven.requirejs.OptimizationException: org.apache.maven.plugin.Mojo

Progress update: steps=588, test inputs generated=501, failing inputs=13      (2023-11-20T09:18:17.690Z     521M used)
Normal method executions: 150761
Exceptional method executions: 159

Average method execution time (normal termination):      0.0321
Average method execution time (exceptional termination): 1.22
Approximate memory usage 521M
Explorer = ForwardGenerator(steps: 588, null steps: 87, num_sequences_generated: 501;
    allSequences: 501, regresson seqs: 487, error seqs: 13=13=13, invalid seqs: 0, subsumed_sequences: 0, num_failed_output_test: 1;
    sideEffectFreeMethods: 1115, runtimePrimitivesSeen: 55)

Error-revealing test output:
Error-revealing test count: 13
Writing error-revealing JUnit tests...
Created file /Users/yhcrown/Documents/GitHub/generated-flaky-study/randoop_tests/mcheely-requirejs-maven-plugin/a5f90d4372ae244a772def0174257c2661d9b8ab/alltests/ErrorTest0.java
Created file /Users/yhcrown/Documents/GitHub/generated-flaky-study/randoop_tests/mcheely-requirejs-maven-plugin/a5f90d4372ae244a772def0174257c2661d9b8ab/alltests/ErrorTest.java
Wrote error-revealing JUnit tests.

About to look for failing assertions in 299 regression sequences.

Regression test output:
Regression test count: 299
Writing regression JUnit tests...
Created file /Users/yhcrown/Documents/GitHub/generated-flaky-study/randoop_tests/mcheely-requirejs-maven-plugin/a5f90d4372ae244a772def0174257c2661d9b8ab/alltests/TestGroup100Case0.java
Created file /Users/yhcrown/Documents/GitHub/generated-flaky-study/randoop_tests/mcheely-requirejs-maven-plugin/a5f90d4372ae244a772def0174257c2661d9b8ab/alltests/TestGroup100Case.java
Wrote regression JUnit tests.
About to look for flaky methods.

Invalid tests generated: 0
