[INFO] Scanning for projects...
[WARNING] 
[WARNING] Some problems were encountered while building the effective model for org.dataone:d1_cn_common:jar:2.3.0
[WARNING] 'build.plugins.plugin.version' for com.mycila.maven-license-plugin:maven-license-plugin is missing. @ line 272, column 21
[WARNING] 'build.plugins.plugin.version' for org.apache.maven.plugins:maven-compiler-plugin is missing. @ line 226, column 21
[WARNING] 'build.plugins.plugin.version' for org.codehaus.mojo:buildnumber-maven-plugin is missing. @ line 234, column 21
[WARNING] 'build.plugins.plugin.version' for org.apache.felix:maven-bundle-plugin is missing. @ line 279, column 21
[WARNING] 
[WARNING] It is highly recommended to fix these problems because they threaten the stability of your build.
[WARNING] 
[WARNING] For this reason, future Maven versions might no longer support building such malformed projects.
[WARNING] 
[INFO] Inspecting build with total of 1 modules...
[INFO] Installing Nexus Staging features:
[INFO]   ... total of 1 executions of maven-deploy-plugin replaced with nexus-staging-maven-plugin
[INFO] 
[INFO] ----------------------< org.dataone:d1_cn_common >----------------------
[INFO] Building DataONE_Cn_Common 2.3.0
[INFO]   from pom.xml
[INFO] --------------------------------[ jar ]---------------------------------
[INFO] 
[INFO] --- buildnumber:3.2.0:create (default) @ d1_cn_common ---
[INFO] Executing: /bin/sh -c cd '/Users/yhcrown/Documents/flaky_java_projects/DataONEorg-d1-cn-common' && 'git' 'rev-parse' '--verify' 'HEAD'
[INFO] Working directory: /Users/yhcrown/Documents/flaky_java_projects/DataONEorg-d1-cn-common
[INFO] Storing buildNumber: 9f1246766e76de6597aec39eaa9080e342602de1 at timestamp: 1700517956333
[INFO] Executing: /bin/sh -c cd '/Users/yhcrown/Documents/flaky_java_projects/DataONEorg-d1-cn-common' && 'git' 'symbolic-ref' 'HEAD'
[INFO] Working directory: /Users/yhcrown/Documents/flaky_java_projects/DataONEorg-d1-cn-common
[WARNING] Cannot get the branch information from the git repository: 
Detecting the current branch failed: fatal: ref HEAD is not a symbolic ref

[INFO] Executing: /bin/sh -c cd '/Users/yhcrown/Documents/flaky_java_projects/DataONEorg-d1-cn-common' && 'git' 'rev-parse' '--verify' 'HEAD'
[INFO] Working directory: /Users/yhcrown/Documents/flaky_java_projects/DataONEorg-d1-cn-common
[INFO] Storing scmBranch: UNKNOWN
[INFO] 
[INFO] --- resources:3.3.1:resources (default-resources) @ d1_cn_common ---
[INFO] Copying 1 resource from src/main/resources to target/classes
[INFO] Copying 1 resource from src/main/resources to target/classes
[INFO] The encoding used to copy filtered properties files have not been set. This means that the same encoding will be used to copy filtered properties files as when copying other filtered resources. This might not be what you want! Run your build with --debug to see which files might be affected. Read more at https://maven.apache.org/plugins/maven-resources-plugin/examples/filtering-properties-files.html
[INFO] 
[INFO] --- compiler:3.11.0:compile (default-compile) @ d1_cn_common ---
[INFO] Nothing to compile - all classes are up to date
[INFO] 
[INFO] --- resources:3.3.1:testResources (default-testResources) @ d1_cn_common ---
[INFO] Copying 5 resources from src/test/resources to target/test-classes
[INFO] 
[INFO] --- compiler:3.11.0:testCompile (default-testCompile) @ d1_cn_common ---
[INFO] Changes detected - recompiling the module! :source
[INFO] Compiling 12 source files with javac [debug target 1.7] to target/test-classes
[INFO] -------------------------------------------------------------
[WARNING] COMPILATION WARNING : 
[INFO] -------------------------------------------------------------
[WARNING] bootstrap class path not set in conjunction with -source 1.7
[INFO] 1 warning
[INFO] -------------------------------------------------------------
[INFO] -------------------------------------------------------------
[ERROR] COMPILATION ERROR : 
[INFO] -------------------------------------------------------------
[ERROR] /Users/yhcrown/Documents/flaky_java_projects/DataONEorg-d1-cn-common/src/test/java/flaky/FlakyTests.java:[211,64] unclosed string literal
[ERROR] /Users/yhcrown/Documents/flaky_java_projects/DataONEorg-d1-cn-common/src/test/java/flaky/FlakyTests.java:[211,262] ';' expected
[ERROR] /Users/yhcrown/Documents/flaky_java_projects/DataONEorg-d1-cn-common/src/test/java/flaky/FlakyTests.java:[213,12] illegal start of expression
[ERROR] /Users/yhcrown/Documents/flaky_java_projects/DataONEorg-d1-cn-common/src/test/java/flaky/FlakyTests.java:[213,26] ';' expected
[ERROR] /Users/yhcrown/Documents/flaky_java_projects/DataONEorg-d1-cn-common/src/test/java/flaky/FlakyTests.java:[213,36] not a statement
[ERROR] /Users/yhcrown/Documents/flaky_java_projects/DataONEorg-d1-cn-common/src/test/java/flaky/FlakyTests.java:[213,45] ';' expected
[ERROR] /Users/yhcrown/Documents/flaky_java_projects/DataONEorg-d1-cn-common/src/test/java/flaky/FlakyTests.java:[247,5] illegal start of expression
[ERROR] /Users/yhcrown/Documents/flaky_java_projects/DataONEorg-d1-cn-common/src/test/java/flaky/FlakyTests.java:[247,12] illegal start of expression
[ERROR] /Users/yhcrown/Documents/flaky_java_projects/DataONEorg-d1-cn-common/src/test/java/flaky/FlakyTests.java:[247,26] ';' expected
[ERROR] /Users/yhcrown/Documents/flaky_java_projects/DataONEorg-d1-cn-common/src/test/java/flaky/FlakyTests.java:[247,36] not a statement
[ERROR] /Users/yhcrown/Documents/flaky_java_projects/DataONEorg-d1-cn-common/src/test/java/flaky/FlakyTests.java:[247,45] ';' expected
[ERROR] /Users/yhcrown/Documents/flaky_java_projects/DataONEorg-d1-cn-common/src/test/java/flaky/FlakyTests.java:[275,5] illegal start of expression
[ERROR] /Users/yhcrown/Documents/flaky_java_projects/DataONEorg-d1-cn-common/src/test/java/flaky/FlakyTests.java:[275,12] illegal start of expression
[ERROR] /Users/yhcrown/Documents/flaky_java_projects/DataONEorg-d1-cn-common/src/test/java/flaky/FlakyTests.java:[275,26] ';' expected
[ERROR] /Users/yhcrown/Documents/flaky_java_projects/DataONEorg-d1-cn-common/src/test/java/flaky/FlakyTests.java:[275,36] not a statement
[ERROR] /Users/yhcrown/Documents/flaky_java_projects/DataONEorg-d1-cn-common/src/test/java/flaky/FlakyTests.java:[275,45] ';' expected
[ERROR] /Users/yhcrown/Documents/flaky_java_projects/DataONEorg-d1-cn-common/src/test/java/flaky/FlakyTests.java:[298,5] illegal start of expression
[ERROR] /Users/yhcrown/Documents/flaky_java_projects/DataONEorg-d1-cn-common/src/test/java/flaky/FlakyTests.java:[298,12] illegal start of expression
[ERROR] /Users/yhcrown/Documents/flaky_java_projects/DataONEorg-d1-cn-common/src/test/java/flaky/FlakyTests.java:[298,26] ';' expected
[ERROR] /Users/yhcrown/Documents/flaky_java_projects/DataONEorg-d1-cn-common/src/test/java/flaky/FlakyTests.java:[298,36] not a statement
[ERROR] /Users/yhcrown/Documents/flaky_java_projects/DataONEorg-d1-cn-common/src/test/java/flaky/FlakyTests.java:[298,45] ';' expected
[ERROR] /Users/yhcrown/Documents/flaky_java_projects/DataONEorg-d1-cn-common/src/test/java/flaky/FlakyTests.java:[326,5] illegal start of expression
[ERROR] /Users/yhcrown/Documents/flaky_java_projects/DataONEorg-d1-cn-common/src/test/java/flaky/FlakyTests.java:[326,12] illegal start of expression
[ERROR] /Users/yhcrown/Documents/flaky_java_projects/DataONEorg-d1-cn-common/src/test/java/flaky/FlakyTests.java:[326,26] ';' expected
[ERROR] /Users/yhcrown/Documents/flaky_java_projects/DataONEorg-d1-cn-common/src/test/java/flaky/FlakyTests.java:[326,36] not a statement
[ERROR] /Users/yhcrown/Documents/flaky_java_projects/DataONEorg-d1-cn-common/src/test/java/flaky/FlakyTests.java:[326,45] ';' expected
[ERROR] /Users/yhcrown/Documents/flaky_java_projects/DataONEorg-d1-cn-common/src/test/java/flaky/FlakyTests.java:[352,5] illegal start of expression
[ERROR] /Users/yhcrown/Documents/flaky_java_projects/DataONEorg-d1-cn-common/src/test/java/flaky/FlakyTests.java:[352,12] illegal start of expression
[ERROR] /Users/yhcrown/Documents/flaky_java_projects/DataONEorg-d1-cn-common/src/test/java/flaky/FlakyTests.java:[352,26] ';' expected
[ERROR] /Users/yhcrown/Documents/flaky_java_projects/DataONEorg-d1-cn-common/src/test/java/flaky/FlakyTests.java:[352,36] not a statement
[ERROR] /Users/yhcrown/Documents/flaky_java_projects/DataONEorg-d1-cn-common/src/test/java/flaky/FlakyTests.java:[352,45] ';' expected
[ERROR] /Users/yhcrown/Documents/flaky_java_projects/DataONEorg-d1-cn-common/src/test/java/flaky/FlakyTests.java:[378,5] illegal start of expression
[ERROR] /Users/yhcrown/Documents/flaky_java_projects/DataONEorg-d1-cn-common/src/test/java/flaky/FlakyTests.java:[378,12] illegal start of expression
[ERROR] /Users/yhcrown/Documents/flaky_java_projects/DataONEorg-d1-cn-common/src/test/java/flaky/FlakyTests.java:[378,26] ';' expected
[ERROR] /Users/yhcrown/Documents/flaky_java_projects/DataONEorg-d1-cn-common/src/test/java/flaky/FlakyTests.java:[378,36] not a statement
[ERROR] /Users/yhcrown/Documents/flaky_java_projects/DataONEorg-d1-cn-common/src/test/java/flaky/FlakyTests.java:[378,45] ';' expected
[ERROR] /Users/yhcrown/Documents/flaky_java_projects/DataONEorg-d1-cn-common/src/test/java/flaky/FlakyTests.java:[411,5] illegal start of expression
[ERROR] /Users/yhcrown/Documents/flaky_java_projects/DataONEorg-d1-cn-common/src/test/java/flaky/FlakyTests.java:[411,12] illegal start of expression
[ERROR] /Users/yhcrown/Documents/flaky_java_projects/DataONEorg-d1-cn-common/src/test/java/flaky/FlakyTests.java:[411,26] ';' expected
[ERROR] /Users/yhcrown/Documents/flaky_java_projects/DataONEorg-d1-cn-common/src/test/java/flaky/FlakyTests.java:[411,36] not a statement
[ERROR] /Users/yhcrown/Documents/flaky_java_projects/DataONEorg-d1-cn-common/src/test/java/flaky/FlakyTests.java:[411,45] ';' expected
[ERROR] /Users/yhcrown/Documents/flaky_java_projects/DataONEorg-d1-cn-common/src/test/java/flaky/FlakyTests.java:[437,5] illegal start of expression
[ERROR] /Users/yhcrown/Documents/flaky_java_projects/DataONEorg-d1-cn-common/src/test/java/flaky/FlakyTests.java:[437,12] illegal start of expression
[ERROR] /Users/yhcrown/Documents/flaky_java_projects/DataONEorg-d1-cn-common/src/test/java/flaky/FlakyTests.java:[437,26] ';' expected
[ERROR] /Users/yhcrown/Documents/flaky_java_projects/DataONEorg-d1-cn-common/src/test/java/flaky/FlakyTests.java:[437,36] not a statement
[ERROR] /Users/yhcrown/Documents/flaky_java_projects/DataONEorg-d1-cn-common/src/test/java/flaky/FlakyTests.java:[437,45] ';' expected
[ERROR] /Users/yhcrown/Documents/flaky_java_projects/DataONEorg-d1-cn-common/src/test/java/flaky/FlakyTests.java:[460,5] illegal start of expression
[ERROR] /Users/yhcrown/Documents/flaky_java_projects/DataONEorg-d1-cn-common/src/test/java/flaky/FlakyTests.java:[460,12] illegal start of expression
[ERROR] /Users/yhcrown/Documents/flaky_java_projects/DataONEorg-d1-cn-common/src/test/java/flaky/FlakyTests.java:[460,26] ';' expected
[ERROR] /Users/yhcrown/Documents/flaky_java_projects/DataONEorg-d1-cn-common/src/test/java/flaky/FlakyTests.java:[460,36] not a statement
[ERROR] /Users/yhcrown/Documents/flaky_java_projects/DataONEorg-d1-cn-common/src/test/java/flaky/FlakyTests.java:[460,45] ';' expected
[ERROR] /Users/yhcrown/Documents/flaky_java_projects/DataONEorg-d1-cn-common/src/test/java/flaky/FlakyTests.java:[493,5] illegal start of expression
[ERROR] /Users/yhcrown/Documents/flaky_java_projects/DataONEorg-d1-cn-common/src/test/java/flaky/FlakyTests.java:[493,12] illegal start of expression
[ERROR] /Users/yhcrown/Documents/flaky_java_projects/DataONEorg-d1-cn-common/src/test/java/flaky/FlakyTests.java:[493,26] ';' expected
[ERROR] /Users/yhcrown/Documents/flaky_java_projects/DataONEorg-d1-cn-common/src/test/java/flaky/FlakyTests.java:[493,36] not a statement
[ERROR] /Users/yhcrown/Documents/flaky_java_projects/DataONEorg-d1-cn-common/src/test/java/flaky/FlakyTests.java:[493,45] ';' expected
[ERROR] /Users/yhcrown/Documents/flaky_java_projects/DataONEorg-d1-cn-common/src/test/java/flaky/FlakyTests.java:[512,5] illegal start of expression
[ERROR] /Users/yhcrown/Documents/flaky_java_projects/DataONEorg-d1-cn-common/src/test/java/flaky/FlakyTests.java:[512,12] illegal start of expression
[ERROR] /Users/yhcrown/Documents/flaky_java_projects/DataONEorg-d1-cn-common/src/test/java/flaky/FlakyTests.java:[512,26] ';' expected
[ERROR] /Users/yhcrown/Documents/flaky_java_projects/DataONEorg-d1-cn-common/src/test/java/flaky/FlakyTests.java:[512,36] not a statement
[ERROR] /Users/yhcrown/Documents/flaky_java_projects/DataONEorg-d1-cn-common/src/test/java/flaky/FlakyTests.java:[512,45] ';' expected
[ERROR] /Users/yhcrown/Documents/flaky_java_projects/DataONEorg-d1-cn-common/src/test/java/flaky/FlakyTests.java:[531,5] illegal start of expression
[ERROR] /Users/yhcrown/Documents/flaky_java_projects/DataONEorg-d1-cn-common/src/test/java/flaky/FlakyTests.java:[531,12] illegal start of expression
[ERROR] /Users/yhcrown/Documents/flaky_java_projects/DataONEorg-d1-cn-common/src/test/java/flaky/FlakyTests.java:[531,26] ';' expected
[ERROR] /Users/yhcrown/Documents/flaky_java_projects/DataONEorg-d1-cn-common/src/test/java/flaky/FlakyTests.java:[531,36] not a statement
[ERROR] /Users/yhcrown/Documents/flaky_java_projects/DataONEorg-d1-cn-common/src/test/java/flaky/FlakyTests.java:[531,45] ';' expected
[ERROR] /Users/yhcrown/Documents/flaky_java_projects/DataONEorg-d1-cn-common/src/test/java/flaky/FlakyTests.java:[574,5] illegal start of expression
[ERROR] /Users/yhcrown/Documents/flaky_java_projects/DataONEorg-d1-cn-common/src/test/java/flaky/FlakyTests.java:[574,12] illegal start of expression
[ERROR] /Users/yhcrown/Documents/flaky_java_projects/DataONEorg-d1-cn-common/src/test/java/flaky/FlakyTests.java:[574,26] ';' expected
[ERROR] /Users/yhcrown/Documents/flaky_java_projects/DataONEorg-d1-cn-common/src/test/java/flaky/FlakyTests.java:[574,36] not a statement
[ERROR] /Users/yhcrown/Documents/flaky_java_projects/DataONEorg-d1-cn-common/src/test/java/flaky/FlakyTests.java:[574,45] ';' expected
[ERROR] /Users/yhcrown/Documents/flaky_java_projects/DataONEorg-d1-cn-common/src/test/java/flaky/FlakyTests.java:[609,5] illegal start of expression
[ERROR] /Users/yhcrown/Documents/flaky_java_projects/DataONEorg-d1-cn-common/src/test/java/flaky/FlakyTests.java:[609,12] illegal start of expression
[ERROR] /Users/yhcrown/Documents/flaky_java_projects/DataONEorg-d1-cn-common/src/test/java/flaky/FlakyTests.java:[609,26] ';' expected
[ERROR] /Users/yhcrown/Documents/flaky_java_projects/DataONEorg-d1-cn-common/src/test/java/flaky/FlakyTests.java:[609,36] not a statement
[ERROR] /Users/yhcrown/Documents/flaky_java_projects/DataONEorg-d1-cn-common/src/test/java/flaky/FlakyTests.java:[609,45] ';' expected
[ERROR] /Users/yhcrown/Documents/flaky_java_projects/DataONEorg-d1-cn-common/src/test/java/flaky/FlakyTests.java:[652,5] illegal start of expression
[ERROR] /Users/yhcrown/Documents/flaky_java_projects/DataONEorg-d1-cn-common/src/test/java/flaky/FlakyTests.java:[652,12] illegal start of expression
[ERROR] /Users/yhcrown/Documents/flaky_java_projects/DataONEorg-d1-cn-common/src/test/java/flaky/FlakyTests.java:[652,26] ';' expected
[ERROR] /Users/yhcrown/Documents/flaky_java_projects/DataONEorg-d1-cn-common/src/test/java/flaky/FlakyTests.java:[652,36] not a statement
[ERROR] /Users/yhcrown/Documents/flaky_java_projects/DataONEorg-d1-cn-common/src/test/java/flaky/FlakyTests.java:[652,45] ';' expected
[ERROR] /Users/yhcrown/Documents/flaky_java_projects/DataONEorg-d1-cn-common/src/test/java/flaky/FlakyTests.java:[680,5] illegal start of expression
[ERROR] /Users/yhcrown/Documents/flaky_java_projects/DataONEorg-d1-cn-common/src/test/java/flaky/FlakyTests.java:[680,12] illegal start of expression
[ERROR] /Users/yhcrown/Documents/flaky_java_projects/DataONEorg-d1-cn-common/src/test/java/flaky/FlakyTests.java:[680,26] ';' expected
[ERROR] /Users/yhcrown/Documents/flaky_java_projects/DataONEorg-d1-cn-common/src/test/java/flaky/FlakyTests.java:[680,36] not a statement
[ERROR] /Users/yhcrown/Documents/flaky_java_projects/DataONEorg-d1-cn-common/src/test/java/flaky/FlakyTests.java:[680,45] ';' expected
[ERROR] /Users/yhcrown/Documents/flaky_java_projects/DataONEorg-d1-cn-common/src/test/java/flaky/FlakyTests.java:[698,5] illegal start of expression
[ERROR] /Users/yhcrown/Documents/flaky_java_projects/DataONEorg-d1-cn-common/src/test/java/flaky/FlakyTests.java:[698,12] illegal start of expression
[ERROR] /Users/yhcrown/Documents/flaky_java_projects/DataONEorg-d1-cn-common/src/test/java/flaky/FlakyTests.java:[698,26] ';' expected
[ERROR] /Users/yhcrown/Documents/flaky_java_projects/DataONEorg-d1-cn-common/src/test/java/flaky/FlakyTests.java:[698,36] not a statement
[ERROR] /Users/yhcrown/Documents/flaky_java_projects/DataONEorg-d1-cn-common/src/test/java/flaky/FlakyTests.java:[698,45] ';' expected
[ERROR] /Users/yhcrown/Documents/flaky_java_projects/DataONEorg-d1-cn-common/src/test/java/flaky/FlakyTests.java:[731,5] illegal start of expression
[ERROR] /Users/yhcrown/Documents/flaky_java_projects/DataONEorg-d1-cn-common/src/test/java/flaky/FlakyTests.java:[731,12] illegal start of expression
[ERROR] /Users/yhcrown/Documents/flaky_java_projects/DataONEorg-d1-cn-common/src/test/java/flaky/FlakyTests.java:[731,26] ';' expected
[ERROR] /Users/yhcrown/Documents/flaky_java_projects/DataONEorg-d1-cn-common/src/test/java/flaky/FlakyTests.java:[731,36] not a statement
[ERROR] /Users/yhcrown/Documents/flaky_java_projects/DataONEorg-d1-cn-common/src/test/java/flaky/FlakyTests.java:[731,45] ';' expected
[ERROR] /Users/yhcrown/Documents/flaky_java_projects/DataONEorg-d1-cn-common/src/test/java/flaky/FlakyTests.java:[779,5] illegal start of expression
[ERROR] /Users/yhcrown/Documents/flaky_java_projects/DataONEorg-d1-cn-common/src/test/java/flaky/FlakyTests.java:[779,12] illegal start of expression
[ERROR] /Users/yhcrown/Documents/flaky_java_projects/DataONEorg-d1-cn-common/src/test/java/flaky/FlakyTests.java:[779,26] ';' expected
[ERROR] /Users/yhcrown/Documents/flaky_java_projects/DataONEorg-d1-cn-common/src/test/java/flaky/FlakyTests.java:[779,36] not a statement
[INFO] 100 errors 
[INFO] -------------------------------------------------------------
[INFO] ------------------------------------------------------------------------
[INFO] BUILD FAILURE
[INFO] ------------------------------------------------------------------------
[INFO] Total time:  1.532 s
[INFO] Finished at: 2023-11-20T16:05:56-06:00
[INFO] ------------------------------------------------------------------------
[ERROR] Failed to execute goal org.apache.maven.plugins:maven-compiler-plugin:3.11.0:testCompile (default-testCompile) on project d1_cn_common: Compilation failure: Compilation failure: 
[ERROR] /Users/yhcrown/Documents/flaky_java_projects/DataONEorg-d1-cn-common/src/test/java/flaky/FlakyTests.java:[211,64] unclosed string literal
[ERROR] /Users/yhcrown/Documents/flaky_java_projects/DataONEorg-d1-cn-common/src/test/java/flaky/FlakyTests.java:[211,262] ';' expected
[ERROR] /Users/yhcrown/Documents/flaky_java_projects/DataONEorg-d1-cn-common/src/test/java/flaky/FlakyTests.java:[213,12] illegal start of expression
[ERROR] /Users/yhcrown/Documents/flaky_java_projects/DataONEorg-d1-cn-common/src/test/java/flaky/FlakyTests.java:[213,26] ';' expected
[ERROR] /Users/yhcrown/Documents/flaky_java_projects/DataONEorg-d1-cn-common/src/test/java/flaky/FlakyTests.java:[213,36] not a statement
[ERROR] /Users/yhcrown/Documents/flaky_java_projects/DataONEorg-d1-cn-common/src/test/java/flaky/FlakyTests.java:[213,45] ';' expected
[ERROR] /Users/yhcrown/Documents/flaky_java_projects/DataONEorg-d1-cn-common/src/test/java/flaky/FlakyTests.java:[247,5] illegal start of expression
[ERROR] /Users/yhcrown/Documents/flaky_java_projects/DataONEorg-d1-cn-common/src/test/java/flaky/FlakyTests.java:[247,12] illegal start of expression
[ERROR] /Users/yhcrown/Documents/flaky_java_projects/DataONEorg-d1-cn-common/src/test/java/flaky/FlakyTests.java:[247,26] ';' expected
[ERROR] /Users/yhcrown/Documents/flaky_java_projects/DataONEorg-d1-cn-common/src/test/java/flaky/FlakyTests.java:[247,36] not a statement
[ERROR] /Users/yhcrown/Documents/flaky_java_projects/DataONEorg-d1-cn-common/src/test/java/flaky/FlakyTests.java:[247,45] ';' expected
[ERROR] /Users/yhcrown/Documents/flaky_java_projects/DataONEorg-d1-cn-common/src/test/java/flaky/FlakyTests.java:[275,5] illegal start of expression
[ERROR] /Users/yhcrown/Documents/flaky_java_projects/DataONEorg-d1-cn-common/src/test/java/flaky/FlakyTests.java:[275,12] illegal start of expression
[ERROR] /Users/yhcrown/Documents/flaky_java_projects/DataONEorg-d1-cn-common/src/test/java/flaky/FlakyTests.java:[275,26] ';' expected
[ERROR] /Users/yhcrown/Documents/flaky_java_projects/DataONEorg-d1-cn-common/src/test/java/flaky/FlakyTests.java:[275,36] not a statement
[ERROR] /Users/yhcrown/Documents/flaky_java_projects/DataONEorg-d1-cn-common/src/test/java/flaky/FlakyTests.java:[275,45] ';' expected
[ERROR] /Users/yhcrown/Documents/flaky_java_projects/DataONEorg-d1-cn-common/src/test/java/flaky/FlakyTests.java:[298,5] illegal start of expression
[ERROR] /Users/yhcrown/Documents/flaky_java_projects/DataONEorg-d1-cn-common/src/test/java/flaky/FlakyTests.java:[298,12] illegal start of expression
[ERROR] /Users/yhcrown/Documents/flaky_java_projects/DataONEorg-d1-cn-common/src/test/java/flaky/FlakyTests.java:[298,26] ';' expected
[ERROR] /Users/yhcrown/Documents/flaky_java_projects/DataONEorg-d1-cn-common/src/test/java/flaky/FlakyTests.java:[298,36] not a statement
[ERROR] /Users/yhcrown/Documents/flaky_java_projects/DataONEorg-d1-cn-common/src/test/java/flaky/FlakyTests.java:[298,45] ';' expected
[ERROR] /Users/yhcrown/Documents/flaky_java_projects/DataONEorg-d1-cn-common/src/test/java/flaky/FlakyTests.java:[326,5] illegal start of expression
[ERROR] /Users/yhcrown/Documents/flaky_java_projects/DataONEorg-d1-cn-common/src/test/java/flaky/FlakyTests.java:[326,12] illegal start of expression
[ERROR] /Users/yhcrown/Documents/flaky_java_projects/DataONEorg-d1-cn-common/src/test/java/flaky/FlakyTests.java:[326,26] ';' expected
[ERROR] /Users/yhcrown/Documents/flaky_java_projects/DataONEorg-d1-cn-common/src/test/java/flaky/FlakyTests.java:[326,36] not a statement
[ERROR] /Users/yhcrown/Documents/flaky_java_projects/DataONEorg-d1-cn-common/src/test/java/flaky/FlakyTests.java:[326,45] ';' expected
[ERROR] /Users/yhcrown/Documents/flaky_java_projects/DataONEorg-d1-cn-common/src/test/java/flaky/FlakyTests.java:[352,5] illegal start of expression
[ERROR] /Users/yhcrown/Documents/flaky_java_projects/DataONEorg-d1-cn-common/src/test/java/flaky/FlakyTests.java:[352,12] illegal start of expression
[ERROR] /Users/yhcrown/Documents/flaky_java_projects/DataONEorg-d1-cn-common/src/test/java/flaky/FlakyTests.java:[352,26] ';' expected
[ERROR] /Users/yhcrown/Documents/flaky_java_projects/DataONEorg-d1-cn-common/src/test/java/flaky/FlakyTests.java:[352,36] not a statement
[ERROR] /Users/yhcrown/Documents/flaky_java_projects/DataONEorg-d1-cn-common/src/test/java/flaky/FlakyTests.java:[352,45] ';' expected
[ERROR] /Users/yhcrown/Documents/flaky_java_projects/DataONEorg-d1-cn-common/src/test/java/flaky/FlakyTests.java:[378,5] illegal start of expression
[ERROR] /Users/yhcrown/Documents/flaky_java_projects/DataONEorg-d1-cn-common/src/test/java/flaky/FlakyTests.java:[378,12] illegal start of expression
[ERROR] /Users/yhcrown/Documents/flaky_java_projects/DataONEorg-d1-cn-common/src/test/java/flaky/FlakyTests.java:[378,26] ';' expected
[ERROR] /Users/yhcrown/Documents/flaky_java_projects/DataONEorg-d1-cn-common/src/test/java/flaky/FlakyTests.java:[378,36] not a statement
[ERROR] /Users/yhcrown/Documents/flaky_java_projects/DataONEorg-d1-cn-common/src/test/java/flaky/FlakyTests.java:[378,45] ';' expected
[ERROR] /Users/yhcrown/Documents/flaky_java_projects/DataONEorg-d1-cn-common/src/test/java/flaky/FlakyTests.java:[411,5] illegal start of expression
[ERROR] /Users/yhcrown/Documents/flaky_java_projects/DataONEorg-d1-cn-common/src/test/java/flaky/FlakyTests.java:[411,12] illegal start of expression
[ERROR] /Users/yhcrown/Documents/flaky_java_projects/DataONEorg-d1-cn-common/src/test/java/flaky/FlakyTests.java:[411,26] ';' expected
[ERROR] /Users/yhcrown/Documents/flaky_java_projects/DataONEorg-d1-cn-common/src/test/java/flaky/FlakyTests.java:[411,36] not a statement
[ERROR] /Users/yhcrown/Documents/flaky_java_projects/DataONEorg-d1-cn-common/src/test/java/flaky/FlakyTests.java:[411,45] ';' expected
[ERROR] /Users/yhcrown/Documents/flaky_java_projects/DataONEorg-d1-cn-common/src/test/java/flaky/FlakyTests.java:[437,5] illegal start of expression
[ERROR] /Users/yhcrown/Documents/flaky_java_projects/DataONEorg-d1-cn-common/src/test/java/flaky/FlakyTests.java:[437,12] illegal start of expression
[ERROR] /Users/yhcrown/Documents/flaky_java_projects/DataONEorg-d1-cn-common/src/test/java/flaky/FlakyTests.java:[437,26] ';' expected
[ERROR] /Users/yhcrown/Documents/flaky_java_projects/DataONEorg-d1-cn-common/src/test/java/flaky/FlakyTests.java:[437,36] not a statement
[ERROR] /Users/yhcrown/Documents/flaky_java_projects/DataONEorg-d1-cn-common/src/test/java/flaky/FlakyTests.java:[437,45] ';' expected
[ERROR] /Users/yhcrown/Documents/flaky_java_projects/DataONEorg-d1-cn-common/src/test/java/flaky/FlakyTests.java:[460,5] illegal start of expression
[ERROR] /Users/yhcrown/Documents/flaky_java_projects/DataONEorg-d1-cn-common/src/test/java/flaky/FlakyTests.java:[460,12] illegal start of expression
[ERROR] /Users/yhcrown/Documents/flaky_java_projects/DataONEorg-d1-cn-common/src/test/java/flaky/FlakyTests.java:[460,26] ';' expected
[ERROR] /Users/yhcrown/Documents/flaky_java_projects/DataONEorg-d1-cn-common/src/test/java/flaky/FlakyTests.java:[460,36] not a statement
[ERROR] /Users/yhcrown/Documents/flaky_java_projects/DataONEorg-d1-cn-common/src/test/java/flaky/FlakyTests.java:[460,45] ';' expected
[ERROR] /Users/yhcrown/Documents/flaky_java_projects/DataONEorg-d1-cn-common/src/test/java/flaky/FlakyTests.java:[493,5] illegal start of expression
[ERROR] /Users/yhcrown/Documents/flaky_java_projects/DataONEorg-d1-cn-common/src/test/java/flaky/FlakyTests.java:[493,12] illegal start of expression
[ERROR] /Users/yhcrown/Documents/flaky_java_projects/DataONEorg-d1-cn-common/src/test/java/flaky/FlakyTests.java:[493,26] ';' expected
[ERROR] /Users/yhcrown/Documents/flaky_java_projects/DataONEorg-d1-cn-common/src/test/java/flaky/FlakyTests.java:[493,36] not a statement
[ERROR] /Users/yhcrown/Documents/flaky_java_projects/DataONEorg-d1-cn-common/src/test/java/flaky/FlakyTests.java:[493,45] ';' expected
[ERROR] /Users/yhcrown/Documents/flaky_java_projects/DataONEorg-d1-cn-common/src/test/java/flaky/FlakyTests.java:[512,5] illegal start of expression
[ERROR] /Users/yhcrown/Documents/flaky_java_projects/DataONEorg-d1-cn-common/src/test/java/flaky/FlakyTests.java:[512,12] illegal start of expression
[ERROR] /Users/yhcrown/Documents/flaky_java_projects/DataONEorg-d1-cn-common/src/test/java/flaky/FlakyTests.java:[512,26] ';' expected
[ERROR] /Users/yhcrown/Documents/flaky_java_projects/DataONEorg-d1-cn-common/src/test/java/flaky/FlakyTests.java:[512,36] not a statement
[ERROR] /Users/yhcrown/Documents/flaky_java_projects/DataONEorg-d1-cn-common/src/test/java/flaky/FlakyTests.java:[512,45] ';' expected
[ERROR] /Users/yhcrown/Documents/flaky_java_projects/DataONEorg-d1-cn-common/src/test/java/flaky/FlakyTests.java:[531,5] illegal start of expression
[ERROR] /Users/yhcrown/Documents/flaky_java_projects/DataONEorg-d1-cn-common/src/test/java/flaky/FlakyTests.java:[531,12] illegal start of expression
[ERROR] /Users/yhcrown/Documents/flaky_java_projects/DataONEorg-d1-cn-common/src/test/java/flaky/FlakyTests.java:[531,26] ';' expected
[ERROR] /Users/yhcrown/Documents/flaky_java_projects/DataONEorg-d1-cn-common/src/test/java/flaky/FlakyTests.java:[531,36] not a statement
[ERROR] /Users/yhcrown/Documents/flaky_java_projects/DataONEorg-d1-cn-common/src/test/java/flaky/FlakyTests.java:[531,45] ';' expected
[ERROR] /Users/yhcrown/Documents/flaky_java_projects/DataONEorg-d1-cn-common/src/test/java/flaky/FlakyTests.java:[574,5] illegal start of expression
[ERROR] /Users/yhcrown/Documents/flaky_java_projects/DataONEorg-d1-cn-common/src/test/java/flaky/FlakyTests.java:[574,12] illegal start of expression
[ERROR] /Users/yhcrown/Documents/flaky_java_projects/DataONEorg-d1-cn-common/src/test/java/flaky/FlakyTests.java:[574,26] ';' expected
[ERROR] /Users/yhcrown/Documents/flaky_java_projects/DataONEorg-d1-cn-common/src/test/java/flaky/FlakyTests.java:[574,36] not a statement
[ERROR] /Users/yhcrown/Documents/flaky_java_projects/DataONEorg-d1-cn-common/src/test/java/flaky/FlakyTests.java:[574,45] ';' expected
[ERROR] /Users/yhcrown/Documents/flaky_java_projects/DataONEorg-d1-cn-common/src/test/java/flaky/FlakyTests.java:[609,5] illegal start of expression
[ERROR] /Users/yhcrown/Documents/flaky_java_projects/DataONEorg-d1-cn-common/src/test/java/flaky/FlakyTests.java:[609,12] illegal start of expression
[ERROR] /Users/yhcrown/Documents/flaky_java_projects/DataONEorg-d1-cn-common/src/test/java/flaky/FlakyTests.java:[609,26] ';' expected
[ERROR] /Users/yhcrown/Documents/flaky_java_projects/DataONEorg-d1-cn-common/src/test/java/flaky/FlakyTests.java:[609,36] not a statement
[ERROR] /Users/yhcrown/Documents/flaky_java_projects/DataONEorg-d1-cn-common/src/test/java/flaky/FlakyTests.java:[609,45] ';' expected
[ERROR] /Users/yhcrown/Documents/flaky_java_projects/DataONEorg-d1-cn-common/src/test/java/flaky/FlakyTests.java:[652,5] illegal start of expression
[ERROR] /Users/yhcrown/Documents/flaky_java_projects/DataONEorg-d1-cn-common/src/test/java/flaky/FlakyTests.java:[652,12] illegal start of expression
[ERROR] /Users/yhcrown/Documents/flaky_java_projects/DataONEorg-d1-cn-common/src/test/java/flaky/FlakyTests.java:[652,26] ';' expected
[ERROR] /Users/yhcrown/Documents/flaky_java_projects/DataONEorg-d1-cn-common/src/test/java/flaky/FlakyTests.java:[652,36] not a statement
[ERROR] /Users/yhcrown/Documents/flaky_java_projects/DataONEorg-d1-cn-common/src/test/java/flaky/FlakyTests.java:[652,45] ';' expected
[ERROR] /Users/yhcrown/Documents/flaky_java_projects/DataONEorg-d1-cn-common/src/test/java/flaky/FlakyTests.java:[680,5] illegal start of expression
[ERROR] /Users/yhcrown/Documents/flaky_java_projects/DataONEorg-d1-cn-common/src/test/java/flaky/FlakyTests.java:[680,12] illegal start of expression
[ERROR] /Users/yhcrown/Documents/flaky_java_projects/DataONEorg-d1-cn-common/src/test/java/flaky/FlakyTests.java:[680,26] ';' expected
[ERROR] /Users/yhcrown/Documents/flaky_java_projects/DataONEorg-d1-cn-common/src/test/java/flaky/FlakyTests.java:[680,36] not a statement
[ERROR] /Users/yhcrown/Documents/flaky_java_projects/DataONEorg-d1-cn-common/src/test/java/flaky/FlakyTests.java:[680,45] ';' expected
[ERROR] /Users/yhcrown/Documents/flaky_java_projects/DataONEorg-d1-cn-common/src/test/java/flaky/FlakyTests.java:[698,5] illegal start of expression
[ERROR] /Users/yhcrown/Documents/flaky_java_projects/DataONEorg-d1-cn-common/src/test/java/flaky/FlakyTests.java:[698,12] illegal start of expression
[ERROR] /Users/yhcrown/Documents/flaky_java_projects/DataONEorg-d1-cn-common/src/test/java/flaky/FlakyTests.java:[698,26] ';' expected
[ERROR] /Users/yhcrown/Documents/flaky_java_projects/DataONEorg-d1-cn-common/src/test/java/flaky/FlakyTests.java:[698,36] not a statement
[ERROR] /Users/yhcrown/Documents/flaky_java_projects/DataONEorg-d1-cn-common/src/test/java/flaky/FlakyTests.java:[698,45] ';' expected
[ERROR] /Users/yhcrown/Documents/flaky_java_projects/DataONEorg-d1-cn-common/src/test/java/flaky/FlakyTests.java:[731,5] illegal start of expression
[ERROR] /Users/yhcrown/Documents/flaky_java_projects/DataONEorg-d1-cn-common/src/test/java/flaky/FlakyTests.java:[731,12] illegal start of expression
[ERROR] /Users/yhcrown/Documents/flaky_java_projects/DataONEorg-d1-cn-common/src/test/java/flaky/FlakyTests.java:[731,26] ';' expected
[ERROR] /Users/yhcrown/Documents/flaky_java_projects/DataONEorg-d1-cn-common/src/test/java/flaky/FlakyTests.java:[731,36] not a statement
[ERROR] /Users/yhcrown/Documents/flaky_java_projects/DataONEorg-d1-cn-common/src/test/java/flaky/FlakyTests.java:[731,45] ';' expected
[ERROR] /Users/yhcrown/Documents/flaky_java_projects/DataONEorg-d1-cn-common/src/test/java/flaky/FlakyTests.java:[779,5] illegal start of expression
[ERROR] /Users/yhcrown/Documents/flaky_java_projects/DataONEorg-d1-cn-common/src/test/java/flaky/FlakyTests.java:[779,12] illegal start of expression
[ERROR] /Users/yhcrown/Documents/flaky_java_projects/DataONEorg-d1-cn-common/src/test/java/flaky/FlakyTests.java:[779,26] ';' expected
[ERROR] /Users/yhcrown/Documents/flaky_java_projects/DataONEorg-d1-cn-common/src/test/java/flaky/FlakyTests.java:[779,36] not a statement
[ERROR] -> [Help 1]
[ERROR] 
[ERROR] To see the full stack trace of the errors, re-run Maven with the -e switch.
[ERROR] Re-run Maven using the -X switch to enable full debug logging.
[ERROR] 
[ERROR] For more information about the errors and possible solutions, please read the following articles:
[ERROR] [Help 1] http://cwiki.apache.org/confluence/display/MAVEN/MojoFailureException
