[INFO] Scanning for projects...
[WARNING] 
[WARNING] Some problems were encountered while building the effective model for com.github.stefaniniinspiring:pugtsdb:jar:1.1-SNAPSHOT
[WARNING] 'build.plugins.plugin.version' for org.apache.maven.plugins:maven-compiler-plugin is missing. @ line 109, column 21
[WARNING] 'build.plugins.plugin.version' for org.apache.maven.plugins:maven-source-plugin is missing. @ line 117, column 21
[WARNING] 'build.plugins.plugin.version' for org.apache.maven.plugins:maven-javadoc-plugin is missing. @ line 129, column 21
[WARNING] 
[WARNING] It is highly recommended to fix these problems because they threaten the stability of your build.
[WARNING] 
[WARNING] For this reason, future Maven versions might no longer support building such malformed projects.
[WARNING] 
[INFO] Inspecting build with total of 1 modules...
[INFO] Installing Nexus Staging features:
[INFO]   ... total of 1 executions of maven-deploy-plugin replaced with nexus-staging-maven-plugin
[INFO] 
[INFO] ---------------< com.github.stefaniniinspiring:pugtsdb >----------------
[INFO] Building PugTSDB 1.1-SNAPSHOT
[INFO]   from pom.xml
[INFO] --------------------------------[ jar ]---------------------------------
[INFO] 
[INFO] --- resources:3.3.1:resources (default-resources) @ pugtsdb ---
[INFO] Copying 1 resource from src/main/resources to target/classes
[INFO] 
[INFO] --- compiler:3.11.0:compile (default-compile) @ pugtsdb ---
[INFO] Nothing to compile - all classes are up to date
[INFO] 
[INFO] --- resources:3.3.1:testResources (default-testResources) @ pugtsdb ---
[INFO] Copying 24 resources from src/test/resources to target/test-classes
[INFO] 
[INFO] --- compiler:3.11.0:testCompile (default-testCompile) @ pugtsdb ---
[INFO] Changes detected - recompiling the module! :source
[INFO] Compiling 16 source files with javac [debug target 1.8] to target/test-classes
[INFO] -------------------------------------------------------------
[ERROR] COMPILATION ERROR : 
[INFO] -------------------------------------------------------------
[ERROR] /Users/yhcrown/Documents/flaky_java_projects/StefaniniInspiring-pugtsdb/src/test/java/flaky/FlakyTest.java:[34,64] unclosed string literal
[ERROR] /Users/yhcrown/Documents/flaky_java_projects/StefaniniInspiring-pugtsdb/src/test/java/flaky/FlakyTest.java:[35,9] illegal start of expression
[ERROR] /Users/yhcrown/Documents/flaky_java_projects/StefaniniInspiring-pugtsdb/src/test/java/flaky/FlakyTest.java:[35,14] ';' expected
[ERROR] /Users/yhcrown/Documents/flaky_java_projects/StefaniniInspiring-pugtsdb/src/test/java/flaky/FlakyTest.java:[36,12] illegal start of expression
[ERROR] /Users/yhcrown/Documents/flaky_java_projects/StefaniniInspiring-pugtsdb/src/test/java/flaky/FlakyTest.java:[36,26] ';' expected
[ERROR] /Users/yhcrown/Documents/flaky_java_projects/StefaniniInspiring-pugtsdb/src/test/java/flaky/FlakyTest.java:[36,36] not a statement
[ERROR] /Users/yhcrown/Documents/flaky_java_projects/StefaniniInspiring-pugtsdb/src/test/java/flaky/FlakyTest.java:[36,45] ';' expected
[ERROR] /Users/yhcrown/Documents/flaky_java_projects/StefaniniInspiring-pugtsdb/src/test/java/flaky/FlakyTest.java:[49,26] ';' expected
[ERROR] /Users/yhcrown/Documents/flaky_java_projects/StefaniniInspiring-pugtsdb/src/test/java/flaky/FlakyTest.java:[49,36] not a statement
[ERROR] /Users/yhcrown/Documents/flaky_java_projects/StefaniniInspiring-pugtsdb/src/test/java/flaky/FlakyTest.java:[49,45] ';' expected
[ERROR] /Users/yhcrown/Documents/flaky_java_projects/StefaniniInspiring-pugtsdb/src/test/java/flaky/FlakyTest.java:[62,26] ';' expected
[ERROR] /Users/yhcrown/Documents/flaky_java_projects/StefaniniInspiring-pugtsdb/src/test/java/flaky/FlakyTest.java:[62,36] not a statement
[ERROR] /Users/yhcrown/Documents/flaky_java_projects/StefaniniInspiring-pugtsdb/src/test/java/flaky/FlakyTest.java:[62,45] ';' expected
[ERROR] /Users/yhcrown/Documents/flaky_java_projects/StefaniniInspiring-pugtsdb/src/test/java/flaky/FlakyTest.java:[75,26] ';' expected
[ERROR] /Users/yhcrown/Documents/flaky_java_projects/StefaniniInspiring-pugtsdb/src/test/java/flaky/FlakyTest.java:[75,36] not a statement
[ERROR] /Users/yhcrown/Documents/flaky_java_projects/StefaniniInspiring-pugtsdb/src/test/java/flaky/FlakyTest.java:[75,45] ';' expected
[ERROR] /Users/yhcrown/Documents/flaky_java_projects/StefaniniInspiring-pugtsdb/src/test/java/flaky/FlakyTest.java:[87,64] unclosed string literal
[ERROR] /Users/yhcrown/Documents/flaky_java_projects/StefaniniInspiring-pugtsdb/src/test/java/flaky/FlakyTest.java:[88,9] illegal start of expression
[ERROR] /Users/yhcrown/Documents/flaky_java_projects/StefaniniInspiring-pugtsdb/src/test/java/flaky/FlakyTest.java:[88,14] ';' expected
[ERROR] /Users/yhcrown/Documents/flaky_java_projects/StefaniniInspiring-pugtsdb/src/test/java/flaky/FlakyTest.java:[89,12] illegal start of expression
[ERROR] /Users/yhcrown/Documents/flaky_java_projects/StefaniniInspiring-pugtsdb/src/test/java/flaky/FlakyTest.java:[89,26] ';' expected
[ERROR] /Users/yhcrown/Documents/flaky_java_projects/StefaniniInspiring-pugtsdb/src/test/java/flaky/FlakyTest.java:[89,36] not a statement
[ERROR] /Users/yhcrown/Documents/flaky_java_projects/StefaniniInspiring-pugtsdb/src/test/java/flaky/FlakyTest.java:[89,45] ';' expected
[ERROR] /Users/yhcrown/Documents/flaky_java_projects/StefaniniInspiring-pugtsdb/src/test/java/flaky/FlakyTest.java:[99,2] reached end of file while parsing
[INFO] 24 errors 
[INFO] -------------------------------------------------------------
[INFO] ------------------------------------------------------------------------
[INFO] BUILD FAILURE
[INFO] ------------------------------------------------------------------------
[INFO] Total time:  0.787 s
[INFO] Finished at: 2023-11-22T02:19:02-06:00
[INFO] ------------------------------------------------------------------------
[ERROR] Failed to execute goal org.apache.maven.plugins:maven-compiler-plugin:3.11.0:testCompile (default-testCompile) on project pugtsdb: Compilation failure: Compilation failure: 
[ERROR] /Users/yhcrown/Documents/flaky_java_projects/StefaniniInspiring-pugtsdb/src/test/java/flaky/FlakyTest.java:[34,64] unclosed string literal
[ERROR] /Users/yhcrown/Documents/flaky_java_projects/StefaniniInspiring-pugtsdb/src/test/java/flaky/FlakyTest.java:[35,9] illegal start of expression
[ERROR] /Users/yhcrown/Documents/flaky_java_projects/StefaniniInspiring-pugtsdb/src/test/java/flaky/FlakyTest.java:[35,14] ';' expected
[ERROR] /Users/yhcrown/Documents/flaky_java_projects/StefaniniInspiring-pugtsdb/src/test/java/flaky/FlakyTest.java:[36,12] illegal start of expression
[ERROR] /Users/yhcrown/Documents/flaky_java_projects/StefaniniInspiring-pugtsdb/src/test/java/flaky/FlakyTest.java:[36,26] ';' expected
[ERROR] /Users/yhcrown/Documents/flaky_java_projects/StefaniniInspiring-pugtsdb/src/test/java/flaky/FlakyTest.java:[36,36] not a statement
[ERROR] /Users/yhcrown/Documents/flaky_java_projects/StefaniniInspiring-pugtsdb/src/test/java/flaky/FlakyTest.java:[36,45] ';' expected
[ERROR] /Users/yhcrown/Documents/flaky_java_projects/StefaniniInspiring-pugtsdb/src/test/java/flaky/FlakyTest.java:[49,26] ';' expected
[ERROR] /Users/yhcrown/Documents/flaky_java_projects/StefaniniInspiring-pugtsdb/src/test/java/flaky/FlakyTest.java:[49,36] not a statement
[ERROR] /Users/yhcrown/Documents/flaky_java_projects/StefaniniInspiring-pugtsdb/src/test/java/flaky/FlakyTest.java:[49,45] ';' expected
[ERROR] /Users/yhcrown/Documents/flaky_java_projects/StefaniniInspiring-pugtsdb/src/test/java/flaky/FlakyTest.java:[62,26] ';' expected
[ERROR] /Users/yhcrown/Documents/flaky_java_projects/StefaniniInspiring-pugtsdb/src/test/java/flaky/FlakyTest.java:[62,36] not a statement
[ERROR] /Users/yhcrown/Documents/flaky_java_projects/StefaniniInspiring-pugtsdb/src/test/java/flaky/FlakyTest.java:[62,45] ';' expected
[ERROR] /Users/yhcrown/Documents/flaky_java_projects/StefaniniInspiring-pugtsdb/src/test/java/flaky/FlakyTest.java:[75,26] ';' expected
[ERROR] /Users/yhcrown/Documents/flaky_java_projects/StefaniniInspiring-pugtsdb/src/test/java/flaky/FlakyTest.java:[75,36] not a statement
[ERROR] /Users/yhcrown/Documents/flaky_java_projects/StefaniniInspiring-pugtsdb/src/test/java/flaky/FlakyTest.java:[75,45] ';' expected
[ERROR] /Users/yhcrown/Documents/flaky_java_projects/StefaniniInspiring-pugtsdb/src/test/java/flaky/FlakyTest.java:[87,64] unclosed string literal
[ERROR] /Users/yhcrown/Documents/flaky_java_projects/StefaniniInspiring-pugtsdb/src/test/java/flaky/FlakyTest.java:[88,9] illegal start of expression
[ERROR] /Users/yhcrown/Documents/flaky_java_projects/StefaniniInspiring-pugtsdb/src/test/java/flaky/FlakyTest.java:[88,14] ';' expected
[ERROR] /Users/yhcrown/Documents/flaky_java_projects/StefaniniInspiring-pugtsdb/src/test/java/flaky/FlakyTest.java:[89,12] illegal start of expression
[ERROR] /Users/yhcrown/Documents/flaky_java_projects/StefaniniInspiring-pugtsdb/src/test/java/flaky/FlakyTest.java:[89,26] ';' expected
[ERROR] /Users/yhcrown/Documents/flaky_java_projects/StefaniniInspiring-pugtsdb/src/test/java/flaky/FlakyTest.java:[89,36] not a statement
[ERROR] /Users/yhcrown/Documents/flaky_java_projects/StefaniniInspiring-pugtsdb/src/test/java/flaky/FlakyTest.java:[89,45] ';' expected
[ERROR] /Users/yhcrown/Documents/flaky_java_projects/StefaniniInspiring-pugtsdb/src/test/java/flaky/FlakyTest.java:[99,2] reached end of file while parsing
[ERROR] -> [Help 1]
[ERROR] 
[ERROR] To see the full stack trace of the errors, re-run Maven with the -e switch.
[ERROR] Re-run Maven using the -X switch to enable full debug logging.
[ERROR] 
[ERROR] For more information about the errors and possible solutions, please read the following articles:
[ERROR] [Help 1] http://cwiki.apache.org/confluence/display/MAVEN/MojoFailureException
