[INFO] Scanning for projects...
[INFO] 
[INFO] ----< com.google.code.externalsortinginjava:externalsortinginjava >-----
[INFO] Building externalsortinginjava 0.6.2-SNAPSHOT
[INFO]   from pom.xml
[INFO] --------------------------------[ jar ]---------------------------------
[INFO] 
[INFO] --- surefire:2.19.1:test (default-cli) @ externalsortinginjava ---

-------------------------------------------------------
 T E S T S
-------------------------------------------------------
Running flaky.FlakyTest
Tests run: 1, Failures: 1, Errors: 0, Skipped: 0, Time elapsed: 0.073 sec <<< FAILURE! - in flaky.FlakyTest
test177_3(flaky.FlakyTest)  Time elapsed: 0.016 sec  <<< FAILURE!
org.junit.ComparisonFailure: expected:<...000gn/T/sortInBatch3[163140003425218756]flatfile> but was:<...000gn/T/sortInBatch3[294511061880797779]flatfile>
	at flaky.FlakyTest.test177_3(FlakyTest.java:25760)


Results :

Failed tests: 
  FlakyTest.test177_3:25760 expected:<...000gn/T/sortInBatch3[163140003425218756]flatfile> but was:<...000gn/T/sortInBatch3[294511061880797779]flatfile>

Tests run: 1, Failures: 1, Errors: 0, Skipped: 0

[INFO] ------------------------------------------------------------------------
[INFO] BUILD FAILURE
[INFO] ------------------------------------------------------------------------
[INFO] Total time:  1.215 s
[INFO] Finished at: 2023-11-22T18:12:33-06:00
[INFO] ------------------------------------------------------------------------
[ERROR] Failed to execute goal org.apache.maven.plugins:maven-surefire-plugin:2.19.1:test (default-cli) on project externalsortinginjava: There are test failures.
[ERROR] 
[ERROR] Please refer to /Users/yhcrown/Documents/flaky_java_projects/lemire-externalsortinginjava/target/surefire-reports for the individual test results.
[ERROR] -> [Help 1]
[ERROR] 
[ERROR] To see the full stack trace of the errors, re-run Maven with the -e switch.
[ERROR] Re-run Maven using the -X switch to enable full debug logging.
[ERROR] 
[ERROR] For more information about the errors and possible solutions, please read the following articles:
[ERROR] [Help 1] http://cwiki.apache.org/confluence/display/MAVEN/MojoFailureException
