[INFO] Scanning for projects...
[INFO] 
[INFO] ----< com.google.code.externalsortinginjava:externalsortinginjava >-----
[INFO] Building externalsortinginjava 0.6.2-SNAPSHOT
[INFO]   from pom.xml
[INFO] --------------------------------[ jar ]---------------------------------
[INFO] 
[INFO] --- surefire:2.19.1:test (default-cli) @ externalsortinginjava ---

-------------------------------------------------------
 T E S T S
-------------------------------------------------------
Running flaky.FlakyTest
Tests run: 1, Failures: 1, Errors: 0, Skipped: 0, Time elapsed: 0.131 sec <<< FAILURE! - in flaky.FlakyTest
test139_2(flaky.FlakyTest)  Time elapsed: 0.079 sec  <<< FAILURE!
org.junit.ComparisonFailure: expected:<...0000gn/T/sortInBatch[4134731638429077266]flatfile> but was:<...0000gn/T/sortInBatch[5718458460074278572]flatfile>
	at flaky.FlakyTest.test139_2(FlakyTest.java:19419)


Results :

Failed tests: 
  FlakyTest.test139_2:19419 expected:<...0000gn/T/sortInBatch[4134731638429077266]flatfile> but was:<...0000gn/T/sortInBatch[5718458460074278572]flatfile>

Tests run: 1, Failures: 1, Errors: 0, Skipped: 0

[INFO] ------------------------------------------------------------------------
[INFO] BUILD FAILURE
[INFO] ------------------------------------------------------------------------
[INFO] Total time:  1.278 s
[INFO] Finished at: 2023-11-22T14:48:35-06:00
[INFO] ------------------------------------------------------------------------
[ERROR] Failed to execute goal org.apache.maven.plugins:maven-surefire-plugin:2.19.1:test (default-cli) on project externalsortinginjava: There are test failures.
[ERROR] 
[ERROR] Please refer to /Users/yhcrown/Documents/flaky_java_projects/lemire-externalsortinginjava/target/surefire-reports for the individual test results.
[ERROR] -> [Help 1]
[ERROR] 
[ERROR] To see the full stack trace of the errors, re-run Maven with the -e switch.
[ERROR] Re-run Maven using the -X switch to enable full debug logging.
[ERROR] 
[ERROR] For more information about the errors and possible solutions, please read the following articles:
[ERROR] [Help 1] http://cwiki.apache.org/confluence/display/MAVEN/MojoFailureException
