[INFO] Scanning for projects...
[INFO] 
[INFO] ---------------------< org.testinfected.time:time >---------------------
[INFO] Building Time 1.1-SNAPSHOT
[INFO]   from pom.xml
[INFO] --------------------------------[ jar ]---------------------------------
[INFO] 
[INFO] --- enforcer:1.0:enforce (enforce-maven) @ time ---
[INFO] 
[INFO] --- resources:3.3.1:resources (default-resources) @ time ---
[INFO] skip non existing resourceDirectory /Users/yhcrown/Documents/flaky_java_projects/testinfected-time/src/main/resources
[INFO] 
[INFO] --- compiler:2.3.2:compile (default-compile) @ time ---
[INFO] Nothing to compile - all classes are up to date
[INFO] 
[INFO] --- resources:3.3.1:testResources (default-testResources) @ time ---
[INFO] skip non existing resourceDirectory /Users/yhcrown/Documents/flaky_java_projects/testinfected-time/src/test/resources
[INFO] 
[INFO] --- compiler:2.3.2:testCompile (default-testCompile) @ time ---
[INFO] Compiling 1 source file to /Users/yhcrown/Documents/flaky_java_projects/testinfected-time/target/test-classes
[INFO] -------------------------------------------------------------
[ERROR] COMPILATION ERROR : 
[INFO] -------------------------------------------------------------
[ERROR] /Users/yhcrown/Documents/flaky_java_projects/testinfected-time/src/test/java/flaky/FlakyTest.java:[3,16] error: cannot find symbol
[ERROR]  package org.junit
/Users/yhcrown/Documents/flaky_java_projects/testinfected-time/src/test/java/flaky/FlakyTest.java:[7,24] error: cannot find symbol
[ERROR]  package org.junit.runners
/Users/yhcrown/Documents/flaky_java_projects/testinfected-time/src/test/java/flaky/FlakyTest.java:[9,1] error: cannot find symbol
[INFO] 3 errors 
[INFO] -------------------------------------------------------------
[INFO] ------------------------------------------------------------------------
[INFO] BUILD FAILURE
[INFO] ------------------------------------------------------------------------
[INFO] Total time:  0.977 s
[INFO] Finished at: 2023-12-09T19:07:13-06:00
[INFO] ------------------------------------------------------------------------
[ERROR] Failed to execute goal org.apache.maven.plugins:maven-compiler-plugin:2.3.2:testCompile (default-testCompile) on project time: Compilation failure: Compilation failure: 
[ERROR] /Users/yhcrown/Documents/flaky_java_projects/testinfected-time/src/test/java/flaky/FlakyTest.java:[3,16] error: cannot find symbol
[ERROR]  package org.junit
[ERROR] /Users/yhcrown/Documents/flaky_java_projects/testinfected-time/src/test/java/flaky/FlakyTest.java:[7,24] error: cannot find symbol
[ERROR]  package org.junit.runners
[ERROR] /Users/yhcrown/Documents/flaky_java_projects/testinfected-time/src/test/java/flaky/FlakyTest.java:[9,1] error: cannot find symbol
[ERROR] -> [Help 1]
[ERROR] 
[ERROR] To see the full stack trace of the errors, re-run Maven with the -e switch.
[ERROR] Re-run Maven using the -X switch to enable full debug logging.
[ERROR] 
[ERROR] For more information about the errors and possible solutions, please read the following articles:
[ERROR] [Help 1] http://cwiki.apache.org/confluence/display/MAVEN/MojoFailureException
