[INFO] Scanning for projects...
[WARNING] 
[WARNING] Some problems were encountered while building the effective model for net.engio:lab:jar:1.0.0.RC1
[WARNING] 'build.plugins.plugin.version' for org.apache.maven.plugins:maven-compiler-plugin is missing. @ line 52, column 21
[WARNING] 'build.plugins.plugin.version' for org.apache.maven.plugins:maven-surefire-plugin is missing. @ line 62, column 21
[WARNING] 'build.plugins.plugin.version' for org.apache.maven.plugins:maven-source-plugin is missing. @ line 71, column 21
[WARNING] 'build.plugins.plugin.version' for org.apache.maven.plugins:maven-javadoc-plugin is missing. @ line 84, column 21
[WARNING] 
[WARNING] It is highly recommended to fix these problems because they threaten the stability of your build.
[WARNING] 
[WARNING] For this reason, future Maven versions might no longer support building such malformed projects.
[WARNING] 
[INFO] 
[INFO] ---------------------------< net.engio:lab >----------------------------
[INFO] Building Java macro benchmarks 1.0.0.RC1
[INFO]   from pom.xml
[INFO] --------------------------------[ jar ]---------------------------------
[INFO] 
[INFO] --- resources:3.3.1:resources (default-resources) @ lab ---
[INFO] skip non existing resourceDirectory /Users/yhcrown/Documents/flaky_java_projects/bennidi-lab/src/main/resources
[INFO] 
[INFO] --- compiler:3.11.0:compile (default-compile) @ lab ---
[INFO] Nothing to compile - all classes are up to date
[INFO] 
[INFO] --- resources:3.3.1:testResources (default-testResources) @ lab ---
[INFO] skip non existing resourceDirectory /Users/yhcrown/Documents/flaky_java_projects/bennidi-lab/src/test/resources
[INFO] 
[INFO] --- compiler:3.11.0:testCompile (default-testCompile) @ lab ---
[INFO] Changes detected - recompiling the module! :source
[INFO] Compiling 5 source files with javac [debug target 1.6] to target/test-classes
[INFO] -------------------------------------------------------------
[WARNING] COMPILATION WARNING : 
[INFO] -------------------------------------------------------------
[WARNING] bootstrap class path not set in conjunction with -source 1.6
[INFO] 1 warning
[INFO] -------------------------------------------------------------
[INFO] -------------------------------------------------------------
[ERROR] COMPILATION ERROR : 
[INFO] -------------------------------------------------------------
[ERROR] /Users/yhcrown/Documents/flaky_java_projects/bennidi-lab/src/test/java/flaky/FlakyTest.java:[3,17] cannot find symbol
  symbol:   class FixMethodOrder
  location: package org.junit
[ERROR] /Users/yhcrown/Documents/flaky_java_projects/bennidi-lab/src/test/java/flaky/FlakyTest.java:[7,25] cannot find symbol
  symbol:   class MethodSorters
  location: package org.junit.runners
[ERROR] /Users/yhcrown/Documents/flaky_java_projects/bennidi-lab/src/test/java/flaky/FlakyTest.java:[9,2] cannot find symbol
  symbol: class FixMethodOrder
[INFO] 3 errors 
[INFO] -------------------------------------------------------------
[INFO] ------------------------------------------------------------------------
[INFO] BUILD FAILURE
[INFO] ------------------------------------------------------------------------
[INFO] Total time:  0.812 s
[INFO] Finished at: 2023-12-09T19:10:32-06:00
[INFO] ------------------------------------------------------------------------
[ERROR] Failed to execute goal org.apache.maven.plugins:maven-compiler-plugin:3.11.0:testCompile (default-testCompile) on project lab: Compilation failure: Compilation failure: 
[ERROR] /Users/yhcrown/Documents/flaky_java_projects/bennidi-lab/src/test/java/flaky/FlakyTest.java:[3,17] cannot find symbol
[ERROR]   symbol:   class FixMethodOrder
[ERROR]   location: package org.junit
[ERROR] /Users/yhcrown/Documents/flaky_java_projects/bennidi-lab/src/test/java/flaky/FlakyTest.java:[7,25] cannot find symbol
[ERROR]   symbol:   class MethodSorters
[ERROR]   location: package org.junit.runners
[ERROR] /Users/yhcrown/Documents/flaky_java_projects/bennidi-lab/src/test/java/flaky/FlakyTest.java:[9,2] cannot find symbol
[ERROR]   symbol: class FixMethodOrder
[ERROR] -> [Help 1]
[ERROR] 
[ERROR] To see the full stack trace of the errors, re-run Maven with the -e switch.
[ERROR] Re-run Maven using the -X switch to enable full debug logging.
[ERROR] 
[ERROR] For more information about the errors and possible solutions, please read the following articles:
[ERROR] [Help 1] http://cwiki.apache.org/confluence/display/MAVEN/MojoFailureException
