[INFO] Scanning for projects...
[INFO] 
[INFO] ----< com.google.code.externalsortinginjava:externalsortinginjava >-----
[INFO] Building externalsortinginjava 0.6.2-SNAPSHOT
[INFO]   from pom.xml
[INFO] --------------------------------[ jar ]---------------------------------
[INFO] 
[INFO] --- surefire:2.19.1:test (default-cli) @ externalsortinginjava ---

-------------------------------------------------------
 T E S T S
-------------------------------------------------------
Running flaky.FlakyTest
Tests run: 1, Failures: 1, Errors: 0, Skipped: 0, Time elapsed: 0.132 sec <<< FAILURE! - in flaky.FlakyTest
test290_2(flaky.FlakyTest)  Time elapsed: 0.076 sec  <<< FAILURE!
org.junit.ComparisonFailure: expected:<...000gn/T/sortInBatch2[624334986244686665]flatfile> but was:<...000gn/T/sortInBatch2[818906463093105426]flatfile>
	at flaky.FlakyTest.test290_2(FlakyTest.java:44185)


Results :

Failed tests: 
  FlakyTest.test290_2:44185 expected:<...000gn/T/sortInBatch2[624334986244686665]flatfile> but was:<...000gn/T/sortInBatch2[818906463093105426]flatfile>

Tests run: 1, Failures: 1, Errors: 0, Skipped: 0

[INFO] ------------------------------------------------------------------------
[INFO] BUILD FAILURE
[INFO] ------------------------------------------------------------------------
[INFO] Total time:  1.198 s
[INFO] Finished at: 2023-11-23T00:18:17-06:00
[INFO] ------------------------------------------------------------------------
[ERROR] Failed to execute goal org.apache.maven.plugins:maven-surefire-plugin:2.19.1:test (default-cli) on project externalsortinginjava: There are test failures.
[ERROR] 
[ERROR] Please refer to /Users/yhcrown/Documents/flaky_java_projects/lemire-externalsortinginjava/target/surefire-reports for the individual test results.
[ERROR] -> [Help 1]
[ERROR] 
[ERROR] To see the full stack trace of the errors, re-run Maven with the -e switch.
[ERROR] Re-run Maven using the -X switch to enable full debug logging.
[ERROR] 
[ERROR] For more information about the errors and possible solutions, please read the following articles:
[ERROR] [Help 1] http://cwiki.apache.org/confluence/display/MAVEN/MojoFailureException
