[INFO] Scanning for projects...
[INFO] Inspecting build with total of 1 modules...
[INFO] Installing Nexus Staging features:
[INFO]   ... total of 1 executions of maven-deploy-plugin replaced with nexus-staging-maven-plugin
[INFO] 
[INFO] ----------------------< dev.codesoapbox:dummy4j >-----------------------
[INFO] Building Dummy4j 0.11.1-SNAPSHOT
[INFO]   from pom.xml
[INFO] --------------------------------[ jar ]---------------------------------
[INFO] 
[INFO] --- resources:3.3.1:resources (default-resources) @ dummy4j ---
[INFO] Copying 18 resources from src/main/resources to target/classes
[INFO] 
[INFO] --- compiler:3.11.0:compile (default-compile) @ dummy4j ---
[INFO] Nothing to compile - all classes are up to date
[INFO] 
[INFO] --- resources:3.3.1:testResources (default-testResources) @ dummy4j ---
[INFO] Copying 18 resources from src/test/resources to target/test-classes
[INFO] 
[INFO] --- compiler:3.11.0:testCompile (default-testCompile) @ dummy4j ---
[INFO] Changes detected - recompiling the module! :source
[INFO] Compiling 113 source files with javac [debug target 1.8] to target/test-classes
[INFO] -------------------------------------------------------------
[ERROR] COMPILATION ERROR : 
[INFO] -------------------------------------------------------------
[ERROR] /Users/yhcrown/Documents/flaky_java_projects/daniel-frak-dummy4j/src/test/java/flaky/FlakyTests.java:[1,17] cannot find symbol
  symbol:   class FixMethodOrder
  location: package org.junit
[ERROR] /Users/yhcrown/Documents/flaky_java_projects/daniel-frak-dummy4j/src/test/java/flaky/FlakyTests.java:[3,17] cannot find symbol
  symbol:   class Test
  location: package org.junit
[ERROR] /Users/yhcrown/Documents/flaky_java_projects/daniel-frak-dummy4j/src/test/java/flaky/FlakyTests.java:[5,25] package org.junit.runners does not exist
[ERROR] /Users/yhcrown/Documents/flaky_java_projects/daniel-frak-dummy4j/src/test/java/flaky/FlakyTests.java:[7,2] cannot find symbol
  symbol: class FixMethodOrder
[ERROR] /Users/yhcrown/Documents/flaky_java_projects/daniel-frak-dummy4j/src/test/java/flaky/FlakyTest.java:[3,17] cannot find symbol
  symbol:   class FixMethodOrder
  location: package org.junit
[ERROR] /Users/yhcrown/Documents/flaky_java_projects/daniel-frak-dummy4j/src/test/java/flaky/FlakyTest.java:[5,17] cannot find symbol
  symbol:   class Test
  location: package org.junit
[ERROR] /Users/yhcrown/Documents/flaky_java_projects/daniel-frak-dummy4j/src/test/java/flaky/FlakyTest.java:[7,25] package org.junit.runners does not exist
[ERROR] /Users/yhcrown/Documents/flaky_java_projects/daniel-frak-dummy4j/src/test/java/flaky/FlakyTest.java:[9,2] cannot find symbol
  symbol: class FixMethodOrder
[ERROR] /Users/yhcrown/Documents/flaky_java_projects/daniel-frak-dummy4j/src/test/java/flaky/FlakyTest.java:[14,10] cannot find symbol
  symbol:   class Test
  location: class flaky.FlakyTest
[ERROR] /Users/yhcrown/Documents/flaky_java_projects/daniel-frak-dummy4j/src/test/java/flaky/FlakyTest.java:[26,10] cannot find symbol
  symbol:   class Test
  location: class flaky.FlakyTest
[ERROR] /Users/yhcrown/Documents/flaky_java_projects/daniel-frak-dummy4j/src/test/java/flaky/FlakyTest.java:[38,10] cannot find symbol
  symbol:   class Test
  location: class flaky.FlakyTest
[ERROR] /Users/yhcrown/Documents/flaky_java_projects/daniel-frak-dummy4j/src/test/java/flaky/FlakyTest.java:[50,10] cannot find symbol
  symbol:   class Test
  location: class flaky.FlakyTest
[ERROR] /Users/yhcrown/Documents/flaky_java_projects/daniel-frak-dummy4j/src/test/java/flaky/FlakyTest.java:[62,10] cannot find symbol
  symbol:   class Test
  location: class flaky.FlakyTest
[ERROR] /Users/yhcrown/Documents/flaky_java_projects/daniel-frak-dummy4j/src/test/java/flaky/FlakyTest.java:[72,10] cannot find symbol
  symbol:   class Test
  location: class flaky.FlakyTest
[ERROR] /Users/yhcrown/Documents/flaky_java_projects/daniel-frak-dummy4j/src/test/java/flaky/FlakyTest.java:[82,10] cannot find symbol
  symbol:   class Test
  location: class flaky.FlakyTest
[ERROR] /Users/yhcrown/Documents/flaky_java_projects/daniel-frak-dummy4j/src/test/java/flaky/FlakyTest.java:[94,10] cannot find symbol
  symbol:   class Test
  location: class flaky.FlakyTest
[ERROR] /Users/yhcrown/Documents/flaky_java_projects/daniel-frak-dummy4j/src/test/java/flaky/FlakyTest.java:[108,10] cannot find symbol
  symbol:   class Test
  location: class flaky.FlakyTest
[ERROR] /Users/yhcrown/Documents/flaky_java_projects/daniel-frak-dummy4j/src/test/java/flaky/FlakyTest.java:[122,10] cannot find symbol
  symbol:   class Test
  location: class flaky.FlakyTest
[ERROR] /Users/yhcrown/Documents/flaky_java_projects/daniel-frak-dummy4j/src/test/java/flaky/FlakyTest.java:[134,10] cannot find symbol
  symbol:   class Test
  location: class flaky.FlakyTest
[ERROR] /Users/yhcrown/Documents/flaky_java_projects/daniel-frak-dummy4j/src/test/java/flaky/FlakyTest.java:[158,10] cannot find symbol
  symbol:   class Test
  location: class flaky.FlakyTest
[ERROR] /Users/yhcrown/Documents/flaky_java_projects/daniel-frak-dummy4j/src/test/java/flaky/FlakyTests.java:[20,18] cannot find symbol
  symbol:   class Assert
  location: package org.junit
[ERROR] /Users/yhcrown/Documents/flaky_java_projects/daniel-frak-dummy4j/src/test/java/flaky/FlakyTests.java:[21,19] cannot find symbol
  symbol:   class Assert
  location: package org.junit
[ERROR] /Users/yhcrown/Documents/flaky_java_projects/daniel-frak-dummy4j/src/test/java/flaky/FlakyTests.java:[32,18] cannot find symbol
  symbol:   class Assert
  location: package org.junit
[ERROR] /Users/yhcrown/Documents/flaky_java_projects/daniel-frak-dummy4j/src/test/java/flaky/FlakyTests.java:[34,19] cannot find symbol
  symbol:   class Assert
  location: package org.junit
[ERROR] /Users/yhcrown/Documents/flaky_java_projects/daniel-frak-dummy4j/src/test/java/flaky/FlakyTests.java:[44,18] cannot find symbol
  symbol:   class Assert
  location: package org.junit
[ERROR] /Users/yhcrown/Documents/flaky_java_projects/daniel-frak-dummy4j/src/test/java/flaky/FlakyTests.java:[45,19] cannot find symbol
  symbol:   class Assert
  location: package org.junit
[ERROR] /Users/yhcrown/Documents/flaky_java_projects/daniel-frak-dummy4j/src/test/java/flaky/FlakyTests.java:[56,18] cannot find symbol
  symbol:   class Assert
  location: package org.junit
[ERROR] /Users/yhcrown/Documents/flaky_java_projects/daniel-frak-dummy4j/src/test/java/flaky/FlakyTests.java:[58,19] cannot find symbol
  symbol:   class Assert
  location: package org.junit
[ERROR] /Users/yhcrown/Documents/flaky_java_projects/daniel-frak-dummy4j/src/test/java/flaky/FlakyTests.java:[67,18] cannot find symbol
  symbol:   class Assert
  location: package org.junit
[ERROR] /Users/yhcrown/Documents/flaky_java_projects/daniel-frak-dummy4j/src/test/java/flaky/FlakyTests.java:[68,19] cannot find symbol
  symbol:   class Assert
  location: package org.junit
[ERROR] /Users/yhcrown/Documents/flaky_java_projects/daniel-frak-dummy4j/src/test/java/flaky/FlakyTests.java:[77,18] cannot find symbol
  symbol:   class Assert
  location: package org.junit
[ERROR] /Users/yhcrown/Documents/flaky_java_projects/daniel-frak-dummy4j/src/test/java/flaky/FlakyTests.java:[78,19] cannot find symbol
  symbol:   class Assert
  location: package org.junit
[ERROR] /Users/yhcrown/Documents/flaky_java_projects/daniel-frak-dummy4j/src/test/java/flaky/FlakyTests.java:[88,18] cannot find symbol
  symbol:   class Assert
  location: package org.junit
[ERROR] /Users/yhcrown/Documents/flaky_java_projects/daniel-frak-dummy4j/src/test/java/flaky/FlakyTests.java:[89,18] cannot find symbol
  symbol:   class Assert
  location: package org.junit
[ERROR] /Users/yhcrown/Documents/flaky_java_projects/daniel-frak-dummy4j/src/test/java/flaky/FlakyTests.java:[90,19] cannot find symbol
  symbol:   class Assert
  location: package org.junit
[ERROR] /Users/yhcrown/Documents/flaky_java_projects/daniel-frak-dummy4j/src/test/java/flaky/FlakyTests.java:[101,18] cannot find symbol
  symbol:   class Assert
  location: package org.junit
[ERROR] /Users/yhcrown/Documents/flaky_java_projects/daniel-frak-dummy4j/src/test/java/flaky/FlakyTests.java:[102,18] cannot find symbol
  symbol:   class Assert
  location: package org.junit
[ERROR] /Users/yhcrown/Documents/flaky_java_projects/daniel-frak-dummy4j/src/test/java/flaky/FlakyTests.java:[103,19] cannot find symbol
  symbol:   class Assert
  location: package org.junit
[ERROR] /Users/yhcrown/Documents/flaky_java_projects/daniel-frak-dummy4j/src/test/java/flaky/FlakyTests.java:[115,18] cannot find symbol
  symbol:   class Assert
  location: package org.junit
[ERROR] /Users/yhcrown/Documents/flaky_java_projects/daniel-frak-dummy4j/src/test/java/flaky/FlakyTests.java:[116,18] cannot find symbol
  symbol:   class Assert
  location: package org.junit
[ERROR] /Users/yhcrown/Documents/flaky_java_projects/daniel-frak-dummy4j/src/test/java/flaky/FlakyTests.java:[118,19] cannot find symbol
  symbol:   class Assert
  location: package org.junit
[ERROR] /Users/yhcrown/Documents/flaky_java_projects/daniel-frak-dummy4j/src/test/java/flaky/FlakyTests.java:[129,18] cannot find symbol
  symbol:   class Assert
  location: package org.junit
[ERROR] /Users/yhcrown/Documents/flaky_java_projects/daniel-frak-dummy4j/src/test/java/flaky/FlakyTests.java:[130,19] cannot find symbol
  symbol:   class Assert
  location: package org.junit
[ERROR] /Users/yhcrown/Documents/flaky_java_projects/daniel-frak-dummy4j/src/test/java/flaky/FlakyTests.java:[149,18] cannot find symbol
  symbol:   class Assert
  location: package org.junit
[ERROR] /Users/yhcrown/Documents/flaky_java_projects/daniel-frak-dummy4j/src/test/java/flaky/FlakyTests.java:[150,18] cannot find symbol
  symbol:   class Assert
  location: package org.junit
[ERROR] /Users/yhcrown/Documents/flaky_java_projects/daniel-frak-dummy4j/src/test/java/flaky/FlakyTests.java:[151,18] cannot find symbol
  symbol:   class Assert
  location: package org.junit
[ERROR] /Users/yhcrown/Documents/flaky_java_projects/daniel-frak-dummy4j/src/test/java/flaky/FlakyTests.java:[152,18] cannot find symbol
  symbol:   class Assert
  location: package org.junit
[ERROR] /Users/yhcrown/Documents/flaky_java_projects/daniel-frak-dummy4j/src/test/java/flaky/FlakyTests.java:[153,18] cannot find symbol
  symbol:   class Assert
  location: package org.junit
[ERROR] /Users/yhcrown/Documents/flaky_java_projects/daniel-frak-dummy4j/src/test/java/flaky/FlakyTests.java:[154,19] cannot find symbol
  symbol:   class Assert
  location: package org.junit
[ERROR] /Users/yhcrown/Documents/flaky_java_projects/daniel-frak-dummy4j/src/test/java/flaky/FlakyTests.java:[165,18] cannot find symbol
  symbol:   class Assert
  location: package org.junit
[ERROR] /Users/yhcrown/Documents/flaky_java_projects/daniel-frak-dummy4j/src/test/java/flaky/FlakyTests.java:[166,18] cannot find symbol
  symbol:   class Assert
  location: package org.junit
[ERROR] /Users/yhcrown/Documents/flaky_java_projects/daniel-frak-dummy4j/src/test/java/flaky/FlakyTests.java:[167,19] cannot find symbol
  symbol:   class Assert
  location: package org.junit
[ERROR] /Users/yhcrown/Documents/flaky_java_projects/daniel-frak-dummy4j/src/test/java/flaky/FlakyTest.java:[22,18] cannot find symbol
  symbol:   class Assert
  location: package org.junit
[ERROR] /Users/yhcrown/Documents/flaky_java_projects/daniel-frak-dummy4j/src/test/java/flaky/FlakyTest.java:[23,19] cannot find symbol
  symbol:   class Assert
  location: package org.junit
[ERROR] /Users/yhcrown/Documents/flaky_java_projects/daniel-frak-dummy4j/src/test/java/flaky/FlakyTest.java:[34,18] cannot find symbol
  symbol:   class Assert
  location: package org.junit
[ERROR] /Users/yhcrown/Documents/flaky_java_projects/daniel-frak-dummy4j/src/test/java/flaky/FlakyTest.java:[36,19] cannot find symbol
  symbol:   class Assert
  location: package org.junit
[ERROR] /Users/yhcrown/Documents/flaky_java_projects/daniel-frak-dummy4j/src/test/java/flaky/FlakyTest.java:[46,18] cannot find symbol
  symbol:   class Assert
  location: package org.junit
[ERROR] /Users/yhcrown/Documents/flaky_java_projects/daniel-frak-dummy4j/src/test/java/flaky/FlakyTest.java:[47,19] cannot find symbol
  symbol:   class Assert
  location: package org.junit
[ERROR] /Users/yhcrown/Documents/flaky_java_projects/daniel-frak-dummy4j/src/test/java/flaky/FlakyTest.java:[58,18] cannot find symbol
  symbol:   class Assert
  location: package org.junit
[ERROR] /Users/yhcrown/Documents/flaky_java_projects/daniel-frak-dummy4j/src/test/java/flaky/FlakyTest.java:[60,19] cannot find symbol
  symbol:   class Assert
  location: package org.junit
[ERROR] /Users/yhcrown/Documents/flaky_java_projects/daniel-frak-dummy4j/src/test/java/flaky/FlakyTest.java:[69,18] cannot find symbol
  symbol:   class Assert
  location: package org.junit
[ERROR] /Users/yhcrown/Documents/flaky_java_projects/daniel-frak-dummy4j/src/test/java/flaky/FlakyTest.java:[70,19] cannot find symbol
  symbol:   class Assert
  location: package org.junit
[ERROR] /Users/yhcrown/Documents/flaky_java_projects/daniel-frak-dummy4j/src/test/java/flaky/FlakyTest.java:[79,18] cannot find symbol
  symbol:   class Assert
  location: package org.junit
[ERROR] /Users/yhcrown/Documents/flaky_java_projects/daniel-frak-dummy4j/src/test/java/flaky/FlakyTest.java:[80,19] cannot find symbol
  symbol:   class Assert
  location: package org.junit
[ERROR] /Users/yhcrown/Documents/flaky_java_projects/daniel-frak-dummy4j/src/test/java/flaky/FlakyTest.java:[90,18] cannot find symbol
  symbol:   class Assert
  location: package org.junit
[ERROR] /Users/yhcrown/Documents/flaky_java_projects/daniel-frak-dummy4j/src/test/java/flaky/FlakyTest.java:[91,18] cannot find symbol
  symbol:   class Assert
  location: package org.junit
[ERROR] /Users/yhcrown/Documents/flaky_java_projects/daniel-frak-dummy4j/src/test/java/flaky/FlakyTest.java:[92,19] cannot find symbol
  symbol:   class Assert
  location: package org.junit
[ERROR] /Users/yhcrown/Documents/flaky_java_projects/daniel-frak-dummy4j/src/test/java/flaky/FlakyTest.java:[103,18] cannot find symbol
  symbol:   class Assert
  location: package org.junit
[ERROR] /Users/yhcrown/Documents/flaky_java_projects/daniel-frak-dummy4j/src/test/java/flaky/FlakyTest.java:[104,18] cannot find symbol
  symbol:   class Assert
  location: package org.junit
[ERROR] /Users/yhcrown/Documents/flaky_java_projects/daniel-frak-dummy4j/src/test/java/flaky/FlakyTest.java:[105,19] cannot find symbol
  symbol:   class Assert
  location: package org.junit
[ERROR] /Users/yhcrown/Documents/flaky_java_projects/daniel-frak-dummy4j/src/test/java/flaky/FlakyTest.java:[117,18] cannot find symbol
  symbol:   class Assert
  location: package org.junit
[ERROR] /Users/yhcrown/Documents/flaky_java_projects/daniel-frak-dummy4j/src/test/java/flaky/FlakyTest.java:[118,18] cannot find symbol
  symbol:   class Assert
  location: package org.junit
[ERROR] /Users/yhcrown/Documents/flaky_java_projects/daniel-frak-dummy4j/src/test/java/flaky/FlakyTest.java:[120,19] cannot find symbol
  symbol:   class Assert
  location: package org.junit
[ERROR] /Users/yhcrown/Documents/flaky_java_projects/daniel-frak-dummy4j/src/test/java/flaky/FlakyTest.java:[131,18] cannot find symbol
  symbol:   class Assert
  location: package org.junit
[ERROR] /Users/yhcrown/Documents/flaky_java_projects/daniel-frak-dummy4j/src/test/java/flaky/FlakyTest.java:[132,19] cannot find symbol
  symbol:   class Assert
  location: package org.junit
[ERROR] /Users/yhcrown/Documents/flaky_java_projects/daniel-frak-dummy4j/src/test/java/flaky/FlakyTest.java:[151,18] cannot find symbol
  symbol:   class Assert
  location: package org.junit
[ERROR] /Users/yhcrown/Documents/flaky_java_projects/daniel-frak-dummy4j/src/test/java/flaky/FlakyTest.java:[152,18] cannot find symbol
  symbol:   class Assert
  location: package org.junit
[ERROR] /Users/yhcrown/Documents/flaky_java_projects/daniel-frak-dummy4j/src/test/java/flaky/FlakyTest.java:[153,18] cannot find symbol
  symbol:   class Assert
  location: package org.junit
[ERROR] /Users/yhcrown/Documents/flaky_java_projects/daniel-frak-dummy4j/src/test/java/flaky/FlakyTest.java:[154,18] cannot find symbol
  symbol:   class Assert
  location: package org.junit
[ERROR] /Users/yhcrown/Documents/flaky_java_projects/daniel-frak-dummy4j/src/test/java/flaky/FlakyTest.java:[155,18] cannot find symbol
  symbol:   class Assert
  location: package org.junit
[ERROR] /Users/yhcrown/Documents/flaky_java_projects/daniel-frak-dummy4j/src/test/java/flaky/FlakyTest.java:[156,19] cannot find symbol
  symbol:   class Assert
  location: package org.junit
[ERROR] /Users/yhcrown/Documents/flaky_java_projects/daniel-frak-dummy4j/src/test/java/flaky/FlakyTest.java:[167,18] cannot find symbol
  symbol:   class Assert
  location: package org.junit
[ERROR] /Users/yhcrown/Documents/flaky_java_projects/daniel-frak-dummy4j/src/test/java/flaky/FlakyTest.java:[168,18] cannot find symbol
  symbol:   class Assert
  location: package org.junit
[ERROR] /Users/yhcrown/Documents/flaky_java_projects/daniel-frak-dummy4j/src/test/java/flaky/FlakyTest.java:[169,19] cannot find symbol
  symbol:   class Assert
  location: package org.junit
[INFO] 84 errors 
[INFO] -------------------------------------------------------------
[INFO] ------------------------------------------------------------------------
[INFO] BUILD FAILURE
[INFO] ------------------------------------------------------------------------
[INFO] Total time:  1.763 s
[INFO] Finished at: 2023-12-09T18:59:54-06:00
[INFO] ------------------------------------------------------------------------
[ERROR] Failed to execute goal org.apache.maven.plugins:maven-compiler-plugin:3.11.0:testCompile (default-testCompile) on project dummy4j: Compilation failure: Compilation failure: 
[ERROR] /Users/yhcrown/Documents/flaky_java_projects/daniel-frak-dummy4j/src/test/java/flaky/FlakyTests.java:[1,17] cannot find symbol
[ERROR]   symbol:   class FixMethodOrder
[ERROR]   location: package org.junit
[ERROR] /Users/yhcrown/Documents/flaky_java_projects/daniel-frak-dummy4j/src/test/java/flaky/FlakyTests.java:[3,17] cannot find symbol
[ERROR]   symbol:   class Test
[ERROR]   location: package org.junit
[ERROR] /Users/yhcrown/Documents/flaky_java_projects/daniel-frak-dummy4j/src/test/java/flaky/FlakyTests.java:[5,25] package org.junit.runners does not exist
[ERROR] /Users/yhcrown/Documents/flaky_java_projects/daniel-frak-dummy4j/src/test/java/flaky/FlakyTests.java:[7,2] cannot find symbol
[ERROR]   symbol: class FixMethodOrder
[ERROR] /Users/yhcrown/Documents/flaky_java_projects/daniel-frak-dummy4j/src/test/java/flaky/FlakyTest.java:[3,17] cannot find symbol
[ERROR]   symbol:   class FixMethodOrder
[ERROR]   location: package org.junit
[ERROR] /Users/yhcrown/Documents/flaky_java_projects/daniel-frak-dummy4j/src/test/java/flaky/FlakyTest.java:[5,17] cannot find symbol
[ERROR]   symbol:   class Test
[ERROR]   location: package org.junit
[ERROR] /Users/yhcrown/Documents/flaky_java_projects/daniel-frak-dummy4j/src/test/java/flaky/FlakyTest.java:[7,25] package org.junit.runners does not exist
[ERROR] /Users/yhcrown/Documents/flaky_java_projects/daniel-frak-dummy4j/src/test/java/flaky/FlakyTest.java:[9,2] cannot find symbol
[ERROR]   symbol: class FixMethodOrder
[ERROR] /Users/yhcrown/Documents/flaky_java_projects/daniel-frak-dummy4j/src/test/java/flaky/FlakyTest.java:[14,10] cannot find symbol
[ERROR]   symbol:   class Test
[ERROR]   location: class flaky.FlakyTest
[ERROR] /Users/yhcrown/Documents/flaky_java_projects/daniel-frak-dummy4j/src/test/java/flaky/FlakyTest.java:[26,10] cannot find symbol
[ERROR]   symbol:   class Test
[ERROR]   location: class flaky.FlakyTest
[ERROR] /Users/yhcrown/Documents/flaky_java_projects/daniel-frak-dummy4j/src/test/java/flaky/FlakyTest.java:[38,10] cannot find symbol
[ERROR]   symbol:   class Test
[ERROR]   location: class flaky.FlakyTest
[ERROR] /Users/yhcrown/Documents/flaky_java_projects/daniel-frak-dummy4j/src/test/java/flaky/FlakyTest.java:[50,10] cannot find symbol
[ERROR]   symbol:   class Test
[ERROR]   location: class flaky.FlakyTest
[ERROR] /Users/yhcrown/Documents/flaky_java_projects/daniel-frak-dummy4j/src/test/java/flaky/FlakyTest.java:[62,10] cannot find symbol
[ERROR]   symbol:   class Test
[ERROR]   location: class flaky.FlakyTest
[ERROR] /Users/yhcrown/Documents/flaky_java_projects/daniel-frak-dummy4j/src/test/java/flaky/FlakyTest.java:[72,10] cannot find symbol
[ERROR]   symbol:   class Test
[ERROR]   location: class flaky.FlakyTest
[ERROR] /Users/yhcrown/Documents/flaky_java_projects/daniel-frak-dummy4j/src/test/java/flaky/FlakyTest.java:[82,10] cannot find symbol
[ERROR]   symbol:   class Test
[ERROR]   location: class flaky.FlakyTest
[ERROR] /Users/yhcrown/Documents/flaky_java_projects/daniel-frak-dummy4j/src/test/java/flaky/FlakyTest.java:[94,10] cannot find symbol
[ERROR]   symbol:   class Test
[ERROR]   location: class flaky.FlakyTest
[ERROR] /Users/yhcrown/Documents/flaky_java_projects/daniel-frak-dummy4j/src/test/java/flaky/FlakyTest.java:[108,10] cannot find symbol
[ERROR]   symbol:   class Test
[ERROR]   location: class flaky.FlakyTest
[ERROR] /Users/yhcrown/Documents/flaky_java_projects/daniel-frak-dummy4j/src/test/java/flaky/FlakyTest.java:[122,10] cannot find symbol
[ERROR]   symbol:   class Test
[ERROR]   location: class flaky.FlakyTest
[ERROR] /Users/yhcrown/Documents/flaky_java_projects/daniel-frak-dummy4j/src/test/java/flaky/FlakyTest.java:[134,10] cannot find symbol
[ERROR]   symbol:   class Test
[ERROR]   location: class flaky.FlakyTest
[ERROR] /Users/yhcrown/Documents/flaky_java_projects/daniel-frak-dummy4j/src/test/java/flaky/FlakyTest.java:[158,10] cannot find symbol
[ERROR]   symbol:   class Test
[ERROR]   location: class flaky.FlakyTest
[ERROR] /Users/yhcrown/Documents/flaky_java_projects/daniel-frak-dummy4j/src/test/java/flaky/FlakyTests.java:[20,18] cannot find symbol
[ERROR]   symbol:   class Assert
[ERROR]   location: package org.junit
[ERROR] /Users/yhcrown/Documents/flaky_java_projects/daniel-frak-dummy4j/src/test/java/flaky/FlakyTests.java:[21,19] cannot find symbol
[ERROR]   symbol:   class Assert
[ERROR]   location: package org.junit
[ERROR] /Users/yhcrown/Documents/flaky_java_projects/daniel-frak-dummy4j/src/test/java/flaky/FlakyTests.java:[32,18] cannot find symbol
[ERROR]   symbol:   class Assert
[ERROR]   location: package org.junit
[ERROR] /Users/yhcrown/Documents/flaky_java_projects/daniel-frak-dummy4j/src/test/java/flaky/FlakyTests.java:[34,19] cannot find symbol
[ERROR]   symbol:   class Assert
[ERROR]   location: package org.junit
[ERROR] /Users/yhcrown/Documents/flaky_java_projects/daniel-frak-dummy4j/src/test/java/flaky/FlakyTests.java:[44,18] cannot find symbol
[ERROR]   symbol:   class Assert
[ERROR]   location: package org.junit
[ERROR] /Users/yhcrown/Documents/flaky_java_projects/daniel-frak-dummy4j/src/test/java/flaky/FlakyTests.java:[45,19] cannot find symbol
[ERROR]   symbol:   class Assert
[ERROR]   location: package org.junit
[ERROR] /Users/yhcrown/Documents/flaky_java_projects/daniel-frak-dummy4j/src/test/java/flaky/FlakyTests.java:[56,18] cannot find symbol
[ERROR]   symbol:   class Assert
[ERROR]   location: package org.junit
[ERROR] /Users/yhcrown/Documents/flaky_java_projects/daniel-frak-dummy4j/src/test/java/flaky/FlakyTests.java:[58,19] cannot find symbol
[ERROR]   symbol:   class Assert
[ERROR]   location: package org.junit
[ERROR] /Users/yhcrown/Documents/flaky_java_projects/daniel-frak-dummy4j/src/test/java/flaky/FlakyTests.java:[67,18] cannot find symbol
[ERROR]   symbol:   class Assert
[ERROR]   location: package org.junit
[ERROR] /Users/yhcrown/Documents/flaky_java_projects/daniel-frak-dummy4j/src/test/java/flaky/FlakyTests.java:[68,19] cannot find symbol
[ERROR]   symbol:   class Assert
[ERROR]   location: package org.junit
[ERROR] /Users/yhcrown/Documents/flaky_java_projects/daniel-frak-dummy4j/src/test/java/flaky/FlakyTests.java:[77,18] cannot find symbol
[ERROR]   symbol:   class Assert
[ERROR]   location: package org.junit
[ERROR] /Users/yhcrown/Documents/flaky_java_projects/daniel-frak-dummy4j/src/test/java/flaky/FlakyTests.java:[78,19] cannot find symbol
[ERROR]   symbol:   class Assert
[ERROR]   location: package org.junit
[ERROR] /Users/yhcrown/Documents/flaky_java_projects/daniel-frak-dummy4j/src/test/java/flaky/FlakyTests.java:[88,18] cannot find symbol
[ERROR]   symbol:   class Assert
[ERROR]   location: package org.junit
[ERROR] /Users/yhcrown/Documents/flaky_java_projects/daniel-frak-dummy4j/src/test/java/flaky/FlakyTests.java:[89,18] cannot find symbol
[ERROR]   symbol:   class Assert
[ERROR]   location: package org.junit
[ERROR] /Users/yhcrown/Documents/flaky_java_projects/daniel-frak-dummy4j/src/test/java/flaky/FlakyTests.java:[90,19] cannot find symbol
[ERROR]   symbol:   class Assert
[ERROR]   location: package org.junit
[ERROR] /Users/yhcrown/Documents/flaky_java_projects/daniel-frak-dummy4j/src/test/java/flaky/FlakyTests.java:[101,18] cannot find symbol
[ERROR]   symbol:   class Assert
[ERROR]   location: package org.junit
[ERROR] /Users/yhcrown/Documents/flaky_java_projects/daniel-frak-dummy4j/src/test/java/flaky/FlakyTests.java:[102,18] cannot find symbol
[ERROR]   symbol:   class Assert
[ERROR]   location: package org.junit
[ERROR] /Users/yhcrown/Documents/flaky_java_projects/daniel-frak-dummy4j/src/test/java/flaky/FlakyTests.java:[103,19] cannot find symbol
[ERROR]   symbol:   class Assert
[ERROR]   location: package org.junit
[ERROR] /Users/yhcrown/Documents/flaky_java_projects/daniel-frak-dummy4j/src/test/java/flaky/FlakyTests.java:[115,18] cannot find symbol
[ERROR]   symbol:   class Assert
[ERROR]   location: package org.junit
[ERROR] /Users/yhcrown/Documents/flaky_java_projects/daniel-frak-dummy4j/src/test/java/flaky/FlakyTests.java:[116,18] cannot find symbol
[ERROR]   symbol:   class Assert
[ERROR]   location: package org.junit
[ERROR] /Users/yhcrown/Documents/flaky_java_projects/daniel-frak-dummy4j/src/test/java/flaky/FlakyTests.java:[118,19] cannot find symbol
[ERROR]   symbol:   class Assert
[ERROR]   location: package org.junit
[ERROR] /Users/yhcrown/Documents/flaky_java_projects/daniel-frak-dummy4j/src/test/java/flaky/FlakyTests.java:[129,18] cannot find symbol
[ERROR]   symbol:   class Assert
[ERROR]   location: package org.junit
[ERROR] /Users/yhcrown/Documents/flaky_java_projects/daniel-frak-dummy4j/src/test/java/flaky/FlakyTests.java:[130,19] cannot find symbol
[ERROR]   symbol:   class Assert
[ERROR]   location: package org.junit
[ERROR] /Users/yhcrown/Documents/flaky_java_projects/daniel-frak-dummy4j/src/test/java/flaky/FlakyTests.java:[149,18] cannot find symbol
[ERROR]   symbol:   class Assert
[ERROR]   location: package org.junit
[ERROR] /Users/yhcrown/Documents/flaky_java_projects/daniel-frak-dummy4j/src/test/java/flaky/FlakyTests.java:[150,18] cannot find symbol
[ERROR]   symbol:   class Assert
[ERROR]   location: package org.junit
[ERROR] /Users/yhcrown/Documents/flaky_java_projects/daniel-frak-dummy4j/src/test/java/flaky/FlakyTests.java:[151,18] cannot find symbol
[ERROR]   symbol:   class Assert
[ERROR]   location: package org.junit
[ERROR] /Users/yhcrown/Documents/flaky_java_projects/daniel-frak-dummy4j/src/test/java/flaky/FlakyTests.java:[152,18] cannot find symbol
[ERROR]   symbol:   class Assert
[ERROR]   location: package org.junit
[ERROR] /Users/yhcrown/Documents/flaky_java_projects/daniel-frak-dummy4j/src/test/java/flaky/FlakyTests.java:[153,18] cannot find symbol
[ERROR]   symbol:   class Assert
[ERROR]   location: package org.junit
[ERROR] /Users/yhcrown/Documents/flaky_java_projects/daniel-frak-dummy4j/src/test/java/flaky/FlakyTests.java:[154,19] cannot find symbol
[ERROR]   symbol:   class Assert
[ERROR]   location: package org.junit
[ERROR] /Users/yhcrown/Documents/flaky_java_projects/daniel-frak-dummy4j/src/test/java/flaky/FlakyTests.java:[165,18] cannot find symbol
[ERROR]   symbol:   class Assert
[ERROR]   location: package org.junit
[ERROR] /Users/yhcrown/Documents/flaky_java_projects/daniel-frak-dummy4j/src/test/java/flaky/FlakyTests.java:[166,18] cannot find symbol
[ERROR]   symbol:   class Assert
[ERROR]   location: package org.junit
[ERROR] /Users/yhcrown/Documents/flaky_java_projects/daniel-frak-dummy4j/src/test/java/flaky/FlakyTests.java:[167,19] cannot find symbol
[ERROR]   symbol:   class Assert
[ERROR]   location: package org.junit
[ERROR] /Users/yhcrown/Documents/flaky_java_projects/daniel-frak-dummy4j/src/test/java/flaky/FlakyTest.java:[22,18] cannot find symbol
[ERROR]   symbol:   class Assert
[ERROR]   location: package org.junit
[ERROR] /Users/yhcrown/Documents/flaky_java_projects/daniel-frak-dummy4j/src/test/java/flaky/FlakyTest.java:[23,19] cannot find symbol
[ERROR]   symbol:   class Assert
[ERROR]   location: package org.junit
[ERROR] /Users/yhcrown/Documents/flaky_java_projects/daniel-frak-dummy4j/src/test/java/flaky/FlakyTest.java:[34,18] cannot find symbol
[ERROR]   symbol:   class Assert
[ERROR]   location: package org.junit
[ERROR] /Users/yhcrown/Documents/flaky_java_projects/daniel-frak-dummy4j/src/test/java/flaky/FlakyTest.java:[36,19] cannot find symbol
[ERROR]   symbol:   class Assert
[ERROR]   location: package org.junit
[ERROR] /Users/yhcrown/Documents/flaky_java_projects/daniel-frak-dummy4j/src/test/java/flaky/FlakyTest.java:[46,18] cannot find symbol
[ERROR]   symbol:   class Assert
[ERROR]   location: package org.junit
[ERROR] /Users/yhcrown/Documents/flaky_java_projects/daniel-frak-dummy4j/src/test/java/flaky/FlakyTest.java:[47,19] cannot find symbol
[ERROR]   symbol:   class Assert
[ERROR]   location: package org.junit
[ERROR] /Users/yhcrown/Documents/flaky_java_projects/daniel-frak-dummy4j/src/test/java/flaky/FlakyTest.java:[58,18] cannot find symbol
[ERROR]   symbol:   class Assert
[ERROR]   location: package org.junit
[ERROR] /Users/yhcrown/Documents/flaky_java_projects/daniel-frak-dummy4j/src/test/java/flaky/FlakyTest.java:[60,19] cannot find symbol
[ERROR]   symbol:   class Assert
[ERROR]   location: package org.junit
[ERROR] /Users/yhcrown/Documents/flaky_java_projects/daniel-frak-dummy4j/src/test/java/flaky/FlakyTest.java:[69,18] cannot find symbol
[ERROR]   symbol:   class Assert
[ERROR]   location: package org.junit
[ERROR] /Users/yhcrown/Documents/flaky_java_projects/daniel-frak-dummy4j/src/test/java/flaky/FlakyTest.java:[70,19] cannot find symbol
[ERROR]   symbol:   class Assert
[ERROR]   location: package org.junit
[ERROR] /Users/yhcrown/Documents/flaky_java_projects/daniel-frak-dummy4j/src/test/java/flaky/FlakyTest.java:[79,18] cannot find symbol
[ERROR]   symbol:   class Assert
[ERROR]   location: package org.junit
[ERROR] /Users/yhcrown/Documents/flaky_java_projects/daniel-frak-dummy4j/src/test/java/flaky/FlakyTest.java:[80,19] cannot find symbol
[ERROR]   symbol:   class Assert
[ERROR]   location: package org.junit
[ERROR] /Users/yhcrown/Documents/flaky_java_projects/daniel-frak-dummy4j/src/test/java/flaky/FlakyTest.java:[90,18] cannot find symbol
[ERROR]   symbol:   class Assert
[ERROR]   location: package org.junit
[ERROR] /Users/yhcrown/Documents/flaky_java_projects/daniel-frak-dummy4j/src/test/java/flaky/FlakyTest.java:[91,18] cannot find symbol
[ERROR]   symbol:   class Assert
[ERROR]   location: package org.junit
[ERROR] /Users/yhcrown/Documents/flaky_java_projects/daniel-frak-dummy4j/src/test/java/flaky/FlakyTest.java:[92,19] cannot find symbol
[ERROR]   symbol:   class Assert
[ERROR]   location: package org.junit
[ERROR] /Users/yhcrown/Documents/flaky_java_projects/daniel-frak-dummy4j/src/test/java/flaky/FlakyTest.java:[103,18] cannot find symbol
[ERROR]   symbol:   class Assert
[ERROR]   location: package org.junit
[ERROR] /Users/yhcrown/Documents/flaky_java_projects/daniel-frak-dummy4j/src/test/java/flaky/FlakyTest.java:[104,18] cannot find symbol
[ERROR]   symbol:   class Assert
[ERROR]   location: package org.junit
[ERROR] /Users/yhcrown/Documents/flaky_java_projects/daniel-frak-dummy4j/src/test/java/flaky/FlakyTest.java:[105,19] cannot find symbol
[ERROR]   symbol:   class Assert
[ERROR]   location: package org.junit
[ERROR] /Users/yhcrown/Documents/flaky_java_projects/daniel-frak-dummy4j/src/test/java/flaky/FlakyTest.java:[117,18] cannot find symbol
[ERROR]   symbol:   class Assert
[ERROR]   location: package org.junit
[ERROR] /Users/yhcrown/Documents/flaky_java_projects/daniel-frak-dummy4j/src/test/java/flaky/FlakyTest.java:[118,18] cannot find symbol
[ERROR]   symbol:   class Assert
[ERROR]   location: package org.junit
[ERROR] /Users/yhcrown/Documents/flaky_java_projects/daniel-frak-dummy4j/src/test/java/flaky/FlakyTest.java:[120,19] cannot find symbol
[ERROR]   symbol:   class Assert
[ERROR]   location: package org.junit
[ERROR] /Users/yhcrown/Documents/flaky_java_projects/daniel-frak-dummy4j/src/test/java/flaky/FlakyTest.java:[131,18] cannot find symbol
[ERROR]   symbol:   class Assert
[ERROR]   location: package org.junit
[ERROR] /Users/yhcrown/Documents/flaky_java_projects/daniel-frak-dummy4j/src/test/java/flaky/FlakyTest.java:[132,19] cannot find symbol
[ERROR]   symbol:   class Assert
[ERROR]   location: package org.junit
[ERROR] /Users/yhcrown/Documents/flaky_java_projects/daniel-frak-dummy4j/src/test/java/flaky/FlakyTest.java:[151,18] cannot find symbol
[ERROR]   symbol:   class Assert
[ERROR]   location: package org.junit
[ERROR] /Users/yhcrown/Documents/flaky_java_projects/daniel-frak-dummy4j/src/test/java/flaky/FlakyTest.java:[152,18] cannot find symbol
[ERROR]   symbol:   class Assert
[ERROR]   location: package org.junit
[ERROR] /Users/yhcrown/Documents/flaky_java_projects/daniel-frak-dummy4j/src/test/java/flaky/FlakyTest.java:[153,18] cannot find symbol
[ERROR]   symbol:   class Assert
[ERROR]   location: package org.junit
[ERROR] /Users/yhcrown/Documents/flaky_java_projects/daniel-frak-dummy4j/src/test/java/flaky/FlakyTest.java:[154,18] cannot find symbol
[ERROR]   symbol:   class Assert
[ERROR]   location: package org.junit
[ERROR] /Users/yhcrown/Documents/flaky_java_projects/daniel-frak-dummy4j/src/test/java/flaky/FlakyTest.java:[155,18] cannot find symbol
[ERROR]   symbol:   class Assert
[ERROR]   location: package org.junit
[ERROR] /Users/yhcrown/Documents/flaky_java_projects/daniel-frak-dummy4j/src/test/java/flaky/FlakyTest.java:[156,19] cannot find symbol
[ERROR]   symbol:   class Assert
[ERROR]   location: package org.junit
[ERROR] /Users/yhcrown/Documents/flaky_java_projects/daniel-frak-dummy4j/src/test/java/flaky/FlakyTest.java:[167,18] cannot find symbol
[ERROR]   symbol:   class Assert
[ERROR]   location: package org.junit
[ERROR] /Users/yhcrown/Documents/flaky_java_projects/daniel-frak-dummy4j/src/test/java/flaky/FlakyTest.java:[168,18] cannot find symbol
[ERROR]   symbol:   class Assert
[ERROR]   location: package org.junit
[ERROR] /Users/yhcrown/Documents/flaky_java_projects/daniel-frak-dummy4j/src/test/java/flaky/FlakyTest.java:[169,19] cannot find symbol
[ERROR]   symbol:   class Assert
[ERROR]   location: package org.junit
[ERROR] -> [Help 1]
[ERROR] 
[ERROR] To see the full stack trace of the errors, re-run Maven with the -e switch.
[ERROR] Re-run Maven using the -X switch to enable full debug logging.
[ERROR] 
[ERROR] For more information about the errors and possible solutions, please read the following articles:
[ERROR] [Help 1] http://cwiki.apache.org/confluence/display/MAVEN/MojoFailureException
