[INFO] Scanning for projects...
[WARNING] 
[WARNING] Some problems were encountered while building the effective model for com.github.spullara.java8:concurrent:jar:0.1-SNAPSHOT
[WARNING] 'build.plugins.plugin.version' for org.apache.maven.plugins:maven-compiler-plugin is missing. @ line 65, column 21
[WARNING] 
[WARNING] It is highly recommended to fix these problems because they threaten the stability of your build.
[WARNING] 
[WARNING] For this reason, future Maven versions might no longer support building such malformed projects.
[WARNING] 
[INFO] 
[INFO] ----------------< com.github.spullara.java8:concurrent >----------------
[INFO] Building promise 0.1-SNAPSHOT
[INFO]   from pom.xml
[INFO] --------------------------------[ jar ]---------------------------------
[INFO] 
[INFO] --- surefire:2.12:test (default-cli) @ concurrent ---
[INFO] Surefire report directory: /Users/yhcrown/Documents/flaky_java_projects/spullara-java-future-jdk8/target/surefire-reports

-------------------------------------------------------
 T E S T S
-------------------------------------------------------
Running flaky.FlakyTest
Tests run: 4, Failures: 2, Errors: 2, Skipped: 0, Time elapsed: 0.07 sec <<< FAILURE!

Results :

Failed tests:   test095_2(flaky.FlakyTest): Expected exception of type java.nio.channels.AlreadyConnectedException; message: null
  test120_2(flaky.FlakyTest): Expected exception of type java.nio.channels.ConnectionPendingException; message: null

Tests in error: 
  test095_1(flaky.FlakyTest)
  test120_1(flaky.FlakyTest)

Tests run: 4, Failures: 2, Errors: 2, Skipped: 0

[INFO] ------------------------------------------------------------------------
[INFO] BUILD FAILURE
[INFO] ------------------------------------------------------------------------
[INFO] Total time:  0.900 s
[INFO] Finished at: 2023-12-09T19:01:48-06:00
[INFO] ------------------------------------------------------------------------
[ERROR] Failed to execute goal org.apache.maven.plugins:maven-surefire-plugin:2.12:test (default-cli) on project concurrent: There are test failures.
[ERROR] 
[ERROR] Please refer to /Users/yhcrown/Documents/flaky_java_projects/spullara-java-future-jdk8/target/surefire-reports for the individual test results.
[ERROR] -> [Help 1]
[ERROR] 
[ERROR] To see the full stack trace of the errors, re-run Maven with the -e switch.
[ERROR] Re-run Maven using the -X switch to enable full debug logging.
[ERROR] 
[ERROR] For more information about the errors and possible solutions, please read the following articles:
[ERROR] [Help 1] http://cwiki.apache.org/confluence/display/MAVEN/MojoFailureException
