[INFO] Scanning for projects...
[WARNING] 
[WARNING] Some problems were encountered while building the effective model for net.goldolphin:cate:jar:0.1.6-SNAPSHOT
[WARNING] 'build.plugins.plugin.version' for org.apache.maven.plugins:maven-compiler-plugin is missing. @ line 50, column 21
[WARNING] 
[WARNING] It is highly recommended to fix these problems because they threaten the stability of your build.
[WARNING] 
[WARNING] For this reason, future Maven versions might no longer support building such malformed projects.
[WARNING] 
[INFO] Inspecting build with total of 1 modules...
[INFO] Installing Nexus Staging features:
[INFO]   ... total of 1 executions of maven-deploy-plugin replaced with nexus-staging-maven-plugin
[INFO] 
[INFO] ------------------------< net.goldolphin:cate >-------------------------
[INFO] Building Cate 0.1.6-SNAPSHOT
[INFO]   from pom.xml
[INFO] --------------------------------[ jar ]---------------------------------
[INFO] 
[INFO] --- resources:3.3.1:resources (default-resources) @ cate ---
[WARNING] Using platform encoding (UTF-8 actually) to copy filtered resources, i.e. build is platform dependent!
[INFO] skip non existing resourceDirectory /Users/yhcrown/Documents/flaky_java_projects/goldolphin-cate/src/main/resources
[INFO] 
[INFO] --- compiler:3.11.0:compile (default-compile) @ cate ---
[INFO] Nothing to compile - all classes are up to date
[INFO] 
[INFO] --- resources:3.3.1:testResources (default-testResources) @ cate ---
[WARNING] Using platform encoding (UTF-8 actually) to copy filtered resources, i.e. build is platform dependent!
[INFO] skip non existing resourceDirectory /Users/yhcrown/Documents/flaky_java_projects/goldolphin-cate/src/test/resources
[INFO] 
[INFO] --- compiler:3.11.0:testCompile (default-testCompile) @ cate ---
[INFO] Changes detected - recompiling the module! :source
[INFO] Compiling 5 source files with javac [forked debug verbose target 1.6] to target/test-classes
[WARNING] [options] bootstrap class path not set in conjunction with -source 1.6
[INFO] [parsing started RegularFileObject[/Users/yhcrown/Documents/flaky_java_projects/goldolphin-cate/src/test/java/net/goldolphin/cate/partitioned/PartitionedSchedulerPoolTest.java]]
[INFO] [parsing completed 11ms]
[INFO] [parsing started RegularFileObject[/Users/yhcrown/Documents/flaky_java_projects/goldolphin-cate/src/test/java/flaky/FlakyTest.java]]
[INFO] [parsing completed 58ms]
[INFO] [parsing started RegularFileObject[/Users/yhcrown/Documents/flaky_java_projects/goldolphin-cate/src/test/java/net/goldolphin/cate/TaskWithSchedulerTest.java]]
[INFO] [parsing completed 1ms]
[INFO] [parsing started RegularFileObject[/Users/yhcrown/Documents/flaky_java_projects/goldolphin-cate/src/test/java/net/goldolphin/cate/WrapRemoteClientTest.java]]
[INFO] [parsing completed 4ms]
[INFO] [parsing started RegularFileObject[/Users/yhcrown/Documents/flaky_java_projects/goldolphin-cate/src/test/java/net/goldolphin/cate/TaskTest.java]]
[INFO] [parsing completed 2ms]
[INFO] [search path for source files: /Users/yhcrown/Documents/flaky_java_projects/goldolphin-cate/src/test/java,/Users/yhcrown/Documents/flaky_java_projects/goldolphin-cate/target/generated-test-sources/test-annotations]
[INFO] [search path for class files: /Library/Java/JavaVirtualMachines/zulu-8.jdk/Contents/Home/jre/lib/resources.jar,/Library/Java/JavaVirtualMachines/zulu-8.jdk/Contents/Home/jre/lib/rt.jar,/Library/Java/JavaVirtualMachines/zulu-8.jdk/Contents/Home/jre/lib/sunrsasign.jar,/Library/Java/JavaVirtualMachines/zulu-8.jdk/Contents/Home/jre/lib/jsse.jar,/Library/Java/JavaVirtualMachines/zulu-8.jdk/Contents/Home/jre/lib/jce.jar,/Library/Java/JavaVirtualMachines/zulu-8.jdk/Contents/Home/jre/lib/charsets.jar,/Library/Java/JavaVirtualMachines/zulu-8.jdk/Contents/Home/jre/lib/jfr.jar,/Library/Java/JavaVirtualMachines/zulu-8.jdk/Contents/Home/jre/lib/cat.jar,/Library/Java/JavaVirtualMachines/zulu-8.jdk/Contents/Home/jre/classes,/Library/Java/JavaVirtualMachines/zulu-8.jdk/Contents/Home/jre/lib/ext/sunec.jar,/Library/Java/JavaVirtualMachines/zulu-8.jdk/Contents/Home/jre/lib/ext/nashorn.jar,/Library/Java/JavaVirtualMachines/zulu-8.jdk/Contents/Home/jre/lib/ext/cldrdata.jar,/Library/Java/JavaVirtualMachines/zulu-8.jdk/Contents/Home/jre/lib/ext/dnsns.jar,/Library/Java/JavaVirtualMachines/zulu-8.jdk/Contents/Home/jre/lib/ext/localedata.jar,/Library/Java/JavaVirtualMachines/zulu-8.jdk/Contents/Home/jre/lib/ext/sunjce_provider.jar,/Library/Java/JavaVirtualMachines/zulu-8.jdk/Contents/Home/jre/lib/ext/crs-agent.jar,/Library/Java/JavaVirtualMachines/zulu-8.jdk/Contents/Home/jre/lib/ext/sunpkcs11.jar,/Library/Java/JavaVirtualMachines/zulu-8.jdk/Contents/Home/jre/lib/ext/jaccess.jar,/Library/Java/JavaVirtualMachines/zulu-8.jdk/Contents/Home/jre/lib/ext/zipfs.jar,/Users/yhcrown/Documents/flaky_java_projects/goldolphin-cate/target/test-classes,/Users/yhcrown/Documents/flaky_java_projects/goldolphin-cate/target/classes,/Users/yhcrown/.m2/repository/junit/junit/4.11/junit-4.11.jar,/Users/yhcrown/.m2/repository/org/hamcrest/hamcrest-core/1.3/hamcrest-core-1.3.jar,.]
[INFO] [loading RegularFileObject[/Users/yhcrown/Documents/flaky_java_projects/goldolphin-cate/target/classes/net/goldolphin/cate/Context.class]]
[INFO] [loading RegularFileObject[/Users/yhcrown/Documents/flaky_java_projects/goldolphin-cate/target/classes/net/goldolphin/cate/ContextAction.class]]
[INFO] [loading RegularFileObject[/Users/yhcrown/Documents/flaky_java_projects/goldolphin-cate/target/classes/net/goldolphin/cate/IScheduler.class]]
[INFO] [loading RegularFileObject[/Users/yhcrown/Documents/flaky_java_projects/goldolphin-cate/target/classes/net/goldolphin/cate/SynchronizedScheduler.class]]
[INFO] [loading RegularFileObject[/Users/yhcrown/Documents/flaky_java_projects/goldolphin-cate/target/classes/net/goldolphin/cate/Task.class]]
[INFO] [loading RegularFileObject[/Users/yhcrown/Documents/flaky_java_projects/goldolphin-cate/target/classes/net/goldolphin/cate/Waiter.class]]
[INFO] [loading ZipFileIndexFileObject[/Users/yhcrown/.m2/repository/junit/junit/4.11/junit-4.11.jar(org/junit/Assert.class)]]
[INFO] [loading ZipFileIndexFileObject[/Users/yhcrown/.m2/repository/junit/junit/4.11/junit-4.11.jar(org/junit/Test.class)]]
[INFO] [loading ZipFileIndexFileObject[/Library/Java/JavaVirtualMachines/zulu-8.jdk/Contents/Home/lib/ct.sym(META-INF/sym/rt.jar/java/util/Map.class)]]
[INFO] [loading ZipFileIndexFileObject[/Library/Java/JavaVirtualMachines/zulu-8.jdk/Contents/Home/lib/ct.sym(META-INF/sym/rt.jar/java/lang/Object.class)]]
[INFO] [loading ZipFileIndexFileObject[/Library/Java/JavaVirtualMachines/zulu-8.jdk/Contents/Home/lib/ct.sym(META-INF/sym/rt.jar/java/lang/Exception.class)]]
[INFO] [loading ZipFileIndexFileObject[/Users/yhcrown/.m2/repository/junit/junit/4.11/junit-4.11.jar(org/junit/FixMethodOrder.class)]]
[INFO] [loading ZipFileIndexFileObject[/Users/yhcrown/.m2/repository/junit/junit/4.11/junit-4.11.jar(org/junit/runners/MethodSorters.class)]]
[INFO] [loading ZipFileIndexFileObject[/Library/Java/JavaVirtualMachines/zulu-8.jdk/Contents/Home/lib/ct.sym(META-INF/sym/rt.jar/java/lang/Throwable.class)]]
[INFO] [loading RegularFileObject[/Users/yhcrown/Documents/flaky_java_projects/goldolphin-cate/target/classes/net/goldolphin/cate/Unit.class]]
[INFO] [loading RegularFileObject[/Users/yhcrown/Documents/flaky_java_projects/goldolphin-cate/target/classes/net/goldolphin/cate/partitioned/HashedPartitioner.class]]
[INFO] [loading RegularFileObject[/Users/yhcrown/Documents/flaky_java_projects/goldolphin-cate/target/classes/net/goldolphin/cate/partitioned/PartitionedSchedulerPool.class]]
[INFO] [loading RegularFileObject[/Users/yhcrown/Documents/flaky_java_projects/goldolphin-cate/target/classes/net/goldolphin/cate/util/ExecutorTimer.class]]
[INFO] [loading RegularFileObject[/Users/yhcrown/Documents/flaky_java_projects/goldolphin-cate/target/classes/net/goldolphin/cate/util/Timer.class]]
[INFO] [loading ZipFileIndexFileObject[/Library/Java/JavaVirtualMachines/zulu-8.jdk/Contents/Home/lib/ct.sym(META-INF/sym/rt.jar/java/util/ArrayList.class)]]
[INFO] [loading ZipFileIndexFileObject[/Library/Java/JavaVirtualMachines/zulu-8.jdk/Contents/Home/lib/ct.sym(META-INF/sym/rt.jar/java/util/HashMap.class)]]
[INFO] [loading ZipFileIndexFileObject[/Library/Java/JavaVirtualMachines/zulu-8.jdk/Contents/Home/lib/ct.sym(META-INF/sym/rt.jar/java/util/List.class)]]
[INFO] [loading ZipFileIndexFileObject[/Library/Java/JavaVirtualMachines/zulu-8.jdk/Contents/Home/lib/ct.sym(META-INF/sym/rt.jar/java/util/Random.class)]]
[INFO] [loading ZipFileIndexFileObject[/Library/Java/JavaVirtualMachines/zulu-8.jdk/Contents/Home/lib/ct.sym(META-INF/sym/rt.jar/java/util/concurrent/ArrayBlockingQueue.class)]]
[INFO] [loading ZipFileIndexFileObject[/Library/Java/JavaVirtualMachines/zulu-8.jdk/Contents/Home/lib/ct.sym(META-INF/sym/rt.jar/java/util/concurrent/BlockingQueue.class)]]
[INFO] [loading ZipFileIndexFileObject[/Library/Java/JavaVirtualMachines/zulu-8.jdk/Contents/Home/lib/ct.sym(META-INF/sym/rt.jar/java/util/concurrent/ConcurrentHashMap.class)]]
[INFO] [loading ZipFileIndexFileObject[/Library/Java/JavaVirtualMachines/zulu-8.jdk/Contents/Home/lib/ct.sym(META-INF/sym/rt.jar/java/util/concurrent/ExecutorService.class)]]
[INFO] [loading ZipFileIndexFileObject[/Library/Java/JavaVirtualMachines/zulu-8.jdk/Contents/Home/lib/ct.sym(META-INF/sym/rt.jar/java/util/concurrent/Executors.class)]]
[INFO] [loading ZipFileIndexFileObject[/Library/Java/JavaVirtualMachines/zulu-8.jdk/Contents/Home/lib/ct.sym(META-INF/sym/rt.jar/java/util/concurrent/TimeUnit.class)]]
[INFO] [loading ZipFileIndexFileObject[/Library/Java/JavaVirtualMachines/zulu-8.jdk/Contents/Home/lib/ct.sym(META-INF/sym/rt.jar/java/lang/Thread.class)]]
[INFO] [loading RegularFileObject[/Users/yhcrown/Documents/flaky_java_projects/goldolphin-cate/target/classes/net/goldolphin/cate/Func1.class]]
[INFO] [loading RegularFileObject[/Users/yhcrown/Documents/flaky_java_projects/goldolphin-cate/target/classes/net/goldolphin/cate/Maybe.class]]
[INFO] [loading RegularFileObject[/Users/yhcrown/Documents/flaky_java_projects/goldolphin-cate/target/classes/net/goldolphin/cate/Action1.class]]
[INFO] [loading ZipFileIndexFileObject[/Library/Java/JavaVirtualMachines/zulu-8.jdk/Contents/Home/lib/ct.sym(META-INF/sym/rt.jar/java/lang/Integer.class)]]
[INFO] [loading RegularFileObject[/Users/yhcrown/Documents/flaky_java_projects/goldolphin-cate/target/classes/net/goldolphin/cate/IContinuation.class]]
[INFO] [loading RegularFileObject[/Users/yhcrown/Documents/flaky_java_projects/goldolphin-cate/target/classes/net/goldolphin/cate/Environment.class]]
[INFO] [loading ZipFileIndexFileObject[/Library/Java/JavaVirtualMachines/zulu-8.jdk/Contents/Home/lib/ct.sym(META-INF/sym/rt.jar/java/lang/annotation/Retention.class)]]
[INFO] [loading ZipFileIndexFileObject[/Library/Java/JavaVirtualMachines/zulu-8.jdk/Contents/Home/lib/ct.sym(META-INF/sym/rt.jar/java/lang/annotation/RetentionPolicy.class)]]
[INFO] [loading ZipFileIndexFileObject[/Library/Java/JavaVirtualMachines/zulu-8.jdk/Contents/Home/lib/ct.sym(META-INF/sym/rt.jar/java/lang/annotation/Target.class)]]
[INFO] [loading ZipFileIndexFileObject[/Library/Java/JavaVirtualMachines/zulu-8.jdk/Contents/Home/lib/ct.sym(META-INF/sym/rt.jar/java/lang/annotation/ElementType.class)]]
[INFO] [loading ZipFileIndexFileObject[/Library/Java/JavaVirtualMachines/zulu-8.jdk/Contents/Home/lib/ct.sym(META-INF/sym/rt.jar/java/lang/annotation/Annotation.class)]]
[INFO] [loading ZipFileIndexFileObject[/Library/Java/JavaVirtualMachines/zulu-8.jdk/Contents/Home/lib/ct.sym(META-INF/sym/rt.jar/sun/misc/Contended.class)]]
[INFO] [loading ZipFileIndexFileObject[/Library/Java/JavaVirtualMachines/zulu-8.jdk/Contents/Home/lib/ct.sym(META-INF/sym/rt.jar/java/lang/Override.class)]]
[INFO] [checking net.goldolphin.cate.partitioned.PartitionedSchedulerPoolTest]
[INFO] [loading ZipFileIndexFileObject[/Library/Java/JavaVirtualMachines/zulu-8.jdk/Contents/Home/lib/ct.sym(META-INF/sym/rt.jar/java/io/Serializable.class)]]
[INFO] [loading ZipFileIndexFileObject[/Library/Java/JavaVirtualMachines/zulu-8.jdk/Contents/Home/lib/ct.sym(META-INF/sym/rt.jar/java/lang/AutoCloseable.class)]]
[INFO] [loading RegularFileObject[/Users/yhcrown/Documents/flaky_java_projects/goldolphin-cate/target/classes/net/goldolphin/cate/partitioned/IPartitioner.class]]
[INFO] [loading RegularFileObject[/Users/yhcrown/Documents/flaky_java_projects/goldolphin-cate/target/classes/net/goldolphin/cate/partitioned/PartitionedStore.class]]
[INFO] [loading ZipFileIndexFileObject[/Library/Java/JavaVirtualMachines/zulu-8.jdk/Contents/Home/lib/ct.sym(META-INF/sym/rt.jar/java/lang/Boolean.class)]]
[INFO] [loading RegularFileObject[/Users/yhcrown/Documents/flaky_java_projects/goldolphin-cate/target/classes/net/goldolphin/cate/IStore.class]]
[INFO] [loading ZipFileIndexFileObject[/Library/Java/JavaVirtualMachines/zulu-8.jdk/Contents/Home/lib/ct.sym(META-INF/sym/rt.jar/java/lang/System.class)]]
[INFO] [loading ZipFileIndexFileObject[/Library/Java/JavaVirtualMachines/zulu-8.jdk/Contents/Home/lib/ct.sym(META-INF/sym/rt.jar/java/io/PrintStream.class)]]
[INFO] [loading ZipFileIndexFileObject[/Library/Java/JavaVirtualMachines/zulu-8.jdk/Contents/Home/lib/ct.sym(META-INF/sym/rt.jar/java/lang/Appendable.class)]]
[INFO] [loading ZipFileIndexFileObject[/Library/Java/JavaVirtualMachines/zulu-8.jdk/Contents/Home/lib/ct.sym(META-INF/sym/rt.jar/java/io/Closeable.class)]]
[INFO] [loading ZipFileIndexFileObject[/Library/Java/JavaVirtualMachines/zulu-8.jdk/Contents/Home/lib/ct.sym(META-INF/sym/rt.jar/java/io/FilterOutputStream.class)]]
[INFO] [loading ZipFileIndexFileObject[/Library/Java/JavaVirtualMachines/zulu-8.jdk/Contents/Home/lib/ct.sym(META-INF/sym/rt.jar/java/io/OutputStream.class)]]
[INFO] [loading ZipFileIndexFileObject[/Library/Java/JavaVirtualMachines/zulu-8.jdk/Contents/Home/lib/ct.sym(META-INF/sym/rt.jar/java/io/Flushable.class)]]
[INFO] [loading ZipFileIndexFileObject[/Library/Java/JavaVirtualMachines/zulu-8.jdk/Contents/Home/lib/ct.sym(META-INF/sym/rt.jar/java/lang/String.class)]]
[INFO] [loading ZipFileIndexFileObject[/Library/Java/JavaVirtualMachines/zulu-8.jdk/Contents/Home/lib/ct.sym(META-INF/sym/rt.jar/java/util/Locale.class)]]
[INFO] [loading RegularFileObject[/Users/yhcrown/Documents/flaky_java_projects/goldolphin-cate/target/classes/net/goldolphin/cate/Action0.class]]
[INFO] [loading RegularFileObject[/Users/yhcrown/Documents/flaky_java_projects/goldolphin-cate/target/classes/net/goldolphin/cate/Func0.class]]
[INFO] [loading RegularFileObject[/Users/yhcrown/Documents/flaky_java_projects/goldolphin-cate/target/classes/net/goldolphin/cate/ITask.class]]
[INFO] [loading ZipFileIndexFileObject[/Library/Java/JavaVirtualMachines/zulu-8.jdk/Contents/Home/lib/ct.sym(META-INF/sym/rt.jar/java/lang/Byte.class)]]
[INFO] [loading ZipFileIndexFileObject[/Library/Java/JavaVirtualMachines/zulu-8.jdk/Contents/Home/lib/ct.sym(META-INF/sym/rt.jar/java/lang/Character.class)]]
[INFO] [loading ZipFileIndexFileObject[/Library/Java/JavaVirtualMachines/zulu-8.jdk/Contents/Home/lib/ct.sym(META-INF/sym/rt.jar/java/lang/Short.class)]]
[INFO] [loading ZipFileIndexFileObject[/Library/Java/JavaVirtualMachines/zulu-8.jdk/Contents/Home/lib/ct.sym(META-INF/sym/rt.jar/java/lang/Long.class)]]
[INFO] [loading ZipFileIndexFileObject[/Library/Java/JavaVirtualMachines/zulu-8.jdk/Contents/Home/lib/ct.sym(META-INF/sym/rt.jar/java/lang/Float.class)]]
[INFO] [loading ZipFileIndexFileObject[/Library/Java/JavaVirtualMachines/zulu-8.jdk/Contents/Home/lib/ct.sym(META-INF/sym/rt.jar/java/lang/Double.class)]]
[INFO] [loading ZipFileIndexFileObject[/Library/Java/JavaVirtualMachines/zulu-8.jdk/Contents/Home/lib/ct.sym(META-INF/sym/rt.jar/java/util/Collection.class)]]
[INFO] [loading ZipFileIndexFileObject[/Library/Java/JavaVirtualMachines/zulu-8.jdk/Contents/Home/lib/ct.sym(META-INF/sym/rt.jar/java/lang/Iterable.class)]]
[INFO] [loading ZipFileIndexFileObject[/Library/Java/JavaVirtualMachines/zulu-8.jdk/Contents/Home/lib/ct.sym(META-INF/sym/rt.jar/java/lang/Void.class)]]
[INFO] [loading ZipFileIndexFileObject[/Library/Java/JavaVirtualMachines/zulu-8.jdk/Contents/Home/lib/ct.sym(META-INF/sym/rt.jar/java/lang/Comparable.class)]]
[INFO] [loading ZipFileIndexFileObject[/Library/Java/JavaVirtualMachines/zulu-8.jdk/Contents/Home/lib/ct.sym(META-INF/sym/rt.jar/java/lang/Number.class)]]
[INFO] [loading ZipFileIndexFileObject[/Library/Java/JavaVirtualMachines/zulu-8.jdk/Contents/Home/lib/ct.sym(META-INF/sym/rt.jar/java/util/Iterator.class)]]
[INFO] [wrote RegularFileObject[/Users/yhcrown/Documents/flaky_java_projects/goldolphin-cate/target/test-classes/net/goldolphin/cate/partitioned/PartitionedSchedulerPoolTest$1.class]]
[INFO] [wrote RegularFileObject[/Users/yhcrown/Documents/flaky_java_projects/goldolphin-cate/target/test-classes/net/goldolphin/cate/partitioned/PartitionedSchedulerPoolTest.class]]
[INFO] [checking flaky.FlakyTest]
[INFO] [loading RegularFileObject[/Users/yhcrown/Documents/flaky_java_projects/goldolphin-cate/target/classes/net/goldolphin/cate/TaskWithScheduler.class]]
[INFO] [loading RegularFileObject[/Users/yhcrown/Documents/flaky_java_projects/goldolphin-cate/target/classes/net/goldolphin/cate/TaskWithInitState.class]]
[INFO] [loading ZipFileIndexFileObject[/Library/Java/JavaVirtualMachines/zulu-8.jdk/Contents/Home/lib/ct.sym(META-INF/sym/rt.jar/java/lang/CharSequence.class)]]
[INFO] [loading ZipFileIndexFileObject[/Library/Java/JavaVirtualMachines/zulu-8.jdk/Contents/Home/lib/ct.sym(META-INF/sym/rt.jar/java/util/concurrent/Executor.class)]]
[INFO] [loading RegularFileObject[/Users/yhcrown/Documents/flaky_java_projects/goldolphin-cate/target/classes/net/goldolphin/cate/ExecutorScheduler.class]]
[INFO] [loading RegularFileObject[/Users/yhcrown/Documents/flaky_java_projects/goldolphin-cate/target/classes/net/goldolphin/cate/Func0Task.class]]
[INFO] [loading ZipFileIndexFileObject[/Library/Java/JavaVirtualMachines/zulu-8.jdk/Contents/Home/lib/ct.sym(META-INF/sym/rt.jar/java/lang/NullPointerException.class)]]
[INFO] [loading ZipFileIndexFileObject[/Library/Java/JavaVirtualMachines/zulu-8.jdk/Contents/Home/lib/ct.sym(META-INF/sym/rt.jar/java/lang/RuntimeException.class)]]
[INFO] [loading RegularFileObject[/Users/yhcrown/Documents/flaky_java_projects/goldolphin-cate/target/classes/net/goldolphin/cate/FlattenTask.class]]
[INFO] [loading RegularFileObject[/Users/yhcrown/Documents/flaky_java_projects/goldolphin-cate/target/classes/net/goldolphin/cate/FlattenTask$Continuation.class]]
[INFO] [loading RegularFileObject[/Users/yhcrown/Documents/flaky_java_projects/goldolphin-cate/target/classes/net/goldolphin/cate/CollectTask.class]]
[INFO] [loading RegularFileObject[/Users/yhcrown/Documents/flaky_java_projects/goldolphin-cate/target/classes/net/goldolphin/cate/CollectTask$IndexContinuation.class]]
[INFO] [loading ZipFileIndexFileObject[/Library/Java/JavaVirtualMachines/zulu-8.jdk/Contents/Home/lib/ct.sym(META-INF/sym/rt.jar/java/lang/reflect/GenericDeclaration.class)]]
[INFO] [loading RegularFileObject[/Users/yhcrown/Documents/flaky_java_projects/goldolphin-cate/target/classes/net/goldolphin/cate/ContextTask.class]]
[INFO] [loading ZipFileIndexFileObject[/Library/Java/JavaVirtualMachines/zulu-8.jdk/Contents/Home/lib/ct.sym(META-INF/sym/rt.jar/java/lang/reflect/AnnotatedElement.class)]]
[INFO] [loading ZipFileIndexFileObject[/Library/Java/JavaVirtualMachines/zulu-8.jdk/Contents/Home/lib/ct.sym(META-INF/sym/rt.jar/java/lang/Error.class)]]
[INFO] [loading ZipFileIndexFileObject[/Library/Java/JavaVirtualMachines/zulu-8.jdk/Contents/Home/lib/ct.sym(META-INF/sym/rt.jar/java/lang/StringBuilder.class)]]
[INFO] [loading ZipFileIndexFileObject[/Library/Java/JavaVirtualMachines/zulu-8.jdk/Contents/Home/lib/ct.sym(META-INF/sym/rt.jar/java/lang/AbstractStringBuilder.class)]]
[INFO] [loading ZipFileIndexFileObject[/Library/Java/JavaVirtualMachines/zulu-8.jdk/Contents/Home/lib/ct.sym(META-INF/sym/rt.jar/java/lang/StringBuffer.class)]]
[INFO] [wrote RegularFileObject[/Users/yhcrown/Documents/flaky_java_projects/goldolphin-cate/target/test-classes/flaky/FlakyTest.class]]
[INFO] [checking net.goldolphin.cate.TaskWithSchedulerTest]
[INFO] [wrote RegularFileObject[/Users/yhcrown/Documents/flaky_java_projects/goldolphin-cate/target/test-classes/net/goldolphin/cate/TaskWithSchedulerTest$1.class]]
[INFO] [wrote RegularFileObject[/Users/yhcrown/Documents/flaky_java_projects/goldolphin-cate/target/test-classes/net/goldolphin/cate/TaskWithSchedulerTest.class]]
[INFO] [checking net.goldolphin.cate.WrapRemoteClientTest]
[INFO] [loading ZipFileIndexFileObject[/Library/Java/JavaVirtualMachines/zulu-8.jdk/Contents/Home/lib/ct.sym(META-INF/sym/rt.jar/java/lang/Runnable.class)]]
[INFO] [loading ZipFileIndexFileObject[/Library/Java/JavaVirtualMachines/zulu-8.jdk/Contents/Home/lib/ct.sym(META-INF/sym/rt.jar/java/util/concurrent/ConcurrentMap.class)]]
[INFO] [loading ZipFileIndexFileObject[/Library/Java/JavaVirtualMachines/zulu-8.jdk/Contents/Home/lib/ct.sym(META-INF/sym/rt.jar/java/util/AbstractMap.class)]]
[INFO] [loading ZipFileIndexFileObject[/Library/Java/JavaVirtualMachines/zulu-8.jdk/Contents/Home/lib/ct.sym(META-INF/sym/rt.jar/java/util/AbstractQueue.class)]]
[INFO] [loading ZipFileIndexFileObject[/Library/Java/JavaVirtualMachines/zulu-8.jdk/Contents/Home/lib/ct.sym(META-INF/sym/rt.jar/java/util/AbstractCollection.class)]]
[INFO] [loading ZipFileIndexFileObject[/Library/Java/JavaVirtualMachines/zulu-8.jdk/Contents/Home/lib/ct.sym(META-INF/sym/rt.jar/java/util/Queue.class)]]
[INFO] [loading ZipFileIndexFileObject[/Library/Java/JavaVirtualMachines/zulu-8.jdk/Contents/Home/lib/ct.sym(META-INF/sym/rt.jar/java/lang/InterruptedException.class)]]
[INFO] [loading ZipFileIndexFileObject[/Library/Java/JavaVirtualMachines/zulu-8.jdk/Contents/Home/lib/ct.sym(META-INF/sym/rt.jar/java/lang/Cloneable.class)]]
[INFO] [loading ZipFileIndexFileObject[/Library/Java/JavaVirtualMachines/zulu-8.jdk/Contents/Home/lib/ct.sym(META-INF/sym/rt.jar/java/util/AbstractList.class)]]
[INFO] [loading ZipFileIndexFileObject[/Library/Java/JavaVirtualMachines/zulu-8.jdk/Contents/Home/lib/ct.sym(META-INF/sym/rt.jar/java/util/Map$Entry.class)]]
[INFO] [loading ZipFileIndexFileObject[/Library/Java/JavaVirtualMachines/zulu-8.jdk/Contents/Home/lib/ct.sym(META-INF/sym/rt.jar/java/util/Set.class)]]
[INFO] [wrote RegularFileObject[/Users/yhcrown/Documents/flaky_java_projects/goldolphin-cate/target/test-classes/net/goldolphin/cate/WrapRemoteClientTest$1.class]]
[INFO] [wrote RegularFileObject[/Users/yhcrown/Documents/flaky_java_projects/goldolphin-cate/target/test-classes/net/goldolphin/cate/WrapRemoteClientTest$2.class]]
[INFO] [wrote RegularFileObject[/Users/yhcrown/Documents/flaky_java_projects/goldolphin-cate/target/test-classes/net/goldolphin/cate/WrapRemoteClientTest$Pair.class]]
[INFO] [wrote RegularFileObject[/Users/yhcrown/Documents/flaky_java_projects/goldolphin-cate/target/test-classes/net/goldolphin/cate/WrapRemoteClientTest$Client$1.class]]
[INFO] [wrote RegularFileObject[/Users/yhcrown/Documents/flaky_java_projects/goldolphin-cate/target/test-classes/net/goldolphin/cate/WrapRemoteClientTest$Client$Handler.class]]
[INFO] [wrote RegularFileObject[/Users/yhcrown/Documents/flaky_java_projects/goldolphin-cate/target/test-classes/net/goldolphin/cate/WrapRemoteClientTest$Client.class]]
[INFO] [wrote RegularFileObject[/Users/yhcrown/Documents/flaky_java_projects/goldolphin-cate/target/test-classes/net/goldolphin/cate/WrapRemoteClientTest$AsyncClient$1.class]]
[INFO] [wrote RegularFileObject[/Users/yhcrown/Documents/flaky_java_projects/goldolphin-cate/target/test-classes/net/goldolphin/cate/WrapRemoteClientTest$AsyncClient$2.class]]
[INFO] [wrote RegularFileObject[/Users/yhcrown/Documents/flaky_java_projects/goldolphin-cate/target/test-classes/net/goldolphin/cate/WrapRemoteClientTest$AsyncClient$3.class]]
[INFO] [wrote RegularFileObject[/Users/yhcrown/Documents/flaky_java_projects/goldolphin-cate/target/test-classes/net/goldolphin/cate/WrapRemoteClientTest$AsyncClient.class]]
[INFO] [wrote RegularFileObject[/Users/yhcrown/Documents/flaky_java_projects/goldolphin-cate/target/test-classes/net/goldolphin/cate/WrapRemoteClientTest.class]]
[INFO] [checking net.goldolphin.cate.TaskTest]
[INFO] [loading RegularFileObject[/Users/yhcrown/Documents/flaky_java_projects/goldolphin-cate/target/classes/net/goldolphin/cate/WhenAllTask.class]]
[INFO] [wrote RegularFileObject[/Users/yhcrown/Documents/flaky_java_projects/goldolphin-cate/target/test-classes/net/goldolphin/cate/TaskTest$1.class]]
[INFO] [wrote RegularFileObject[/Users/yhcrown/Documents/flaky_java_projects/goldolphin-cate/target/test-classes/net/goldolphin/cate/TaskTest$2$1.class]]
[INFO] [wrote RegularFileObject[/Users/yhcrown/Documents/flaky_java_projects/goldolphin-cate/target/test-classes/net/goldolphin/cate/TaskTest$2.class]]
[INFO] [wrote RegularFileObject[/Users/yhcrown/Documents/flaky_java_projects/goldolphin-cate/target/test-classes/net/goldolphin/cate/TaskTest$3.class]]
[INFO] [wrote RegularFileObject[/Users/yhcrown/Documents/flaky_java_projects/goldolphin-cate/target/test-classes/net/goldolphin/cate/TaskTest$4.class]]
[INFO] [wrote RegularFileObject[/Users/yhcrown/Documents/flaky_java_projects/goldolphin-cate/target/test-classes/net/goldolphin/cate/TaskTest$5.class]]
[INFO] [wrote RegularFileObject[/Users/yhcrown/Documents/flaky_java_projects/goldolphin-cate/target/test-classes/net/goldolphin/cate/TaskTest$6.class]]
[INFO] [wrote RegularFileObject[/Users/yhcrown/Documents/flaky_java_projects/goldolphin-cate/target/test-classes/net/goldolphin/cate/TaskTest$7.class]]
[INFO] [wrote RegularFileObject[/Users/yhcrown/Documents/flaky_java_projects/goldolphin-cate/target/test-classes/net/goldolphin/cate/TaskTest$8$1.class]]
[INFO] [wrote RegularFileObject[/Users/yhcrown/Documents/flaky_java_projects/goldolphin-cate/target/test-classes/net/goldolphin/cate/TaskTest$8.class]]
[INFO] [wrote RegularFileObject[/Users/yhcrown/Documents/flaky_java_projects/goldolphin-cate/target/test-classes/net/goldolphin/cate/TaskTest$9.class]]
[INFO] [wrote RegularFileObject[/Users/yhcrown/Documents/flaky_java_projects/goldolphin-cate/target/test-classes/net/goldolphin/cate/TaskTest$DebugScheduler.class]]
[INFO] [wrote RegularFileObject[/Users/yhcrown/Documents/flaky_java_projects/goldolphin-cate/target/test-classes/net/goldolphin/cate/TaskTest.class]]
[INFO] [total 501ms]
[INFO] 
[INFO] --- surefire:3.1.2:test (default-test) @ cate ---
[INFO] Using auto detected provider org.apache.maven.surefire.junit4.JUnit4Provider
[INFO] 
[INFO] -------------------------------------------------------
[INFO]  T E S T S
[INFO] -------------------------------------------------------
[INFO] Running flaky.FlakyTest
[ERROR] Tests run: 21, Failures: 21, Errors: 0, Skipped: 0, Time elapsed: 0.039 s <<< FAILURE! -- in flaky.FlakyTest
[ERROR] flaky.FlakyTest.test086_1 -- Time elapsed: 0.007 s <<< FAILURE!
java.lang.AssertionError: '5' != '7'
	at org.junit.Assert.fail(Assert.java:88)
	at org.junit.Assert.assertTrue(Assert.java:41)
	at flaky.FlakyTest.test086_1(FlakyTest.java:56)
	at sun.reflect.NativeMethodAccessorImpl.invoke0(Native Method)
	at sun.reflect.NativeMethodAccessorImpl.invoke(NativeMethodAccessorImpl.java:62)
	at sun.reflect.DelegatingMethodAccessorImpl.invoke(DelegatingMethodAccessorImpl.java:43)
	at java.lang.reflect.Method.invoke(Method.java:498)
	at org.junit.runners.model.FrameworkMethod$1.runReflectiveCall(FrameworkMethod.java:47)
	at org.junit.internal.runners.model.ReflectiveCallable.run(ReflectiveCallable.java:12)
	at org.junit.runners.model.FrameworkMethod.invokeExplosively(FrameworkMethod.java:44)
	at org.junit.internal.runners.statements.InvokeMethod.evaluate(InvokeMethod.java:17)
	at org.junit.runners.ParentRunner.runLeaf(ParentRunner.java:271)
	at org.junit.runners.BlockJUnit4ClassRunner.runChild(BlockJUnit4ClassRunner.java:70)
	at org.junit.runners.BlockJUnit4ClassRunner.runChild(BlockJUnit4ClassRunner.java:50)
	at org.junit.runners.ParentRunner$3.run(ParentRunner.java:238)
	at org.junit.runners.ParentRunner$1.schedule(ParentRunner.java:63)
	at org.junit.runners.ParentRunner.runChildren(ParentRunner.java:236)
	at org.junit.runners.ParentRunner.access$000(ParentRunner.java:53)
	at org.junit.runners.ParentRunner$2.evaluate(ParentRunner.java:229)
	at org.junit.runners.ParentRunner.run(ParentRunner.java:309)
	at org.apache.maven.surefire.junit4.JUnit4Provider.execute(JUnit4Provider.java:316)
	at org.apache.maven.surefire.junit4.JUnit4Provider.executeWithRerun(JUnit4Provider.java:240)
	at org.apache.maven.surefire.junit4.JUnit4Provider.executeTestSet(JUnit4Provider.java:214)
	at org.apache.maven.surefire.junit4.JUnit4Provider.invoke(JUnit4Provider.java:155)
	at org.apache.maven.surefire.booter.ForkedBooter.runSuitesInProcess(ForkedBooter.java:385)
	at org.apache.maven.surefire.booter.ForkedBooter.execute(ForkedBooter.java:162)
	at org.apache.maven.surefire.booter.ForkedBooter.run(ForkedBooter.java:507)
	at org.apache.maven.surefire.booter.ForkedBooter.main(ForkedBooter.java:495)

[ERROR] flaky.FlakyTest.test086_2 -- Time elapsed: 0 s <<< FAILURE!
java.lang.AssertionError: '5' != '4'
	at org.junit.Assert.fail(Assert.java:88)
	at org.junit.Assert.assertTrue(Assert.java:41)
	at flaky.FlakyTest.test086_2(FlakyTest.java:118)
	at sun.reflect.NativeMethodAccessorImpl.invoke0(Native Method)
	at sun.reflect.NativeMethodAccessorImpl.invoke(NativeMethodAccessorImpl.java:62)
	at sun.reflect.DelegatingMethodAccessorImpl.invoke(DelegatingMethodAccessorImpl.java:43)
	at java.lang.reflect.Method.invoke(Method.java:498)
	at org.junit.runners.model.FrameworkMethod$1.runReflectiveCall(FrameworkMethod.java:47)
	at org.junit.internal.runners.model.ReflectiveCallable.run(ReflectiveCallable.java:12)
	at org.junit.runners.model.FrameworkMethod.invokeExplosively(FrameworkMethod.java:44)
	at org.junit.internal.runners.statements.InvokeMethod.evaluate(InvokeMethod.java:17)
	at org.junit.runners.ParentRunner.runLeaf(ParentRunner.java:271)
	at org.junit.runners.BlockJUnit4ClassRunner.runChild(BlockJUnit4ClassRunner.java:70)
	at org.junit.runners.BlockJUnit4ClassRunner.runChild(BlockJUnit4ClassRunner.java:50)
	at org.junit.runners.ParentRunner$3.run(ParentRunner.java:238)
	at org.junit.runners.ParentRunner$1.schedule(ParentRunner.java:63)
	at org.junit.runners.ParentRunner.runChildren(ParentRunner.java:236)
	at org.junit.runners.ParentRunner.access$000(ParentRunner.java:53)
	at org.junit.runners.ParentRunner$2.evaluate(ParentRunner.java:229)
	at org.junit.runners.ParentRunner.run(ParentRunner.java:309)
	at org.apache.maven.surefire.junit4.JUnit4Provider.execute(JUnit4Provider.java:316)
	at org.apache.maven.surefire.junit4.JUnit4Provider.executeWithRerun(JUnit4Provider.java:240)
	at org.apache.maven.surefire.junit4.JUnit4Provider.executeTestSet(JUnit4Provider.java:214)
	at org.apache.maven.surefire.junit4.JUnit4Provider.invoke(JUnit4Provider.java:155)
	at org.apache.maven.surefire.booter.ForkedBooter.runSuitesInProcess(ForkedBooter.java:385)
	at org.apache.maven.surefire.booter.ForkedBooter.execute(ForkedBooter.java:162)
	at org.apache.maven.surefire.booter.ForkedBooter.run(ForkedBooter.java:507)
	at org.apache.maven.surefire.booter.ForkedBooter.main(ForkedBooter.java:495)

[ERROR] flaky.FlakyTest.test086_3 -- Time elapsed: 0 s <<< FAILURE!
java.lang.AssertionError: '7' != '36'
	at org.junit.Assert.fail(Assert.java:88)
	at org.junit.Assert.assertTrue(Assert.java:41)
	at flaky.FlakyTest.test086_3(FlakyTest.java:173)
	at sun.reflect.NativeMethodAccessorImpl.invoke0(Native Method)
	at sun.reflect.NativeMethodAccessorImpl.invoke(NativeMethodAccessorImpl.java:62)
	at sun.reflect.DelegatingMethodAccessorImpl.invoke(DelegatingMethodAccessorImpl.java:43)
	at java.lang.reflect.Method.invoke(Method.java:498)
	at org.junit.runners.model.FrameworkMethod$1.runReflectiveCall(FrameworkMethod.java:47)
	at org.junit.internal.runners.model.ReflectiveCallable.run(ReflectiveCallable.java:12)
	at org.junit.runners.model.FrameworkMethod.invokeExplosively(FrameworkMethod.java:44)
	at org.junit.internal.runners.statements.InvokeMethod.evaluate(InvokeMethod.java:17)
	at org.junit.runners.ParentRunner.runLeaf(ParentRunner.java:271)
	at org.junit.runners.BlockJUnit4ClassRunner.runChild(BlockJUnit4ClassRunner.java:70)
	at org.junit.runners.BlockJUnit4ClassRunner.runChild(BlockJUnit4ClassRunner.java:50)
	at org.junit.runners.ParentRunner$3.run(ParentRunner.java:238)
	at org.junit.runners.ParentRunner$1.schedule(ParentRunner.java:63)
	at org.junit.runners.ParentRunner.runChildren(ParentRunner.java:236)
	at org.junit.runners.ParentRunner.access$000(ParentRunner.java:53)
	at org.junit.runners.ParentRunner$2.evaluate(ParentRunner.java:229)
	at org.junit.runners.ParentRunner.run(ParentRunner.java:309)
	at org.apache.maven.surefire.junit4.JUnit4Provider.execute(JUnit4Provider.java:316)
	at org.apache.maven.surefire.junit4.JUnit4Provider.executeWithRerun(JUnit4Provider.java:240)
	at org.apache.maven.surefire.junit4.JUnit4Provider.executeTestSet(JUnit4Provider.java:214)
	at org.apache.maven.surefire.junit4.JUnit4Provider.invoke(JUnit4Provider.java:155)
	at org.apache.maven.surefire.booter.ForkedBooter.runSuitesInProcess(ForkedBooter.java:385)
	at org.apache.maven.surefire.booter.ForkedBooter.execute(ForkedBooter.java:162)
	at org.apache.maven.surefire.booter.ForkedBooter.run(ForkedBooter.java:507)
	at org.apache.maven.surefire.booter.ForkedBooter.main(ForkedBooter.java:495)

[ERROR] flaky.FlakyTest.test090_1 -- Time elapsed: 0.002 s <<< FAILURE!
java.lang.AssertionError: '7' != '4'
	at org.junit.Assert.fail(Assert.java:88)
	at org.junit.Assert.assertTrue(Assert.java:41)
	at flaky.FlakyTest.test090_1(FlakyTest.java:286)
	at sun.reflect.NativeMethodAccessorImpl.invoke0(Native Method)
	at sun.reflect.NativeMethodAccessorImpl.invoke(NativeMethodAccessorImpl.java:62)
	at sun.reflect.DelegatingMethodAccessorImpl.invoke(DelegatingMethodAccessorImpl.java:43)
	at java.lang.reflect.Method.invoke(Method.java:498)
	at org.junit.runners.model.FrameworkMethod$1.runReflectiveCall(FrameworkMethod.java:47)
	at org.junit.internal.runners.model.ReflectiveCallable.run(ReflectiveCallable.java:12)
	at org.junit.runners.model.FrameworkMethod.invokeExplosively(FrameworkMethod.java:44)
	at org.junit.internal.runners.statements.InvokeMethod.evaluate(InvokeMethod.java:17)
	at org.junit.runners.ParentRunner.runLeaf(ParentRunner.java:271)
	at org.junit.runners.BlockJUnit4ClassRunner.runChild(BlockJUnit4ClassRunner.java:70)
	at org.junit.runners.BlockJUnit4ClassRunner.runChild(BlockJUnit4ClassRunner.java:50)
	at org.junit.runners.ParentRunner$3.run(ParentRunner.java:238)
	at org.junit.runners.ParentRunner$1.schedule(ParentRunner.java:63)
	at org.junit.runners.ParentRunner.runChildren(ParentRunner.java:236)
	at org.junit.runners.ParentRunner.access$000(ParentRunner.java:53)
	at org.junit.runners.ParentRunner$2.evaluate(ParentRunner.java:229)
	at org.junit.runners.ParentRunner.run(ParentRunner.java:309)
	at org.apache.maven.surefire.junit4.JUnit4Provider.execute(JUnit4Provider.java:316)
	at org.apache.maven.surefire.junit4.JUnit4Provider.executeWithRerun(JUnit4Provider.java:240)
	at org.apache.maven.surefire.junit4.JUnit4Provider.executeTestSet(JUnit4Provider.java:214)
	at org.apache.maven.surefire.junit4.JUnit4Provider.invoke(JUnit4Provider.java:155)
	at org.apache.maven.surefire.booter.ForkedBooter.runSuitesInProcess(ForkedBooter.java:385)
	at org.apache.maven.surefire.booter.ForkedBooter.execute(ForkedBooter.java:162)
	at org.apache.maven.surefire.booter.ForkedBooter.run(ForkedBooter.java:507)
	at org.apache.maven.surefire.booter.ForkedBooter.main(ForkedBooter.java:495)

[ERROR] flaky.FlakyTest.test091_1 -- Time elapsed: 0 s <<< FAILURE!
java.lang.AssertionError: '6' != '9'
	at org.junit.Assert.fail(Assert.java:88)
	at org.junit.Assert.assertTrue(Assert.java:41)
	at flaky.FlakyTest.test091_1(FlakyTest.java:358)
	at sun.reflect.NativeMethodAccessorImpl.invoke0(Native Method)
	at sun.reflect.NativeMethodAccessorImpl.invoke(NativeMethodAccessorImpl.java:62)
	at sun.reflect.DelegatingMethodAccessorImpl.invoke(DelegatingMethodAccessorImpl.java:43)
	at java.lang.reflect.Method.invoke(Method.java:498)
	at org.junit.runners.model.FrameworkMethod$1.runReflectiveCall(FrameworkMethod.java:47)
	at org.junit.internal.runners.model.ReflectiveCallable.run(ReflectiveCallable.java:12)
	at org.junit.runners.model.FrameworkMethod.invokeExplosively(FrameworkMethod.java:44)
	at org.junit.internal.runners.statements.InvokeMethod.evaluate(InvokeMethod.java:17)
	at org.junit.runners.ParentRunner.runLeaf(ParentRunner.java:271)
	at org.junit.runners.BlockJUnit4ClassRunner.runChild(BlockJUnit4ClassRunner.java:70)
	at org.junit.runners.BlockJUnit4ClassRunner.runChild(BlockJUnit4ClassRunner.java:50)
	at org.junit.runners.ParentRunner$3.run(ParentRunner.java:238)
	at org.junit.runners.ParentRunner$1.schedule(ParentRunner.java:63)
	at org.junit.runners.ParentRunner.runChildren(ParentRunner.java:236)
	at org.junit.runners.ParentRunner.access$000(ParentRunner.java:53)
	at org.junit.runners.ParentRunner$2.evaluate(ParentRunner.java:229)
	at org.junit.runners.ParentRunner.run(ParentRunner.java:309)
	at org.apache.maven.surefire.junit4.JUnit4Provider.execute(JUnit4Provider.java:316)
	at org.apache.maven.surefire.junit4.JUnit4Provider.executeWithRerun(JUnit4Provider.java:240)
	at org.apache.maven.surefire.junit4.JUnit4Provider.executeTestSet(JUnit4Provider.java:214)
	at org.apache.maven.surefire.junit4.JUnit4Provider.invoke(JUnit4Provider.java:155)
	at org.apache.maven.surefire.booter.ForkedBooter.runSuitesInProcess(ForkedBooter.java:385)
	at org.apache.maven.surefire.booter.ForkedBooter.execute(ForkedBooter.java:162)
	at org.apache.maven.surefire.booter.ForkedBooter.run(ForkedBooter.java:507)
	at org.apache.maven.surefire.booter.ForkedBooter.main(ForkedBooter.java:495)

[ERROR] flaky.FlakyTest.test091_2 -- Time elapsed: 0 s <<< FAILURE!
java.lang.AssertionError: '94' != '56'
	at org.junit.Assert.fail(Assert.java:88)
	at org.junit.Assert.assertTrue(Assert.java:41)
	at flaky.FlakyTest.test091_2(FlakyTest.java:438)
	at sun.reflect.NativeMethodAccessorImpl.invoke0(Native Method)
	at sun.reflect.NativeMethodAccessorImpl.invoke(NativeMethodAccessorImpl.java:62)
	at sun.reflect.DelegatingMethodAccessorImpl.invoke(DelegatingMethodAccessorImpl.java:43)
	at java.lang.reflect.Method.invoke(Method.java:498)
	at org.junit.runners.model.FrameworkMethod$1.runReflectiveCall(FrameworkMethod.java:47)
	at org.junit.internal.runners.model.ReflectiveCallable.run(ReflectiveCallable.java:12)
	at org.junit.runners.model.FrameworkMethod.invokeExplosively(FrameworkMethod.java:44)
	at org.junit.internal.runners.statements.InvokeMethod.evaluate(InvokeMethod.java:17)
	at org.junit.runners.ParentRunner.runLeaf(ParentRunner.java:271)
	at org.junit.runners.BlockJUnit4ClassRunner.runChild(BlockJUnit4ClassRunner.java:70)
	at org.junit.runners.BlockJUnit4ClassRunner.runChild(BlockJUnit4ClassRunner.java:50)
	at org.junit.runners.ParentRunner$3.run(ParentRunner.java:238)
	at org.junit.runners.ParentRunner$1.schedule(ParentRunner.java:63)
	at org.junit.runners.ParentRunner.runChildren(ParentRunner.java:236)
	at org.junit.runners.ParentRunner.access$000(ParentRunner.java:53)
	at org.junit.runners.ParentRunner$2.evaluate(ParentRunner.java:229)
	at org.junit.runners.ParentRunner.run(ParentRunner.java:309)
	at org.apache.maven.surefire.junit4.JUnit4Provider.execute(JUnit4Provider.java:316)
	at org.apache.maven.surefire.junit4.JUnit4Provider.executeWithRerun(JUnit4Provider.java:240)
	at org.apache.maven.surefire.junit4.JUnit4Provider.executeTestSet(JUnit4Provider.java:214)
	at org.apache.maven.surefire.junit4.JUnit4Provider.invoke(JUnit4Provider.java:155)
	at org.apache.maven.surefire.booter.ForkedBooter.runSuitesInProcess(ForkedBooter.java:385)
	at org.apache.maven.surefire.booter.ForkedBooter.execute(ForkedBooter.java:162)
	at org.apache.maven.surefire.booter.ForkedBooter.run(ForkedBooter.java:507)
	at org.apache.maven.surefire.booter.ForkedBooter.main(ForkedBooter.java:495)

[ERROR] flaky.FlakyTest.test091_3 -- Time elapsed: 0 s <<< FAILURE!
java.lang.AssertionError: '4' != '6'
	at org.junit.Assert.fail(Assert.java:88)
	at org.junit.Assert.assertTrue(Assert.java:41)
	at flaky.FlakyTest.test091_3(FlakyTest.java:520)
	at sun.reflect.NativeMethodAccessorImpl.invoke0(Native Method)
	at sun.reflect.NativeMethodAccessorImpl.invoke(NativeMethodAccessorImpl.java:62)
	at sun.reflect.DelegatingMethodAccessorImpl.invoke(DelegatingMethodAccessorImpl.java:43)
	at java.lang.reflect.Method.invoke(Method.java:498)
	at org.junit.runners.model.FrameworkMethod$1.runReflectiveCall(FrameworkMethod.java:47)
	at org.junit.internal.runners.model.ReflectiveCallable.run(ReflectiveCallable.java:12)
	at org.junit.runners.model.FrameworkMethod.invokeExplosively(FrameworkMethod.java:44)
	at org.junit.internal.runners.statements.InvokeMethod.evaluate(InvokeMethod.java:17)
	at org.junit.runners.ParentRunner.runLeaf(ParentRunner.java:271)
	at org.junit.runners.BlockJUnit4ClassRunner.runChild(BlockJUnit4ClassRunner.java:70)
	at org.junit.runners.BlockJUnit4ClassRunner.runChild(BlockJUnit4ClassRunner.java:50)
	at org.junit.runners.ParentRunner$3.run(ParentRunner.java:238)
	at org.junit.runners.ParentRunner$1.schedule(ParentRunner.java:63)
	at org.junit.runners.ParentRunner.runChildren(ParentRunner.java:236)
	at org.junit.runners.ParentRunner.access$000(ParentRunner.java:53)
	at org.junit.runners.ParentRunner$2.evaluate(ParentRunner.java:229)
	at org.junit.runners.ParentRunner.run(ParentRunner.java:309)
	at org.apache.maven.surefire.junit4.JUnit4Provider.execute(JUnit4Provider.java:316)
	at org.apache.maven.surefire.junit4.JUnit4Provider.executeWithRerun(JUnit4Provider.java:240)
	at org.apache.maven.surefire.junit4.JUnit4Provider.executeTestSet(JUnit4Provider.java:214)
	at org.apache.maven.surefire.junit4.JUnit4Provider.invoke(JUnit4Provider.java:155)
	at org.apache.maven.surefire.booter.ForkedBooter.runSuitesInProcess(ForkedBooter.java:385)
	at org.apache.maven.surefire.booter.ForkedBooter.execute(ForkedBooter.java:162)
	at org.apache.maven.surefire.booter.ForkedBooter.run(ForkedBooter.java:507)
	at org.apache.maven.surefire.booter.ForkedBooter.main(ForkedBooter.java:495)

[ERROR] flaky.FlakyTest.test091_4 -- Time elapsed: 0 s <<< FAILURE!
java.lang.AssertionError: '38' != '12'
	at org.junit.Assert.fail(Assert.java:88)
	at org.junit.Assert.assertTrue(Assert.java:41)
	at flaky.FlakyTest.test091_4(FlakyTest.java:595)
	at sun.reflect.NativeMethodAccessorImpl.invoke0(Native Method)
	at sun.reflect.NativeMethodAccessorImpl.invoke(NativeMethodAccessorImpl.java:62)
	at sun.reflect.DelegatingMethodAccessorImpl.invoke(DelegatingMethodAccessorImpl.java:43)
	at java.lang.reflect.Method.invoke(Method.java:498)
	at org.junit.runners.model.FrameworkMethod$1.runReflectiveCall(FrameworkMethod.java:47)
	at org.junit.internal.runners.model.ReflectiveCallable.run(ReflectiveCallable.java:12)
	at org.junit.runners.model.FrameworkMethod.invokeExplosively(FrameworkMethod.java:44)
	at org.junit.internal.runners.statements.InvokeMethod.evaluate(InvokeMethod.java:17)
	at org.junit.runners.ParentRunner.runLeaf(ParentRunner.java:271)
	at org.junit.runners.BlockJUnit4ClassRunner.runChild(BlockJUnit4ClassRunner.java:70)
	at org.junit.runners.BlockJUnit4ClassRunner.runChild(BlockJUnit4ClassRunner.java:50)
	at org.junit.runners.ParentRunner$3.run(ParentRunner.java:238)
	at org.junit.runners.ParentRunner$1.schedule(ParentRunner.java:63)
	at org.junit.runners.ParentRunner.runChildren(ParentRunner.java:236)
	at org.junit.runners.ParentRunner.access$000(ParentRunner.java:53)
	at org.junit.runners.ParentRunner$2.evaluate(ParentRunner.java:229)
	at org.junit.runners.ParentRunner.run(ParentRunner.java:309)
	at org.apache.maven.surefire.junit4.JUnit4Provider.execute(JUnit4Provider.java:316)
	at org.apache.maven.surefire.junit4.JUnit4Provider.executeWithRerun(JUnit4Provider.java:240)
	at org.apache.maven.surefire.junit4.JUnit4Provider.executeTestSet(JUnit4Provider.java:214)
	at org.apache.maven.surefire.junit4.JUnit4Provider.invoke(JUnit4Provider.java:155)
	at org.apache.maven.surefire.booter.ForkedBooter.runSuitesInProcess(ForkedBooter.java:385)
	at org.apache.maven.surefire.booter.ForkedBooter.execute(ForkedBooter.java:162)
	at org.apache.maven.surefire.booter.ForkedBooter.run(ForkedBooter.java:507)
	at org.apache.maven.surefire.booter.ForkedBooter.main(ForkedBooter.java:495)

[ERROR] flaky.FlakyTest.test097_1 -- Time elapsed: 0.001 s <<< FAILURE!
java.lang.AssertionError: '1' != '9'
	at org.junit.Assert.fail(Assert.java:88)
	at org.junit.Assert.assertTrue(Assert.java:41)
	at flaky.FlakyTest.test097_1(FlakyTest.java:663)
	at sun.reflect.NativeMethodAccessorImpl.invoke0(Native Method)
	at sun.reflect.NativeMethodAccessorImpl.invoke(NativeMethodAccessorImpl.java:62)
	at sun.reflect.DelegatingMethodAccessorImpl.invoke(DelegatingMethodAccessorImpl.java:43)
	at java.lang.reflect.Method.invoke(Method.java:498)
	at org.junit.runners.model.FrameworkMethod$1.runReflectiveCall(FrameworkMethod.java:47)
	at org.junit.internal.runners.model.ReflectiveCallable.run(ReflectiveCallable.java:12)
	at org.junit.runners.model.FrameworkMethod.invokeExplosively(FrameworkMethod.java:44)
	at org.junit.internal.runners.statements.InvokeMethod.evaluate(InvokeMethod.java:17)
	at org.junit.runners.ParentRunner.runLeaf(ParentRunner.java:271)
	at org.junit.runners.BlockJUnit4ClassRunner.runChild(BlockJUnit4ClassRunner.java:70)
	at org.junit.runners.BlockJUnit4ClassRunner.runChild(BlockJUnit4ClassRunner.java:50)
	at org.junit.runners.ParentRunner$3.run(ParentRunner.java:238)
	at org.junit.runners.ParentRunner$1.schedule(ParentRunner.java:63)
	at org.junit.runners.ParentRunner.runChildren(ParentRunner.java:236)
	at org.junit.runners.ParentRunner.access$000(ParentRunner.java:53)
	at org.junit.runners.ParentRunner$2.evaluate(ParentRunner.java:229)
	at org.junit.runners.ParentRunner.run(ParentRunner.java:309)
	at org.apache.maven.surefire.junit4.JUnit4Provider.execute(JUnit4Provider.java:316)
	at org.apache.maven.surefire.junit4.JUnit4Provider.executeWithRerun(JUnit4Provider.java:240)
	at org.apache.maven.surefire.junit4.JUnit4Provider.executeTestSet(JUnit4Provider.java:214)
	at org.apache.maven.surefire.junit4.JUnit4Provider.invoke(JUnit4Provider.java:155)
	at org.apache.maven.surefire.booter.ForkedBooter.runSuitesInProcess(ForkedBooter.java:385)
	at org.apache.maven.surefire.booter.ForkedBooter.execute(ForkedBooter.java:162)
	at org.apache.maven.surefire.booter.ForkedBooter.run(ForkedBooter.java:507)
	at org.apache.maven.surefire.booter.ForkedBooter.main(ForkedBooter.java:495)

[ERROR] flaky.FlakyTest.test120_1 -- Time elapsed: 0 s <<< FAILURE!
java.lang.AssertionError: '5' != '6'
	at org.junit.Assert.fail(Assert.java:88)
	at org.junit.Assert.assertTrue(Assert.java:41)
	at flaky.FlakyTest.test120_1(FlakyTest.java:753)
	at sun.reflect.NativeMethodAccessorImpl.invoke0(Native Method)
	at sun.reflect.NativeMethodAccessorImpl.invoke(NativeMethodAccessorImpl.java:62)
	at sun.reflect.DelegatingMethodAccessorImpl.invoke(DelegatingMethodAccessorImpl.java:43)
	at java.lang.reflect.Method.invoke(Method.java:498)
	at org.junit.runners.model.FrameworkMethod$1.runReflectiveCall(FrameworkMethod.java:47)
	at org.junit.internal.runners.model.ReflectiveCallable.run(ReflectiveCallable.java:12)
	at org.junit.runners.model.FrameworkMethod.invokeExplosively(FrameworkMethod.java:44)
	at org.junit.internal.runners.statements.InvokeMethod.evaluate(InvokeMethod.java:17)
	at org.junit.runners.ParentRunner.runLeaf(ParentRunner.java:271)
	at org.junit.runners.BlockJUnit4ClassRunner.runChild(BlockJUnit4ClassRunner.java:70)
	at org.junit.runners.BlockJUnit4ClassRunner.runChild(BlockJUnit4ClassRunner.java:50)
	at org.junit.runners.ParentRunner$3.run(ParentRunner.java:238)
	at org.junit.runners.ParentRunner$1.schedule(ParentRunner.java:63)
	at org.junit.runners.ParentRunner.runChildren(ParentRunner.java:236)
	at org.junit.runners.ParentRunner.access$000(ParentRunner.java:53)
	at org.junit.runners.ParentRunner$2.evaluate(ParentRunner.java:229)
	at org.junit.runners.ParentRunner.run(ParentRunner.java:309)
	at org.apache.maven.surefire.junit4.JUnit4Provider.execute(JUnit4Provider.java:316)
	at org.apache.maven.surefire.junit4.JUnit4Provider.executeWithRerun(JUnit4Provider.java:240)
	at org.apache.maven.surefire.junit4.JUnit4Provider.executeTestSet(JUnit4Provider.java:214)
	at org.apache.maven.surefire.junit4.JUnit4Provider.invoke(JUnit4Provider.java:155)
	at org.apache.maven.surefire.booter.ForkedBooter.runSuitesInProcess(ForkedBooter.java:385)
	at org.apache.maven.surefire.booter.ForkedBooter.execute(ForkedBooter.java:162)
	at org.apache.maven.surefire.booter.ForkedBooter.run(ForkedBooter.java:507)
	at org.apache.maven.surefire.booter.ForkedBooter.main(ForkedBooter.java:495)

[ERROR] flaky.FlakyTest.test121_1 -- Time elapsed: 0 s <<< FAILURE!
java.lang.AssertionError: '4' != '6'
	at org.junit.Assert.fail(Assert.java:88)
	at org.junit.Assert.assertTrue(Assert.java:41)
	at flaky.FlakyTest.test121_1(FlakyTest.java:858)
	at sun.reflect.NativeMethodAccessorImpl.invoke0(Native Method)
	at sun.reflect.NativeMethodAccessorImpl.invoke(NativeMethodAccessorImpl.java:62)
	at sun.reflect.DelegatingMethodAccessorImpl.invoke(DelegatingMethodAccessorImpl.java:43)
	at java.lang.reflect.Method.invoke(Method.java:498)
	at org.junit.runners.model.FrameworkMethod$1.runReflectiveCall(FrameworkMethod.java:47)
	at org.junit.internal.runners.model.ReflectiveCallable.run(ReflectiveCallable.java:12)
	at org.junit.runners.model.FrameworkMethod.invokeExplosively(FrameworkMethod.java:44)
	at org.junit.internal.runners.statements.InvokeMethod.evaluate(InvokeMethod.java:17)
	at org.junit.runners.ParentRunner.runLeaf(ParentRunner.java:271)
	at org.junit.runners.BlockJUnit4ClassRunner.runChild(BlockJUnit4ClassRunner.java:70)
	at org.junit.runners.BlockJUnit4ClassRunner.runChild(BlockJUnit4ClassRunner.java:50)
	at org.junit.runners.ParentRunner$3.run(ParentRunner.java:238)
	at org.junit.runners.ParentRunner$1.schedule(ParentRunner.java:63)
	at org.junit.runners.ParentRunner.runChildren(ParentRunner.java:236)
	at org.junit.runners.ParentRunner.access$000(ParentRunner.java:53)
	at org.junit.runners.ParentRunner$2.evaluate(ParentRunner.java:229)
	at org.junit.runners.ParentRunner.run(ParentRunner.java:309)
	at org.apache.maven.surefire.junit4.JUnit4Provider.execute(JUnit4Provider.java:316)
	at org.apache.maven.surefire.junit4.JUnit4Provider.executeWithRerun(JUnit4Provider.java:240)
	at org.apache.maven.surefire.junit4.JUnit4Provider.executeTestSet(JUnit4Provider.java:214)
	at org.apache.maven.surefire.junit4.JUnit4Provider.invoke(JUnit4Provider.java:155)
	at org.apache.maven.surefire.booter.ForkedBooter.runSuitesInProcess(ForkedBooter.java:385)
	at org.apache.maven.surefire.booter.ForkedBooter.execute(ForkedBooter.java:162)
	at org.apache.maven.surefire.booter.ForkedBooter.run(ForkedBooter.java:507)
	at org.apache.maven.surefire.booter.ForkedBooter.main(ForkedBooter.java:495)

[ERROR] flaky.FlakyTest.test136_1 -- Time elapsed: 0 s <<< FAILURE!
java.lang.AssertionError: '6' != '5'
	at org.junit.Assert.fail(Assert.java:88)
	at org.junit.Assert.assertTrue(Assert.java:41)
	at flaky.FlakyTest.test136_1(FlakyTest.java:948)
	at sun.reflect.NativeMethodAccessorImpl.invoke0(Native Method)
	at sun.reflect.NativeMethodAccessorImpl.invoke(NativeMethodAccessorImpl.java:62)
	at sun.reflect.DelegatingMethodAccessorImpl.invoke(DelegatingMethodAccessorImpl.java:43)
	at java.lang.reflect.Method.invoke(Method.java:498)
	at org.junit.runners.model.FrameworkMethod$1.runReflectiveCall(FrameworkMethod.java:47)
	at org.junit.internal.runners.model.ReflectiveCallable.run(ReflectiveCallable.java:12)
	at org.junit.runners.model.FrameworkMethod.invokeExplosively(FrameworkMethod.java:44)
	at org.junit.internal.runners.statements.InvokeMethod.evaluate(InvokeMethod.java:17)
	at org.junit.runners.ParentRunner.runLeaf(ParentRunner.java:271)
	at org.junit.runners.BlockJUnit4ClassRunner.runChild(BlockJUnit4ClassRunner.java:70)
	at org.junit.runners.BlockJUnit4ClassRunner.runChild(BlockJUnit4ClassRunner.java:50)
	at org.junit.runners.ParentRunner$3.run(ParentRunner.java:238)
	at org.junit.runners.ParentRunner$1.schedule(ParentRunner.java:63)
	at org.junit.runners.ParentRunner.runChildren(ParentRunner.java:236)
	at org.junit.runners.ParentRunner.access$000(ParentRunner.java:53)
	at org.junit.runners.ParentRunner$2.evaluate(ParentRunner.java:229)
	at org.junit.runners.ParentRunner.run(ParentRunner.java:309)
	at org.apache.maven.surefire.junit4.JUnit4Provider.execute(JUnit4Provider.java:316)
	at org.apache.maven.surefire.junit4.JUnit4Provider.executeWithRerun(JUnit4Provider.java:240)
	at org.apache.maven.surefire.junit4.JUnit4Provider.executeTestSet(JUnit4Provider.java:214)
	at org.apache.maven.surefire.junit4.JUnit4Provider.invoke(JUnit4Provider.java:155)
	at org.apache.maven.surefire.booter.ForkedBooter.runSuitesInProcess(ForkedBooter.java:385)
	at org.apache.maven.surefire.booter.ForkedBooter.execute(ForkedBooter.java:162)
	at org.apache.maven.surefire.booter.ForkedBooter.run(ForkedBooter.java:507)
	at org.apache.maven.surefire.booter.ForkedBooter.main(ForkedBooter.java:495)

[ERROR] flaky.FlakyTest.test137_1 -- Time elapsed: 0 s <<< FAILURE!
java.lang.AssertionError: '5' != '8'
	at org.junit.Assert.fail(Assert.java:88)
	at org.junit.Assert.assertTrue(Assert.java:41)
	at flaky.FlakyTest.test137_1(FlakyTest.java:1021)
	at sun.reflect.NativeMethodAccessorImpl.invoke0(Native Method)
	at sun.reflect.NativeMethodAccessorImpl.invoke(NativeMethodAccessorImpl.java:62)
	at sun.reflect.DelegatingMethodAccessorImpl.invoke(DelegatingMethodAccessorImpl.java:43)
	at java.lang.reflect.Method.invoke(Method.java:498)
	at org.junit.runners.model.FrameworkMethod$1.runReflectiveCall(FrameworkMethod.java:47)
	at org.junit.internal.runners.model.ReflectiveCallable.run(ReflectiveCallable.java:12)
	at org.junit.runners.model.FrameworkMethod.invokeExplosively(FrameworkMethod.java:44)
	at org.junit.internal.runners.statements.InvokeMethod.evaluate(InvokeMethod.java:17)
	at org.junit.runners.ParentRunner.runLeaf(ParentRunner.java:271)
	at org.junit.runners.BlockJUnit4ClassRunner.runChild(BlockJUnit4ClassRunner.java:70)
	at org.junit.runners.BlockJUnit4ClassRunner.runChild(BlockJUnit4ClassRunner.java:50)
	at org.junit.runners.ParentRunner$3.run(ParentRunner.java:238)
	at org.junit.runners.ParentRunner$1.schedule(ParentRunner.java:63)
	at org.junit.runners.ParentRunner.runChildren(ParentRunner.java:236)
	at org.junit.runners.ParentRunner.access$000(ParentRunner.java:53)
	at org.junit.runners.ParentRunner$2.evaluate(ParentRunner.java:229)
	at org.junit.runners.ParentRunner.run(ParentRunner.java:309)
	at org.apache.maven.surefire.junit4.JUnit4Provider.execute(JUnit4Provider.java:316)
	at org.apache.maven.surefire.junit4.JUnit4Provider.executeWithRerun(JUnit4Provider.java:240)
	at org.apache.maven.surefire.junit4.JUnit4Provider.executeTestSet(JUnit4Provider.java:214)
	at org.apache.maven.surefire.junit4.JUnit4Provider.invoke(JUnit4Provider.java:155)
	at org.apache.maven.surefire.booter.ForkedBooter.runSuitesInProcess(ForkedBooter.java:385)
	at org.apache.maven.surefire.booter.ForkedBooter.execute(ForkedBooter.java:162)
	at org.apache.maven.surefire.booter.ForkedBooter.run(ForkedBooter.java:507)
	at org.apache.maven.surefire.booter.ForkedBooter.main(ForkedBooter.java:495)

[ERROR] flaky.FlakyTest.test137_2 -- Time elapsed: 0.001 s <<< FAILURE!
java.lang.AssertionError: '7' != '10'
	at org.junit.Assert.fail(Assert.java:88)
	at org.junit.Assert.assertTrue(Assert.java:41)
	at flaky.FlakyTest.test137_2(FlakyTest.java:1078)
	at sun.reflect.NativeMethodAccessorImpl.invoke0(Native Method)
	at sun.reflect.NativeMethodAccessorImpl.invoke(NativeMethodAccessorImpl.java:62)
	at sun.reflect.DelegatingMethodAccessorImpl.invoke(DelegatingMethodAccessorImpl.java:43)
	at java.lang.reflect.Method.invoke(Method.java:498)
	at org.junit.runners.model.FrameworkMethod$1.runReflectiveCall(FrameworkMethod.java:47)
	at org.junit.internal.runners.model.ReflectiveCallable.run(ReflectiveCallable.java:12)
	at org.junit.runners.model.FrameworkMethod.invokeExplosively(FrameworkMethod.java:44)
	at org.junit.internal.runners.statements.InvokeMethod.evaluate(InvokeMethod.java:17)
	at org.junit.runners.ParentRunner.runLeaf(ParentRunner.java:271)
	at org.junit.runners.BlockJUnit4ClassRunner.runChild(BlockJUnit4ClassRunner.java:70)
	at org.junit.runners.BlockJUnit4ClassRunner.runChild(BlockJUnit4ClassRunner.java:50)
	at org.junit.runners.ParentRunner$3.run(ParentRunner.java:238)
	at org.junit.runners.ParentRunner$1.schedule(ParentRunner.java:63)
	at org.junit.runners.ParentRunner.runChildren(ParentRunner.java:236)
	at org.junit.runners.ParentRunner.access$000(ParentRunner.java:53)
	at org.junit.runners.ParentRunner$2.evaluate(ParentRunner.java:229)
	at org.junit.runners.ParentRunner.run(ParentRunner.java:309)
	at org.apache.maven.surefire.junit4.JUnit4Provider.execute(JUnit4Provider.java:316)
	at org.apache.maven.surefire.junit4.JUnit4Provider.executeWithRerun(JUnit4Provider.java:240)
	at org.apache.maven.surefire.junit4.JUnit4Provider.executeTestSet(JUnit4Provider.java:214)
	at org.apache.maven.surefire.junit4.JUnit4Provider.invoke(JUnit4Provider.java:155)
	at org.apache.maven.surefire.booter.ForkedBooter.runSuitesInProcess(ForkedBooter.java:385)
	at org.apache.maven.surefire.booter.ForkedBooter.execute(ForkedBooter.java:162)
	at org.apache.maven.surefire.booter.ForkedBooter.run(ForkedBooter.java:507)
	at org.apache.maven.surefire.booter.ForkedBooter.main(ForkedBooter.java:495)

[ERROR] flaky.FlakyTest.test137_3 -- Time elapsed: 0 s <<< FAILURE!
java.lang.AssertionError: '5' != '4'
	at org.junit.Assert.fail(Assert.java:88)
	at org.junit.Assert.assertTrue(Assert.java:41)
	at flaky.FlakyTest.test137_3(FlakyTest.java:1141)
	at sun.reflect.NativeMethodAccessorImpl.invoke0(Native Method)
	at sun.reflect.NativeMethodAccessorImpl.invoke(NativeMethodAccessorImpl.java:62)
	at sun.reflect.DelegatingMethodAccessorImpl.invoke(DelegatingMethodAccessorImpl.java:43)
	at java.lang.reflect.Method.invoke(Method.java:498)
	at org.junit.runners.model.FrameworkMethod$1.runReflectiveCall(FrameworkMethod.java:47)
	at org.junit.internal.runners.model.ReflectiveCallable.run(ReflectiveCallable.java:12)
	at org.junit.runners.model.FrameworkMethod.invokeExplosively(FrameworkMethod.java:44)
	at org.junit.internal.runners.statements.InvokeMethod.evaluate(InvokeMethod.java:17)
	at org.junit.runners.ParentRunner.runLeaf(ParentRunner.java:271)
	at org.junit.runners.BlockJUnit4ClassRunner.runChild(BlockJUnit4ClassRunner.java:70)
	at org.junit.runners.BlockJUnit4ClassRunner.runChild(BlockJUnit4ClassRunner.java:50)
	at org.junit.runners.ParentRunner$3.run(ParentRunner.java:238)
	at org.junit.runners.ParentRunner$1.schedule(ParentRunner.java:63)
	at org.junit.runners.ParentRunner.runChildren(ParentRunner.java:236)
	at org.junit.runners.ParentRunner.access$000(ParentRunner.java:53)
	at org.junit.runners.ParentRunner$2.evaluate(ParentRunner.java:229)
	at org.junit.runners.ParentRunner.run(ParentRunner.java:309)
	at org.apache.maven.surefire.junit4.JUnit4Provider.execute(JUnit4Provider.java:316)
	at org.apache.maven.surefire.junit4.JUnit4Provider.executeWithRerun(JUnit4Provider.java:240)
	at org.apache.maven.surefire.junit4.JUnit4Provider.executeTestSet(JUnit4Provider.java:214)
	at org.apache.maven.surefire.junit4.JUnit4Provider.invoke(JUnit4Provider.java:155)
	at org.apache.maven.surefire.booter.ForkedBooter.runSuitesInProcess(ForkedBooter.java:385)
	at org.apache.maven.surefire.booter.ForkedBooter.execute(ForkedBooter.java:162)
	at org.apache.maven.surefire.booter.ForkedBooter.run(ForkedBooter.java:507)
	at org.apache.maven.surefire.booter.ForkedBooter.main(ForkedBooter.java:495)

[ERROR] flaky.FlakyTest.test137_4 -- Time elapsed: 0.001 s <<< FAILURE!
java.lang.AssertionError: '7' != '1'
	at org.junit.Assert.fail(Assert.java:88)
	at org.junit.Assert.assertTrue(Assert.java:41)
	at flaky.FlakyTest.test137_4(FlakyTest.java:1198)
	at sun.reflect.NativeMethodAccessorImpl.invoke0(Native Method)
	at sun.reflect.NativeMethodAccessorImpl.invoke(NativeMethodAccessorImpl.java:62)
	at sun.reflect.DelegatingMethodAccessorImpl.invoke(DelegatingMethodAccessorImpl.java:43)
	at java.lang.reflect.Method.invoke(Method.java:498)
	at org.junit.runners.model.FrameworkMethod$1.runReflectiveCall(FrameworkMethod.java:47)
	at org.junit.internal.runners.model.ReflectiveCallable.run(ReflectiveCallable.java:12)
	at org.junit.runners.model.FrameworkMethod.invokeExplosively(FrameworkMethod.java:44)
	at org.junit.internal.runners.statements.InvokeMethod.evaluate(InvokeMethod.java:17)
	at org.junit.runners.ParentRunner.runLeaf(ParentRunner.java:271)
	at org.junit.runners.BlockJUnit4ClassRunner.runChild(BlockJUnit4ClassRunner.java:70)
	at org.junit.runners.BlockJUnit4ClassRunner.runChild(BlockJUnit4ClassRunner.java:50)
	at org.junit.runners.ParentRunner$3.run(ParentRunner.java:238)
	at org.junit.runners.ParentRunner$1.schedule(ParentRunner.java:63)
	at org.junit.runners.ParentRunner.runChildren(ParentRunner.java:236)
	at org.junit.runners.ParentRunner.access$000(ParentRunner.java:53)
	at org.junit.runners.ParentRunner$2.evaluate(ParentRunner.java:229)
	at org.junit.runners.ParentRunner.run(ParentRunner.java:309)
	at org.apache.maven.surefire.junit4.JUnit4Provider.execute(JUnit4Provider.java:316)
	at org.apache.maven.surefire.junit4.JUnit4Provider.executeWithRerun(JUnit4Provider.java:240)
	at org.apache.maven.surefire.junit4.JUnit4Provider.executeTestSet(JUnit4Provider.java:214)
	at org.apache.maven.surefire.junit4.JUnit4Provider.invoke(JUnit4Provider.java:155)
	at org.apache.maven.surefire.booter.ForkedBooter.runSuitesInProcess(ForkedBooter.java:385)
	at org.apache.maven.surefire.booter.ForkedBooter.execute(ForkedBooter.java:162)
	at org.apache.maven.surefire.booter.ForkedBooter.run(ForkedBooter.java:507)
	at org.apache.maven.surefire.booter.ForkedBooter.main(ForkedBooter.java:495)

[ERROR] flaky.FlakyTest.test138_1 -- Time elapsed: 0 s <<< FAILURE!
java.lang.AssertionError: '2' != '7'
	at org.junit.Assert.fail(Assert.java:88)
	at org.junit.Assert.assertTrue(Assert.java:41)
	at flaky.FlakyTest.test138_1(FlakyTest.java:1292)
	at sun.reflect.NativeMethodAccessorImpl.invoke0(Native Method)
	at sun.reflect.NativeMethodAccessorImpl.invoke(NativeMethodAccessorImpl.java:62)
	at sun.reflect.DelegatingMethodAccessorImpl.invoke(DelegatingMethodAccessorImpl.java:43)
	at java.lang.reflect.Method.invoke(Method.java:498)
	at org.junit.runners.model.FrameworkMethod$1.runReflectiveCall(FrameworkMethod.java:47)
	at org.junit.internal.runners.model.ReflectiveCallable.run(ReflectiveCallable.java:12)
	at org.junit.runners.model.FrameworkMethod.invokeExplosively(FrameworkMethod.java:44)
	at org.junit.internal.runners.statements.InvokeMethod.evaluate(InvokeMethod.java:17)
	at org.junit.runners.ParentRunner.runLeaf(ParentRunner.java:271)
	at org.junit.runners.BlockJUnit4ClassRunner.runChild(BlockJUnit4ClassRunner.java:70)
	at org.junit.runners.BlockJUnit4ClassRunner.runChild(BlockJUnit4ClassRunner.java:50)
	at org.junit.runners.ParentRunner$3.run(ParentRunner.java:238)
	at org.junit.runners.ParentRunner$1.schedule(ParentRunner.java:63)
	at org.junit.runners.ParentRunner.runChildren(ParentRunner.java:236)
	at org.junit.runners.ParentRunner.access$000(ParentRunner.java:53)
	at org.junit.runners.ParentRunner$2.evaluate(ParentRunner.java:229)
	at org.junit.runners.ParentRunner.run(ParentRunner.java:309)
	at org.apache.maven.surefire.junit4.JUnit4Provider.execute(JUnit4Provider.java:316)
	at org.apache.maven.surefire.junit4.JUnit4Provider.executeWithRerun(JUnit4Provider.java:240)
	at org.apache.maven.surefire.junit4.JUnit4Provider.executeTestSet(JUnit4Provider.java:214)
	at org.apache.maven.surefire.junit4.JUnit4Provider.invoke(JUnit4Provider.java:155)
	at org.apache.maven.surefire.booter.ForkedBooter.runSuitesInProcess(ForkedBooter.java:385)
	at org.apache.maven.surefire.booter.ForkedBooter.execute(ForkedBooter.java:162)
	at org.apache.maven.surefire.booter.ForkedBooter.run(ForkedBooter.java:507)
	at org.apache.maven.surefire.booter.ForkedBooter.main(ForkedBooter.java:495)

[ERROR] flaky.FlakyTest.test140_1 -- Time elapsed: 0.002 s <<< FAILURE!
java.lang.AssertionError: '2' != '4'
	at org.junit.Assert.fail(Assert.java:88)
	at org.junit.Assert.assertTrue(Assert.java:41)
	at flaky.FlakyTest.test140_1(FlakyTest.java:1426)
	at sun.reflect.NativeMethodAccessorImpl.invoke0(Native Method)
	at sun.reflect.NativeMethodAccessorImpl.invoke(NativeMethodAccessorImpl.java:62)
	at sun.reflect.DelegatingMethodAccessorImpl.invoke(DelegatingMethodAccessorImpl.java:43)
	at java.lang.reflect.Method.invoke(Method.java:498)
	at org.junit.runners.model.FrameworkMethod$1.runReflectiveCall(FrameworkMethod.java:47)
	at org.junit.internal.runners.model.ReflectiveCallable.run(ReflectiveCallable.java:12)
	at org.junit.runners.model.FrameworkMethod.invokeExplosively(FrameworkMethod.java:44)
	at org.junit.internal.runners.statements.InvokeMethod.evaluate(InvokeMethod.java:17)
	at org.junit.runners.ParentRunner.runLeaf(ParentRunner.java:271)
	at org.junit.runners.BlockJUnit4ClassRunner.runChild(BlockJUnit4ClassRunner.java:70)
	at org.junit.runners.BlockJUnit4ClassRunner.runChild(BlockJUnit4ClassRunner.java:50)
	at org.junit.runners.ParentRunner$3.run(ParentRunner.java:238)
	at org.junit.runners.ParentRunner$1.schedule(ParentRunner.java:63)
	at org.junit.runners.ParentRunner.runChildren(ParentRunner.java:236)
	at org.junit.runners.ParentRunner.access$000(ParentRunner.java:53)
	at org.junit.runners.ParentRunner$2.evaluate(ParentRunner.java:229)
	at org.junit.runners.ParentRunner.run(ParentRunner.java:309)
	at org.apache.maven.surefire.junit4.JUnit4Provider.execute(JUnit4Provider.java:316)
	at org.apache.maven.surefire.junit4.JUnit4Provider.executeWithRerun(JUnit4Provider.java:240)
	at org.apache.maven.surefire.junit4.JUnit4Provider.executeTestSet(JUnit4Provider.java:214)
	at org.apache.maven.surefire.junit4.JUnit4Provider.invoke(JUnit4Provider.java:155)
	at org.apache.maven.surefire.booter.ForkedBooter.runSuitesInProcess(ForkedBooter.java:385)
	at org.apache.maven.surefire.booter.ForkedBooter.execute(ForkedBooter.java:162)
	at org.apache.maven.surefire.booter.ForkedBooter.run(ForkedBooter.java:507)
	at org.apache.maven.surefire.booter.ForkedBooter.main(ForkedBooter.java:495)

[ERROR] flaky.FlakyTest.test143_1 -- Time elapsed: 0 s <<< FAILURE!
java.lang.AssertionError: '8' != '0'
	at org.junit.Assert.fail(Assert.java:88)
	at org.junit.Assert.assertTrue(Assert.java:41)
	at flaky.FlakyTest.test143_1(FlakyTest.java:1552)
	at sun.reflect.NativeMethodAccessorImpl.invoke0(Native Method)
	at sun.reflect.NativeMethodAccessorImpl.invoke(NativeMethodAccessorImpl.java:62)
	at sun.reflect.DelegatingMethodAccessorImpl.invoke(DelegatingMethodAccessorImpl.java:43)
	at java.lang.reflect.Method.invoke(Method.java:498)
	at org.junit.runners.model.FrameworkMethod$1.runReflectiveCall(FrameworkMethod.java:47)
	at org.junit.internal.runners.model.ReflectiveCallable.run(ReflectiveCallable.java:12)
	at org.junit.runners.model.FrameworkMethod.invokeExplosively(FrameworkMethod.java:44)
	at org.junit.internal.runners.statements.InvokeMethod.evaluate(InvokeMethod.java:17)
	at org.junit.runners.ParentRunner.runLeaf(ParentRunner.java:271)
	at org.junit.runners.BlockJUnit4ClassRunner.runChild(BlockJUnit4ClassRunner.java:70)
	at org.junit.runners.BlockJUnit4ClassRunner.runChild(BlockJUnit4ClassRunner.java:50)
	at org.junit.runners.ParentRunner$3.run(ParentRunner.java:238)
	at org.junit.runners.ParentRunner$1.schedule(ParentRunner.java:63)
	at org.junit.runners.ParentRunner.runChildren(ParentRunner.java:236)
	at org.junit.runners.ParentRunner.access$000(ParentRunner.java:53)
	at org.junit.runners.ParentRunner$2.evaluate(ParentRunner.java:229)
	at org.junit.runners.ParentRunner.run(ParentRunner.java:309)
	at org.apache.maven.surefire.junit4.JUnit4Provider.execute(JUnit4Provider.java:316)
	at org.apache.maven.surefire.junit4.JUnit4Provider.executeWithRerun(JUnit4Provider.java:240)
	at org.apache.maven.surefire.junit4.JUnit4Provider.executeTestSet(JUnit4Provider.java:214)
	at org.apache.maven.surefire.junit4.JUnit4Provider.invoke(JUnit4Provider.java:155)
	at org.apache.maven.surefire.booter.ForkedBooter.runSuitesInProcess(ForkedBooter.java:385)
	at org.apache.maven.surefire.booter.ForkedBooter.execute(ForkedBooter.java:162)
	at org.apache.maven.surefire.booter.ForkedBooter.run(ForkedBooter.java:507)
	at org.apache.maven.surefire.booter.ForkedBooter.main(ForkedBooter.java:495)

[ERROR] flaky.FlakyTest.test144_1 -- Time elapsed: 0 s <<< FAILURE!
java.lang.AssertionError: '7' != '9'
	at org.junit.Assert.fail(Assert.java:88)
	at org.junit.Assert.assertTrue(Assert.java:41)
	at flaky.FlakyTest.test144_1(FlakyTest.java:1636)
	at sun.reflect.NativeMethodAccessorImpl.invoke0(Native Method)
	at sun.reflect.NativeMethodAccessorImpl.invoke(NativeMethodAccessorImpl.java:62)
	at sun.reflect.DelegatingMethodAccessorImpl.invoke(DelegatingMethodAccessorImpl.java:43)
	at java.lang.reflect.Method.invoke(Method.java:498)
	at org.junit.runners.model.FrameworkMethod$1.runReflectiveCall(FrameworkMethod.java:47)
	at org.junit.internal.runners.model.ReflectiveCallable.run(ReflectiveCallable.java:12)
	at org.junit.runners.model.FrameworkMethod.invokeExplosively(FrameworkMethod.java:44)
	at org.junit.internal.runners.statements.InvokeMethod.evaluate(InvokeMethod.java:17)
	at org.junit.runners.ParentRunner.runLeaf(ParentRunner.java:271)
	at org.junit.runners.BlockJUnit4ClassRunner.runChild(BlockJUnit4ClassRunner.java:70)
	at org.junit.runners.BlockJUnit4ClassRunner.runChild(BlockJUnit4ClassRunner.java:50)
	at org.junit.runners.ParentRunner$3.run(ParentRunner.java:238)
	at org.junit.runners.ParentRunner$1.schedule(ParentRunner.java:63)
	at org.junit.runners.ParentRunner.runChildren(ParentRunner.java:236)
	at org.junit.runners.ParentRunner.access$000(ParentRunner.java:53)
	at org.junit.runners.ParentRunner$2.evaluate(ParentRunner.java:229)
	at org.junit.runners.ParentRunner.run(ParentRunner.java:309)
	at org.apache.maven.surefire.junit4.JUnit4Provider.execute(JUnit4Provider.java:316)
	at org.apache.maven.surefire.junit4.JUnit4Provider.executeWithRerun(JUnit4Provider.java:240)
	at org.apache.maven.surefire.junit4.JUnit4Provider.executeTestSet(JUnit4Provider.java:214)
	at org.apache.maven.surefire.junit4.JUnit4Provider.invoke(JUnit4Provider.java:155)
	at org.apache.maven.surefire.booter.ForkedBooter.runSuitesInProcess(ForkedBooter.java:385)
	at org.apache.maven.surefire.booter.ForkedBooter.execute(ForkedBooter.java:162)
	at org.apache.maven.surefire.booter.ForkedBooter.run(ForkedBooter.java:507)
	at org.apache.maven.surefire.booter.ForkedBooter.main(ForkedBooter.java:495)

[ERROR] flaky.FlakyTest.test149_1 -- Time elapsed: 0.001 s <<< FAILURE!
java.lang.AssertionError: '7' != '5'
	at org.junit.Assert.fail(Assert.java:88)
	at org.junit.Assert.assertTrue(Assert.java:41)
	at flaky.FlakyTest.test149_1(FlakyTest.java:1746)
	at sun.reflect.NativeMethodAccessorImpl.invoke0(Native Method)
	at sun.reflect.NativeMethodAccessorImpl.invoke(NativeMethodAccessorImpl.java:62)
	at sun.reflect.DelegatingMethodAccessorImpl.invoke(DelegatingMethodAccessorImpl.java:43)
	at java.lang.reflect.Method.invoke(Method.java:498)
	at org.junit.runners.model.FrameworkMethod$1.runReflectiveCall(FrameworkMethod.java:47)
	at org.junit.internal.runners.model.ReflectiveCallable.run(ReflectiveCallable.java:12)
	at org.junit.runners.model.FrameworkMethod.invokeExplosively(FrameworkMethod.java:44)
	at org.junit.internal.runners.statements.InvokeMethod.evaluate(InvokeMethod.java:17)
	at org.junit.runners.ParentRunner.runLeaf(ParentRunner.java:271)
	at org.junit.runners.BlockJUnit4ClassRunner.runChild(BlockJUnit4ClassRunner.java:70)
	at org.junit.runners.BlockJUnit4ClassRunner.runChild(BlockJUnit4ClassRunner.java:50)
	at org.junit.runners.ParentRunner$3.run(ParentRunner.java:238)
	at org.junit.runners.ParentRunner$1.schedule(ParentRunner.java:63)
	at org.junit.runners.ParentRunner.runChildren(ParentRunner.java:236)
	at org.junit.runners.ParentRunner.access$000(ParentRunner.java:53)
	at org.junit.runners.ParentRunner$2.evaluate(ParentRunner.java:229)
	at org.junit.runners.ParentRunner.run(ParentRunner.java:309)
	at org.apache.maven.surefire.junit4.JUnit4Provider.execute(JUnit4Provider.java:316)
	at org.apache.maven.surefire.junit4.JUnit4Provider.executeWithRerun(JUnit4Provider.java:240)
	at org.apache.maven.surefire.junit4.JUnit4Provider.executeTestSet(JUnit4Provider.java:214)
	at org.apache.maven.surefire.junit4.JUnit4Provider.invoke(JUnit4Provider.java:155)
	at org.apache.maven.surefire.booter.ForkedBooter.runSuitesInProcess(ForkedBooter.java:385)
	at org.apache.maven.surefire.booter.ForkedBooter.execute(ForkedBooter.java:162)
	at org.apache.maven.surefire.booter.ForkedBooter.run(ForkedBooter.java:507)
	at org.apache.maven.surefire.booter.ForkedBooter.main(ForkedBooter.java:495)

[INFO] 
[INFO] Results:
[INFO] 
[ERROR] Failures: 
[ERROR]   FlakyTest.test086_1:56 '5' != '7'
[ERROR]   FlakyTest.test086_2:118 '5' != '4'
[ERROR]   FlakyTest.test086_3:173 '7' != '36'
[ERROR]   FlakyTest.test090_1:286 '7' != '4'
[ERROR]   FlakyTest.test091_1:358 '6' != '9'
[ERROR]   FlakyTest.test091_2:438 '94' != '56'
[ERROR]   FlakyTest.test091_3:520 '4' != '6'
[ERROR]   FlakyTest.test091_4:595 '38' != '12'
[ERROR]   FlakyTest.test097_1:663 '1' != '9'
[ERROR]   FlakyTest.test120_1:753 '5' != '6'
[ERROR]   FlakyTest.test121_1:858 '4' != '6'
[ERROR]   FlakyTest.test136_1:948 '6' != '5'
[ERROR]   FlakyTest.test137_1:1021 '5' != '8'
[ERROR]   FlakyTest.test137_2:1078 '7' != '10'
[ERROR]   FlakyTest.test137_3:1141 '5' != '4'
[ERROR]   FlakyTest.test137_4:1198 '7' != '1'
[ERROR]   FlakyTest.test138_1:1292 '2' != '7'
[ERROR]   FlakyTest.test140_1:1426 '2' != '4'
[ERROR]   FlakyTest.test143_1:1552 '8' != '0'
[ERROR]   FlakyTest.test144_1:1636 '7' != '9'
[ERROR]   FlakyTest.test149_1:1746 '7' != '5'
[INFO] 
[ERROR] Tests run: 21, Failures: 21, Errors: 0, Skipped: 0
[INFO] 
[INFO] ------------------------------------------------------------------------
[INFO] BUILD FAILURE
[INFO] ------------------------------------------------------------------------
[INFO] Total time:  1.753 s
[INFO] Finished at: 2023-12-09T19:03:16-06:00
[INFO] ------------------------------------------------------------------------
[ERROR] Failed to execute goal org.apache.maven.plugins:maven-surefire-plugin:3.1.2:test (default-test) on project cate: There are test failures.
[ERROR] 
[ERROR] Please refer to /Users/yhcrown/Documents/flaky_java_projects/goldolphin-cate/target/surefire-reports for the individual test results.
[ERROR] Please refer to dump files (if any exist) [date].dump, [date]-jvmRun[N].dump and [date].dumpstream.
[ERROR] -> [Help 1]
[ERROR] 
[ERROR] To see the full stack trace of the errors, re-run Maven with the -e switch.
[ERROR] Re-run Maven using the -X switch to enable full debug logging.
[ERROR] 
[ERROR] For more information about the errors and possible solutions, please read the following articles:
[ERROR] [Help 1] http://cwiki.apache.org/confluence/display/MAVEN/MojoFailureException
