JUnit version 4.12
.E.E.E.E.E.E.E.E.E.E.E.E.E.E.E.E.E.E.E.E.E.E.E.E.E.E.E.E.E.E.E.E.E.E.E.E.E.E.E.E.E.E.E.E.E.E.E.E.E.E.E.E.E
Time: 2.553
There were 53 failures:
1) test021_1(flaky.FlakyTest)
org.junit.ComparisonFailure: 'Samsung' != 'Fujifilm' expected:<[Samsung]> but was:<[Fujifilm]>
	at java.lang.Throwable.fillInStackTrace$$PHOSPHORTAGGED(Throwable.java)
	at java.lang.Throwable.fillInStackTrace$$PHOSPHORTAGGED(Throwable.java:784)
	at java.lang.Throwable.<init>(Throwable.java:266)
	at java.lang.Error.<init>(Error.java:70)
	at java.lang.AssertionError.<init>(AssertionError.java:58)
	at java.lang.AssertionError.<init>(AssertionError.java:74)
	at org.junit.ComparisonFailure.<init>(ComparisonFailure.java:37)
	at org.junit.Assert.assertEquals$$PHOSPHORTAGGED(Assert.java:115)
	at flaky.FlakyTest.test021_1$$PHOSPHORTAGGED(FlakyTest.java:23)
	at sun.reflect.NativeMethodAccessorImpl.invoke0(Native Method)
	at sun.reflect.NativeMethodAccessorImpl.invoke0$$PHOSPHORTAGGED(NativeMethodAccessorImpl.java)
	at sun.reflect.NativeMethodAccessorImpl.invoke$$PHOSPHORTAGGED(NativeMethodAccessorImpl.java:62)
	at sun.reflect.NativeMethodAccessorImpl.invoke(NativeMethodAccessorImpl.java:0)
	at sun.reflect.DelegatingMethodAccessorImpl.invoke$$PHOSPHORTAGGED(DelegatingMethodAccessorImpl.java:43)
	at sun.reflect.DelegatingMethodAccessorImpl.invoke(DelegatingMethodAccessorImpl.java:0)
	at java.lang.reflect.Method.invoke$$PHOSPHORTAGGED(Method.java:498)
	at org.junit.runners.model.FrameworkMethod$1.runReflectiveCall$$PHOSPHORTAGGED(FrameworkMethod.java:50)
	at org.junit.internal.runners.model.ReflectiveCallable.run$$PHOSPHORTAGGED(ReflectiveCallable.java:12)
	at org.junit.runners.model.FrameworkMethod.invokeExplosively$$PHOSPHORTAGGED(FrameworkMethod.java:47)
	at org.junit.internal.runners.statements.InvokeMethod.evaluate$$PHOSPHORTAGGED(InvokeMethod.java:17)
	at org.junit.runners.ParentRunner.runLeaf$$PHOSPHORTAGGED(ParentRunner.java:325)
	at org.junit.runners.BlockJUnit4ClassRunner.runChild$$PHOSPHORTAGGED(BlockJUnit4ClassRunner.java:78)
	at org.junit.runners.BlockJUnit4ClassRunner.runChild$$PHOSPHORTAGGED(BlockJUnit4ClassRunner.java:57)
	at org.junit.runners.ParentRunner$3.run$$PHOSPHORTAGGED(ParentRunner.java:290)
	at org.junit.runners.ParentRunner$1.schedule$$PHOSPHORTAGGED(ParentRunner.java:71)
	at org.junit.runners.ParentRunner.runChildren$$PHOSPHORTAGGED(ParentRunner.java:288)
	at org.junit.runners.ParentRunner.access$000$$PHOSPHORTAGGED(ParentRunner.java:58)
	at org.junit.runners.ParentRunner$2.evaluate$$PHOSPHORTAGGED(ParentRunner.java:268)
	at org.junit.runners.ParentRunner.run$$PHOSPHORTAGGED(ParentRunner.java:363)
	at org.junit.runners.Suite.runChild$$PHOSPHORTAGGED(Suite.java:128)
	at org.junit.runners.Suite.runChild$$PHOSPHORTAGGED(Suite.java:27)
	at org.junit.runners.ParentRunner$3.run$$PHOSPHORTAGGED(ParentRunner.java:290)
	at org.junit.runners.ParentRunner$1.schedule$$PHOSPHORTAGGED(ParentRunner.java:71)
	at org.junit.runners.ParentRunner.runChildren$$PHOSPHORTAGGED(ParentRunner.java:288)
	at org.junit.runners.ParentRunner.access$000$$PHOSPHORTAGGED(ParentRunner.java:58)
	at org.junit.runners.ParentRunner$2.evaluate$$PHOSPHORTAGGED(ParentRunner.java:268)
	at org.junit.runners.ParentRunner.run$$PHOSPHORTAGGED(ParentRunner.java:363)
	at org.junit.runner.JUnitCore.run$$PHOSPHORTAGGED(JUnitCore.java:137)
	at org.junit.runner.JUnitCore.run$$PHOSPHORTAGGED(JUnitCore.java:115)
	at org.junit.runner.JUnitCore.runMain$$PHOSPHORTAGGED(JUnitCore.java:77)
	at org.junit.runner.JUnitCore.main$$PHOSPHORTAGGED(JUnitCore.java:36)
	at org.junit.runner.JUnitCore.main(JUnitCore.java)
2) test025_1(flaky.FlakyTest)
org.junit.ComparisonFailure: 'George Routledge & Sons' != 'Target Books' expected:<[George Routledge & Son]s> but was:<[Target Book]s>
	at java.lang.Throwable.fillInStackTrace$$PHOSPHORTAGGED(Throwable.java)
	at java.lang.Throwable.fillInStackTrace$$PHOSPHORTAGGED(Throwable.java:784)
	at java.lang.Throwable.<init>(Throwable.java:266)
	at java.lang.Error.<init>(Error.java:70)
	at java.lang.AssertionError.<init>(AssertionError.java:58)
	at java.lang.AssertionError.<init>(AssertionError.java:74)
	at org.junit.ComparisonFailure.<init>(ComparisonFailure.java:37)
	at org.junit.Assert.assertEquals$$PHOSPHORTAGGED(Assert.java:115)
	at flaky.FlakyTest.test025_1$$PHOSPHORTAGGED(FlakyTest.java:36)
	at sun.reflect.NativeMethodAccessorImpl.invoke0(Native Method)
	at sun.reflect.NativeMethodAccessorImpl.invoke0$$PHOSPHORTAGGED(NativeMethodAccessorImpl.java)
	at sun.reflect.NativeMethodAccessorImpl.invoke$$PHOSPHORTAGGED(NativeMethodAccessorImpl.java:62)
	at sun.reflect.NativeMethodAccessorImpl.invoke(NativeMethodAccessorImpl.java:0)
	at sun.reflect.DelegatingMethodAccessorImpl.invoke$$PHOSPHORTAGGED(DelegatingMethodAccessorImpl.java:43)
	at sun.reflect.DelegatingMethodAccessorImpl.invoke(DelegatingMethodAccessorImpl.java:0)
	at java.lang.reflect.Method.invoke$$PHOSPHORTAGGED(Method.java:498)
	at org.junit.runners.model.FrameworkMethod$1.runReflectiveCall$$PHOSPHORTAGGED(FrameworkMethod.java:50)
	at org.junit.internal.runners.model.ReflectiveCallable.run$$PHOSPHORTAGGED(ReflectiveCallable.java:12)
	at org.junit.runners.model.FrameworkMethod.invokeExplosively$$PHOSPHORTAGGED(FrameworkMethod.java:47)
	at org.junit.internal.runners.statements.InvokeMethod.evaluate$$PHOSPHORTAGGED(InvokeMethod.java:17)
	at org.junit.runners.ParentRunner.runLeaf$$PHOSPHORTAGGED(ParentRunner.java:325)
	at org.junit.runners.BlockJUnit4ClassRunner.runChild$$PHOSPHORTAGGED(BlockJUnit4ClassRunner.java:78)
	at org.junit.runners.BlockJUnit4ClassRunner.runChild$$PHOSPHORTAGGED(BlockJUnit4ClassRunner.java:57)
	at org.junit.runners.ParentRunner$3.run$$PHOSPHORTAGGED(ParentRunner.java:290)
	at org.junit.runners.ParentRunner$1.schedule$$PHOSPHORTAGGED(ParentRunner.java:71)
	at org.junit.runners.ParentRunner.runChildren$$PHOSPHORTAGGED(ParentRunner.java:288)
	at org.junit.runners.ParentRunner.access$000$$PHOSPHORTAGGED(ParentRunner.java:58)
	at org.junit.runners.ParentRunner$2.evaluate$$PHOSPHORTAGGED(ParentRunner.java:268)
	at org.junit.runners.ParentRunner.run$$PHOSPHORTAGGED(ParentRunner.java:363)
	at org.junit.runners.Suite.runChild$$PHOSPHORTAGGED(Suite.java:128)
	at org.junit.runners.Suite.runChild$$PHOSPHORTAGGED(Suite.java:27)
	at org.junit.runners.ParentRunner$3.run$$PHOSPHORTAGGED(ParentRunner.java:290)
	at org.junit.runners.ParentRunner$1.schedule$$PHOSPHORTAGGED(ParentRunner.java:71)
	at org.junit.runners.ParentRunner.runChildren$$PHOSPHORTAGGED(ParentRunner.java:288)
	at org.junit.runners.ParentRunner.access$000$$PHOSPHORTAGGED(ParentRunner.java:58)
	at org.junit.runners.ParentRunner$2.evaluate$$PHOSPHORTAGGED(ParentRunner.java:268)
	at org.junit.runners.ParentRunner.run$$PHOSPHORTAGGED(ParentRunner.java:363)
	at org.junit.runner.JUnitCore.run$$PHOSPHORTAGGED(JUnitCore.java:137)
	at org.junit.runner.JUnitCore.run$$PHOSPHORTAGGED(JUnitCore.java:115)
	at org.junit.runner.JUnitCore.runMain$$PHOSPHORTAGGED(JUnitCore.java:77)
	at org.junit.runner.JUnitCore.main$$PHOSPHORTAGGED(JUnitCore.java:36)
	at org.junit.runner.JUnitCore.main(JUnitCore.java)
3) test026_1(flaky.FlakyTest)
org.junit.ComparisonFailure: 'Orient clam' != 'Small amberjack' expected:<[Orient clam]> but was:<[Small amberjack]>
	at java.lang.Throwable.fillInStackTrace$$PHOSPHORTAGGED(Throwable.java)
	at java.lang.Throwable.fillInStackTrace$$PHOSPHORTAGGED(Throwable.java:784)
	at java.lang.Throwable.<init>(Throwable.java:266)
	at java.lang.Error.<init>(Error.java:70)
	at java.lang.AssertionError.<init>(AssertionError.java:58)
	at java.lang.AssertionError.<init>(AssertionError.java:74)
	at org.junit.ComparisonFailure.<init>(ComparisonFailure.java:37)
	at org.junit.Assert.assertEquals$$PHOSPHORTAGGED(Assert.java:115)
	at flaky.FlakyTest.test026_1$$PHOSPHORTAGGED(FlakyTest.java:49)
	at sun.reflect.NativeMethodAccessorImpl.invoke0(Native Method)
	at sun.reflect.NativeMethodAccessorImpl.invoke0$$PHOSPHORTAGGED(NativeMethodAccessorImpl.java)
	at sun.reflect.NativeMethodAccessorImpl.invoke$$PHOSPHORTAGGED(NativeMethodAccessorImpl.java:62)
	at sun.reflect.NativeMethodAccessorImpl.invoke(NativeMethodAccessorImpl.java:0)
	at sun.reflect.DelegatingMethodAccessorImpl.invoke$$PHOSPHORTAGGED(DelegatingMethodAccessorImpl.java:43)
	at sun.reflect.DelegatingMethodAccessorImpl.invoke(DelegatingMethodAccessorImpl.java:0)
	at java.lang.reflect.Method.invoke$$PHOSPHORTAGGED(Method.java:498)
	at org.junit.runners.model.FrameworkMethod$1.runReflectiveCall$$PHOSPHORTAGGED(FrameworkMethod.java:50)
	at org.junit.internal.runners.model.ReflectiveCallable.run$$PHOSPHORTAGGED(ReflectiveCallable.java:12)
	at org.junit.runners.model.FrameworkMethod.invokeExplosively$$PHOSPHORTAGGED(FrameworkMethod.java:47)
	at org.junit.internal.runners.statements.InvokeMethod.evaluate$$PHOSPHORTAGGED(InvokeMethod.java:17)
	at org.junit.runners.ParentRunner.runLeaf$$PHOSPHORTAGGED(ParentRunner.java:325)
	at org.junit.runners.BlockJUnit4ClassRunner.runChild$$PHOSPHORTAGGED(BlockJUnit4ClassRunner.java:78)
	at org.junit.runners.BlockJUnit4ClassRunner.runChild$$PHOSPHORTAGGED(BlockJUnit4ClassRunner.java:57)
	at org.junit.runners.ParentRunner$3.run$$PHOSPHORTAGGED(ParentRunner.java:290)
	at org.junit.runners.ParentRunner$1.schedule$$PHOSPHORTAGGED(ParentRunner.java:71)
	at org.junit.runners.ParentRunner.runChildren$$PHOSPHORTAGGED(ParentRunner.java:288)
	at org.junit.runners.ParentRunner.access$000$$PHOSPHORTAGGED(ParentRunner.java:58)
	at org.junit.runners.ParentRunner$2.evaluate$$PHOSPHORTAGGED(ParentRunner.java:268)
	at org.junit.runners.ParentRunner.run$$PHOSPHORTAGGED(ParentRunner.java:363)
	at org.junit.runners.Suite.runChild$$PHOSPHORTAGGED(Suite.java:128)
	at org.junit.runners.Suite.runChild$$PHOSPHORTAGGED(Suite.java:27)
	at org.junit.runners.ParentRunner$3.run$$PHOSPHORTAGGED(ParentRunner.java:290)
	at org.junit.runners.ParentRunner$1.schedule$$PHOSPHORTAGGED(ParentRunner.java:71)
	at org.junit.runners.ParentRunner.runChildren$$PHOSPHORTAGGED(ParentRunner.java:288)
	at org.junit.runners.ParentRunner.access$000$$PHOSPHORTAGGED(ParentRunner.java:58)
	at org.junit.runners.ParentRunner$2.evaluate$$PHOSPHORTAGGED(ParentRunner.java:268)
	at org.junit.runners.ParentRunner.run$$PHOSPHORTAGGED(ParentRunner.java:363)
	at org.junit.runner.JUnitCore.run$$PHOSPHORTAGGED(JUnitCore.java:137)
	at org.junit.runner.JUnitCore.run$$PHOSPHORTAGGED(JUnitCore.java:115)
	at org.junit.runner.JUnitCore.runMain$$PHOSPHORTAGGED(JUnitCore.java:77)
	at org.junit.runner.JUnitCore.main$$PHOSPHORTAGGED(JUnitCore.java:36)
	at org.junit.runner.JUnitCore.main(JUnitCore.java)
4) test031_1(flaky.FlakyTest)
org.junit.ComparisonFailure: 'East' != 'Eastern' expected:<East[]> but was:<East[ern]>
	at java.lang.Throwable.fillInStackTrace$$PHOSPHORTAGGED(Throwable.java)
	at java.lang.Throwable.fillInStackTrace$$PHOSPHORTAGGED(Throwable.java:784)
	at java.lang.Throwable.<init>(Throwable.java:266)
	at java.lang.Error.<init>(Error.java:70)
	at java.lang.AssertionError.<init>(AssertionError.java:58)
	at java.lang.AssertionError.<init>(AssertionError.java:74)
	at org.junit.ComparisonFailure.<init>(ComparisonFailure.java:37)
	at org.junit.Assert.assertEquals$$PHOSPHORTAGGED(Assert.java:115)
	at flaky.FlakyTest.test031_1$$PHOSPHORTAGGED(FlakyTest.java:68)
	at sun.reflect.NativeMethodAccessorImpl.invoke0(Native Method)
	at sun.reflect.NativeMethodAccessorImpl.invoke0$$PHOSPHORTAGGED(NativeMethodAccessorImpl.java)
	at sun.reflect.NativeMethodAccessorImpl.invoke$$PHOSPHORTAGGED(NativeMethodAccessorImpl.java:62)
	at sun.reflect.NativeMethodAccessorImpl.invoke(NativeMethodAccessorImpl.java:0)
	at sun.reflect.DelegatingMethodAccessorImpl.invoke$$PHOSPHORTAGGED(DelegatingMethodAccessorImpl.java:43)
	at sun.reflect.DelegatingMethodAccessorImpl.invoke(DelegatingMethodAccessorImpl.java:0)
	at java.lang.reflect.Method.invoke$$PHOSPHORTAGGED(Method.java:498)
	at org.junit.runners.model.FrameworkMethod$1.runReflectiveCall$$PHOSPHORTAGGED(FrameworkMethod.java:50)
	at org.junit.internal.runners.model.ReflectiveCallable.run$$PHOSPHORTAGGED(ReflectiveCallable.java:12)
	at org.junit.runners.model.FrameworkMethod.invokeExplosively$$PHOSPHORTAGGED(FrameworkMethod.java:47)
	at org.junit.internal.runners.statements.InvokeMethod.evaluate$$PHOSPHORTAGGED(InvokeMethod.java:17)
	at org.junit.runners.ParentRunner.runLeaf$$PHOSPHORTAGGED(ParentRunner.java:325)
	at org.junit.runners.BlockJUnit4ClassRunner.runChild$$PHOSPHORTAGGED(BlockJUnit4ClassRunner.java:78)
	at org.junit.runners.BlockJUnit4ClassRunner.runChild$$PHOSPHORTAGGED(BlockJUnit4ClassRunner.java:57)
	at org.junit.runners.ParentRunner$3.run$$PHOSPHORTAGGED(ParentRunner.java:290)
	at org.junit.runners.ParentRunner$1.schedule$$PHOSPHORTAGGED(ParentRunner.java:71)
	at org.junit.runners.ParentRunner.runChildren$$PHOSPHORTAGGED(ParentRunner.java:288)
	at org.junit.runners.ParentRunner.access$000$$PHOSPHORTAGGED(ParentRunner.java:58)
	at org.junit.runners.ParentRunner$2.evaluate$$PHOSPHORTAGGED(ParentRunner.java:268)
	at org.junit.runners.ParentRunner.run$$PHOSPHORTAGGED(ParentRunner.java:363)
	at org.junit.runners.Suite.runChild$$PHOSPHORTAGGED(Suite.java:128)
	at org.junit.runners.Suite.runChild$$PHOSPHORTAGGED(Suite.java:27)
	at org.junit.runners.ParentRunner$3.run$$PHOSPHORTAGGED(ParentRunner.java:290)
	at org.junit.runners.ParentRunner$1.schedule$$PHOSPHORTAGGED(ParentRunner.java:71)
	at org.junit.runners.ParentRunner.runChildren$$PHOSPHORTAGGED(ParentRunner.java:288)
	at org.junit.runners.ParentRunner.access$000$$PHOSPHORTAGGED(ParentRunner.java:58)
	at org.junit.runners.ParentRunner$2.evaluate$$PHOSPHORTAGGED(ParentRunner.java:268)
	at org.junit.runners.ParentRunner.run$$PHOSPHORTAGGED(ParentRunner.java:363)
	at org.junit.runner.JUnitCore.run$$PHOSPHORTAGGED(JUnitCore.java:137)
	at org.junit.runner.JUnitCore.run$$PHOSPHORTAGGED(JUnitCore.java:115)
	at org.junit.runner.JUnitCore.runMain$$PHOSPHORTAGGED(JUnitCore.java:77)
	at org.junit.runner.JUnitCore.main$$PHOSPHORTAGGED(JUnitCore.java:36)
	at org.junit.runner.JUnitCore.main(JUnitCore.java)
5) test034_1(flaky.FlakyTest)
org.junit.ComparisonFailure: 'Small Forward' != 'Center' expected:<[Small Forward]> but was:<[Center]>
	at java.lang.Throwable.fillInStackTrace$$PHOSPHORTAGGED(Throwable.java)
	at java.lang.Throwable.fillInStackTrace$$PHOSPHORTAGGED(Throwable.java:784)
	at java.lang.Throwable.<init>(Throwable.java:266)
	at java.lang.Error.<init>(Error.java:70)
	at java.lang.AssertionError.<init>(AssertionError.java:58)
	at java.lang.AssertionError.<init>(AssertionError.java:74)
	at org.junit.ComparisonFailure.<init>(ComparisonFailure.java:37)
	at org.junit.Assert.assertEquals$$PHOSPHORTAGGED(Assert.java:115)
	at flaky.FlakyTest.test034_1$$PHOSPHORTAGGED(FlakyTest.java:85)
	at sun.reflect.NativeMethodAccessorImpl.invoke0(Native Method)
	at sun.reflect.NativeMethodAccessorImpl.invoke0$$PHOSPHORTAGGED(NativeMethodAccessorImpl.java)
	at sun.reflect.NativeMethodAccessorImpl.invoke$$PHOSPHORTAGGED(NativeMethodAccessorImpl.java:62)
	at sun.reflect.NativeMethodAccessorImpl.invoke(NativeMethodAccessorImpl.java:0)
	at sun.reflect.DelegatingMethodAccessorImpl.invoke$$PHOSPHORTAGGED(DelegatingMethodAccessorImpl.java:43)
	at sun.reflect.DelegatingMethodAccessorImpl.invoke(DelegatingMethodAccessorImpl.java:0)
	at java.lang.reflect.Method.invoke$$PHOSPHORTAGGED(Method.java:498)
	at org.junit.runners.model.FrameworkMethod$1.runReflectiveCall$$PHOSPHORTAGGED(FrameworkMethod.java:50)
	at org.junit.internal.runners.model.ReflectiveCallable.run$$PHOSPHORTAGGED(ReflectiveCallable.java:12)
	at org.junit.runners.model.FrameworkMethod.invokeExplosively$$PHOSPHORTAGGED(FrameworkMethod.java:47)
	at org.junit.internal.runners.statements.InvokeMethod.evaluate$$PHOSPHORTAGGED(InvokeMethod.java:17)
	at org.junit.runners.ParentRunner.runLeaf$$PHOSPHORTAGGED(ParentRunner.java:325)
	at org.junit.runners.BlockJUnit4ClassRunner.runChild$$PHOSPHORTAGGED(BlockJUnit4ClassRunner.java:78)
	at org.junit.runners.BlockJUnit4ClassRunner.runChild$$PHOSPHORTAGGED(BlockJUnit4ClassRunner.java:57)
	at org.junit.runners.ParentRunner$3.run$$PHOSPHORTAGGED(ParentRunner.java:290)
	at org.junit.runners.ParentRunner$1.schedule$$PHOSPHORTAGGED(ParentRunner.java:71)
	at org.junit.runners.ParentRunner.runChildren$$PHOSPHORTAGGED(ParentRunner.java:288)
	at org.junit.runners.ParentRunner.access$000$$PHOSPHORTAGGED(ParentRunner.java:58)
	at org.junit.runners.ParentRunner$2.evaluate$$PHOSPHORTAGGED(ParentRunner.java:268)
	at org.junit.runners.ParentRunner.run$$PHOSPHORTAGGED(ParentRunner.java:363)
	at org.junit.runners.Suite.runChild$$PHOSPHORTAGGED(Suite.java:128)
	at org.junit.runners.Suite.runChild$$PHOSPHORTAGGED(Suite.java:27)
	at org.junit.runners.ParentRunner$3.run$$PHOSPHORTAGGED(ParentRunner.java:290)
	at org.junit.runners.ParentRunner$1.schedule$$PHOSPHORTAGGED(ParentRunner.java:71)
	at org.junit.runners.ParentRunner.runChildren$$PHOSPHORTAGGED(ParentRunner.java:288)
	at org.junit.runners.ParentRunner.access$000$$PHOSPHORTAGGED(ParentRunner.java:58)
	at org.junit.runners.ParentRunner$2.evaluate$$PHOSPHORTAGGED(ParentRunner.java:268)
	at org.junit.runners.ParentRunner.run$$PHOSPHORTAGGED(ParentRunner.java:363)
	at org.junit.runner.JUnitCore.run$$PHOSPHORTAGGED(JUnitCore.java:137)
	at org.junit.runner.JUnitCore.run$$PHOSPHORTAGGED(JUnitCore.java:115)
	at org.junit.runner.JUnitCore.runMain$$PHOSPHORTAGGED(JUnitCore.java:77)
	at org.junit.runner.JUnitCore.main$$PHOSPHORTAGGED(JUnitCore.java:36)
	at org.junit.runner.JUnitCore.main(JUnitCore.java)
6) test035_1(flaky.FlakyTest)
org.junit.ComparisonFailure: 'Princess Carolyn' != 'Mr Peanutbutter' expected:<[Princess Carolyn]> but was:<[Mr Peanutbutter]>
	at java.lang.Throwable.fillInStackTrace$$PHOSPHORTAGGED(Throwable.java)
	at java.lang.Throwable.fillInStackTrace$$PHOSPHORTAGGED(Throwable.java:784)
	at java.lang.Throwable.<init>(Throwable.java:266)
	at java.lang.Error.<init>(Error.java:70)
	at java.lang.AssertionError.<init>(AssertionError.java:58)
	at java.lang.AssertionError.<init>(AssertionError.java:74)
	at org.junit.ComparisonFailure.<init>(ComparisonFailure.java:37)
	at org.junit.Assert.assertEquals$$PHOSPHORTAGGED(Assert.java:115)
	at flaky.FlakyTest.test035_1$$PHOSPHORTAGGED(FlakyTest.java:105)
	at sun.reflect.NativeMethodAccessorImpl.invoke0(Native Method)
	at sun.reflect.NativeMethodAccessorImpl.invoke0$$PHOSPHORTAGGED(NativeMethodAccessorImpl.java)
	at sun.reflect.NativeMethodAccessorImpl.invoke$$PHOSPHORTAGGED(NativeMethodAccessorImpl.java:62)
	at sun.reflect.NativeMethodAccessorImpl.invoke(NativeMethodAccessorImpl.java:0)
	at sun.reflect.DelegatingMethodAccessorImpl.invoke$$PHOSPHORTAGGED(DelegatingMethodAccessorImpl.java:43)
	at sun.reflect.DelegatingMethodAccessorImpl.invoke(DelegatingMethodAccessorImpl.java:0)
	at java.lang.reflect.Method.invoke$$PHOSPHORTAGGED(Method.java:498)
	at org.junit.runners.model.FrameworkMethod$1.runReflectiveCall$$PHOSPHORTAGGED(FrameworkMethod.java:50)
	at org.junit.internal.runners.model.ReflectiveCallable.run$$PHOSPHORTAGGED(ReflectiveCallable.java:12)
	at org.junit.runners.model.FrameworkMethod.invokeExplosively$$PHOSPHORTAGGED(FrameworkMethod.java:47)
	at org.junit.internal.runners.statements.InvokeMethod.evaluate$$PHOSPHORTAGGED(InvokeMethod.java:17)
	at org.junit.runners.ParentRunner.runLeaf$$PHOSPHORTAGGED(ParentRunner.java:325)
	at org.junit.runners.BlockJUnit4ClassRunner.runChild$$PHOSPHORTAGGED(BlockJUnit4ClassRunner.java:78)
	at org.junit.runners.BlockJUnit4ClassRunner.runChild$$PHOSPHORTAGGED(BlockJUnit4ClassRunner.java:57)
	at org.junit.runners.ParentRunner$3.run$$PHOSPHORTAGGED(ParentRunner.java:290)
	at org.junit.runners.ParentRunner$1.schedule$$PHOSPHORTAGGED(ParentRunner.java:71)
	at org.junit.runners.ParentRunner.runChildren$$PHOSPHORTAGGED(ParentRunner.java:288)
	at org.junit.runners.ParentRunner.access$000$$PHOSPHORTAGGED(ParentRunner.java:58)
	at org.junit.runners.ParentRunner$2.evaluate$$PHOSPHORTAGGED(ParentRunner.java:268)
	at org.junit.runners.ParentRunner.run$$PHOSPHORTAGGED(ParentRunner.java:363)
	at org.junit.runners.Suite.runChild$$PHOSPHORTAGGED(Suite.java:128)
	at org.junit.runners.Suite.runChild$$PHOSPHORTAGGED(Suite.java:27)
	at org.junit.runners.ParentRunner$3.run$$PHOSPHORTAGGED(ParentRunner.java:290)
	at org.junit.runners.ParentRunner$1.schedule$$PHOSPHORTAGGED(ParentRunner.java:71)
	at org.junit.runners.ParentRunner.runChildren$$PHOSPHORTAGGED(ParentRunner.java:288)
	at org.junit.runners.ParentRunner.access$000$$PHOSPHORTAGGED(ParentRunner.java:58)
	at org.junit.runners.ParentRunner$2.evaluate$$PHOSPHORTAGGED(ParentRunner.java:268)
	at org.junit.runners.ParentRunner.run$$PHOSPHORTAGGED(ParentRunner.java:363)
	at org.junit.runner.JUnitCore.run$$PHOSPHORTAGGED(JUnitCore.java:137)
	at org.junit.runner.JUnitCore.run$$PHOSPHORTAGGED(JUnitCore.java:115)
	at org.junit.runner.JUnitCore.runMain$$PHOSPHORTAGGED(JUnitCore.java:77)
	at org.junit.runner.JUnitCore.main$$PHOSPHORTAGGED(JUnitCore.java:36)
	at org.junit.runner.JUnitCore.main(JUnitCore.java)
7) test035_2(flaky.FlakyTest)
org.junit.ComparisonFailure: 'I need to go take a shower so I can't tell if I'm crying or not' != 'Spaghetti or not, here I come' expected:<[I need to go take a shower so I can't tell if I'm crying or not]> but was:<[Spaghetti or not, here I come]>
	at java.lang.Throwable.fillInStackTrace$$PHOSPHORTAGGED(Throwable.java)
	at java.lang.Throwable.fillInStackTrace$$PHOSPHORTAGGED(Throwable.java:784)
	at java.lang.Throwable.<init>(Throwable.java:266)
	at java.lang.Error.<init>(Error.java:70)
	at java.lang.AssertionError.<init>(AssertionError.java:58)
	at java.lang.AssertionError.<init>(AssertionError.java:74)
	at org.junit.ComparisonFailure.<init>(ComparisonFailure.java:37)
	at org.junit.Assert.assertEquals$$PHOSPHORTAGGED(Assert.java:115)
	at flaky.FlakyTest.test035_2$$PHOSPHORTAGGED(FlakyTest.java:127)
	at sun.reflect.NativeMethodAccessorImpl.invoke0(Native Method)
	at sun.reflect.NativeMethodAccessorImpl.invoke0$$PHOSPHORTAGGED(NativeMethodAccessorImpl.java)
	at sun.reflect.NativeMethodAccessorImpl.invoke$$PHOSPHORTAGGED(NativeMethodAccessorImpl.java:62)
	at sun.reflect.NativeMethodAccessorImpl.invoke(NativeMethodAccessorImpl.java:0)
	at sun.reflect.DelegatingMethodAccessorImpl.invoke$$PHOSPHORTAGGED(DelegatingMethodAccessorImpl.java:43)
	at sun.reflect.DelegatingMethodAccessorImpl.invoke(DelegatingMethodAccessorImpl.java:0)
	at java.lang.reflect.Method.invoke$$PHOSPHORTAGGED(Method.java:498)
	at org.junit.runners.model.FrameworkMethod$1.runReflectiveCall$$PHOSPHORTAGGED(FrameworkMethod.java:50)
	at org.junit.internal.runners.model.ReflectiveCallable.run$$PHOSPHORTAGGED(ReflectiveCallable.java:12)
	at org.junit.runners.model.FrameworkMethod.invokeExplosively$$PHOSPHORTAGGED(FrameworkMethod.java:47)
	at org.junit.internal.runners.statements.InvokeMethod.evaluate$$PHOSPHORTAGGED(InvokeMethod.java:17)
	at org.junit.runners.ParentRunner.runLeaf$$PHOSPHORTAGGED(ParentRunner.java:325)
	at org.junit.runners.BlockJUnit4ClassRunner.runChild$$PHOSPHORTAGGED(BlockJUnit4ClassRunner.java:78)
	at org.junit.runners.BlockJUnit4ClassRunner.runChild$$PHOSPHORTAGGED(BlockJUnit4ClassRunner.java:57)
	at org.junit.runners.ParentRunner$3.run$$PHOSPHORTAGGED(ParentRunner.java:290)
	at org.junit.runners.ParentRunner$1.schedule$$PHOSPHORTAGGED(ParentRunner.java:71)
	at org.junit.runners.ParentRunner.runChildren$$PHOSPHORTAGGED(ParentRunner.java:288)
	at org.junit.runners.ParentRunner.access$000$$PHOSPHORTAGGED(ParentRunner.java:58)
	at org.junit.runners.ParentRunner$2.evaluate$$PHOSPHORTAGGED(ParentRunner.java:268)
	at org.junit.runners.ParentRunner.run$$PHOSPHORTAGGED(ParentRunner.java:363)
	at org.junit.runners.Suite.runChild$$PHOSPHORTAGGED(Suite.java:128)
	at org.junit.runners.Suite.runChild$$PHOSPHORTAGGED(Suite.java:27)
	at org.junit.runners.ParentRunner$3.run$$PHOSPHORTAGGED(ParentRunner.java:290)
	at org.junit.runners.ParentRunner$1.schedule$$PHOSPHORTAGGED(ParentRunner.java:71)
	at org.junit.runners.ParentRunner.runChildren$$PHOSPHORTAGGED(ParentRunner.java:288)
	at org.junit.runners.ParentRunner.access$000$$PHOSPHORTAGGED(ParentRunner.java:58)
	at org.junit.runners.ParentRunner$2.evaluate$$PHOSPHORTAGGED(ParentRunner.java:268)
	at org.junit.runners.ParentRunner.run$$PHOSPHORTAGGED(ParentRunner.java:363)
	at org.junit.runner.JUnitCore.run$$PHOSPHORTAGGED(JUnitCore.java:137)
	at org.junit.runner.JUnitCore.run$$PHOSPHORTAGGED(JUnitCore.java:115)
	at org.junit.runner.JUnitCore.runMain$$PHOSPHORTAGGED(JUnitCore.java:77)
	at org.junit.runner.JUnitCore.main$$PHOSPHORTAGGED(JUnitCore.java:36)
	at org.junit.runner.JUnitCore.main(JUnitCore.java)
8) test036_1(flaky.FlakyTest)
org.junit.ComparisonFailure: ':wine_glass:' != ':banana:' expected:<:[wine_glass]:> but was:<:[banana]:>
	at java.lang.Throwable.fillInStackTrace$$PHOSPHORTAGGED(Throwable.java)
	at java.lang.Throwable.fillInStackTrace$$PHOSPHORTAGGED(Throwable.java:784)
	at java.lang.Throwable.<init>(Throwable.java:266)
	at java.lang.Error.<init>(Error.java:70)
	at java.lang.AssertionError.<init>(AssertionError.java:58)
	at java.lang.AssertionError.<init>(AssertionError.java:74)
	at org.junit.ComparisonFailure.<init>(ComparisonFailure.java:37)
	at org.junit.Assert.assertEquals$$PHOSPHORTAGGED(Assert.java:115)
	at flaky.FlakyTest.test036_1$$PHOSPHORTAGGED(FlakyTest.java:140)
	at sun.reflect.NativeMethodAccessorImpl.invoke0(Native Method)
	at sun.reflect.NativeMethodAccessorImpl.invoke0$$PHOSPHORTAGGED(NativeMethodAccessorImpl.java)
	at sun.reflect.NativeMethodAccessorImpl.invoke$$PHOSPHORTAGGED(NativeMethodAccessorImpl.java:62)
	at sun.reflect.NativeMethodAccessorImpl.invoke(NativeMethodAccessorImpl.java:0)
	at sun.reflect.DelegatingMethodAccessorImpl.invoke$$PHOSPHORTAGGED(DelegatingMethodAccessorImpl.java:43)
	at sun.reflect.DelegatingMethodAccessorImpl.invoke(DelegatingMethodAccessorImpl.java:0)
	at java.lang.reflect.Method.invoke$$PHOSPHORTAGGED(Method.java:498)
	at org.junit.runners.model.FrameworkMethod$1.runReflectiveCall$$PHOSPHORTAGGED(FrameworkMethod.java:50)
	at org.junit.internal.runners.model.ReflectiveCallable.run$$PHOSPHORTAGGED(ReflectiveCallable.java:12)
	at org.junit.runners.model.FrameworkMethod.invokeExplosively$$PHOSPHORTAGGED(FrameworkMethod.java:47)
	at org.junit.internal.runners.statements.InvokeMethod.evaluate$$PHOSPHORTAGGED(InvokeMethod.java:17)
	at org.junit.runners.ParentRunner.runLeaf$$PHOSPHORTAGGED(ParentRunner.java:325)
	at org.junit.runners.BlockJUnit4ClassRunner.runChild$$PHOSPHORTAGGED(BlockJUnit4ClassRunner.java:78)
	at org.junit.runners.BlockJUnit4ClassRunner.runChild$$PHOSPHORTAGGED(BlockJUnit4ClassRunner.java:57)
	at org.junit.runners.ParentRunner$3.run$$PHOSPHORTAGGED(ParentRunner.java:290)
	at org.junit.runners.ParentRunner$1.schedule$$PHOSPHORTAGGED(ParentRunner.java:71)
	at org.junit.runners.ParentRunner.runChildren$$PHOSPHORTAGGED(ParentRunner.java:288)
	at org.junit.runners.ParentRunner.access$000$$PHOSPHORTAGGED(ParentRunner.java:58)
	at org.junit.runners.ParentRunner$2.evaluate$$PHOSPHORTAGGED(ParentRunner.java:268)
	at org.junit.runners.ParentRunner.run$$PHOSPHORTAGGED(ParentRunner.java:363)
	at org.junit.runners.Suite.runChild$$PHOSPHORTAGGED(Suite.java:128)
	at org.junit.runners.Suite.runChild$$PHOSPHORTAGGED(Suite.java:27)
	at org.junit.runners.ParentRunner$3.run$$PHOSPHORTAGGED(ParentRunner.java:290)
	at org.junit.runners.ParentRunner$1.schedule$$PHOSPHORTAGGED(ParentRunner.java:71)
	at org.junit.runners.ParentRunner.runChildren$$PHOSPHORTAGGED(ParentRunner.java:288)
	at org.junit.runners.ParentRunner.access$000$$PHOSPHORTAGGED(ParentRunner.java:58)
	at org.junit.runners.ParentRunner$2.evaluate$$PHOSPHORTAGGED(ParentRunner.java:268)
	at org.junit.runners.ParentRunner.run$$PHOSPHORTAGGED(ParentRunner.java:363)
	at org.junit.runner.JUnitCore.run$$PHOSPHORTAGGED(JUnitCore.java:137)
	at org.junit.runner.JUnitCore.run$$PHOSPHORTAGGED(JUnitCore.java:115)
	at org.junit.runner.JUnitCore.runMain$$PHOSPHORTAGGED(JUnitCore.java:77)
	at org.junit.runner.JUnitCore.main$$PHOSPHORTAGGED(JUnitCore.java:36)
	at org.junit.runner.JUnitCore.main(JUnitCore.java)
9) test038_1(flaky.FlakyTest)
org.junit.ComparisonFailure: 'Cat Fanciers' Association' != 'Cat Aficionado Association' expected:<Cat [Fanciers'] Association> but was:<Cat [Aficionado] Association>
	at java.lang.Throwable.fillInStackTrace$$PHOSPHORTAGGED(Throwable.java)
	at java.lang.Throwable.fillInStackTrace$$PHOSPHORTAGGED(Throwable.java:784)
	at java.lang.Throwable.<init>(Throwable.java:266)
	at java.lang.Error.<init>(Error.java:70)
	at java.lang.AssertionError.<init>(AssertionError.java:58)
	at java.lang.AssertionError.<init>(AssertionError.java:74)
	at org.junit.ComparisonFailure.<init>(ComparisonFailure.java:37)
	at org.junit.Assert.assertEquals$$PHOSPHORTAGGED(Assert.java:115)
	at flaky.FlakyTest.test038_1$$PHOSPHORTAGGED(FlakyTest.java:155)
	at sun.reflect.NativeMethodAccessorImpl.invoke0(Native Method)
	at sun.reflect.NativeMethodAccessorImpl.invoke0$$PHOSPHORTAGGED(NativeMethodAccessorImpl.java)
	at sun.reflect.NativeMethodAccessorImpl.invoke$$PHOSPHORTAGGED(NativeMethodAccessorImpl.java:62)
	at sun.reflect.NativeMethodAccessorImpl.invoke(NativeMethodAccessorImpl.java:0)
	at sun.reflect.DelegatingMethodAccessorImpl.invoke$$PHOSPHORTAGGED(DelegatingMethodAccessorImpl.java:43)
	at sun.reflect.DelegatingMethodAccessorImpl.invoke(DelegatingMethodAccessorImpl.java:0)
	at java.lang.reflect.Method.invoke$$PHOSPHORTAGGED(Method.java:498)
	at org.junit.runners.model.FrameworkMethod$1.runReflectiveCall$$PHOSPHORTAGGED(FrameworkMethod.java:50)
	at org.junit.internal.runners.model.ReflectiveCallable.run$$PHOSPHORTAGGED(ReflectiveCallable.java:12)
	at org.junit.runners.model.FrameworkMethod.invokeExplosively$$PHOSPHORTAGGED(FrameworkMethod.java:47)
	at org.junit.internal.runners.statements.InvokeMethod.evaluate$$PHOSPHORTAGGED(InvokeMethod.java:17)
	at org.junit.runners.ParentRunner.runLeaf$$PHOSPHORTAGGED(ParentRunner.java:325)
	at org.junit.runners.BlockJUnit4ClassRunner.runChild$$PHOSPHORTAGGED(BlockJUnit4ClassRunner.java:78)
	at org.junit.runners.BlockJUnit4ClassRunner.runChild$$PHOSPHORTAGGED(BlockJUnit4ClassRunner.java:57)
	at org.junit.runners.ParentRunner$3.run$$PHOSPHORTAGGED(ParentRunner.java:290)
	at org.junit.runners.ParentRunner$1.schedule$$PHOSPHORTAGGED(ParentRunner.java:71)
	at org.junit.runners.ParentRunner.runChildren$$PHOSPHORTAGGED(ParentRunner.java:288)
	at org.junit.runners.ParentRunner.access$000$$PHOSPHORTAGGED(ParentRunner.java:58)
	at org.junit.runners.ParentRunner$2.evaluate$$PHOSPHORTAGGED(ParentRunner.java:268)
	at org.junit.runners.ParentRunner.run$$PHOSPHORTAGGED(ParentRunner.java:363)
	at org.junit.runners.Suite.runChild$$PHOSPHORTAGGED(Suite.java:128)
	at org.junit.runners.Suite.runChild$$PHOSPHORTAGGED(Suite.java:27)
	at org.junit.runners.ParentRunner$3.run$$PHOSPHORTAGGED(ParentRunner.java:290)
	at org.junit.runners.ParentRunner$1.schedule$$PHOSPHORTAGGED(ParentRunner.java:71)
	at org.junit.runners.ParentRunner.runChildren$$PHOSPHORTAGGED(ParentRunner.java:288)
	at org.junit.runners.ParentRunner.access$000$$PHOSPHORTAGGED(ParentRunner.java:58)
	at org.junit.runners.ParentRunner$2.evaluate$$PHOSPHORTAGGED(ParentRunner.java:268)
	at org.junit.runners.ParentRunner.run$$PHOSPHORTAGGED(ParentRunner.java:363)
	at org.junit.runner.JUnitCore.run$$PHOSPHORTAGGED(JUnitCore.java:137)
	at org.junit.runner.JUnitCore.run$$PHOSPHORTAGGED(JUnitCore.java:115)
	at org.junit.runner.JUnitCore.runMain$$PHOSPHORTAGGED(JUnitCore.java:77)
	at org.junit.runner.JUnitCore.main$$PHOSPHORTAGGED(JUnitCore.java:36)
	at org.junit.runner.JUnitCore.main(JUnitCore.java)
10) test041_1(flaky.FlakyTest)
org.junit.ComparisonFailure: 'Portnoy finds joy in hoi polloi boy toy' != 'Courtney Portnoy portrayed the formerly portly consort in the seaport resort' expected:<[Portnoy finds joy in hoi polloi boy toy]> but was:<[Courtney Portnoy portrayed the formerly portly consort in the seaport resort]>
	at java.lang.Throwable.fillInStackTrace$$PHOSPHORTAGGED(Throwable.java)
	at java.lang.Throwable.fillInStackTrace$$PHOSPHORTAGGED(Throwable.java:784)
	at java.lang.Throwable.<init>(Throwable.java:266)
	at java.lang.Error.<init>(Error.java:70)
	at java.lang.AssertionError.<init>(AssertionError.java:58)
	at java.lang.AssertionError.<init>(AssertionError.java:74)
	at org.junit.ComparisonFailure.<init>(ComparisonFailure.java:37)
	at org.junit.Assert.assertEquals$$PHOSPHORTAGGED(Assert.java:115)
	at flaky.FlakyTest.test041_1$$PHOSPHORTAGGED(FlakyTest.java:174)
	at sun.reflect.NativeMethodAccessorImpl.invoke0(Native Method)
	at sun.reflect.NativeMethodAccessorImpl.invoke0$$PHOSPHORTAGGED(NativeMethodAccessorImpl.java)
	at sun.reflect.NativeMethodAccessorImpl.invoke$$PHOSPHORTAGGED(NativeMethodAccessorImpl.java:62)
	at sun.reflect.NativeMethodAccessorImpl.invoke(NativeMethodAccessorImpl.java:0)
	at sun.reflect.DelegatingMethodAccessorImpl.invoke$$PHOSPHORTAGGED(DelegatingMethodAccessorImpl.java:43)
	at sun.reflect.DelegatingMethodAccessorImpl.invoke(DelegatingMethodAccessorImpl.java:0)
	at java.lang.reflect.Method.invoke$$PHOSPHORTAGGED(Method.java:498)
	at org.junit.runners.model.FrameworkMethod$1.runReflectiveCall$$PHOSPHORTAGGED(FrameworkMethod.java:50)
	at org.junit.internal.runners.model.ReflectiveCallable.run$$PHOSPHORTAGGED(ReflectiveCallable.java:12)
	at org.junit.runners.model.FrameworkMethod.invokeExplosively$$PHOSPHORTAGGED(FrameworkMethod.java:47)
	at org.junit.internal.runners.statements.InvokeMethod.evaluate$$PHOSPHORTAGGED(InvokeMethod.java:17)
	at org.junit.runners.ParentRunner.runLeaf$$PHOSPHORTAGGED(ParentRunner.java:325)
	at org.junit.runners.BlockJUnit4ClassRunner.runChild$$PHOSPHORTAGGED(BlockJUnit4ClassRunner.java:78)
	at org.junit.runners.BlockJUnit4ClassRunner.runChild$$PHOSPHORTAGGED(BlockJUnit4ClassRunner.java:57)
	at org.junit.runners.ParentRunner$3.run$$PHOSPHORTAGGED(ParentRunner.java:290)
	at org.junit.runners.ParentRunner$1.schedule$$PHOSPHORTAGGED(ParentRunner.java:71)
	at org.junit.runners.ParentRunner.runChildren$$PHOSPHORTAGGED(ParentRunner.java:288)
	at org.junit.runners.ParentRunner.access$000$$PHOSPHORTAGGED(ParentRunner.java:58)
	at org.junit.runners.ParentRunner$2.evaluate$$PHOSPHORTAGGED(ParentRunner.java:268)
	at org.junit.runners.ParentRunner.run$$PHOSPHORTAGGED(ParentRunner.java:363)
	at org.junit.runners.Suite.runChild$$PHOSPHORTAGGED(Suite.java:128)
	at org.junit.runners.Suite.runChild$$PHOSPHORTAGGED(Suite.java:27)
	at org.junit.runners.ParentRunner$3.run$$PHOSPHORTAGGED(ParentRunner.java:290)
	at org.junit.runners.ParentRunner$1.schedule$$PHOSPHORTAGGED(ParentRunner.java:71)
	at org.junit.runners.ParentRunner.runChildren$$PHOSPHORTAGGED(ParentRunner.java:288)
	at org.junit.runners.ParentRunner.access$000$$PHOSPHORTAGGED(ParentRunner.java:58)
	at org.junit.runners.ParentRunner$2.evaluate$$PHOSPHORTAGGED(ParentRunner.java:268)
	at org.junit.runners.ParentRunner.run$$PHOSPHORTAGGED(ParentRunner.java:363)
	at org.junit.runner.JUnitCore.run$$PHOSPHORTAGGED(JUnitCore.java:137)
	at org.junit.runner.JUnitCore.run$$PHOSPHORTAGGED(JUnitCore.java:115)
	at org.junit.runner.JUnitCore.runMain$$PHOSPHORTAGGED(JUnitCore.java:77)
	at org.junit.runner.JUnitCore.main$$PHOSPHORTAGGED(JUnitCore.java:36)
	at org.junit.runner.JUnitCore.main(JUnitCore.java)
11) test042_1(flaky.FlakyTest)
org.junit.ComparisonFailure: 'quantifying' != 'overriding' expected:<[quantify]ing> but was:<[overrid]ing>
	at java.lang.Throwable.fillInStackTrace$$PHOSPHORTAGGED(Throwable.java)
	at java.lang.Throwable.fillInStackTrace$$PHOSPHORTAGGED(Throwable.java:784)
	at java.lang.Throwable.<init>(Throwable.java:266)
	at java.lang.Error.<init>(Error.java:70)
	at java.lang.AssertionError.<init>(AssertionError.java:58)
	at java.lang.AssertionError.<init>(AssertionError.java:74)
	at org.junit.ComparisonFailure.<init>(ComparisonFailure.java:37)
	at org.junit.Assert.assertEquals$$PHOSPHORTAGGED(Assert.java:115)
	at flaky.FlakyTest.test042_1$$PHOSPHORTAGGED(FlakyTest.java:189)
	at sun.reflect.NativeMethodAccessorImpl.invoke0(Native Method)
	at sun.reflect.NativeMethodAccessorImpl.invoke0$$PHOSPHORTAGGED(NativeMethodAccessorImpl.java)
	at sun.reflect.NativeMethodAccessorImpl.invoke$$PHOSPHORTAGGED(NativeMethodAccessorImpl.java:62)
	at sun.reflect.NativeMethodAccessorImpl.invoke(NativeMethodAccessorImpl.java:0)
	at sun.reflect.DelegatingMethodAccessorImpl.invoke$$PHOSPHORTAGGED(DelegatingMethodAccessorImpl.java:43)
	at sun.reflect.DelegatingMethodAccessorImpl.invoke(DelegatingMethodAccessorImpl.java:0)
	at java.lang.reflect.Method.invoke$$PHOSPHORTAGGED(Method.java:498)
	at org.junit.runners.model.FrameworkMethod$1.runReflectiveCall$$PHOSPHORTAGGED(FrameworkMethod.java:50)
	at org.junit.internal.runners.model.ReflectiveCallable.run$$PHOSPHORTAGGED(ReflectiveCallable.java:12)
	at org.junit.runners.model.FrameworkMethod.invokeExplosively$$PHOSPHORTAGGED(FrameworkMethod.java:47)
	at org.junit.internal.runners.statements.InvokeMethod.evaluate$$PHOSPHORTAGGED(InvokeMethod.java:17)
	at org.junit.runners.ParentRunner.runLeaf$$PHOSPHORTAGGED(ParentRunner.java:325)
	at org.junit.runners.BlockJUnit4ClassRunner.runChild$$PHOSPHORTAGGED(BlockJUnit4ClassRunner.java:78)
	at org.junit.runners.BlockJUnit4ClassRunner.runChild$$PHOSPHORTAGGED(BlockJUnit4ClassRunner.java:57)
	at org.junit.runners.ParentRunner$3.run$$PHOSPHORTAGGED(ParentRunner.java:290)
	at org.junit.runners.ParentRunner$1.schedule$$PHOSPHORTAGGED(ParentRunner.java:71)
	at org.junit.runners.ParentRunner.runChildren$$PHOSPHORTAGGED(ParentRunner.java:288)
	at org.junit.runners.ParentRunner.access$000$$PHOSPHORTAGGED(ParentRunner.java:58)
	at org.junit.runners.ParentRunner$2.evaluate$$PHOSPHORTAGGED(ParentRunner.java:268)
	at org.junit.runners.ParentRunner.run$$PHOSPHORTAGGED(ParentRunner.java:363)
	at org.junit.runners.Suite.runChild$$PHOSPHORTAGGED(Suite.java:128)
	at org.junit.runners.Suite.runChild$$PHOSPHORTAGGED(Suite.java:27)
	at org.junit.runners.ParentRunner$3.run$$PHOSPHORTAGGED(ParentRunner.java:290)
	at org.junit.runners.ParentRunner$1.schedule$$PHOSPHORTAGGED(ParentRunner.java:71)
	at org.junit.runners.ParentRunner.runChildren$$PHOSPHORTAGGED(ParentRunner.java:288)
	at org.junit.runners.ParentRunner.access$000$$PHOSPHORTAGGED(ParentRunner.java:58)
	at org.junit.runners.ParentRunner$2.evaluate$$PHOSPHORTAGGED(ParentRunner.java:268)
	at org.junit.runners.ParentRunner.run$$PHOSPHORTAGGED(ParentRunner.java:363)
	at org.junit.runner.JUnitCore.run$$PHOSPHORTAGGED(JUnitCore.java:137)
	at org.junit.runner.JUnitCore.run$$PHOSPHORTAGGED(JUnitCore.java:115)
	at org.junit.runner.JUnitCore.runMain$$PHOSPHORTAGGED(JUnitCore.java:77)
	at org.junit.runner.JUnitCore.main$$PHOSPHORTAGGED(JUnitCore.java:36)
	at org.junit.runner.JUnitCore.main(JUnitCore.java)
12) test043_1(flaky.FlakyTest)
org.junit.ComparisonFailure: 'Chuck Norris never gets a syntax error. Instead, the language gets a DoesNotConformToChuck error.' != 'When a bug sees Chuck Norris, it flees screaming in terror, and then immediately self-destructs to avoid being roundhouse-kicked.' expected:<[Chuck Norris never gets a syntax error. Instead, the language gets a DoesNotConformToChuck error].> but was:<[When a bug sees Chuck Norris, it flees screaming in terror, and then immediately self-destructs to avoid being roundhouse-kicked].>
	at java.lang.Throwable.fillInStackTrace$$PHOSPHORTAGGED(Throwable.java)
	at java.lang.Throwable.fillInStackTrace$$PHOSPHORTAGGED(Throwable.java:784)
	at java.lang.Throwable.<init>(Throwable.java:266)
	at java.lang.Error.<init>(Error.java:70)
	at java.lang.AssertionError.<init>(AssertionError.java:58)
	at java.lang.AssertionError.<init>(AssertionError.java:74)
	at org.junit.ComparisonFailure.<init>(ComparisonFailure.java:37)
	at org.junit.Assert.assertEquals$$PHOSPHORTAGGED(Assert.java:115)
	at flaky.FlakyTest.test043_1$$PHOSPHORTAGGED(FlakyTest.java:212)
	at sun.reflect.NativeMethodAccessorImpl.invoke0(Native Method)
	at sun.reflect.NativeMethodAccessorImpl.invoke0$$PHOSPHORTAGGED(NativeMethodAccessorImpl.java)
	at sun.reflect.NativeMethodAccessorImpl.invoke$$PHOSPHORTAGGED(NativeMethodAccessorImpl.java:62)
	at sun.reflect.NativeMethodAccessorImpl.invoke(NativeMethodAccessorImpl.java:0)
	at sun.reflect.DelegatingMethodAccessorImpl.invoke$$PHOSPHORTAGGED(DelegatingMethodAccessorImpl.java:43)
	at sun.reflect.DelegatingMethodAccessorImpl.invoke(DelegatingMethodAccessorImpl.java:0)
	at java.lang.reflect.Method.invoke$$PHOSPHORTAGGED(Method.java:498)
	at org.junit.runners.model.FrameworkMethod$1.runReflectiveCall$$PHOSPHORTAGGED(FrameworkMethod.java:50)
	at org.junit.internal.runners.model.ReflectiveCallable.run$$PHOSPHORTAGGED(ReflectiveCallable.java:12)
	at org.junit.runners.model.FrameworkMethod.invokeExplosively$$PHOSPHORTAGGED(FrameworkMethod.java:47)
	at org.junit.internal.runners.statements.InvokeMethod.evaluate$$PHOSPHORTAGGED(InvokeMethod.java:17)
	at org.junit.runners.ParentRunner.runLeaf$$PHOSPHORTAGGED(ParentRunner.java:325)
	at org.junit.runners.BlockJUnit4ClassRunner.runChild$$PHOSPHORTAGGED(BlockJUnit4ClassRunner.java:78)
	at org.junit.runners.BlockJUnit4ClassRunner.runChild$$PHOSPHORTAGGED(BlockJUnit4ClassRunner.java:57)
	at org.junit.runners.ParentRunner$3.run$$PHOSPHORTAGGED(ParentRunner.java:290)
	at org.junit.runners.ParentRunner$1.schedule$$PHOSPHORTAGGED(ParentRunner.java:71)
	at org.junit.runners.ParentRunner.runChildren$$PHOSPHORTAGGED(ParentRunner.java:288)
	at org.junit.runners.ParentRunner.access$000$$PHOSPHORTAGGED(ParentRunner.java:58)
	at org.junit.runners.ParentRunner$2.evaluate$$PHOSPHORTAGGED(ParentRunner.java:268)
	at org.junit.runners.ParentRunner.run$$PHOSPHORTAGGED(ParentRunner.java:363)
	at org.junit.runners.Suite.runChild$$PHOSPHORTAGGED(Suite.java:128)
	at org.junit.runners.Suite.runChild$$PHOSPHORTAGGED(Suite.java:27)
	at org.junit.runners.ParentRunner$3.run$$PHOSPHORTAGGED(ParentRunner.java:290)
	at org.junit.runners.ParentRunner$1.schedule$$PHOSPHORTAGGED(ParentRunner.java:71)
	at org.junit.runners.ParentRunner.runChildren$$PHOSPHORTAGGED(ParentRunner.java:288)
	at org.junit.runners.ParentRunner.access$000$$PHOSPHORTAGGED(ParentRunner.java:58)
	at org.junit.runners.ParentRunner$2.evaluate$$PHOSPHORTAGGED(ParentRunner.java:268)
	at org.junit.runners.ParentRunner.run$$PHOSPHORTAGGED(ParentRunner.java:363)
	at org.junit.runner.JUnitCore.run$$PHOSPHORTAGGED(JUnitCore.java:137)
	at org.junit.runner.JUnitCore.run$$PHOSPHORTAGGED(JUnitCore.java:115)
	at org.junit.runner.JUnitCore.runMain$$PHOSPHORTAGGED(JUnitCore.java:77)
	at org.junit.runner.JUnitCore.main$$PHOSPHORTAGGED(JUnitCore.java:36)
	at org.junit.runner.JUnitCore.main(JUnitCore.java)
13) test047_1(flaky.FlakyTest)
org.junit.ComparisonFailure: '9780967879031' != '9780357202050' expected:<9780[967879031]> but was:<9780[357202050]>
	at java.lang.Throwable.fillInStackTrace$$PHOSPHORTAGGED(Throwable.java)
	at java.lang.Throwable.fillInStackTrace$$PHOSPHORTAGGED(Throwable.java:784)
	at java.lang.Throwable.<init>(Throwable.java:266)
	at java.lang.Error.<init>(Error.java:70)
	at java.lang.AssertionError.<init>(AssertionError.java:58)
	at java.lang.AssertionError.<init>(AssertionError.java:74)
	at org.junit.ComparisonFailure.<init>(ComparisonFailure.java:37)
	at org.junit.Assert.assertEquals$$PHOSPHORTAGGED(Assert.java:115)
	at flaky.FlakyTest.test047_1$$PHOSPHORTAGGED(FlakyTest.java:230)
	at sun.reflect.NativeMethodAccessorImpl.invoke0(Native Method)
	at sun.reflect.NativeMethodAccessorImpl.invoke0$$PHOSPHORTAGGED(NativeMethodAccessorImpl.java)
	at sun.reflect.NativeMethodAccessorImpl.invoke$$PHOSPHORTAGGED(NativeMethodAccessorImpl.java:62)
	at sun.reflect.NativeMethodAccessorImpl.invoke(NativeMethodAccessorImpl.java:0)
	at sun.reflect.DelegatingMethodAccessorImpl.invoke$$PHOSPHORTAGGED(DelegatingMethodAccessorImpl.java:43)
	at sun.reflect.DelegatingMethodAccessorImpl.invoke(DelegatingMethodAccessorImpl.java:0)
	at java.lang.reflect.Method.invoke$$PHOSPHORTAGGED(Method.java:498)
	at org.junit.runners.model.FrameworkMethod$1.runReflectiveCall$$PHOSPHORTAGGED(FrameworkMethod.java:50)
	at org.junit.internal.runners.model.ReflectiveCallable.run$$PHOSPHORTAGGED(ReflectiveCallable.java:12)
	at org.junit.runners.model.FrameworkMethod.invokeExplosively$$PHOSPHORTAGGED(FrameworkMethod.java:47)
	at org.junit.internal.runners.statements.InvokeMethod.evaluate$$PHOSPHORTAGGED(InvokeMethod.java:17)
	at org.junit.runners.ParentRunner.runLeaf$$PHOSPHORTAGGED(ParentRunner.java:325)
	at org.junit.runners.BlockJUnit4ClassRunner.runChild$$PHOSPHORTAGGED(BlockJUnit4ClassRunner.java:78)
	at org.junit.runners.BlockJUnit4ClassRunner.runChild$$PHOSPHORTAGGED(BlockJUnit4ClassRunner.java:57)
	at org.junit.runners.ParentRunner$3.run$$PHOSPHORTAGGED(ParentRunner.java:290)
	at org.junit.runners.ParentRunner$1.schedule$$PHOSPHORTAGGED(ParentRunner.java:71)
	at org.junit.runners.ParentRunner.runChildren$$PHOSPHORTAGGED(ParentRunner.java:288)
	at org.junit.runners.ParentRunner.access$000$$PHOSPHORTAGGED(ParentRunner.java:58)
	at org.junit.runners.ParentRunner$2.evaluate$$PHOSPHORTAGGED(ParentRunner.java:268)
	at org.junit.runners.ParentRunner.run$$PHOSPHORTAGGED(ParentRunner.java:363)
	at org.junit.runners.Suite.runChild$$PHOSPHORTAGGED(Suite.java:128)
	at org.junit.runners.Suite.runChild$$PHOSPHORTAGGED(Suite.java:27)
	at org.junit.runners.ParentRunner$3.run$$PHOSPHORTAGGED(ParentRunner.java:290)
	at org.junit.runners.ParentRunner$1.schedule$$PHOSPHORTAGGED(ParentRunner.java:71)
	at org.junit.runners.ParentRunner.runChildren$$PHOSPHORTAGGED(ParentRunner.java:288)
	at org.junit.runners.ParentRunner.access$000$$PHOSPHORTAGGED(ParentRunner.java:58)
	at org.junit.runners.ParentRunner$2.evaluate$$PHOSPHORTAGGED(ParentRunner.java:268)
	at org.junit.runners.ParentRunner.run$$PHOSPHORTAGGED(ParentRunner.java:363)
	at org.junit.runner.JUnitCore.run$$PHOSPHORTAGGED(JUnitCore.java:137)
	at org.junit.runner.JUnitCore.run$$PHOSPHORTAGGED(JUnitCore.java:115)
	at org.junit.runner.JUnitCore.runMain$$PHOSPHORTAGGED(JUnitCore.java:77)
	at org.junit.runner.JUnitCore.main$$PHOSPHORTAGGED(JUnitCore.java:36)
	at org.junit.runner.JUnitCore.main(JUnitCore.java)
14) test047_2(flaky.FlakyTest)
org.junit.ComparisonFailure: '99140786' != '22426369' expected:<[99140786]> but was:<[22426369]>
	at java.lang.Throwable.fillInStackTrace$$PHOSPHORTAGGED(Throwable.java)
	at java.lang.Throwable.fillInStackTrace$$PHOSPHORTAGGED(Throwable.java:784)
	at java.lang.Throwable.<init>(Throwable.java:266)
	at java.lang.Error.<init>(Error.java:70)
	at java.lang.AssertionError.<init>(AssertionError.java:58)
	at java.lang.AssertionError.<init>(AssertionError.java:74)
	at org.junit.ComparisonFailure.<init>(ComparisonFailure.java:37)
	at org.junit.Assert.assertEquals$$PHOSPHORTAGGED(Assert.java:115)
	at flaky.FlakyTest.test047_2$$PHOSPHORTAGGED(FlakyTest.java:250)
	at sun.reflect.NativeMethodAccessorImpl.invoke0(Native Method)
	at sun.reflect.NativeMethodAccessorImpl.invoke0$$PHOSPHORTAGGED(NativeMethodAccessorImpl.java)
	at sun.reflect.NativeMethodAccessorImpl.invoke$$PHOSPHORTAGGED(NativeMethodAccessorImpl.java:62)
	at sun.reflect.NativeMethodAccessorImpl.invoke(NativeMethodAccessorImpl.java:0)
	at sun.reflect.DelegatingMethodAccessorImpl.invoke$$PHOSPHORTAGGED(DelegatingMethodAccessorImpl.java:43)
	at sun.reflect.DelegatingMethodAccessorImpl.invoke(DelegatingMethodAccessorImpl.java:0)
	at java.lang.reflect.Method.invoke$$PHOSPHORTAGGED(Method.java:498)
	at org.junit.runners.model.FrameworkMethod$1.runReflectiveCall$$PHOSPHORTAGGED(FrameworkMethod.java:50)
	at org.junit.internal.runners.model.ReflectiveCallable.run$$PHOSPHORTAGGED(ReflectiveCallable.java:12)
	at org.junit.runners.model.FrameworkMethod.invokeExplosively$$PHOSPHORTAGGED(FrameworkMethod.java:47)
	at org.junit.internal.runners.statements.InvokeMethod.evaluate$$PHOSPHORTAGGED(InvokeMethod.java:17)
	at org.junit.runners.ParentRunner.runLeaf$$PHOSPHORTAGGED(ParentRunner.java:325)
	at org.junit.runners.BlockJUnit4ClassRunner.runChild$$PHOSPHORTAGGED(BlockJUnit4ClassRunner.java:78)
	at org.junit.runners.BlockJUnit4ClassRunner.runChild$$PHOSPHORTAGGED(BlockJUnit4ClassRunner.java:57)
	at org.junit.runners.ParentRunner$3.run$$PHOSPHORTAGGED(ParentRunner.java:290)
	at org.junit.runners.ParentRunner$1.schedule$$PHOSPHORTAGGED(ParentRunner.java:71)
	at org.junit.runners.ParentRunner.runChildren$$PHOSPHORTAGGED(ParentRunner.java:288)
	at org.junit.runners.ParentRunner.access$000$$PHOSPHORTAGGED(ParentRunner.java:58)
	at org.junit.runners.ParentRunner$2.evaluate$$PHOSPHORTAGGED(ParentRunner.java:268)
	at org.junit.runners.ParentRunner.run$$PHOSPHORTAGGED(ParentRunner.java:363)
	at org.junit.runners.Suite.runChild$$PHOSPHORTAGGED(Suite.java:128)
	at org.junit.runners.Suite.runChild$$PHOSPHORTAGGED(Suite.java:27)
	at org.junit.runners.ParentRunner$3.run$$PHOSPHORTAGGED(ParentRunner.java:290)
	at org.junit.runners.ParentRunner$1.schedule$$PHOSPHORTAGGED(ParentRunner.java:71)
	at org.junit.runners.ParentRunner.runChildren$$PHOSPHORTAGGED(ParentRunner.java:288)
	at org.junit.runners.ParentRunner.access$000$$PHOSPHORTAGGED(ParentRunner.java:58)
	at org.junit.runners.ParentRunner$2.evaluate$$PHOSPHORTAGGED(ParentRunner.java:268)
	at org.junit.runners.ParentRunner.run$$PHOSPHORTAGGED(ParentRunner.java:363)
	at org.junit.runner.JUnitCore.run$$PHOSPHORTAGGED(JUnitCore.java:137)
	at org.junit.runner.JUnitCore.run$$PHOSPHORTAGGED(JUnitCore.java:115)
	at org.junit.runner.JUnitCore.runMain$$PHOSPHORTAGGED(JUnitCore.java:77)
	at org.junit.runner.JUnitCore.main$$PHOSPHORTAGGED(JUnitCore.java:36)
	at org.junit.runner.JUnitCore.main(JUnitCore.java)
15) test048_1(flaky.FlakyTest)
org.junit.ComparisonFailure: 'Artemis' != 'Aphrodite' expected:<A[rtemis]> but was:<A[phrodite]>
	at java.lang.Throwable.fillInStackTrace$$PHOSPHORTAGGED(Throwable.java)
	at java.lang.Throwable.fillInStackTrace$$PHOSPHORTAGGED(Throwable.java:784)
	at java.lang.Throwable.<init>(Throwable.java:266)
	at java.lang.Error.<init>(Error.java:70)
	at java.lang.AssertionError.<init>(AssertionError.java:58)
	at java.lang.AssertionError.<init>(AssertionError.java:74)
	at org.junit.ComparisonFailure.<init>(ComparisonFailure.java:37)
	at org.junit.Assert.assertEquals$$PHOSPHORTAGGED(Assert.java:115)
	at flaky.FlakyTest.test048_1$$PHOSPHORTAGGED(FlakyTest.java:274)
	at sun.reflect.NativeMethodAccessorImpl.invoke0(Native Method)
	at sun.reflect.NativeMethodAccessorImpl.invoke0$$PHOSPHORTAGGED(NativeMethodAccessorImpl.java)
	at sun.reflect.NativeMethodAccessorImpl.invoke$$PHOSPHORTAGGED(NativeMethodAccessorImpl.java:62)
	at sun.reflect.NativeMethodAccessorImpl.invoke(NativeMethodAccessorImpl.java:0)
	at sun.reflect.DelegatingMethodAccessorImpl.invoke$$PHOSPHORTAGGED(DelegatingMethodAccessorImpl.java:43)
	at sun.reflect.DelegatingMethodAccessorImpl.invoke(DelegatingMethodAccessorImpl.java:0)
	at java.lang.reflect.Method.invoke$$PHOSPHORTAGGED(Method.java:498)
	at org.junit.runners.model.FrameworkMethod$1.runReflectiveCall$$PHOSPHORTAGGED(FrameworkMethod.java:50)
	at org.junit.internal.runners.model.ReflectiveCallable.run$$PHOSPHORTAGGED(ReflectiveCallable.java:12)
	at org.junit.runners.model.FrameworkMethod.invokeExplosively$$PHOSPHORTAGGED(FrameworkMethod.java:47)
	at org.junit.internal.runners.statements.InvokeMethod.evaluate$$PHOSPHORTAGGED(InvokeMethod.java:17)
	at org.junit.runners.ParentRunner.runLeaf$$PHOSPHORTAGGED(ParentRunner.java:325)
	at org.junit.runners.BlockJUnit4ClassRunner.runChild$$PHOSPHORTAGGED(BlockJUnit4ClassRunner.java:78)
	at org.junit.runners.BlockJUnit4ClassRunner.runChild$$PHOSPHORTAGGED(BlockJUnit4ClassRunner.java:57)
	at org.junit.runners.ParentRunner$3.run$$PHOSPHORTAGGED(ParentRunner.java:290)
	at org.junit.runners.ParentRunner$1.schedule$$PHOSPHORTAGGED(ParentRunner.java:71)
	at org.junit.runners.ParentRunner.runChildren$$PHOSPHORTAGGED(ParentRunner.java:288)
	at org.junit.runners.ParentRunner.access$000$$PHOSPHORTAGGED(ParentRunner.java:58)
	at org.junit.runners.ParentRunner$2.evaluate$$PHOSPHORTAGGED(ParentRunner.java:268)
	at org.junit.runners.ParentRunner.run$$PHOSPHORTAGGED(ParentRunner.java:363)
	at org.junit.runners.Suite.runChild$$PHOSPHORTAGGED(Suite.java:128)
	at org.junit.runners.Suite.runChild$$PHOSPHORTAGGED(Suite.java:27)
	at org.junit.runners.ParentRunner$3.run$$PHOSPHORTAGGED(ParentRunner.java:290)
	at org.junit.runners.ParentRunner$1.schedule$$PHOSPHORTAGGED(ParentRunner.java:71)
	at org.junit.runners.ParentRunner.runChildren$$PHOSPHORTAGGED(ParentRunner.java:288)
	at org.junit.runners.ParentRunner.access$000$$PHOSPHORTAGGED(ParentRunner.java:58)
	at org.junit.runners.ParentRunner$2.evaluate$$PHOSPHORTAGGED(ParentRunner.java:268)
	at org.junit.runners.ParentRunner.run$$PHOSPHORTAGGED(ParentRunner.java:363)
	at org.junit.runner.JUnitCore.run$$PHOSPHORTAGGED(JUnitCore.java:137)
	at org.junit.runner.JUnitCore.run$$PHOSPHORTAGGED(JUnitCore.java:115)
	at org.junit.runner.JUnitCore.runMain$$PHOSPHORTAGGED(JUnitCore.java:77)
	at org.junit.runner.JUnitCore.main$$PHOSPHORTAGGED(JUnitCore.java:36)
	at org.junit.runner.JUnitCore.main(JUnitCore.java)
16) test048_2(flaky.FlakyTest)
org.junit.ComparisonFailure: 'Pontus' != 'Ourea' expected:<[Pontus]> but was:<[Ourea]>
	at java.lang.Throwable.fillInStackTrace$$PHOSPHORTAGGED(Throwable.java)
	at java.lang.Throwable.fillInStackTrace$$PHOSPHORTAGGED(Throwable.java:784)
	at java.lang.Throwable.<init>(Throwable.java:266)
	at java.lang.Error.<init>(Error.java:70)
	at java.lang.AssertionError.<init>(AssertionError.java:58)
	at java.lang.AssertionError.<init>(AssertionError.java:74)
	at org.junit.ComparisonFailure.<init>(ComparisonFailure.java:37)
	at org.junit.Assert.assertEquals$$PHOSPHORTAGGED(Assert.java:115)
	at flaky.FlakyTest.test048_2$$PHOSPHORTAGGED(FlakyTest.java:300)
	at sun.reflect.NativeMethodAccessorImpl.invoke0(Native Method)
	at sun.reflect.NativeMethodAccessorImpl.invoke0$$PHOSPHORTAGGED(NativeMethodAccessorImpl.java)
	at sun.reflect.NativeMethodAccessorImpl.invoke$$PHOSPHORTAGGED(NativeMethodAccessorImpl.java:62)
	at sun.reflect.NativeMethodAccessorImpl.invoke(NativeMethodAccessorImpl.java:0)
	at sun.reflect.DelegatingMethodAccessorImpl.invoke$$PHOSPHORTAGGED(DelegatingMethodAccessorImpl.java:43)
	at sun.reflect.DelegatingMethodAccessorImpl.invoke(DelegatingMethodAccessorImpl.java:0)
	at java.lang.reflect.Method.invoke$$PHOSPHORTAGGED(Method.java:498)
	at org.junit.runners.model.FrameworkMethod$1.runReflectiveCall$$PHOSPHORTAGGED(FrameworkMethod.java:50)
	at org.junit.internal.runners.model.ReflectiveCallable.run$$PHOSPHORTAGGED(ReflectiveCallable.java:12)
	at org.junit.runners.model.FrameworkMethod.invokeExplosively$$PHOSPHORTAGGED(FrameworkMethod.java:47)
	at org.junit.internal.runners.statements.InvokeMethod.evaluate$$PHOSPHORTAGGED(InvokeMethod.java:17)
	at org.junit.runners.ParentRunner.runLeaf$$PHOSPHORTAGGED(ParentRunner.java:325)
	at org.junit.runners.BlockJUnit4ClassRunner.runChild$$PHOSPHORTAGGED(BlockJUnit4ClassRunner.java:78)
	at org.junit.runners.BlockJUnit4ClassRunner.runChild$$PHOSPHORTAGGED(BlockJUnit4ClassRunner.java:57)
	at org.junit.runners.ParentRunner$3.run$$PHOSPHORTAGGED(ParentRunner.java:290)
	at org.junit.runners.ParentRunner$1.schedule$$PHOSPHORTAGGED(ParentRunner.java:71)
	at org.junit.runners.ParentRunner.runChildren$$PHOSPHORTAGGED(ParentRunner.java:288)
	at org.junit.runners.ParentRunner.access$000$$PHOSPHORTAGGED(ParentRunner.java:58)
	at org.junit.runners.ParentRunner$2.evaluate$$PHOSPHORTAGGED(ParentRunner.java:268)
	at org.junit.runners.ParentRunner.run$$PHOSPHORTAGGED(ParentRunner.java:363)
	at org.junit.runners.Suite.runChild$$PHOSPHORTAGGED(Suite.java:128)
	at org.junit.runners.Suite.runChild$$PHOSPHORTAGGED(Suite.java:27)
	at org.junit.runners.ParentRunner$3.run$$PHOSPHORTAGGED(ParentRunner.java:290)
	at org.junit.runners.ParentRunner$1.schedule$$PHOSPHORTAGGED(ParentRunner.java:71)
	at org.junit.runners.ParentRunner.runChildren$$PHOSPHORTAGGED(ParentRunner.java:288)
	at org.junit.runners.ParentRunner.access$000$$PHOSPHORTAGGED(ParentRunner.java:58)
	at org.junit.runners.ParentRunner$2.evaluate$$PHOSPHORTAGGED(ParentRunner.java:268)
	at org.junit.runners.ParentRunner.run$$PHOSPHORTAGGED(ParentRunner.java:363)
	at org.junit.runner.JUnitCore.run$$PHOSPHORTAGGED(JUnitCore.java:137)
	at org.junit.runner.JUnitCore.run$$PHOSPHORTAGGED(JUnitCore.java:115)
	at org.junit.runner.JUnitCore.runMain$$PHOSPHORTAGGED(JUnitCore.java:77)
	at org.junit.runner.JUnitCore.main$$PHOSPHORTAGGED(JUnitCore.java:36)
	at org.junit.runner.JUnitCore.main(JUnitCore.java)
17) test049_1(flaky.FlakyTest)
org.junit.ComparisonFailure: 'PNG' != 'USB' expected:<[PNG]> but was:<[USB]>
	at java.lang.Throwable.fillInStackTrace$$PHOSPHORTAGGED(Throwable.java)
	at java.lang.Throwable.fillInStackTrace$$PHOSPHORTAGGED(Throwable.java:784)
	at java.lang.Throwable.<init>(Throwable.java:266)
	at java.lang.Error.<init>(Error.java:70)
	at java.lang.AssertionError.<init>(AssertionError.java:58)
	at java.lang.AssertionError.<init>(AssertionError.java:74)
	at org.junit.ComparisonFailure.<init>(ComparisonFailure.java:37)
	at org.junit.Assert.assertEquals$$PHOSPHORTAGGED(Assert.java:115)
	at flaky.FlakyTest.test049_1$$PHOSPHORTAGGED(FlakyTest.java:318)
	at sun.reflect.NativeMethodAccessorImpl.invoke0(Native Method)
	at sun.reflect.NativeMethodAccessorImpl.invoke0$$PHOSPHORTAGGED(NativeMethodAccessorImpl.java)
	at sun.reflect.NativeMethodAccessorImpl.invoke$$PHOSPHORTAGGED(NativeMethodAccessorImpl.java:62)
	at sun.reflect.NativeMethodAccessorImpl.invoke(NativeMethodAccessorImpl.java:0)
	at sun.reflect.DelegatingMethodAccessorImpl.invoke$$PHOSPHORTAGGED(DelegatingMethodAccessorImpl.java:43)
	at sun.reflect.DelegatingMethodAccessorImpl.invoke(DelegatingMethodAccessorImpl.java:0)
	at java.lang.reflect.Method.invoke$$PHOSPHORTAGGED(Method.java:498)
	at org.junit.runners.model.FrameworkMethod$1.runReflectiveCall$$PHOSPHORTAGGED(FrameworkMethod.java:50)
	at org.junit.internal.runners.model.ReflectiveCallable.run$$PHOSPHORTAGGED(ReflectiveCallable.java:12)
	at org.junit.runners.model.FrameworkMethod.invokeExplosively$$PHOSPHORTAGGED(FrameworkMethod.java:47)
	at org.junit.internal.runners.statements.InvokeMethod.evaluate$$PHOSPHORTAGGED(InvokeMethod.java:17)
	at org.junit.runners.ParentRunner.runLeaf$$PHOSPHORTAGGED(ParentRunner.java:325)
	at org.junit.runners.BlockJUnit4ClassRunner.runChild$$PHOSPHORTAGGED(BlockJUnit4ClassRunner.java:78)
	at org.junit.runners.BlockJUnit4ClassRunner.runChild$$PHOSPHORTAGGED(BlockJUnit4ClassRunner.java:57)
	at org.junit.runners.ParentRunner$3.run$$PHOSPHORTAGGED(ParentRunner.java:290)
	at org.junit.runners.ParentRunner$1.schedule$$PHOSPHORTAGGED(ParentRunner.java:71)
	at org.junit.runners.ParentRunner.runChildren$$PHOSPHORTAGGED(ParentRunner.java:288)
	at org.junit.runners.ParentRunner.access$000$$PHOSPHORTAGGED(ParentRunner.java:58)
	at org.junit.runners.ParentRunner$2.evaluate$$PHOSPHORTAGGED(ParentRunner.java:268)
	at org.junit.runners.ParentRunner.run$$PHOSPHORTAGGED(ParentRunner.java:363)
	at org.junit.runners.Suite.runChild$$PHOSPHORTAGGED(Suite.java:128)
	at org.junit.runners.Suite.runChild$$PHOSPHORTAGGED(Suite.java:27)
	at org.junit.runners.ParentRunner$3.run$$PHOSPHORTAGGED(ParentRunner.java:290)
	at org.junit.runners.ParentRunner$1.schedule$$PHOSPHORTAGGED(ParentRunner.java:71)
	at org.junit.runners.ParentRunner.runChildren$$PHOSPHORTAGGED(ParentRunner.java:288)
	at org.junit.runners.ParentRunner.access$000$$PHOSPHORTAGGED(ParentRunner.java:58)
	at org.junit.runners.ParentRunner$2.evaluate$$PHOSPHORTAGGED(ParentRunner.java:268)
	at org.junit.runners.ParentRunner.run$$PHOSPHORTAGGED(ParentRunner.java:363)
	at org.junit.runner.JUnitCore.run$$PHOSPHORTAGGED(JUnitCore.java:137)
	at org.junit.runner.JUnitCore.run$$PHOSPHORTAGGED(JUnitCore.java:115)
	at org.junit.runner.JUnitCore.runMain$$PHOSPHORTAGGED(JUnitCore.java:77)
	at org.junit.runner.JUnitCore.main$$PHOSPHORTAGGED(JUnitCore.java:36)
	at org.junit.runner.JUnitCore.main(JUnitCore.java)
18) test049_2(flaky.FlakyTest)
org.junit.ComparisonFailure: 'multi-byte' != 'back-end' expected:<[multi-byte]> but was:<[back-end]>
	at java.lang.Throwable.fillInStackTrace$$PHOSPHORTAGGED(Throwable.java)
	at java.lang.Throwable.fillInStackTrace$$PHOSPHORTAGGED(Throwable.java:784)
	at java.lang.Throwable.<init>(Throwable.java:266)
	at java.lang.Error.<init>(Error.java:70)
	at java.lang.AssertionError.<init>(AssertionError.java:58)
	at java.lang.AssertionError.<init>(AssertionError.java:74)
	at org.junit.ComparisonFailure.<init>(ComparisonFailure.java:37)
	at org.junit.Assert.assertEquals$$PHOSPHORTAGGED(Assert.java:115)
	at flaky.FlakyTest.test049_2$$PHOSPHORTAGGED(FlakyTest.java:338)
	at sun.reflect.NativeMethodAccessorImpl.invoke0(Native Method)
	at sun.reflect.NativeMethodAccessorImpl.invoke0$$PHOSPHORTAGGED(NativeMethodAccessorImpl.java)
	at sun.reflect.NativeMethodAccessorImpl.invoke$$PHOSPHORTAGGED(NativeMethodAccessorImpl.java:62)
	at sun.reflect.NativeMethodAccessorImpl.invoke(NativeMethodAccessorImpl.java:0)
	at sun.reflect.DelegatingMethodAccessorImpl.invoke$$PHOSPHORTAGGED(DelegatingMethodAccessorImpl.java:43)
	at sun.reflect.DelegatingMethodAccessorImpl.invoke(DelegatingMethodAccessorImpl.java:0)
	at java.lang.reflect.Method.invoke$$PHOSPHORTAGGED(Method.java:498)
	at org.junit.runners.model.FrameworkMethod$1.runReflectiveCall$$PHOSPHORTAGGED(FrameworkMethod.java:50)
	at org.junit.internal.runners.model.ReflectiveCallable.run$$PHOSPHORTAGGED(ReflectiveCallable.java:12)
	at org.junit.runners.model.FrameworkMethod.invokeExplosively$$PHOSPHORTAGGED(FrameworkMethod.java:47)
	at org.junit.internal.runners.statements.InvokeMethod.evaluate$$PHOSPHORTAGGED(InvokeMethod.java:17)
	at org.junit.runners.ParentRunner.runLeaf$$PHOSPHORTAGGED(ParentRunner.java:325)
	at org.junit.runners.BlockJUnit4ClassRunner.runChild$$PHOSPHORTAGGED(BlockJUnit4ClassRunner.java:78)
	at org.junit.runners.BlockJUnit4ClassRunner.runChild$$PHOSPHORTAGGED(BlockJUnit4ClassRunner.java:57)
	at org.junit.runners.ParentRunner$3.run$$PHOSPHORTAGGED(ParentRunner.java:290)
	at org.junit.runners.ParentRunner$1.schedule$$PHOSPHORTAGGED(ParentRunner.java:71)
	at org.junit.runners.ParentRunner.runChildren$$PHOSPHORTAGGED(ParentRunner.java:288)
	at org.junit.runners.ParentRunner.access$000$$PHOSPHORTAGGED(ParentRunner.java:58)
	at org.junit.runners.ParentRunner$2.evaluate$$PHOSPHORTAGGED(ParentRunner.java:268)
	at org.junit.runners.ParentRunner.run$$PHOSPHORTAGGED(ParentRunner.java:363)
	at org.junit.runners.Suite.runChild$$PHOSPHORTAGGED(Suite.java:128)
	at org.junit.runners.Suite.runChild$$PHOSPHORTAGGED(Suite.java:27)
	at org.junit.runners.ParentRunner$3.run$$PHOSPHORTAGGED(ParentRunner.java:290)
	at org.junit.runners.ParentRunner$1.schedule$$PHOSPHORTAGGED(ParentRunner.java:71)
	at org.junit.runners.ParentRunner.runChildren$$PHOSPHORTAGGED(ParentRunner.java:288)
	at org.junit.runners.ParentRunner.access$000$$PHOSPHORTAGGED(ParentRunner.java:58)
	at org.junit.runners.ParentRunner$2.evaluate$$PHOSPHORTAGGED(ParentRunner.java:268)
	at org.junit.runners.ParentRunner.run$$PHOSPHORTAGGED(ParentRunner.java:363)
	at org.junit.runner.JUnitCore.run$$PHOSPHORTAGGED(JUnitCore.java:137)
	at org.junit.runner.JUnitCore.run$$PHOSPHORTAGGED(JUnitCore.java:115)
	at org.junit.runner.JUnitCore.runMain$$PHOSPHORTAGGED(JUnitCore.java:77)
	at org.junit.runner.JUnitCore.main$$PHOSPHORTAGGED(JUnitCore.java:36)
	at org.junit.runner.JUnitCore.main(JUnitCore.java)
19) test050_1(flaky.FlakyTest)
org.junit.ComparisonFailure: '9781852097509' != '9791898871766' expected:<97[81852097509]> but was:<97[91898871766]>
	at java.lang.Throwable.fillInStackTrace$$PHOSPHORTAGGED(Throwable.java)
	at java.lang.Throwable.fillInStackTrace$$PHOSPHORTAGGED(Throwable.java:784)
	at java.lang.Throwable.<init>(Throwable.java:266)
	at java.lang.Error.<init>(Error.java:70)
	at java.lang.AssertionError.<init>(AssertionError.java:58)
	at java.lang.AssertionError.<init>(AssertionError.java:74)
	at org.junit.ComparisonFailure.<init>(ComparisonFailure.java:37)
	at org.junit.Assert.assertEquals$$PHOSPHORTAGGED(Assert.java:115)
	at flaky.FlakyTest.test050_1$$PHOSPHORTAGGED(FlakyTest.java:356)
	at sun.reflect.NativeMethodAccessorImpl.invoke0(Native Method)
	at sun.reflect.NativeMethodAccessorImpl.invoke0$$PHOSPHORTAGGED(NativeMethodAccessorImpl.java)
	at sun.reflect.NativeMethodAccessorImpl.invoke$$PHOSPHORTAGGED(NativeMethodAccessorImpl.java:62)
	at sun.reflect.NativeMethodAccessorImpl.invoke(NativeMethodAccessorImpl.java:0)
	at sun.reflect.DelegatingMethodAccessorImpl.invoke$$PHOSPHORTAGGED(DelegatingMethodAccessorImpl.java:43)
	at sun.reflect.DelegatingMethodAccessorImpl.invoke(DelegatingMethodAccessorImpl.java:0)
	at java.lang.reflect.Method.invoke$$PHOSPHORTAGGED(Method.java:498)
	at org.junit.runners.model.FrameworkMethod$1.runReflectiveCall$$PHOSPHORTAGGED(FrameworkMethod.java:50)
	at org.junit.internal.runners.model.ReflectiveCallable.run$$PHOSPHORTAGGED(ReflectiveCallable.java:12)
	at org.junit.runners.model.FrameworkMethod.invokeExplosively$$PHOSPHORTAGGED(FrameworkMethod.java:47)
	at org.junit.internal.runners.statements.InvokeMethod.evaluate$$PHOSPHORTAGGED(InvokeMethod.java:17)
	at org.junit.runners.ParentRunner.runLeaf$$PHOSPHORTAGGED(ParentRunner.java:325)
	at org.junit.runners.BlockJUnit4ClassRunner.runChild$$PHOSPHORTAGGED(BlockJUnit4ClassRunner.java:78)
	at org.junit.runners.BlockJUnit4ClassRunner.runChild$$PHOSPHORTAGGED(BlockJUnit4ClassRunner.java:57)
	at org.junit.runners.ParentRunner$3.run$$PHOSPHORTAGGED(ParentRunner.java:290)
	at org.junit.runners.ParentRunner$1.schedule$$PHOSPHORTAGGED(ParentRunner.java:71)
	at org.junit.runners.ParentRunner.runChildren$$PHOSPHORTAGGED(ParentRunner.java:288)
	at org.junit.runners.ParentRunner.access$000$$PHOSPHORTAGGED(ParentRunner.java:58)
	at org.junit.runners.ParentRunner$2.evaluate$$PHOSPHORTAGGED(ParentRunner.java:268)
	at org.junit.runners.ParentRunner.run$$PHOSPHORTAGGED(ParentRunner.java:363)
	at org.junit.runners.Suite.runChild$$PHOSPHORTAGGED(Suite.java:128)
	at org.junit.runners.Suite.runChild$$PHOSPHORTAGGED(Suite.java:27)
	at org.junit.runners.ParentRunner$3.run$$PHOSPHORTAGGED(ParentRunner.java:290)
	at org.junit.runners.ParentRunner$1.schedule$$PHOSPHORTAGGED(ParentRunner.java:71)
	at org.junit.runners.ParentRunner.runChildren$$PHOSPHORTAGGED(ParentRunner.java:288)
	at org.junit.runners.ParentRunner.access$000$$PHOSPHORTAGGED(ParentRunner.java:58)
	at org.junit.runners.ParentRunner$2.evaluate$$PHOSPHORTAGGED(ParentRunner.java:268)
	at org.junit.runners.ParentRunner.run$$PHOSPHORTAGGED(ParentRunner.java:363)
	at org.junit.runner.JUnitCore.run$$PHOSPHORTAGGED(JUnitCore.java:137)
	at org.junit.runner.JUnitCore.run$$PHOSPHORTAGGED(JUnitCore.java:115)
	at org.junit.runner.JUnitCore.runMain$$PHOSPHORTAGGED(JUnitCore.java:77)
	at org.junit.runner.JUnitCore.main$$PHOSPHORTAGGED(JUnitCore.java:36)
	at org.junit.runner.JUnitCore.main(JUnitCore.java)
20) test050_2(flaky.FlakyTest)
org.junit.ComparisonFailure: 'B000I6XDVE' != 'B0002TJ4JM' expected:<B000[I6XDVE]> but was:<B000[2TJ4JM]>
	at java.lang.Throwable.fillInStackTrace$$PHOSPHORTAGGED(Throwable.java)
	at java.lang.Throwable.fillInStackTrace$$PHOSPHORTAGGED(Throwable.java:784)
	at java.lang.Throwable.<init>(Throwable.java:266)
	at java.lang.Error.<init>(Error.java:70)
	at java.lang.AssertionError.<init>(AssertionError.java:58)
	at java.lang.AssertionError.<init>(AssertionError.java:74)
	at org.junit.ComparisonFailure.<init>(ComparisonFailure.java:37)
	at org.junit.Assert.assertEquals$$PHOSPHORTAGGED(Assert.java:115)
	at flaky.FlakyTest.test050_2$$PHOSPHORTAGGED(FlakyTest.java:376)
	at sun.reflect.NativeMethodAccessorImpl.invoke0(Native Method)
	at sun.reflect.NativeMethodAccessorImpl.invoke0$$PHOSPHORTAGGED(NativeMethodAccessorImpl.java)
	at sun.reflect.NativeMethodAccessorImpl.invoke$$PHOSPHORTAGGED(NativeMethodAccessorImpl.java:62)
	at sun.reflect.NativeMethodAccessorImpl.invoke(NativeMethodAccessorImpl.java:0)
	at sun.reflect.DelegatingMethodAccessorImpl.invoke$$PHOSPHORTAGGED(DelegatingMethodAccessorImpl.java:43)
	at sun.reflect.DelegatingMethodAccessorImpl.invoke(DelegatingMethodAccessorImpl.java:0)
	at java.lang.reflect.Method.invoke$$PHOSPHORTAGGED(Method.java:498)
	at org.junit.runners.model.FrameworkMethod$1.runReflectiveCall$$PHOSPHORTAGGED(FrameworkMethod.java:50)
	at org.junit.internal.runners.model.ReflectiveCallable.run$$PHOSPHORTAGGED(ReflectiveCallable.java:12)
	at org.junit.runners.model.FrameworkMethod.invokeExplosively$$PHOSPHORTAGGED(FrameworkMethod.java:47)
	at org.junit.internal.runners.statements.InvokeMethod.evaluate$$PHOSPHORTAGGED(InvokeMethod.java:17)
	at org.junit.runners.ParentRunner.runLeaf$$PHOSPHORTAGGED(ParentRunner.java:325)
	at org.junit.runners.BlockJUnit4ClassRunner.runChild$$PHOSPHORTAGGED(BlockJUnit4ClassRunner.java:78)
	at org.junit.runners.BlockJUnit4ClassRunner.runChild$$PHOSPHORTAGGED(BlockJUnit4ClassRunner.java:57)
	at org.junit.runners.ParentRunner$3.run$$PHOSPHORTAGGED(ParentRunner.java:290)
	at org.junit.runners.ParentRunner$1.schedule$$PHOSPHORTAGGED(ParentRunner.java:71)
	at org.junit.runners.ParentRunner.runChildren$$PHOSPHORTAGGED(ParentRunner.java:288)
	at org.junit.runners.ParentRunner.access$000$$PHOSPHORTAGGED(ParentRunner.java:58)
	at org.junit.runners.ParentRunner$2.evaluate$$PHOSPHORTAGGED(ParentRunner.java:268)
	at org.junit.runners.ParentRunner.run$$PHOSPHORTAGGED(ParentRunner.java:363)
	at org.junit.runners.Suite.runChild$$PHOSPHORTAGGED(Suite.java:128)
	at org.junit.runners.Suite.runChild$$PHOSPHORTAGGED(Suite.java:27)
	at org.junit.runners.ParentRunner$3.run$$PHOSPHORTAGGED(ParentRunner.java:290)
	at org.junit.runners.ParentRunner$1.schedule$$PHOSPHORTAGGED(ParentRunner.java:71)
	at org.junit.runners.ParentRunner.runChildren$$PHOSPHORTAGGED(ParentRunner.java:288)
	at org.junit.runners.ParentRunner.access$000$$PHOSPHORTAGGED(ParentRunner.java:58)
	at org.junit.runners.ParentRunner$2.evaluate$$PHOSPHORTAGGED(ParentRunner.java:268)
	at org.junit.runners.ParentRunner.run$$PHOSPHORTAGGED(ParentRunner.java:363)
	at org.junit.runner.JUnitCore.run$$PHOSPHORTAGGED(JUnitCore.java:137)
	at org.junit.runner.JUnitCore.run$$PHOSPHORTAGGED(JUnitCore.java:115)
	at org.junit.runner.JUnitCore.runMain$$PHOSPHORTAGGED(JUnitCore.java:77)
	at org.junit.runner.JUnitCore.main$$PHOSPHORTAGGED(JUnitCore.java:36)
	at org.junit.runner.JUnitCore.main(JUnitCore.java)
21) test051_1(flaky.FlakyTest)
org.junit.ComparisonFailure: 'Bluemeadow High' != 'Icelyn Secondary College' expected:<[Bluemeadow High]> but was:<[Icelyn Secondary College]>
	at java.lang.Throwable.fillInStackTrace$$PHOSPHORTAGGED(Throwable.java)
	at java.lang.Throwable.fillInStackTrace$$PHOSPHORTAGGED(Throwable.java:784)
	at java.lang.Throwable.<init>(Throwable.java:266)
	at java.lang.Error.<init>(Error.java:70)
	at java.lang.AssertionError.<init>(AssertionError.java:58)
	at java.lang.AssertionError.<init>(AssertionError.java:74)
	at org.junit.ComparisonFailure.<init>(ComparisonFailure.java:37)
	at org.junit.Assert.assertEquals$$PHOSPHORTAGGED(Assert.java:115)
	at flaky.FlakyTest.test051_1$$PHOSPHORTAGGED(FlakyTest.java:398)
	at sun.reflect.NativeMethodAccessorImpl.invoke0(Native Method)
	at sun.reflect.NativeMethodAccessorImpl.invoke0$$PHOSPHORTAGGED(NativeMethodAccessorImpl.java)
	at sun.reflect.NativeMethodAccessorImpl.invoke$$PHOSPHORTAGGED(NativeMethodAccessorImpl.java:62)
	at sun.reflect.NativeMethodAccessorImpl.invoke(NativeMethodAccessorImpl.java:0)
	at sun.reflect.DelegatingMethodAccessorImpl.invoke$$PHOSPHORTAGGED(DelegatingMethodAccessorImpl.java:43)
	at sun.reflect.DelegatingMethodAccessorImpl.invoke(DelegatingMethodAccessorImpl.java:0)
	at java.lang.reflect.Method.invoke$$PHOSPHORTAGGED(Method.java:498)
	at org.junit.runners.model.FrameworkMethod$1.runReflectiveCall$$PHOSPHORTAGGED(FrameworkMethod.java:50)
	at org.junit.internal.runners.model.ReflectiveCallable.run$$PHOSPHORTAGGED(ReflectiveCallable.java:12)
	at org.junit.runners.model.FrameworkMethod.invokeExplosively$$PHOSPHORTAGGED(FrameworkMethod.java:47)
	at org.junit.internal.runners.statements.InvokeMethod.evaluate$$PHOSPHORTAGGED(InvokeMethod.java:17)
	at org.junit.runners.ParentRunner.runLeaf$$PHOSPHORTAGGED(ParentRunner.java:325)
	at org.junit.runners.BlockJUnit4ClassRunner.runChild$$PHOSPHORTAGGED(BlockJUnit4ClassRunner.java:78)
	at org.junit.runners.BlockJUnit4ClassRunner.runChild$$PHOSPHORTAGGED(BlockJUnit4ClassRunner.java:57)
	at org.junit.runners.ParentRunner$3.run$$PHOSPHORTAGGED(ParentRunner.java:290)
	at org.junit.runners.ParentRunner$1.schedule$$PHOSPHORTAGGED(ParentRunner.java:71)
	at org.junit.runners.ParentRunner.runChildren$$PHOSPHORTAGGED(ParentRunner.java:288)
	at org.junit.runners.ParentRunner.access$000$$PHOSPHORTAGGED(ParentRunner.java:58)
	at org.junit.runners.ParentRunner$2.evaluate$$PHOSPHORTAGGED(ParentRunner.java:268)
	at org.junit.runners.ParentRunner.run$$PHOSPHORTAGGED(ParentRunner.java:363)
	at org.junit.runners.Suite.runChild$$PHOSPHORTAGGED(Suite.java:128)
	at org.junit.runners.Suite.runChild$$PHOSPHORTAGGED(Suite.java:27)
	at org.junit.runners.ParentRunner$3.run$$PHOSPHORTAGGED(ParentRunner.java:290)
	at org.junit.runners.ParentRunner$1.schedule$$PHOSPHORTAGGED(ParentRunner.java:71)
	at org.junit.runners.ParentRunner.runChildren$$PHOSPHORTAGGED(ParentRunner.java:288)
	at org.junit.runners.ParentRunner.access$000$$PHOSPHORTAGGED(ParentRunner.java:58)
	at org.junit.runners.ParentRunner$2.evaluate$$PHOSPHORTAGGED(ParentRunner.java:268)
	at org.junit.runners.ParentRunner.run$$PHOSPHORTAGGED(ParentRunner.java:363)
	at org.junit.runner.JUnitCore.run$$PHOSPHORTAGGED(JUnitCore.java:137)
	at org.junit.runner.JUnitCore.run$$PHOSPHORTAGGED(JUnitCore.java:115)
	at org.junit.runner.JUnitCore.runMain$$PHOSPHORTAGGED(JUnitCore.java:77)
	at org.junit.runner.JUnitCore.main$$PHOSPHORTAGGED(JUnitCore.java:36)
	at org.junit.runner.JUnitCore.main(JUnitCore.java)
22) test051_2(flaky.FlakyTest)
org.junit.ComparisonFailure: 'Lakeacre High School' != 'Mallowpond High School' expected:<[Lakeacre] High School> but was:<[Mallowpond] High School>
	at java.lang.Throwable.fillInStackTrace$$PHOSPHORTAGGED(Throwable.java)
	at java.lang.Throwable.fillInStackTrace$$PHOSPHORTAGGED(Throwable.java:784)
	at java.lang.Throwable.<init>(Throwable.java:266)
	at java.lang.Error.<init>(Error.java:70)
	at java.lang.AssertionError.<init>(AssertionError.java:58)
	at java.lang.AssertionError.<init>(AssertionError.java:74)
	at org.junit.ComparisonFailure.<init>(ComparisonFailure.java:37)
	at org.junit.Assert.assertEquals$$PHOSPHORTAGGED(Assert.java:115)
	at flaky.FlakyTest.test051_2$$PHOSPHORTAGGED(FlakyTest.java:422)
	at sun.reflect.NativeMethodAccessorImpl.invoke0(Native Method)
	at sun.reflect.NativeMethodAccessorImpl.invoke0$$PHOSPHORTAGGED(NativeMethodAccessorImpl.java)
	at sun.reflect.NativeMethodAccessorImpl.invoke$$PHOSPHORTAGGED(NativeMethodAccessorImpl.java:62)
	at sun.reflect.NativeMethodAccessorImpl.invoke(NativeMethodAccessorImpl.java:0)
	at sun.reflect.DelegatingMethodAccessorImpl.invoke$$PHOSPHORTAGGED(DelegatingMethodAccessorImpl.java:43)
	at sun.reflect.DelegatingMethodAccessorImpl.invoke(DelegatingMethodAccessorImpl.java:0)
	at java.lang.reflect.Method.invoke$$PHOSPHORTAGGED(Method.java:498)
	at org.junit.runners.model.FrameworkMethod$1.runReflectiveCall$$PHOSPHORTAGGED(FrameworkMethod.java:50)
	at org.junit.internal.runners.model.ReflectiveCallable.run$$PHOSPHORTAGGED(ReflectiveCallable.java:12)
	at org.junit.runners.model.FrameworkMethod.invokeExplosively$$PHOSPHORTAGGED(FrameworkMethod.java:47)
	at org.junit.internal.runners.statements.InvokeMethod.evaluate$$PHOSPHORTAGGED(InvokeMethod.java:17)
	at org.junit.runners.ParentRunner.runLeaf$$PHOSPHORTAGGED(ParentRunner.java:325)
	at org.junit.runners.BlockJUnit4ClassRunner.runChild$$PHOSPHORTAGGED(BlockJUnit4ClassRunner.java:78)
	at org.junit.runners.BlockJUnit4ClassRunner.runChild$$PHOSPHORTAGGED(BlockJUnit4ClassRunner.java:57)
	at org.junit.runners.ParentRunner$3.run$$PHOSPHORTAGGED(ParentRunner.java:290)
	at org.junit.runners.ParentRunner$1.schedule$$PHOSPHORTAGGED(ParentRunner.java:71)
	at org.junit.runners.ParentRunner.runChildren$$PHOSPHORTAGGED(ParentRunner.java:288)
	at org.junit.runners.ParentRunner.access$000$$PHOSPHORTAGGED(ParentRunner.java:58)
	at org.junit.runners.ParentRunner$2.evaluate$$PHOSPHORTAGGED(ParentRunner.java:268)
	at org.junit.runners.ParentRunner.run$$PHOSPHORTAGGED(ParentRunner.java:363)
	at org.junit.runners.Suite.runChild$$PHOSPHORTAGGED(Suite.java:128)
	at org.junit.runners.Suite.runChild$$PHOSPHORTAGGED(Suite.java:27)
	at org.junit.runners.ParentRunner$3.run$$PHOSPHORTAGGED(ParentRunner.java:290)
	at org.junit.runners.ParentRunner$1.schedule$$PHOSPHORTAGGED(ParentRunner.java:71)
	at org.junit.runners.ParentRunner.runChildren$$PHOSPHORTAGGED(ParentRunner.java:288)
	at org.junit.runners.ParentRunner.access$000$$PHOSPHORTAGGED(ParentRunner.java:58)
	at org.junit.runners.ParentRunner$2.evaluate$$PHOSPHORTAGGED(ParentRunner.java:268)
	at org.junit.runners.ParentRunner.run$$PHOSPHORTAGGED(ParentRunner.java:363)
	at org.junit.runner.JUnitCore.run$$PHOSPHORTAGGED(JUnitCore.java:137)
	at org.junit.runner.JUnitCore.run$$PHOSPHORTAGGED(JUnitCore.java:115)
	at org.junit.runner.JUnitCore.runMain$$PHOSPHORTAGGED(JUnitCore.java:77)
	at org.junit.runner.JUnitCore.main$$PHOSPHORTAGGED(JUnitCore.java:36)
	at org.junit.runner.JUnitCore.main(JUnitCore.java)
23) test052_1(flaky.FlakyTest)
org.junit.ComparisonFailure: 'female' != 'male' expected:<[fe]male> but was:<[]male>
	at java.lang.Throwable.fillInStackTrace$$PHOSPHORTAGGED(Throwable.java)
	at java.lang.Throwable.fillInStackTrace$$PHOSPHORTAGGED(Throwable.java:784)
	at java.lang.Throwable.<init>(Throwable.java:266)
	at java.lang.Error.<init>(Error.java:70)
	at java.lang.AssertionError.<init>(AssertionError.java:58)
	at java.lang.AssertionError.<init>(AssertionError.java:74)
	at org.junit.ComparisonFailure.<init>(ComparisonFailure.java:37)
	at org.junit.Assert.assertEquals$$PHOSPHORTAGGED(Assert.java:115)
	at flaky.FlakyTest.test052_1$$PHOSPHORTAGGED(FlakyTest.java:443)
	at sun.reflect.NativeMethodAccessorImpl.invoke0(Native Method)
	at sun.reflect.NativeMethodAccessorImpl.invoke0$$PHOSPHORTAGGED(NativeMethodAccessorImpl.java)
	at sun.reflect.NativeMethodAccessorImpl.invoke$$PHOSPHORTAGGED(NativeMethodAccessorImpl.java:62)
	at sun.reflect.NativeMethodAccessorImpl.invoke(NativeMethodAccessorImpl.java:0)
	at sun.reflect.DelegatingMethodAccessorImpl.invoke$$PHOSPHORTAGGED(DelegatingMethodAccessorImpl.java:43)
	at sun.reflect.DelegatingMethodAccessorImpl.invoke(DelegatingMethodAccessorImpl.java:0)
	at java.lang.reflect.Method.invoke$$PHOSPHORTAGGED(Method.java:498)
	at org.junit.runners.model.FrameworkMethod$1.runReflectiveCall$$PHOSPHORTAGGED(FrameworkMethod.java:50)
	at org.junit.internal.runners.model.ReflectiveCallable.run$$PHOSPHORTAGGED(ReflectiveCallable.java:12)
	at org.junit.runners.model.FrameworkMethod.invokeExplosively$$PHOSPHORTAGGED(FrameworkMethod.java:47)
	at org.junit.internal.runners.statements.InvokeMethod.evaluate$$PHOSPHORTAGGED(InvokeMethod.java:17)
	at org.junit.runners.ParentRunner.runLeaf$$PHOSPHORTAGGED(ParentRunner.java:325)
	at org.junit.runners.BlockJUnit4ClassRunner.runChild$$PHOSPHORTAGGED(BlockJUnit4ClassRunner.java:78)
	at org.junit.runners.BlockJUnit4ClassRunner.runChild$$PHOSPHORTAGGED(BlockJUnit4ClassRunner.java:57)
	at org.junit.runners.ParentRunner$3.run$$PHOSPHORTAGGED(ParentRunner.java:290)
	at org.junit.runners.ParentRunner$1.schedule$$PHOSPHORTAGGED(ParentRunner.java:71)
	at org.junit.runners.ParentRunner.runChildren$$PHOSPHORTAGGED(ParentRunner.java:288)
	at org.junit.runners.ParentRunner.access$000$$PHOSPHORTAGGED(ParentRunner.java:58)
	at org.junit.runners.ParentRunner$2.evaluate$$PHOSPHORTAGGED(ParentRunner.java:268)
	at org.junit.runners.ParentRunner.run$$PHOSPHORTAGGED(ParentRunner.java:363)
	at org.junit.runners.Suite.runChild$$PHOSPHORTAGGED(Suite.java:128)
	at org.junit.runners.Suite.runChild$$PHOSPHORTAGGED(Suite.java:27)
	at org.junit.runners.ParentRunner$3.run$$PHOSPHORTAGGED(ParentRunner.java:290)
	at org.junit.runners.ParentRunner$1.schedule$$PHOSPHORTAGGED(ParentRunner.java:71)
	at org.junit.runners.ParentRunner.runChildren$$PHOSPHORTAGGED(ParentRunner.java:288)
	at org.junit.runners.ParentRunner.access$000$$PHOSPHORTAGGED(ParentRunner.java:58)
	at org.junit.runners.ParentRunner$2.evaluate$$PHOSPHORTAGGED(ParentRunner.java:268)
	at org.junit.runners.ParentRunner.run$$PHOSPHORTAGGED(ParentRunner.java:363)
	at org.junit.runner.JUnitCore.run$$PHOSPHORTAGGED(JUnitCore.java:137)
	at org.junit.runner.JUnitCore.run$$PHOSPHORTAGGED(JUnitCore.java:115)
	at org.junit.runner.JUnitCore.runMain$$PHOSPHORTAGGED(JUnitCore.java:77)
	at org.junit.runner.JUnitCore.main$$PHOSPHORTAGGED(JUnitCore.java:36)
	at org.junit.runner.JUnitCore.main(JUnitCore.java)
24) test053_1(flaky.FlakyTest)
org.junit.ComparisonFailure: ':green_heart:' != ':gift_heart:' expected:<:g[reen]_heart:> but was:<:g[ift]_heart:>
	at java.lang.Throwable.fillInStackTrace$$PHOSPHORTAGGED(Throwable.java)
	at java.lang.Throwable.fillInStackTrace$$PHOSPHORTAGGED(Throwable.java:784)
	at java.lang.Throwable.<init>(Throwable.java:266)
	at java.lang.Error.<init>(Error.java:70)
	at java.lang.AssertionError.<init>(AssertionError.java:58)
	at java.lang.AssertionError.<init>(AssertionError.java:74)
	at org.junit.ComparisonFailure.<init>(ComparisonFailure.java:37)
	at org.junit.Assert.assertEquals$$PHOSPHORTAGGED(Assert.java:115)
	at flaky.FlakyTest.test053_1$$PHOSPHORTAGGED(FlakyTest.java:455)
	at sun.reflect.NativeMethodAccessorImpl.invoke0(Native Method)
	at sun.reflect.NativeMethodAccessorImpl.invoke0$$PHOSPHORTAGGED(NativeMethodAccessorImpl.java)
	at sun.reflect.NativeMethodAccessorImpl.invoke$$PHOSPHORTAGGED(NativeMethodAccessorImpl.java:62)
	at sun.reflect.NativeMethodAccessorImpl.invoke(NativeMethodAccessorImpl.java:0)
	at sun.reflect.DelegatingMethodAccessorImpl.invoke$$PHOSPHORTAGGED(DelegatingMethodAccessorImpl.java:43)
	at sun.reflect.DelegatingMethodAccessorImpl.invoke(DelegatingMethodAccessorImpl.java:0)
	at java.lang.reflect.Method.invoke$$PHOSPHORTAGGED(Method.java:498)
	at org.junit.runners.model.FrameworkMethod$1.runReflectiveCall$$PHOSPHORTAGGED(FrameworkMethod.java:50)
	at org.junit.internal.runners.model.ReflectiveCallable.run$$PHOSPHORTAGGED(ReflectiveCallable.java:12)
	at org.junit.runners.model.FrameworkMethod.invokeExplosively$$PHOSPHORTAGGED(FrameworkMethod.java:47)
	at org.junit.internal.runners.statements.InvokeMethod.evaluate$$PHOSPHORTAGGED(InvokeMethod.java:17)
	at org.junit.runners.ParentRunner.runLeaf$$PHOSPHORTAGGED(ParentRunner.java:325)
	at org.junit.runners.BlockJUnit4ClassRunner.runChild$$PHOSPHORTAGGED(BlockJUnit4ClassRunner.java:78)
	at org.junit.runners.BlockJUnit4ClassRunner.runChild$$PHOSPHORTAGGED(BlockJUnit4ClassRunner.java:57)
	at org.junit.runners.ParentRunner$3.run$$PHOSPHORTAGGED(ParentRunner.java:290)
	at org.junit.runners.ParentRunner$1.schedule$$PHOSPHORTAGGED(ParentRunner.java:71)
	at org.junit.runners.ParentRunner.runChildren$$PHOSPHORTAGGED(ParentRunner.java:288)
	at org.junit.runners.ParentRunner.access$000$$PHOSPHORTAGGED(ParentRunner.java:58)
	at org.junit.runners.ParentRunner$2.evaluate$$PHOSPHORTAGGED(ParentRunner.java:268)
	at org.junit.runners.ParentRunner.run$$PHOSPHORTAGGED(ParentRunner.java:363)
	at org.junit.runners.Suite.runChild$$PHOSPHORTAGGED(Suite.java:128)
	at org.junit.runners.Suite.runChild$$PHOSPHORTAGGED(Suite.java:27)
	at org.junit.runners.ParentRunner$3.run$$PHOSPHORTAGGED(ParentRunner.java:290)
	at org.junit.runners.ParentRunner$1.schedule$$PHOSPHORTAGGED(ParentRunner.java:71)
	at org.junit.runners.ParentRunner.runChildren$$PHOSPHORTAGGED(ParentRunner.java:288)
	at org.junit.runners.ParentRunner.access$000$$PHOSPHORTAGGED(ParentRunner.java:58)
	at org.junit.runners.ParentRunner$2.evaluate$$PHOSPHORTAGGED(ParentRunner.java:268)
	at org.junit.runners.ParentRunner.run$$PHOSPHORTAGGED(ParentRunner.java:363)
	at org.junit.runner.JUnitCore.run$$PHOSPHORTAGGED(JUnitCore.java:137)
	at org.junit.runner.JUnitCore.run$$PHOSPHORTAGGED(JUnitCore.java:115)
	at org.junit.runner.JUnitCore.runMain$$PHOSPHORTAGGED(JUnitCore.java:77)
	at org.junit.runner.JUnitCore.main$$PHOSPHORTAGGED(JUnitCore.java:36)
	at org.junit.runner.JUnitCore.main(JUnitCore.java)
25) test053_2(flaky.FlakyTest)
org.junit.ComparisonFailure: ':fearful:' != ':ring:' expected:<:[fearful]:> but was:<:[ring]:>
	at java.lang.Throwable.fillInStackTrace$$PHOSPHORTAGGED(Throwable.java)
	at java.lang.Throwable.fillInStackTrace$$PHOSPHORTAGGED(Throwable.java:784)
	at java.lang.Throwable.<init>(Throwable.java:266)
	at java.lang.Error.<init>(Error.java:70)
	at java.lang.AssertionError.<init>(AssertionError.java:58)
	at java.lang.AssertionError.<init>(AssertionError.java:74)
	at org.junit.ComparisonFailure.<init>(ComparisonFailure.java:37)
	at org.junit.Assert.assertEquals$$PHOSPHORTAGGED(Assert.java:115)
	at flaky.FlakyTest.test053_2$$PHOSPHORTAGGED(FlakyTest.java:469)
	at sun.reflect.NativeMethodAccessorImpl.invoke0(Native Method)
	at sun.reflect.NativeMethodAccessorImpl.invoke0$$PHOSPHORTAGGED(NativeMethodAccessorImpl.java)
	at sun.reflect.NativeMethodAccessorImpl.invoke$$PHOSPHORTAGGED(NativeMethodAccessorImpl.java:62)
	at sun.reflect.NativeMethodAccessorImpl.invoke(NativeMethodAccessorImpl.java:0)
	at sun.reflect.DelegatingMethodAccessorImpl.invoke$$PHOSPHORTAGGED(DelegatingMethodAccessorImpl.java:43)
	at sun.reflect.DelegatingMethodAccessorImpl.invoke(DelegatingMethodAccessorImpl.java:0)
	at java.lang.reflect.Method.invoke$$PHOSPHORTAGGED(Method.java:498)
	at org.junit.runners.model.FrameworkMethod$1.runReflectiveCall$$PHOSPHORTAGGED(FrameworkMethod.java:50)
	at org.junit.internal.runners.model.ReflectiveCallable.run$$PHOSPHORTAGGED(ReflectiveCallable.java:12)
	at org.junit.runners.model.FrameworkMethod.invokeExplosively$$PHOSPHORTAGGED(FrameworkMethod.java:47)
	at org.junit.internal.runners.statements.InvokeMethod.evaluate$$PHOSPHORTAGGED(InvokeMethod.java:17)
	at org.junit.runners.ParentRunner.runLeaf$$PHOSPHORTAGGED(ParentRunner.java:325)
	at org.junit.runners.BlockJUnit4ClassRunner.runChild$$PHOSPHORTAGGED(BlockJUnit4ClassRunner.java:78)
	at org.junit.runners.BlockJUnit4ClassRunner.runChild$$PHOSPHORTAGGED(BlockJUnit4ClassRunner.java:57)
	at org.junit.runners.ParentRunner$3.run$$PHOSPHORTAGGED(ParentRunner.java:290)
	at org.junit.runners.ParentRunner$1.schedule$$PHOSPHORTAGGED(ParentRunner.java:71)
	at org.junit.runners.ParentRunner.runChildren$$PHOSPHORTAGGED(ParentRunner.java:288)
	at org.junit.runners.ParentRunner.access$000$$PHOSPHORTAGGED(ParentRunner.java:58)
	at org.junit.runners.ParentRunner$2.evaluate$$PHOSPHORTAGGED(ParentRunner.java:268)
	at org.junit.runners.ParentRunner.run$$PHOSPHORTAGGED(ParentRunner.java:363)
	at org.junit.runners.Suite.runChild$$PHOSPHORTAGGED(Suite.java:128)
	at org.junit.runners.Suite.runChild$$PHOSPHORTAGGED(Suite.java:27)
	at org.junit.runners.ParentRunner$3.run$$PHOSPHORTAGGED(ParentRunner.java:290)
	at org.junit.runners.ParentRunner$1.schedule$$PHOSPHORTAGGED(ParentRunner.java:71)
	at org.junit.runners.ParentRunner.runChildren$$PHOSPHORTAGGED(ParentRunner.java:288)
	at org.junit.runners.ParentRunner.access$000$$PHOSPHORTAGGED(ParentRunner.java:58)
	at org.junit.runners.ParentRunner$2.evaluate$$PHOSPHORTAGGED(ParentRunner.java:268)
	at org.junit.runners.ParentRunner.run$$PHOSPHORTAGGED(ParentRunner.java:363)
	at org.junit.runner.JUnitCore.run$$PHOSPHORTAGGED(JUnitCore.java:137)
	at org.junit.runner.JUnitCore.run$$PHOSPHORTAGGED(JUnitCore.java:115)
	at org.junit.runner.JUnitCore.runMain$$PHOSPHORTAGGED(JUnitCore.java:77)
	at org.junit.runner.JUnitCore.main$$PHOSPHORTAGGED(JUnitCore.java:36)
	at org.junit.runner.JUnitCore.main(JUnitCore.java)
26) test054_1(flaky.FlakyTest)
java.lang.AssertionError: '52' != '10'
	at java.lang.Throwable.fillInStackTrace$$PHOSPHORTAGGED(Throwable.java)
	at java.lang.Throwable.fillInStackTrace$$PHOSPHORTAGGED(Throwable.java:784)
	at java.lang.Throwable.<init>(Throwable.java:266)
	at java.lang.Error.<init>(Error.java:70)
	at java.lang.AssertionError.<init>(AssertionError.java:58)
	at java.lang.AssertionError.<init>(AssertionError.java:74)
	at org.junit.Assert.fail$$PHOSPHORTAGGED(Assert.java:88)
	at org.junit.Assert.assertTrue$$PHOSPHORTAGGED(Assert.java:41)
	at flaky.FlakyTest.test054_1$$PHOSPHORTAGGED(FlakyTest.java:486)
	at sun.reflect.NativeMethodAccessorImpl.invoke0(Native Method)
	at sun.reflect.NativeMethodAccessorImpl.invoke0$$PHOSPHORTAGGED(NativeMethodAccessorImpl.java)
	at sun.reflect.NativeMethodAccessorImpl.invoke$$PHOSPHORTAGGED(NativeMethodAccessorImpl.java:62)
	at sun.reflect.NativeMethodAccessorImpl.invoke(NativeMethodAccessorImpl.java:0)
	at sun.reflect.DelegatingMethodAccessorImpl.invoke$$PHOSPHORTAGGED(DelegatingMethodAccessorImpl.java:43)
	at sun.reflect.DelegatingMethodAccessorImpl.invoke(DelegatingMethodAccessorImpl.java:0)
	at java.lang.reflect.Method.invoke$$PHOSPHORTAGGED(Method.java:498)
	at org.junit.runners.model.FrameworkMethod$1.runReflectiveCall$$PHOSPHORTAGGED(FrameworkMethod.java:50)
	at org.junit.internal.runners.model.ReflectiveCallable.run$$PHOSPHORTAGGED(ReflectiveCallable.java:12)
	at org.junit.runners.model.FrameworkMethod.invokeExplosively$$PHOSPHORTAGGED(FrameworkMethod.java:47)
	at org.junit.internal.runners.statements.InvokeMethod.evaluate$$PHOSPHORTAGGED(InvokeMethod.java:17)
	at org.junit.runners.ParentRunner.runLeaf$$PHOSPHORTAGGED(ParentRunner.java:325)
	at org.junit.runners.BlockJUnit4ClassRunner.runChild$$PHOSPHORTAGGED(BlockJUnit4ClassRunner.java:78)
	at org.junit.runners.BlockJUnit4ClassRunner.runChild$$PHOSPHORTAGGED(BlockJUnit4ClassRunner.java:57)
	at org.junit.runners.ParentRunner$3.run$$PHOSPHORTAGGED(ParentRunner.java:290)
	at org.junit.runners.ParentRunner$1.schedule$$PHOSPHORTAGGED(ParentRunner.java:71)
	at org.junit.runners.ParentRunner.runChildren$$PHOSPHORTAGGED(ParentRunner.java:288)
	at org.junit.runners.ParentRunner.access$000$$PHOSPHORTAGGED(ParentRunner.java:58)
	at org.junit.runners.ParentRunner$2.evaluate$$PHOSPHORTAGGED(ParentRunner.java:268)
	at org.junit.runners.ParentRunner.run$$PHOSPHORTAGGED(ParentRunner.java:363)
	at org.junit.runners.Suite.runChild$$PHOSPHORTAGGED(Suite.java:128)
	at org.junit.runners.Suite.runChild$$PHOSPHORTAGGED(Suite.java:27)
	at org.junit.runners.ParentRunner$3.run$$PHOSPHORTAGGED(ParentRunner.java:290)
	at org.junit.runners.ParentRunner$1.schedule$$PHOSPHORTAGGED(ParentRunner.java:71)
	at org.junit.runners.ParentRunner.runChildren$$PHOSPHORTAGGED(ParentRunner.java:288)
	at org.junit.runners.ParentRunner.access$000$$PHOSPHORTAGGED(ParentRunner.java:58)
	at org.junit.runners.ParentRunner$2.evaluate$$PHOSPHORTAGGED(ParentRunner.java:268)
	at org.junit.runners.ParentRunner.run$$PHOSPHORTAGGED(ParentRunner.java:363)
	at org.junit.runner.JUnitCore.run$$PHOSPHORTAGGED(JUnitCore.java:137)
	at org.junit.runner.JUnitCore.run$$PHOSPHORTAGGED(JUnitCore.java:115)
	at org.junit.runner.JUnitCore.runMain$$PHOSPHORTAGGED(JUnitCore.java:77)
	at org.junit.runner.JUnitCore.main$$PHOSPHORTAGGED(JUnitCore.java:36)
	at org.junit.runner.JUnitCore.main(JUnitCore.java)
27) test054_2(flaky.FlakyTest)
org.junit.ComparisonFailure: '1ABE784A86' != 'F3A67DA8B8' expected:<[1ABE784A86]> but was:<[F3A67DA8B8]>
	at java.lang.Throwable.fillInStackTrace$$PHOSPHORTAGGED(Throwable.java)
	at java.lang.Throwable.fillInStackTrace$$PHOSPHORTAGGED(Throwable.java:784)
	at java.lang.Throwable.<init>(Throwable.java:266)
	at java.lang.Error.<init>(Error.java:70)
	at java.lang.AssertionError.<init>(AssertionError.java:58)
	at java.lang.AssertionError.<init>(AssertionError.java:74)
	at org.junit.ComparisonFailure.<init>(ComparisonFailure.java:37)
	at org.junit.Assert.assertEquals$$PHOSPHORTAGGED(Assert.java:115)
	at flaky.FlakyTest.test054_2$$PHOSPHORTAGGED(FlakyTest.java:505)
	at sun.reflect.NativeMethodAccessorImpl.invoke0(Native Method)
	at sun.reflect.NativeMethodAccessorImpl.invoke0$$PHOSPHORTAGGED(NativeMethodAccessorImpl.java)
	at sun.reflect.NativeMethodAccessorImpl.invoke$$PHOSPHORTAGGED(NativeMethodAccessorImpl.java:62)
	at sun.reflect.NativeMethodAccessorImpl.invoke(NativeMethodAccessorImpl.java:0)
	at sun.reflect.DelegatingMethodAccessorImpl.invoke$$PHOSPHORTAGGED(DelegatingMethodAccessorImpl.java:43)
	at sun.reflect.DelegatingMethodAccessorImpl.invoke(DelegatingMethodAccessorImpl.java:0)
	at java.lang.reflect.Method.invoke$$PHOSPHORTAGGED(Method.java:498)
	at org.junit.runners.model.FrameworkMethod$1.runReflectiveCall$$PHOSPHORTAGGED(FrameworkMethod.java:50)
	at org.junit.internal.runners.model.ReflectiveCallable.run$$PHOSPHORTAGGED(ReflectiveCallable.java:12)
	at org.junit.runners.model.FrameworkMethod.invokeExplosively$$PHOSPHORTAGGED(FrameworkMethod.java:47)
	at org.junit.internal.runners.statements.InvokeMethod.evaluate$$PHOSPHORTAGGED(InvokeMethod.java:17)
	at org.junit.runners.ParentRunner.runLeaf$$PHOSPHORTAGGED(ParentRunner.java:325)
	at org.junit.runners.BlockJUnit4ClassRunner.runChild$$PHOSPHORTAGGED(BlockJUnit4ClassRunner.java:78)
	at org.junit.runners.BlockJUnit4ClassRunner.runChild$$PHOSPHORTAGGED(BlockJUnit4ClassRunner.java:57)
	at org.junit.runners.ParentRunner$3.run$$PHOSPHORTAGGED(ParentRunner.java:290)
	at org.junit.runners.ParentRunner$1.schedule$$PHOSPHORTAGGED(ParentRunner.java:71)
	at org.junit.runners.ParentRunner.runChildren$$PHOSPHORTAGGED(ParentRunner.java:288)
	at org.junit.runners.ParentRunner.access$000$$PHOSPHORTAGGED(ParentRunner.java:58)
	at org.junit.runners.ParentRunner$2.evaluate$$PHOSPHORTAGGED(ParentRunner.java:268)
	at org.junit.runners.ParentRunner.run$$PHOSPHORTAGGED(ParentRunner.java:363)
	at org.junit.runners.Suite.runChild$$PHOSPHORTAGGED(Suite.java:128)
	at org.junit.runners.Suite.runChild$$PHOSPHORTAGGED(Suite.java:27)
	at org.junit.runners.ParentRunner$3.run$$PHOSPHORTAGGED(ParentRunner.java:290)
	at org.junit.runners.ParentRunner$1.schedule$$PHOSPHORTAGGED(ParentRunner.java:71)
	at org.junit.runners.ParentRunner.runChildren$$PHOSPHORTAGGED(ParentRunner.java:288)
	at org.junit.runners.ParentRunner.access$000$$PHOSPHORTAGGED(ParentRunner.java:58)
	at org.junit.runners.ParentRunner$2.evaluate$$PHOSPHORTAGGED(ParentRunner.java:268)
	at org.junit.runners.ParentRunner.run$$PHOSPHORTAGGED(ParentRunner.java:363)
	at org.junit.runner.JUnitCore.run$$PHOSPHORTAGGED(JUnitCore.java:137)
	at org.junit.runner.JUnitCore.run$$PHOSPHORTAGGED(JUnitCore.java:115)
	at org.junit.runner.JUnitCore.runMain$$PHOSPHORTAGGED(JUnitCore.java:77)
	at org.junit.runner.JUnitCore.main$$PHOSPHORTAGGED(JUnitCore.java:36)
	at org.junit.runner.JUnitCore.main(JUnitCore.java)
28) test057_1(flaky.FlakyTest)
org.junit.ComparisonFailure: '1/2 gallon' != '1/4 quart' expected:<1/[2 gallon]> but was:<1/[4 quart]>
	at java.lang.Throwable.fillInStackTrace$$PHOSPHORTAGGED(Throwable.java)
	at java.lang.Throwable.fillInStackTrace$$PHOSPHORTAGGED(Throwable.java:784)
	at java.lang.Throwable.<init>(Throwable.java:266)
	at java.lang.Error.<init>(Error.java:70)
	at java.lang.AssertionError.<init>(AssertionError.java:58)
	at java.lang.AssertionError.<init>(AssertionError.java:74)
	at org.junit.ComparisonFailure.<init>(ComparisonFailure.java:37)
	at org.junit.Assert.assertEquals$$PHOSPHORTAGGED(Assert.java:115)
	at flaky.FlakyTest.test057_1$$PHOSPHORTAGGED(FlakyTest.java:521)
	at sun.reflect.NativeMethodAccessorImpl.invoke0(Native Method)
	at sun.reflect.NativeMethodAccessorImpl.invoke0$$PHOSPHORTAGGED(NativeMethodAccessorImpl.java)
	at sun.reflect.NativeMethodAccessorImpl.invoke$$PHOSPHORTAGGED(NativeMethodAccessorImpl.java:62)
	at sun.reflect.NativeMethodAccessorImpl.invoke(NativeMethodAccessorImpl.java:0)
	at sun.reflect.DelegatingMethodAccessorImpl.invoke$$PHOSPHORTAGGED(DelegatingMethodAccessorImpl.java:43)
	at sun.reflect.DelegatingMethodAccessorImpl.invoke(DelegatingMethodAccessorImpl.java:0)
	at java.lang.reflect.Method.invoke$$PHOSPHORTAGGED(Method.java:498)
	at org.junit.runners.model.FrameworkMethod$1.runReflectiveCall$$PHOSPHORTAGGED(FrameworkMethod.java:50)
	at org.junit.internal.runners.model.ReflectiveCallable.run$$PHOSPHORTAGGED(ReflectiveCallable.java:12)
	at org.junit.runners.model.FrameworkMethod.invokeExplosively$$PHOSPHORTAGGED(FrameworkMethod.java:47)
	at org.junit.internal.runners.statements.InvokeMethod.evaluate$$PHOSPHORTAGGED(InvokeMethod.java:17)
	at org.junit.runners.ParentRunner.runLeaf$$PHOSPHORTAGGED(ParentRunner.java:325)
	at org.junit.runners.BlockJUnit4ClassRunner.runChild$$PHOSPHORTAGGED(BlockJUnit4ClassRunner.java:78)
	at org.junit.runners.BlockJUnit4ClassRunner.runChild$$PHOSPHORTAGGED(BlockJUnit4ClassRunner.java:57)
	at org.junit.runners.ParentRunner$3.run$$PHOSPHORTAGGED(ParentRunner.java:290)
	at org.junit.runners.ParentRunner$1.schedule$$PHOSPHORTAGGED(ParentRunner.java:71)
	at org.junit.runners.ParentRunner.runChildren$$PHOSPHORTAGGED(ParentRunner.java:288)
	at org.junit.runners.ParentRunner.access$000$$PHOSPHORTAGGED(ParentRunner.java:58)
	at org.junit.runners.ParentRunner$2.evaluate$$PHOSPHORTAGGED(ParentRunner.java:268)
	at org.junit.runners.ParentRunner.run$$PHOSPHORTAGGED(ParentRunner.java:363)
	at org.junit.runners.Suite.runChild$$PHOSPHORTAGGED(Suite.java:128)
	at org.junit.runners.Suite.runChild$$PHOSPHORTAGGED(Suite.java:27)
	at org.junit.runners.ParentRunner$3.run$$PHOSPHORTAGGED(ParentRunner.java:290)
	at org.junit.runners.ParentRunner$1.schedule$$PHOSPHORTAGGED(ParentRunner.java:71)
	at org.junit.runners.ParentRunner.runChildren$$PHOSPHORTAGGED(ParentRunner.java:288)
	at org.junit.runners.ParentRunner.access$000$$PHOSPHORTAGGED(ParentRunner.java:58)
	at org.junit.runners.ParentRunner$2.evaluate$$PHOSPHORTAGGED(ParentRunner.java:268)
	at org.junit.runners.ParentRunner.run$$PHOSPHORTAGGED(ParentRunner.java:363)
	at org.junit.runner.JUnitCore.run$$PHOSPHORTAGGED(JUnitCore.java:137)
	at org.junit.runner.JUnitCore.run$$PHOSPHORTAGGED(JUnitCore.java:115)
	at org.junit.runner.JUnitCore.runMain$$PHOSPHORTAGGED(JUnitCore.java:77)
	at org.junit.runner.JUnitCore.main$$PHOSPHORTAGGED(JUnitCore.java:36)
	at org.junit.runner.JUnitCore.main(JUnitCore.java)
29) test057_2(flaky.FlakyTest)
org.junit.ComparisonFailure: 'Rockmelon' != 'Lychees' expected:<[Rockmelon]> but was:<[Lychees]>
	at java.lang.Throwable.fillInStackTrace$$PHOSPHORTAGGED(Throwable.java)
	at java.lang.Throwable.fillInStackTrace$$PHOSPHORTAGGED(Throwable.java:784)
	at java.lang.Throwable.<init>(Throwable.java:266)
	at java.lang.Error.<init>(Error.java:70)
	at java.lang.AssertionError.<init>(AssertionError.java:58)
	at java.lang.AssertionError.<init>(AssertionError.java:74)
	at org.junit.ComparisonFailure.<init>(ComparisonFailure.java:37)
	at org.junit.Assert.assertEquals$$PHOSPHORTAGGED(Assert.java:115)
	at flaky.FlakyTest.test057_2$$PHOSPHORTAGGED(FlakyTest.java:541)
	at sun.reflect.NativeMethodAccessorImpl.invoke0(Native Method)
	at sun.reflect.NativeMethodAccessorImpl.invoke0$$PHOSPHORTAGGED(NativeMethodAccessorImpl.java)
	at sun.reflect.NativeMethodAccessorImpl.invoke$$PHOSPHORTAGGED(NativeMethodAccessorImpl.java:62)
	at sun.reflect.NativeMethodAccessorImpl.invoke(NativeMethodAccessorImpl.java:0)
	at sun.reflect.DelegatingMethodAccessorImpl.invoke$$PHOSPHORTAGGED(DelegatingMethodAccessorImpl.java:43)
	at sun.reflect.DelegatingMethodAccessorImpl.invoke(DelegatingMethodAccessorImpl.java:0)
	at java.lang.reflect.Method.invoke$$PHOSPHORTAGGED(Method.java:498)
	at org.junit.runners.model.FrameworkMethod$1.runReflectiveCall$$PHOSPHORTAGGED(FrameworkMethod.java:50)
	at org.junit.internal.runners.model.ReflectiveCallable.run$$PHOSPHORTAGGED(ReflectiveCallable.java:12)
	at org.junit.runners.model.FrameworkMethod.invokeExplosively$$PHOSPHORTAGGED(FrameworkMethod.java:47)
	at org.junit.internal.runners.statements.InvokeMethod.evaluate$$PHOSPHORTAGGED(InvokeMethod.java:17)
	at org.junit.runners.ParentRunner.runLeaf$$PHOSPHORTAGGED(ParentRunner.java:325)
	at org.junit.runners.BlockJUnit4ClassRunner.runChild$$PHOSPHORTAGGED(BlockJUnit4ClassRunner.java:78)
	at org.junit.runners.BlockJUnit4ClassRunner.runChild$$PHOSPHORTAGGED(BlockJUnit4ClassRunner.java:57)
	at org.junit.runners.ParentRunner$3.run$$PHOSPHORTAGGED(ParentRunner.java:290)
	at org.junit.runners.ParentRunner$1.schedule$$PHOSPHORTAGGED(ParentRunner.java:71)
	at org.junit.runners.ParentRunner.runChildren$$PHOSPHORTAGGED(ParentRunner.java:288)
	at org.junit.runners.ParentRunner.access$000$$PHOSPHORTAGGED(ParentRunner.java:58)
	at org.junit.runners.ParentRunner$2.evaluate$$PHOSPHORTAGGED(ParentRunner.java:268)
	at org.junit.runners.ParentRunner.run$$PHOSPHORTAGGED(ParentRunner.java:363)
	at org.junit.runners.Suite.runChild$$PHOSPHORTAGGED(Suite.java:128)
	at org.junit.runners.Suite.runChild$$PHOSPHORTAGGED(Suite.java:27)
	at org.junit.runners.ParentRunner$3.run$$PHOSPHORTAGGED(ParentRunner.java:290)
	at org.junit.runners.ParentRunner$1.schedule$$PHOSPHORTAGGED(ParentRunner.java:71)
	at org.junit.runners.ParentRunner.runChildren$$PHOSPHORTAGGED(ParentRunner.java:288)
	at org.junit.runners.ParentRunner.access$000$$PHOSPHORTAGGED(ParentRunner.java:58)
	at org.junit.runners.ParentRunner$2.evaluate$$PHOSPHORTAGGED(ParentRunner.java:268)
	at org.junit.runners.ParentRunner.run$$PHOSPHORTAGGED(ParentRunner.java:363)
	at org.junit.runner.JUnitCore.run$$PHOSPHORTAGGED(JUnitCore.java:137)
	at org.junit.runner.JUnitCore.run$$PHOSPHORTAGGED(JUnitCore.java:115)
	at org.junit.runner.JUnitCore.runMain$$PHOSPHORTAGGED(JUnitCore.java:77)
	at org.junit.runner.JUnitCore.main$$PHOSPHORTAGGED(JUnitCore.java:36)
	at org.junit.runner.JUnitCore.main(JUnitCore.java)
30) test057_3(flaky.FlakyTest)
org.junit.ComparisonFailure: 'Chilli con Carne' != 'Pasta Carbonara' expected:<[Chilli con Carne]> but was:<[Pasta Carbonara]>
	at java.lang.Throwable.fillInStackTrace$$PHOSPHORTAGGED(Throwable.java)
	at java.lang.Throwable.fillInStackTrace$$PHOSPHORTAGGED(Throwable.java:784)
	at java.lang.Throwable.<init>(Throwable.java:266)
	at java.lang.Error.<init>(Error.java:70)
	at java.lang.AssertionError.<init>(AssertionError.java:58)
	at java.lang.AssertionError.<init>(AssertionError.java:74)
	at org.junit.ComparisonFailure.<init>(ComparisonFailure.java:37)
	at org.junit.Assert.assertEquals$$PHOSPHORTAGGED(Assert.java:115)
	at flaky.FlakyTest.test057_3$$PHOSPHORTAGGED(FlakyTest.java:561)
	at sun.reflect.NativeMethodAccessorImpl.invoke0(Native Method)
	at sun.reflect.NativeMethodAccessorImpl.invoke0$$PHOSPHORTAGGED(NativeMethodAccessorImpl.java)
	at sun.reflect.NativeMethodAccessorImpl.invoke$$PHOSPHORTAGGED(NativeMethodAccessorImpl.java:62)
	at sun.reflect.NativeMethodAccessorImpl.invoke(NativeMethodAccessorImpl.java:0)
	at sun.reflect.DelegatingMethodAccessorImpl.invoke$$PHOSPHORTAGGED(DelegatingMethodAccessorImpl.java:43)
	at sun.reflect.DelegatingMethodAccessorImpl.invoke(DelegatingMethodAccessorImpl.java:0)
	at java.lang.reflect.Method.invoke$$PHOSPHORTAGGED(Method.java:498)
	at org.junit.runners.model.FrameworkMethod$1.runReflectiveCall$$PHOSPHORTAGGED(FrameworkMethod.java:50)
	at org.junit.internal.runners.model.ReflectiveCallable.run$$PHOSPHORTAGGED(ReflectiveCallable.java:12)
	at org.junit.runners.model.FrameworkMethod.invokeExplosively$$PHOSPHORTAGGED(FrameworkMethod.java:47)
	at org.junit.internal.runners.statements.InvokeMethod.evaluate$$PHOSPHORTAGGED(InvokeMethod.java:17)
	at org.junit.runners.ParentRunner.runLeaf$$PHOSPHORTAGGED(ParentRunner.java:325)
	at org.junit.runners.BlockJUnit4ClassRunner.runChild$$PHOSPHORTAGGED(BlockJUnit4ClassRunner.java:78)
	at org.junit.runners.BlockJUnit4ClassRunner.runChild$$PHOSPHORTAGGED(BlockJUnit4ClassRunner.java:57)
	at org.junit.runners.ParentRunner$3.run$$PHOSPHORTAGGED(ParentRunner.java:290)
	at org.junit.runners.ParentRunner$1.schedule$$PHOSPHORTAGGED(ParentRunner.java:71)
	at org.junit.runners.ParentRunner.runChildren$$PHOSPHORTAGGED(ParentRunner.java:288)
	at org.junit.runners.ParentRunner.access$000$$PHOSPHORTAGGED(ParentRunner.java:58)
	at org.junit.runners.ParentRunner$2.evaluate$$PHOSPHORTAGGED(ParentRunner.java:268)
	at org.junit.runners.ParentRunner.run$$PHOSPHORTAGGED(ParentRunner.java:363)
	at org.junit.runners.Suite.runChild$$PHOSPHORTAGGED(Suite.java:128)
	at org.junit.runners.Suite.runChild$$PHOSPHORTAGGED(Suite.java:27)
	at org.junit.runners.ParentRunner$3.run$$PHOSPHORTAGGED(ParentRunner.java:290)
	at org.junit.runners.ParentRunner$1.schedule$$PHOSPHORTAGGED(ParentRunner.java:71)
	at org.junit.runners.ParentRunner.runChildren$$PHOSPHORTAGGED(ParentRunner.java:288)
	at org.junit.runners.ParentRunner.access$000$$PHOSPHORTAGGED(ParentRunner.java:58)
	at org.junit.runners.ParentRunner$2.evaluate$$PHOSPHORTAGGED(ParentRunner.java:268)
	at org.junit.runners.ParentRunner.run$$PHOSPHORTAGGED(ParentRunner.java:363)
	at org.junit.runner.JUnitCore.run$$PHOSPHORTAGGED(JUnitCore.java:137)
	at org.junit.runner.JUnitCore.run$$PHOSPHORTAGGED(JUnitCore.java:115)
	at org.junit.runner.JUnitCore.runMain$$PHOSPHORTAGGED(JUnitCore.java:77)
	at org.junit.runner.JUnitCore.main$$PHOSPHORTAGGED(JUnitCore.java:36)
	at org.junit.runner.JUnitCore.main(JUnitCore.java)
31) test057_4(flaky.FlakyTest)
org.junit.ComparisonFailure: 'Pizza' != 'Sushi' expected:<[Pizza]> but was:<[Sushi]>
	at java.lang.Throwable.fillInStackTrace$$PHOSPHORTAGGED(Throwable.java)
	at java.lang.Throwable.fillInStackTrace$$PHOSPHORTAGGED(Throwable.java:784)
	at java.lang.Throwable.<init>(Throwable.java:266)
	at java.lang.Error.<init>(Error.java:70)
	at java.lang.AssertionError.<init>(AssertionError.java:58)
	at java.lang.AssertionError.<init>(AssertionError.java:74)
	at org.junit.ComparisonFailure.<init>(ComparisonFailure.java:37)
	at org.junit.Assert.assertEquals$$PHOSPHORTAGGED(Assert.java:115)
	at flaky.FlakyTest.test057_4$$PHOSPHORTAGGED(FlakyTest.java:581)
	at sun.reflect.NativeMethodAccessorImpl.invoke0(Native Method)
	at sun.reflect.NativeMethodAccessorImpl.invoke0$$PHOSPHORTAGGED(NativeMethodAccessorImpl.java)
	at sun.reflect.NativeMethodAccessorImpl.invoke$$PHOSPHORTAGGED(NativeMethodAccessorImpl.java:62)
	at sun.reflect.NativeMethodAccessorImpl.invoke(NativeMethodAccessorImpl.java:0)
	at sun.reflect.DelegatingMethodAccessorImpl.invoke$$PHOSPHORTAGGED(DelegatingMethodAccessorImpl.java:43)
	at sun.reflect.DelegatingMethodAccessorImpl.invoke(DelegatingMethodAccessorImpl.java:0)
	at java.lang.reflect.Method.invoke$$PHOSPHORTAGGED(Method.java:498)
	at org.junit.runners.model.FrameworkMethod$1.runReflectiveCall$$PHOSPHORTAGGED(FrameworkMethod.java:50)
	at org.junit.internal.runners.model.ReflectiveCallable.run$$PHOSPHORTAGGED(ReflectiveCallable.java:12)
	at org.junit.runners.model.FrameworkMethod.invokeExplosively$$PHOSPHORTAGGED(FrameworkMethod.java:47)
	at org.junit.internal.runners.statements.InvokeMethod.evaluate$$PHOSPHORTAGGED(InvokeMethod.java:17)
	at org.junit.runners.ParentRunner.runLeaf$$PHOSPHORTAGGED(ParentRunner.java:325)
	at org.junit.runners.BlockJUnit4ClassRunner.runChild$$PHOSPHORTAGGED(BlockJUnit4ClassRunner.java:78)
	at org.junit.runners.BlockJUnit4ClassRunner.runChild$$PHOSPHORTAGGED(BlockJUnit4ClassRunner.java:57)
	at org.junit.runners.ParentRunner$3.run$$PHOSPHORTAGGED(ParentRunner.java:290)
	at org.junit.runners.ParentRunner$1.schedule$$PHOSPHORTAGGED(ParentRunner.java:71)
	at org.junit.runners.ParentRunner.runChildren$$PHOSPHORTAGGED(ParentRunner.java:288)
	at org.junit.runners.ParentRunner.access$000$$PHOSPHORTAGGED(ParentRunner.java:58)
	at org.junit.runners.ParentRunner$2.evaluate$$PHOSPHORTAGGED(ParentRunner.java:268)
	at org.junit.runners.ParentRunner.run$$PHOSPHORTAGGED(ParentRunner.java:363)
	at org.junit.runners.Suite.runChild$$PHOSPHORTAGGED(Suite.java:128)
	at org.junit.runners.Suite.runChild$$PHOSPHORTAGGED(Suite.java:27)
	at org.junit.runners.ParentRunner$3.run$$PHOSPHORTAGGED(ParentRunner.java:290)
	at org.junit.runners.ParentRunner$1.schedule$$PHOSPHORTAGGED(ParentRunner.java:71)
	at org.junit.runners.ParentRunner.runChildren$$PHOSPHORTAGGED(ParentRunner.java:288)
	at org.junit.runners.ParentRunner.access$000$$PHOSPHORTAGGED(ParentRunner.java:58)
	at org.junit.runners.ParentRunner$2.evaluate$$PHOSPHORTAGGED(ParentRunner.java:268)
	at org.junit.runners.ParentRunner.run$$PHOSPHORTAGGED(ParentRunner.java:363)
	at org.junit.runner.JUnitCore.run$$PHOSPHORTAGGED(JUnitCore.java:137)
	at org.junit.runner.JUnitCore.run$$PHOSPHORTAGGED(JUnitCore.java:115)
	at org.junit.runner.JUnitCore.runMain$$PHOSPHORTAGGED(JUnitCore.java:77)
	at org.junit.runner.JUnitCore.main$$PHOSPHORTAGGED(JUnitCore.java:36)
	at org.junit.runner.JUnitCore.main(JUnitCore.java)
32) test059_1(flaky.FlakyTest)
org.junit.ComparisonFailure: 'New Jersey' != 'Wyoming' expected:<[New Jersey]> but was:<[Wyoming]>
	at java.lang.Throwable.fillInStackTrace$$PHOSPHORTAGGED(Throwable.java)
	at java.lang.Throwable.fillInStackTrace$$PHOSPHORTAGGED(Throwable.java:784)
	at java.lang.Throwable.<init>(Throwable.java:266)
	at java.lang.Error.<init>(Error.java:70)
	at java.lang.AssertionError.<init>(AssertionError.java:58)
	at java.lang.AssertionError.<init>(AssertionError.java:74)
	at org.junit.ComparisonFailure.<init>(ComparisonFailure.java:37)
	at org.junit.Assert.assertEquals$$PHOSPHORTAGGED(Assert.java:115)
	at flaky.FlakyTest.test059_1$$PHOSPHORTAGGED(FlakyTest.java:599)
	at sun.reflect.NativeMethodAccessorImpl.invoke0(Native Method)
	at sun.reflect.NativeMethodAccessorImpl.invoke0$$PHOSPHORTAGGED(NativeMethodAccessorImpl.java)
	at sun.reflect.NativeMethodAccessorImpl.invoke$$PHOSPHORTAGGED(NativeMethodAccessorImpl.java:62)
	at sun.reflect.NativeMethodAccessorImpl.invoke(NativeMethodAccessorImpl.java:0)
	at sun.reflect.DelegatingMethodAccessorImpl.invoke$$PHOSPHORTAGGED(DelegatingMethodAccessorImpl.java:43)
	at sun.reflect.DelegatingMethodAccessorImpl.invoke(DelegatingMethodAccessorImpl.java:0)
	at java.lang.reflect.Method.invoke$$PHOSPHORTAGGED(Method.java:498)
	at org.junit.runners.model.FrameworkMethod$1.runReflectiveCall$$PHOSPHORTAGGED(FrameworkMethod.java:50)
	at org.junit.internal.runners.model.ReflectiveCallable.run$$PHOSPHORTAGGED(ReflectiveCallable.java:12)
	at org.junit.runners.model.FrameworkMethod.invokeExplosively$$PHOSPHORTAGGED(FrameworkMethod.java:47)
	at org.junit.internal.runners.statements.InvokeMethod.evaluate$$PHOSPHORTAGGED(InvokeMethod.java:17)
	at org.junit.runners.ParentRunner.runLeaf$$PHOSPHORTAGGED(ParentRunner.java:325)
	at org.junit.runners.BlockJUnit4ClassRunner.runChild$$PHOSPHORTAGGED(BlockJUnit4ClassRunner.java:78)
	at org.junit.runners.BlockJUnit4ClassRunner.runChild$$PHOSPHORTAGGED(BlockJUnit4ClassRunner.java:57)
	at org.junit.runners.ParentRunner$3.run$$PHOSPHORTAGGED(ParentRunner.java:290)
	at org.junit.runners.ParentRunner$1.schedule$$PHOSPHORTAGGED(ParentRunner.java:71)
	at org.junit.runners.ParentRunner.runChildren$$PHOSPHORTAGGED(ParentRunner.java:288)
	at org.junit.runners.ParentRunner.access$000$$PHOSPHORTAGGED(ParentRunner.java:58)
	at org.junit.runners.ParentRunner$2.evaluate$$PHOSPHORTAGGED(ParentRunner.java:268)
	at org.junit.runners.ParentRunner.run$$PHOSPHORTAGGED(ParentRunner.java:363)
	at org.junit.runners.Suite.runChild$$PHOSPHORTAGGED(Suite.java:128)
	at org.junit.runners.Suite.runChild$$PHOSPHORTAGGED(Suite.java:27)
	at org.junit.runners.ParentRunner$3.run$$PHOSPHORTAGGED(ParentRunner.java:290)
	at org.junit.runners.ParentRunner$1.schedule$$PHOSPHORTAGGED(ParentRunner.java:71)
	at org.junit.runners.ParentRunner.runChildren$$PHOSPHORTAGGED(ParentRunner.java:288)
	at org.junit.runners.ParentRunner.access$000$$PHOSPHORTAGGED(ParentRunner.java:58)
	at org.junit.runners.ParentRunner$2.evaluate$$PHOSPHORTAGGED(ParentRunner.java:268)
	at org.junit.runners.ParentRunner.run$$PHOSPHORTAGGED(ParentRunner.java:363)
	at org.junit.runner.JUnitCore.run$$PHOSPHORTAGGED(JUnitCore.java:137)
	at org.junit.runner.JUnitCore.run$$PHOSPHORTAGGED(JUnitCore.java:115)
	at org.junit.runner.JUnitCore.runMain$$PHOSPHORTAGGED(JUnitCore.java:77)
	at org.junit.runner.JUnitCore.main$$PHOSPHORTAGGED(JUnitCore.java:36)
	at org.junit.runner.JUnitCore.main(JUnitCore.java)
33) test059_2(flaky.FlakyTest)
org.junit.ComparisonFailure: 'water polo' != 'football' expected:<[water polo]> but was:<[football]>
	at java.lang.Throwable.fillInStackTrace$$PHOSPHORTAGGED(Throwable.java)
	at java.lang.Throwable.fillInStackTrace$$PHOSPHORTAGGED(Throwable.java:784)
	at java.lang.Throwable.<init>(Throwable.java:266)
	at java.lang.Error.<init>(Error.java:70)
	at java.lang.AssertionError.<init>(AssertionError.java:58)
	at java.lang.AssertionError.<init>(AssertionError.java:74)
	at org.junit.ComparisonFailure.<init>(ComparisonFailure.java:37)
	at org.junit.Assert.assertEquals$$PHOSPHORTAGGED(Assert.java:115)
	at flaky.FlakyTest.test059_2$$PHOSPHORTAGGED(FlakyTest.java:619)
	at sun.reflect.NativeMethodAccessorImpl.invoke0(Native Method)
	at sun.reflect.NativeMethodAccessorImpl.invoke0$$PHOSPHORTAGGED(NativeMethodAccessorImpl.java)
	at sun.reflect.NativeMethodAccessorImpl.invoke$$PHOSPHORTAGGED(NativeMethodAccessorImpl.java:62)
	at sun.reflect.NativeMethodAccessorImpl.invoke(NativeMethodAccessorImpl.java:0)
	at sun.reflect.DelegatingMethodAccessorImpl.invoke$$PHOSPHORTAGGED(DelegatingMethodAccessorImpl.java:43)
	at sun.reflect.DelegatingMethodAccessorImpl.invoke(DelegatingMethodAccessorImpl.java:0)
	at java.lang.reflect.Method.invoke$$PHOSPHORTAGGED(Method.java:498)
	at org.junit.runners.model.FrameworkMethod$1.runReflectiveCall$$PHOSPHORTAGGED(FrameworkMethod.java:50)
	at org.junit.internal.runners.model.ReflectiveCallable.run$$PHOSPHORTAGGED(ReflectiveCallable.java:12)
	at org.junit.runners.model.FrameworkMethod.invokeExplosively$$PHOSPHORTAGGED(FrameworkMethod.java:47)
	at org.junit.internal.runners.statements.InvokeMethod.evaluate$$PHOSPHORTAGGED(InvokeMethod.java:17)
	at org.junit.runners.ParentRunner.runLeaf$$PHOSPHORTAGGED(ParentRunner.java:325)
	at org.junit.runners.BlockJUnit4ClassRunner.runChild$$PHOSPHORTAGGED(BlockJUnit4ClassRunner.java:78)
	at org.junit.runners.BlockJUnit4ClassRunner.runChild$$PHOSPHORTAGGED(BlockJUnit4ClassRunner.java:57)
	at org.junit.runners.ParentRunner$3.run$$PHOSPHORTAGGED(ParentRunner.java:290)
	at org.junit.runners.ParentRunner$1.schedule$$PHOSPHORTAGGED(ParentRunner.java:71)
	at org.junit.runners.ParentRunner.runChildren$$PHOSPHORTAGGED(ParentRunner.java:288)
	at org.junit.runners.ParentRunner.access$000$$PHOSPHORTAGGED(ParentRunner.java:58)
	at org.junit.runners.ParentRunner$2.evaluate$$PHOSPHORTAGGED(ParentRunner.java:268)
	at org.junit.runners.ParentRunner.run$$PHOSPHORTAGGED(ParentRunner.java:363)
	at org.junit.runners.Suite.runChild$$PHOSPHORTAGGED(Suite.java:128)
	at org.junit.runners.Suite.runChild$$PHOSPHORTAGGED(Suite.java:27)
	at org.junit.runners.ParentRunner$3.run$$PHOSPHORTAGGED(ParentRunner.java:290)
	at org.junit.runners.ParentRunner$1.schedule$$PHOSPHORTAGGED(ParentRunner.java:71)
	at org.junit.runners.ParentRunner.runChildren$$PHOSPHORTAGGED(ParentRunner.java:288)
	at org.junit.runners.ParentRunner.access$000$$PHOSPHORTAGGED(ParentRunner.java:58)
	at org.junit.runners.ParentRunner$2.evaluate$$PHOSPHORTAGGED(ParentRunner.java:268)
	at org.junit.runners.ParentRunner.run$$PHOSPHORTAGGED(ParentRunner.java:363)
	at org.junit.runner.JUnitCore.run$$PHOSPHORTAGGED(JUnitCore.java:137)
	at org.junit.runner.JUnitCore.run$$PHOSPHORTAGGED(JUnitCore.java:115)
	at org.junit.runner.JUnitCore.runMain$$PHOSPHORTAGGED(JUnitCore.java:77)
	at org.junit.runner.JUnitCore.main$$PHOSPHORTAGGED(JUnitCore.java:36)
	at org.junit.runner.JUnitCore.main(JUnitCore.java)
34) test060_1(flaky.FlakyTest)
org.junit.ComparisonFailure: 'Sony DSLR-A500' != 'Nikon F-401' expected:<[Sony DSLR-A500]> but was:<[Nikon F-401]>
	at java.lang.Throwable.fillInStackTrace$$PHOSPHORTAGGED(Throwable.java)
	at java.lang.Throwable.fillInStackTrace$$PHOSPHORTAGGED(Throwable.java:784)
	at java.lang.Throwable.<init>(Throwable.java:266)
	at java.lang.Error.<init>(Error.java:70)
	at java.lang.AssertionError.<init>(AssertionError.java:58)
	at java.lang.AssertionError.<init>(AssertionError.java:74)
	at org.junit.ComparisonFailure.<init>(ComparisonFailure.java:37)
	at org.junit.Assert.assertEquals$$PHOSPHORTAGGED(Assert.java:115)
	at flaky.FlakyTest.test060_1$$PHOSPHORTAGGED(FlakyTest.java:631)
	at sun.reflect.NativeMethodAccessorImpl.invoke0(Native Method)
	at sun.reflect.NativeMethodAccessorImpl.invoke0$$PHOSPHORTAGGED(NativeMethodAccessorImpl.java)
	at sun.reflect.NativeMethodAccessorImpl.invoke$$PHOSPHORTAGGED(NativeMethodAccessorImpl.java:62)
	at sun.reflect.NativeMethodAccessorImpl.invoke(NativeMethodAccessorImpl.java:0)
	at sun.reflect.DelegatingMethodAccessorImpl.invoke$$PHOSPHORTAGGED(DelegatingMethodAccessorImpl.java:43)
	at sun.reflect.DelegatingMethodAccessorImpl.invoke(DelegatingMethodAccessorImpl.java:0)
	at java.lang.reflect.Method.invoke$$PHOSPHORTAGGED(Method.java:498)
	at org.junit.runners.model.FrameworkMethod$1.runReflectiveCall$$PHOSPHORTAGGED(FrameworkMethod.java:50)
	at org.junit.internal.runners.model.ReflectiveCallable.run$$PHOSPHORTAGGED(ReflectiveCallable.java:12)
	at org.junit.runners.model.FrameworkMethod.invokeExplosively$$PHOSPHORTAGGED(FrameworkMethod.java:47)
	at org.junit.internal.runners.statements.InvokeMethod.evaluate$$PHOSPHORTAGGED(InvokeMethod.java:17)
	at org.junit.runners.ParentRunner.runLeaf$$PHOSPHORTAGGED(ParentRunner.java:325)
	at org.junit.runners.BlockJUnit4ClassRunner.runChild$$PHOSPHORTAGGED(BlockJUnit4ClassRunner.java:78)
	at org.junit.runners.BlockJUnit4ClassRunner.runChild$$PHOSPHORTAGGED(BlockJUnit4ClassRunner.java:57)
	at org.junit.runners.ParentRunner$3.run$$PHOSPHORTAGGED(ParentRunner.java:290)
	at org.junit.runners.ParentRunner$1.schedule$$PHOSPHORTAGGED(ParentRunner.java:71)
	at org.junit.runners.ParentRunner.runChildren$$PHOSPHORTAGGED(ParentRunner.java:288)
	at org.junit.runners.ParentRunner.access$000$$PHOSPHORTAGGED(ParentRunner.java:58)
	at org.junit.runners.ParentRunner$2.evaluate$$PHOSPHORTAGGED(ParentRunner.java:268)
	at org.junit.runners.ParentRunner.run$$PHOSPHORTAGGED(ParentRunner.java:363)
	at org.junit.runners.Suite.runChild$$PHOSPHORTAGGED(Suite.java:128)
	at org.junit.runners.Suite.runChild$$PHOSPHORTAGGED(Suite.java:27)
	at org.junit.runners.ParentRunner$3.run$$PHOSPHORTAGGED(ParentRunner.java:290)
	at org.junit.runners.ParentRunner$1.schedule$$PHOSPHORTAGGED(ParentRunner.java:71)
	at org.junit.runners.ParentRunner.runChildren$$PHOSPHORTAGGED(ParentRunner.java:288)
	at org.junit.runners.ParentRunner.access$000$$PHOSPHORTAGGED(ParentRunner.java:58)
	at org.junit.runners.ParentRunner$2.evaluate$$PHOSPHORTAGGED(ParentRunner.java:268)
	at org.junit.runners.ParentRunner.run$$PHOSPHORTAGGED(ParentRunner.java:363)
	at org.junit.runner.JUnitCore.run$$PHOSPHORTAGGED(JUnitCore.java:137)
	at org.junit.runner.JUnitCore.run$$PHOSPHORTAGGED(JUnitCore.java:115)
	at org.junit.runner.JUnitCore.runMain$$PHOSPHORTAGGED(JUnitCore.java:77)
	at org.junit.runner.JUnitCore.main$$PHOSPHORTAGGED(JUnitCore.java:36)
	at org.junit.runner.JUnitCore.main(JUnitCore.java)
35) test060_2(flaky.FlakyTest)
org.junit.ComparisonFailure: '60' != '32000' expected:<[6]0> but was:<[3200]0>
	at java.lang.Throwable.fillInStackTrace$$PHOSPHORTAGGED(Throwable.java)
	at java.lang.Throwable.fillInStackTrace$$PHOSPHORTAGGED(Throwable.java:784)
	at java.lang.Throwable.<init>(Throwable.java:266)
	at java.lang.Error.<init>(Error.java:70)
	at java.lang.AssertionError.<init>(AssertionError.java:58)
	at java.lang.AssertionError.<init>(AssertionError.java:74)
	at org.junit.ComparisonFailure.<init>(ComparisonFailure.java:37)
	at org.junit.Assert.assertEquals$$PHOSPHORTAGGED(Assert.java:115)
	at flaky.FlakyTest.test060_2$$PHOSPHORTAGGED(FlakyTest.java:645)
	at sun.reflect.NativeMethodAccessorImpl.invoke0(Native Method)
	at sun.reflect.NativeMethodAccessorImpl.invoke0$$PHOSPHORTAGGED(NativeMethodAccessorImpl.java)
	at sun.reflect.NativeMethodAccessorImpl.invoke$$PHOSPHORTAGGED(NativeMethodAccessorImpl.java:62)
	at sun.reflect.NativeMethodAccessorImpl.invoke(NativeMethodAccessorImpl.java:0)
	at sun.reflect.DelegatingMethodAccessorImpl.invoke$$PHOSPHORTAGGED(DelegatingMethodAccessorImpl.java:43)
	at sun.reflect.DelegatingMethodAccessorImpl.invoke(DelegatingMethodAccessorImpl.java:0)
	at java.lang.reflect.Method.invoke$$PHOSPHORTAGGED(Method.java:498)
	at org.junit.runners.model.FrameworkMethod$1.runReflectiveCall$$PHOSPHORTAGGED(FrameworkMethod.java:50)
	at org.junit.internal.runners.model.ReflectiveCallable.run$$PHOSPHORTAGGED(ReflectiveCallable.java:12)
	at org.junit.runners.model.FrameworkMethod.invokeExplosively$$PHOSPHORTAGGED(FrameworkMethod.java:47)
	at org.junit.internal.runners.statements.InvokeMethod.evaluate$$PHOSPHORTAGGED(InvokeMethod.java:17)
	at org.junit.runners.ParentRunner.runLeaf$$PHOSPHORTAGGED(ParentRunner.java:325)
	at org.junit.runners.BlockJUnit4ClassRunner.runChild$$PHOSPHORTAGGED(BlockJUnit4ClassRunner.java:78)
	at org.junit.runners.BlockJUnit4ClassRunner.runChild$$PHOSPHORTAGGED(BlockJUnit4ClassRunner.java:57)
	at org.junit.runners.ParentRunner$3.run$$PHOSPHORTAGGED(ParentRunner.java:290)
	at org.junit.runners.ParentRunner$1.schedule$$PHOSPHORTAGGED(ParentRunner.java:71)
	at org.junit.runners.ParentRunner.runChildren$$PHOSPHORTAGGED(ParentRunner.java:288)
	at org.junit.runners.ParentRunner.access$000$$PHOSPHORTAGGED(ParentRunner.java:58)
	at org.junit.runners.ParentRunner$2.evaluate$$PHOSPHORTAGGED(ParentRunner.java:268)
	at org.junit.runners.ParentRunner.run$$PHOSPHORTAGGED(ParentRunner.java:363)
	at org.junit.runners.Suite.runChild$$PHOSPHORTAGGED(Suite.java:128)
	at org.junit.runners.Suite.runChild$$PHOSPHORTAGGED(Suite.java:27)
	at org.junit.runners.ParentRunner$3.run$$PHOSPHORTAGGED(ParentRunner.java:290)
	at org.junit.runners.ParentRunner$1.schedule$$PHOSPHORTAGGED(ParentRunner.java:71)
	at org.junit.runners.ParentRunner.runChildren$$PHOSPHORTAGGED(ParentRunner.java:288)
	at org.junit.runners.ParentRunner.access$000$$PHOSPHORTAGGED(ParentRunner.java:58)
	at org.junit.runners.ParentRunner$2.evaluate$$PHOSPHORTAGGED(ParentRunner.java:268)
	at org.junit.runners.ParentRunner.run$$PHOSPHORTAGGED(ParentRunner.java:363)
	at org.junit.runner.JUnitCore.run$$PHOSPHORTAGGED(JUnitCore.java:137)
	at org.junit.runner.JUnitCore.run$$PHOSPHORTAGGED(JUnitCore.java:115)
	at org.junit.runner.JUnitCore.runMain$$PHOSPHORTAGGED(JUnitCore.java:77)
	at org.junit.runner.JUnitCore.main$$PHOSPHORTAGGED(JUnitCore.java:36)
	at org.junit.runner.JUnitCore.main(JUnitCore.java)
36) test061_1(flaky.FlakyTest)
org.junit.ComparisonFailure: 'Latin' != 'World' expected:<[Latin]> but was:<[World]>
	at java.lang.Throwable.fillInStackTrace$$PHOSPHORTAGGED(Throwable.java)
	at java.lang.Throwable.fillInStackTrace$$PHOSPHORTAGGED(Throwable.java:784)
	at java.lang.Throwable.<init>(Throwable.java:266)
	at java.lang.Error.<init>(Error.java:70)
	at java.lang.AssertionError.<init>(AssertionError.java:58)
	at java.lang.AssertionError.<init>(AssertionError.java:74)
	at org.junit.ComparisonFailure.<init>(ComparisonFailure.java:37)
	at org.junit.Assert.assertEquals$$PHOSPHORTAGGED(Assert.java:115)
	at flaky.FlakyTest.test061_1$$PHOSPHORTAGGED(FlakyTest.java:656)
	at sun.reflect.NativeMethodAccessorImpl.invoke0(Native Method)
	at sun.reflect.NativeMethodAccessorImpl.invoke0$$PHOSPHORTAGGED(NativeMethodAccessorImpl.java)
	at sun.reflect.NativeMethodAccessorImpl.invoke$$PHOSPHORTAGGED(NativeMethodAccessorImpl.java:62)
	at sun.reflect.NativeMethodAccessorImpl.invoke(NativeMethodAccessorImpl.java:0)
	at sun.reflect.DelegatingMethodAccessorImpl.invoke$$PHOSPHORTAGGED(DelegatingMethodAccessorImpl.java:43)
	at sun.reflect.DelegatingMethodAccessorImpl.invoke(DelegatingMethodAccessorImpl.java:0)
	at java.lang.reflect.Method.invoke$$PHOSPHORTAGGED(Method.java:498)
	at org.junit.runners.model.FrameworkMethod$1.runReflectiveCall$$PHOSPHORTAGGED(FrameworkMethod.java:50)
	at org.junit.internal.runners.model.ReflectiveCallable.run$$PHOSPHORTAGGED(ReflectiveCallable.java:12)
	at org.junit.runners.model.FrameworkMethod.invokeExplosively$$PHOSPHORTAGGED(FrameworkMethod.java:47)
	at org.junit.internal.runners.statements.InvokeMethod.evaluate$$PHOSPHORTAGGED(InvokeMethod.java:17)
	at org.junit.runners.ParentRunner.runLeaf$$PHOSPHORTAGGED(ParentRunner.java:325)
	at org.junit.runners.BlockJUnit4ClassRunner.runChild$$PHOSPHORTAGGED(BlockJUnit4ClassRunner.java:78)
	at org.junit.runners.BlockJUnit4ClassRunner.runChild$$PHOSPHORTAGGED(BlockJUnit4ClassRunner.java:57)
	at org.junit.runners.ParentRunner$3.run$$PHOSPHORTAGGED(ParentRunner.java:290)
	at org.junit.runners.ParentRunner$1.schedule$$PHOSPHORTAGGED(ParentRunner.java:71)
	at org.junit.runners.ParentRunner.runChildren$$PHOSPHORTAGGED(ParentRunner.java:288)
	at org.junit.runners.ParentRunner.access$000$$PHOSPHORTAGGED(ParentRunner.java:58)
	at org.junit.runners.ParentRunner$2.evaluate$$PHOSPHORTAGGED(ParentRunner.java:268)
	at org.junit.runners.ParentRunner.run$$PHOSPHORTAGGED(ParentRunner.java:363)
	at org.junit.runners.Suite.runChild$$PHOSPHORTAGGED(Suite.java:128)
	at org.junit.runners.Suite.runChild$$PHOSPHORTAGGED(Suite.java:27)
	at org.junit.runners.ParentRunner$3.run$$PHOSPHORTAGGED(ParentRunner.java:290)
	at org.junit.runners.ParentRunner$1.schedule$$PHOSPHORTAGGED(ParentRunner.java:71)
	at org.junit.runners.ParentRunner.runChildren$$PHOSPHORTAGGED(ParentRunner.java:288)
	at org.junit.runners.ParentRunner.access$000$$PHOSPHORTAGGED(ParentRunner.java:58)
	at org.junit.runners.ParentRunner$2.evaluate$$PHOSPHORTAGGED(ParentRunner.java:268)
	at org.junit.runners.ParentRunner.run$$PHOSPHORTAGGED(ParentRunner.java:363)
	at org.junit.runner.JUnitCore.run$$PHOSPHORTAGGED(JUnitCore.java:137)
	at org.junit.runner.JUnitCore.run$$PHOSPHORTAGGED(JUnitCore.java:115)
	at org.junit.runner.JUnitCore.runMain$$PHOSPHORTAGGED(JUnitCore.java:77)
	at org.junit.runner.JUnitCore.main$$PHOSPHORTAGGED(JUnitCore.java:36)
	at org.junit.runner.JUnitCore.main(JUnitCore.java)
37) test062_1(flaky.FlakyTest)
java.lang.AssertionError: '181' != '199'
	at java.lang.Throwable.fillInStackTrace$$PHOSPHORTAGGED(Throwable.java)
	at java.lang.Throwable.fillInStackTrace$$PHOSPHORTAGGED(Throwable.java:784)
	at java.lang.Throwable.<init>(Throwable.java:266)
	at java.lang.Error.<init>(Error.java:70)
	at java.lang.AssertionError.<init>(AssertionError.java:58)
	at java.lang.AssertionError.<init>(AssertionError.java:74)
	at org.junit.Assert.fail$$PHOSPHORTAGGED(Assert.java:88)
	at org.junit.Assert.assertTrue$$PHOSPHORTAGGED(Assert.java:41)
	at flaky.FlakyTest.test062_1$$PHOSPHORTAGGED(FlakyTest.java:672)
	at sun.reflect.NativeMethodAccessorImpl.invoke0(Native Method)
	at sun.reflect.NativeMethodAccessorImpl.invoke0$$PHOSPHORTAGGED(NativeMethodAccessorImpl.java)
	at sun.reflect.NativeMethodAccessorImpl.invoke$$PHOSPHORTAGGED(NativeMethodAccessorImpl.java:62)
	at sun.reflect.NativeMethodAccessorImpl.invoke(NativeMethodAccessorImpl.java:0)
	at sun.reflect.DelegatingMethodAccessorImpl.invoke$$PHOSPHORTAGGED(DelegatingMethodAccessorImpl.java:43)
	at sun.reflect.DelegatingMethodAccessorImpl.invoke(DelegatingMethodAccessorImpl.java:0)
	at java.lang.reflect.Method.invoke$$PHOSPHORTAGGED(Method.java:498)
	at org.junit.runners.model.FrameworkMethod$1.runReflectiveCall$$PHOSPHORTAGGED(FrameworkMethod.java:50)
	at org.junit.internal.runners.model.ReflectiveCallable.run$$PHOSPHORTAGGED(ReflectiveCallable.java:12)
	at org.junit.runners.model.FrameworkMethod.invokeExplosively$$PHOSPHORTAGGED(FrameworkMethod.java:47)
	at org.junit.internal.runners.statements.InvokeMethod.evaluate$$PHOSPHORTAGGED(InvokeMethod.java:17)
	at org.junit.runners.ParentRunner.runLeaf$$PHOSPHORTAGGED(ParentRunner.java:325)
	at org.junit.runners.BlockJUnit4ClassRunner.runChild$$PHOSPHORTAGGED(BlockJUnit4ClassRunner.java:78)
	at org.junit.runners.BlockJUnit4ClassRunner.runChild$$PHOSPHORTAGGED(BlockJUnit4ClassRunner.java:57)
	at org.junit.runners.ParentRunner$3.run$$PHOSPHORTAGGED(ParentRunner.java:290)
	at org.junit.runners.ParentRunner$1.schedule$$PHOSPHORTAGGED(ParentRunner.java:71)
	at org.junit.runners.ParentRunner.runChildren$$PHOSPHORTAGGED(ParentRunner.java:288)
	at org.junit.runners.ParentRunner.access$000$$PHOSPHORTAGGED(ParentRunner.java:58)
	at org.junit.runners.ParentRunner$2.evaluate$$PHOSPHORTAGGED(ParentRunner.java:268)
	at org.junit.runners.ParentRunner.run$$PHOSPHORTAGGED(ParentRunner.java:363)
	at org.junit.runners.Suite.runChild$$PHOSPHORTAGGED(Suite.java:128)
	at org.junit.runners.Suite.runChild$$PHOSPHORTAGGED(Suite.java:27)
	at org.junit.runners.ParentRunner$3.run$$PHOSPHORTAGGED(ParentRunner.java:290)
	at org.junit.runners.ParentRunner$1.schedule$$PHOSPHORTAGGED(ParentRunner.java:71)
	at org.junit.runners.ParentRunner.runChildren$$PHOSPHORTAGGED(ParentRunner.java:288)
	at org.junit.runners.ParentRunner.access$000$$PHOSPHORTAGGED(ParentRunner.java:58)
	at org.junit.runners.ParentRunner$2.evaluate$$PHOSPHORTAGGED(ParentRunner.java:268)
	at org.junit.runners.ParentRunner.run$$PHOSPHORTAGGED(ParentRunner.java:363)
	at org.junit.runner.JUnitCore.run$$PHOSPHORTAGGED(JUnitCore.java:137)
	at org.junit.runner.JUnitCore.run$$PHOSPHORTAGGED(JUnitCore.java:115)
	at org.junit.runner.JUnitCore.runMain$$PHOSPHORTAGGED(JUnitCore.java:77)
	at org.junit.runner.JUnitCore.main$$PHOSPHORTAGGED(JUnitCore.java:36)
	at org.junit.runner.JUnitCore.main(JUnitCore.java)
38) test062_2(flaky.FlakyTest)
org.junit.ComparisonFailure: expected:<...1, 48, 10, 111, 61, [66, 97, 115, 105, 108, 105, 97, 32, 102, 56, 101, 53, 56, 57, 97, 52, 45, 98, 54, 98, 52, 45, 52, 56, 57, 49, 45, 57, 102, 101, 101, 45, 55, 102, 49, 49, 102, 54, 49, 54, 98, 53, 54, 100, 32, 73, 78, 32, 73, 80, 52, 32, 108, 101, 103, 114, 111, 115, 46, 99, 111, 10, 115, 61, 45, 10, 99, 61, 73, 78, 32, 73, 80, 52, 32, 49, 57, 53, 46, 52, 52, 46, 49, 49, 46, 50, 52, 49, 10, 116, 61, 48, 32, 48, 10, 109, 61, 97, 117, 100, 105, 111, 32, 52, 49, 55, 49, 56], 32, 82, 84, 80, 47...> but was:<...1, 48, 10, 111, 61, [82, 101, 102, 117, 103, 105, 111, 32, 52, 55, 49, 99, 48, 49, 97, 52, 45, 56, 100, 50, 49, 45, 52, 97, 53, 101, 45, 97, 97, 57, 100, 45, 99, 102, 55, 57, 54, 48, 56, 55, 101, 49, 49, 48, 32, 73, 78, 32, 73, 80, 52, 32, 112, 97, 103, 97, 99, 46, 111, 114, 103, 10, 115, 61, 45, 10, 99, 61, 73, 78, 32, 73, 80, 52, 32, 49, 49, 46, 49, 48, 51, 46, 56, 53, 46, 49, 48, 55, 10, 116, 61, 48, 32, 48, 10, 109, 61, 97, 117, 100, 105, 111, 32, 52, 50, 56, 51, 54], 32, 82, 84, 80, 47...>
	at java.lang.Throwable.fillInStackTrace$$PHOSPHORTAGGED(Throwable.java)
	at java.lang.Throwable.fillInStackTrace$$PHOSPHORTAGGED(Throwable.java:784)
	at java.lang.Throwable.<init>(Throwable.java:266)
	at java.lang.Error.<init>(Error.java:70)
	at java.lang.AssertionError.<init>(AssertionError.java:58)
	at java.lang.AssertionError.<init>(AssertionError.java:74)
	at org.junit.ComparisonFailure.<init>(ComparisonFailure.java:37)
	at org.junit.Assert.assertEquals$$PHOSPHORTAGGED(Assert.java:115)
	at org.junit.Assert.assertEquals$$PHOSPHORTAGGED(Assert.java:144)
	at flaky.FlakyTest.test062_2$$PHOSPHORTAGGED(FlakyTest.java:692)
	at sun.reflect.NativeMethodAccessorImpl.invoke0(Native Method)
	at sun.reflect.NativeMethodAccessorImpl.invoke0$$PHOSPHORTAGGED(NativeMethodAccessorImpl.java)
	at sun.reflect.NativeMethodAccessorImpl.invoke$$PHOSPHORTAGGED(NativeMethodAccessorImpl.java:62)
	at sun.reflect.NativeMethodAccessorImpl.invoke(NativeMethodAccessorImpl.java:0)
	at sun.reflect.DelegatingMethodAccessorImpl.invoke$$PHOSPHORTAGGED(DelegatingMethodAccessorImpl.java:43)
	at sun.reflect.DelegatingMethodAccessorImpl.invoke(DelegatingMethodAccessorImpl.java:0)
	at java.lang.reflect.Method.invoke$$PHOSPHORTAGGED(Method.java:498)
	at org.junit.runners.model.FrameworkMethod$1.runReflectiveCall$$PHOSPHORTAGGED(FrameworkMethod.java:50)
	at org.junit.internal.runners.model.ReflectiveCallable.run$$PHOSPHORTAGGED(ReflectiveCallable.java:12)
	at org.junit.runners.model.FrameworkMethod.invokeExplosively$$PHOSPHORTAGGED(FrameworkMethod.java:47)
	at org.junit.internal.runners.statements.InvokeMethod.evaluate$$PHOSPHORTAGGED(InvokeMethod.java:17)
	at org.junit.runners.ParentRunner.runLeaf$$PHOSPHORTAGGED(ParentRunner.java:325)
	at org.junit.runners.BlockJUnit4ClassRunner.runChild$$PHOSPHORTAGGED(BlockJUnit4ClassRunner.java:78)
	at org.junit.runners.BlockJUnit4ClassRunner.runChild$$PHOSPHORTAGGED(BlockJUnit4ClassRunner.java:57)
	at org.junit.runners.ParentRunner$3.run$$PHOSPHORTAGGED(ParentRunner.java:290)
	at org.junit.runners.ParentRunner$1.schedule$$PHOSPHORTAGGED(ParentRunner.java:71)
	at org.junit.runners.ParentRunner.runChildren$$PHOSPHORTAGGED(ParentRunner.java:288)
	at org.junit.runners.ParentRunner.access$000$$PHOSPHORTAGGED(ParentRunner.java:58)
	at org.junit.runners.ParentRunner$2.evaluate$$PHOSPHORTAGGED(ParentRunner.java:268)
	at org.junit.runners.ParentRunner.run$$PHOSPHORTAGGED(ParentRunner.java:363)
	at org.junit.runners.Suite.runChild$$PHOSPHORTAGGED(Suite.java:128)
	at org.junit.runners.Suite.runChild$$PHOSPHORTAGGED(Suite.java:27)
	at org.junit.runners.ParentRunner$3.run$$PHOSPHORTAGGED(ParentRunner.java:290)
	at org.junit.runners.ParentRunner$1.schedule$$PHOSPHORTAGGED(ParentRunner.java:71)
	at org.junit.runners.ParentRunner.runChildren$$PHOSPHORTAGGED(ParentRunner.java:288)
	at org.junit.runners.ParentRunner.access$000$$PHOSPHORTAGGED(ParentRunner.java:58)
	at org.junit.runners.ParentRunner$2.evaluate$$PHOSPHORTAGGED(ParentRunner.java:268)
	at org.junit.runners.ParentRunner.run$$PHOSPHORTAGGED(ParentRunner.java:363)
	at org.junit.runner.JUnitCore.run$$PHOSPHORTAGGED(JUnitCore.java:137)
	at org.junit.runner.JUnitCore.run$$PHOSPHORTAGGED(JUnitCore.java:115)
	at org.junit.runner.JUnitCore.runMain$$PHOSPHORTAGGED(JUnitCore.java:77)
	at org.junit.runner.JUnitCore.main$$PHOSPHORTAGGED(JUnitCore.java:36)
	at org.junit.runner.JUnitCore.main(JUnitCore.java)
39) test064_1(flaky.FlakyTest)
org.junit.ComparisonFailure: 'Rhaegal' != 'Valryon' expected:<[Rhaegal]> but was:<[Valryon]>
	at java.lang.Throwable.fillInStackTrace$$PHOSPHORTAGGED(Throwable.java)
	at java.lang.Throwable.fillInStackTrace$$PHOSPHORTAGGED(Throwable.java:784)
	at java.lang.Throwable.<init>(Throwable.java:266)
	at java.lang.Error.<init>(Error.java:70)
	at java.lang.AssertionError.<init>(AssertionError.java:58)
	at java.lang.AssertionError.<init>(AssertionError.java:74)
	at org.junit.ComparisonFailure.<init>(ComparisonFailure.java:37)
	at org.junit.Assert.assertEquals$$PHOSPHORTAGGED(Assert.java:115)
	at flaky.FlakyTest.test064_1$$PHOSPHORTAGGED(FlakyTest.java:713)
	at sun.reflect.NativeMethodAccessorImpl.invoke0(Native Method)
	at sun.reflect.NativeMethodAccessorImpl.invoke0$$PHOSPHORTAGGED(NativeMethodAccessorImpl.java)
	at sun.reflect.NativeMethodAccessorImpl.invoke$$PHOSPHORTAGGED(NativeMethodAccessorImpl.java:62)
	at sun.reflect.NativeMethodAccessorImpl.invoke(NativeMethodAccessorImpl.java:0)
	at sun.reflect.DelegatingMethodAccessorImpl.invoke$$PHOSPHORTAGGED(DelegatingMethodAccessorImpl.java:43)
	at sun.reflect.DelegatingMethodAccessorImpl.invoke(DelegatingMethodAccessorImpl.java:0)
	at java.lang.reflect.Method.invoke$$PHOSPHORTAGGED(Method.java:498)
	at org.junit.runners.model.FrameworkMethod$1.runReflectiveCall$$PHOSPHORTAGGED(FrameworkMethod.java:50)
	at org.junit.internal.runners.model.ReflectiveCallable.run$$PHOSPHORTAGGED(ReflectiveCallable.java:12)
	at org.junit.runners.model.FrameworkMethod.invokeExplosively$$PHOSPHORTAGGED(FrameworkMethod.java:47)
	at org.junit.internal.runners.statements.InvokeMethod.evaluate$$PHOSPHORTAGGED(InvokeMethod.java:17)
	at org.junit.runners.ParentRunner.runLeaf$$PHOSPHORTAGGED(ParentRunner.java:325)
	at org.junit.runners.BlockJUnit4ClassRunner.runChild$$PHOSPHORTAGGED(BlockJUnit4ClassRunner.java:78)
	at org.junit.runners.BlockJUnit4ClassRunner.runChild$$PHOSPHORTAGGED(BlockJUnit4ClassRunner.java:57)
	at org.junit.runners.ParentRunner$3.run$$PHOSPHORTAGGED(ParentRunner.java:290)
	at org.junit.runners.ParentRunner$1.schedule$$PHOSPHORTAGGED(ParentRunner.java:71)
	at org.junit.runners.ParentRunner.runChildren$$PHOSPHORTAGGED(ParentRunner.java:288)
	at org.junit.runners.ParentRunner.access$000$$PHOSPHORTAGGED(ParentRunner.java:58)
	at org.junit.runners.ParentRunner$2.evaluate$$PHOSPHORTAGGED(ParentRunner.java:268)
	at org.junit.runners.ParentRunner.run$$PHOSPHORTAGGED(ParentRunner.java:363)
	at org.junit.runners.Suite.runChild$$PHOSPHORTAGGED(Suite.java:128)
	at org.junit.runners.Suite.runChild$$PHOSPHORTAGGED(Suite.java:27)
	at org.junit.runners.ParentRunner$3.run$$PHOSPHORTAGGED(ParentRunner.java:290)
	at org.junit.runners.ParentRunner$1.schedule$$PHOSPHORTAGGED(ParentRunner.java:71)
	at org.junit.runners.ParentRunner.runChildren$$PHOSPHORTAGGED(ParentRunner.java:288)
	at org.junit.runners.ParentRunner.access$000$$PHOSPHORTAGGED(ParentRunner.java:58)
	at org.junit.runners.ParentRunner$2.evaluate$$PHOSPHORTAGGED(ParentRunner.java:268)
	at org.junit.runners.ParentRunner.run$$PHOSPHORTAGGED(ParentRunner.java:363)
	at org.junit.runner.JUnitCore.run$$PHOSPHORTAGGED(JUnitCore.java:137)
	at org.junit.runner.JUnitCore.run$$PHOSPHORTAGGED(JUnitCore.java:115)
	at org.junit.runner.JUnitCore.runMain$$PHOSPHORTAGGED(JUnitCore.java:77)
	at org.junit.runner.JUnitCore.main$$PHOSPHORTAGGED(JUnitCore.java:36)
	at org.junit.runner.JUnitCore.main(JUnitCore.java)
40) test066_1(flaky.FlakyTest)
org.junit.ComparisonFailure: 'large' != 'extra large' expected:<[]large> but was:<[extra ]large>
	at java.lang.Throwable.fillInStackTrace$$PHOSPHORTAGGED(Throwable.java)
	at java.lang.Throwable.fillInStackTrace$$PHOSPHORTAGGED(Throwable.java:784)
	at java.lang.Throwable.<init>(Throwable.java:266)
	at java.lang.Error.<init>(Error.java:70)
	at java.lang.AssertionError.<init>(AssertionError.java:58)
	at java.lang.AssertionError.<init>(AssertionError.java:74)
	at org.junit.ComparisonFailure.<init>(ComparisonFailure.java:37)
	at org.junit.Assert.assertEquals$$PHOSPHORTAGGED(Assert.java:115)
	at flaky.FlakyTest.test066_1$$PHOSPHORTAGGED(FlakyTest.java:727)
	at sun.reflect.NativeMethodAccessorImpl.invoke0(Native Method)
	at sun.reflect.NativeMethodAccessorImpl.invoke0$$PHOSPHORTAGGED(NativeMethodAccessorImpl.java)
	at sun.reflect.NativeMethodAccessorImpl.invoke$$PHOSPHORTAGGED(NativeMethodAccessorImpl.java:62)
	at sun.reflect.NativeMethodAccessorImpl.invoke(NativeMethodAccessorImpl.java:0)
	at sun.reflect.DelegatingMethodAccessorImpl.invoke$$PHOSPHORTAGGED(DelegatingMethodAccessorImpl.java:43)
	at sun.reflect.DelegatingMethodAccessorImpl.invoke(DelegatingMethodAccessorImpl.java:0)
	at java.lang.reflect.Method.invoke$$PHOSPHORTAGGED(Method.java:498)
	at org.junit.runners.model.FrameworkMethod$1.runReflectiveCall$$PHOSPHORTAGGED(FrameworkMethod.java:50)
	at org.junit.internal.runners.model.ReflectiveCallable.run$$PHOSPHORTAGGED(ReflectiveCallable.java:12)
	at org.junit.runners.model.FrameworkMethod.invokeExplosively$$PHOSPHORTAGGED(FrameworkMethod.java:47)
	at org.junit.internal.runners.statements.InvokeMethod.evaluate$$PHOSPHORTAGGED(InvokeMethod.java:17)
	at org.junit.runners.ParentRunner.runLeaf$$PHOSPHORTAGGED(ParentRunner.java:325)
	at org.junit.runners.BlockJUnit4ClassRunner.runChild$$PHOSPHORTAGGED(BlockJUnit4ClassRunner.java:78)
	at org.junit.runners.BlockJUnit4ClassRunner.runChild$$PHOSPHORTAGGED(BlockJUnit4ClassRunner.java:57)
	at org.junit.runners.ParentRunner$3.run$$PHOSPHORTAGGED(ParentRunner.java:290)
	at org.junit.runners.ParentRunner$1.schedule$$PHOSPHORTAGGED(ParentRunner.java:71)
	at org.junit.runners.ParentRunner.runChildren$$PHOSPHORTAGGED(ParentRunner.java:288)
	at org.junit.runners.ParentRunner.access$000$$PHOSPHORTAGGED(ParentRunner.java:58)
	at org.junit.runners.ParentRunner$2.evaluate$$PHOSPHORTAGGED(ParentRunner.java:268)
	at org.junit.runners.ParentRunner.run$$PHOSPHORTAGGED(ParentRunner.java:363)
	at org.junit.runners.Suite.runChild$$PHOSPHORTAGGED(Suite.java:128)
	at org.junit.runners.Suite.runChild$$PHOSPHORTAGGED(Suite.java:27)
	at org.junit.runners.ParentRunner$3.run$$PHOSPHORTAGGED(ParentRunner.java:290)
	at org.junit.runners.ParentRunner$1.schedule$$PHOSPHORTAGGED(ParentRunner.java:71)
	at org.junit.runners.ParentRunner.runChildren$$PHOSPHORTAGGED(ParentRunner.java:288)
	at org.junit.runners.ParentRunner.access$000$$PHOSPHORTAGGED(ParentRunner.java:58)
	at org.junit.runners.ParentRunner$2.evaluate$$PHOSPHORTAGGED(ParentRunner.java:268)
	at org.junit.runners.ParentRunner.run$$PHOSPHORTAGGED(ParentRunner.java:363)
	at org.junit.runner.JUnitCore.run$$PHOSPHORTAGGED(JUnitCore.java:137)
	at org.junit.runner.JUnitCore.run$$PHOSPHORTAGGED(JUnitCore.java:115)
	at org.junit.runner.JUnitCore.runMain$$PHOSPHORTAGGED(JUnitCore.java:77)
	at org.junit.runner.JUnitCore.main$$PHOSPHORTAGGED(JUnitCore.java:36)
	at org.junit.runner.JUnitCore.main(JUnitCore.java)
41) test067_1(flaky.FlakyTest)
org.junit.ComparisonFailure: 'Heads' != 'Tails' expected:<[Head]s> but was:<[Tail]s>
	at java.lang.Throwable.fillInStackTrace$$PHOSPHORTAGGED(Throwable.java)
	at java.lang.Throwable.fillInStackTrace$$PHOSPHORTAGGED(Throwable.java:784)
	at java.lang.Throwable.<init>(Throwable.java:266)
	at java.lang.Error.<init>(Error.java:70)
	at java.lang.AssertionError.<init>(AssertionError.java:58)
	at java.lang.AssertionError.<init>(AssertionError.java:74)
	at org.junit.ComparisonFailure.<init>(ComparisonFailure.java:37)
	at org.junit.Assert.assertEquals$$PHOSPHORTAGGED(Assert.java:115)
	at flaky.FlakyTest.test067_1$$PHOSPHORTAGGED(FlakyTest.java:746)
	at sun.reflect.NativeMethodAccessorImpl.invoke0(Native Method)
	at sun.reflect.NativeMethodAccessorImpl.invoke0$$PHOSPHORTAGGED(NativeMethodAccessorImpl.java)
	at sun.reflect.NativeMethodAccessorImpl.invoke$$PHOSPHORTAGGED(NativeMethodAccessorImpl.java:62)
	at sun.reflect.NativeMethodAccessorImpl.invoke(NativeMethodAccessorImpl.java:0)
	at sun.reflect.DelegatingMethodAccessorImpl.invoke$$PHOSPHORTAGGED(DelegatingMethodAccessorImpl.java:43)
	at sun.reflect.DelegatingMethodAccessorImpl.invoke(DelegatingMethodAccessorImpl.java:0)
	at java.lang.reflect.Method.invoke$$PHOSPHORTAGGED(Method.java:498)
	at org.junit.runners.model.FrameworkMethod$1.runReflectiveCall$$PHOSPHORTAGGED(FrameworkMethod.java:50)
	at org.junit.internal.runners.model.ReflectiveCallable.run$$PHOSPHORTAGGED(ReflectiveCallable.java:12)
	at org.junit.runners.model.FrameworkMethod.invokeExplosively$$PHOSPHORTAGGED(FrameworkMethod.java:47)
	at org.junit.internal.runners.statements.InvokeMethod.evaluate$$PHOSPHORTAGGED(InvokeMethod.java:17)
	at org.junit.runners.ParentRunner.runLeaf$$PHOSPHORTAGGED(ParentRunner.java:325)
	at org.junit.runners.BlockJUnit4ClassRunner.runChild$$PHOSPHORTAGGED(BlockJUnit4ClassRunner.java:78)
	at org.junit.runners.BlockJUnit4ClassRunner.runChild$$PHOSPHORTAGGED(BlockJUnit4ClassRunner.java:57)
	at org.junit.runners.ParentRunner$3.run$$PHOSPHORTAGGED(ParentRunner.java:290)
	at org.junit.runners.ParentRunner$1.schedule$$PHOSPHORTAGGED(ParentRunner.java:71)
	at org.junit.runners.ParentRunner.runChildren$$PHOSPHORTAGGED(ParentRunner.java:288)
	at org.junit.runners.ParentRunner.access$000$$PHOSPHORTAGGED(ParentRunner.java:58)
	at org.junit.runners.ParentRunner$2.evaluate$$PHOSPHORTAGGED(ParentRunner.java:268)
	at org.junit.runners.ParentRunner.run$$PHOSPHORTAGGED(ParentRunner.java:363)
	at org.junit.runners.Suite.runChild$$PHOSPHORTAGGED(Suite.java:128)
	at org.junit.runners.Suite.runChild$$PHOSPHORTAGGED(Suite.java:27)
	at org.junit.runners.ParentRunner$3.run$$PHOSPHORTAGGED(ParentRunner.java:290)
	at org.junit.runners.ParentRunner$1.schedule$$PHOSPHORTAGGED(ParentRunner.java:71)
	at org.junit.runners.ParentRunner.runChildren$$PHOSPHORTAGGED(ParentRunner.java:288)
	at org.junit.runners.ParentRunner.access$000$$PHOSPHORTAGGED(ParentRunner.java:58)
	at org.junit.runners.ParentRunner$2.evaluate$$PHOSPHORTAGGED(ParentRunner.java:268)
	at org.junit.runners.ParentRunner.run$$PHOSPHORTAGGED(ParentRunner.java:363)
	at org.junit.runner.JUnitCore.run$$PHOSPHORTAGGED(JUnitCore.java:137)
	at org.junit.runner.JUnitCore.run$$PHOSPHORTAGGED(JUnitCore.java:115)
	at org.junit.runner.JUnitCore.runMain$$PHOSPHORTAGGED(JUnitCore.java:77)
	at org.junit.runner.JUnitCore.main$$PHOSPHORTAGGED(JUnitCore.java:36)
	at org.junit.runner.JUnitCore.main(JUnitCore.java)
42) test069_1(flaky.FlakyTest)
org.junit.ComparisonFailure: 'HUMAN BOTULINUM NEUROTOXIN A/B IMMUNE GLOBULIN' != 'OCTINOXATE' expected:<[HUMAN BOTULINUM NEUROTOXIN A/B IMMUNE GLOBULIN]> but was:<[OCTINOXATE]>
	at java.lang.Throwable.fillInStackTrace$$PHOSPHORTAGGED(Throwable.java)
	at java.lang.Throwable.fillInStackTrace$$PHOSPHORTAGGED(Throwable.java:784)
	at java.lang.Throwable.<init>(Throwable.java:266)
	at java.lang.Error.<init>(Error.java:70)
	at java.lang.AssertionError.<init>(AssertionError.java:58)
	at java.lang.AssertionError.<init>(AssertionError.java:74)
	at org.junit.ComparisonFailure.<init>(ComparisonFailure.java:37)
	at org.junit.Assert.assertEquals$$PHOSPHORTAGGED(Assert.java:115)
	at flaky.FlakyTest.test069_1$$PHOSPHORTAGGED(FlakyTest.java:762)
	at sun.reflect.NativeMethodAccessorImpl.invoke0(Native Method)
	at sun.reflect.NativeMethodAccessorImpl.invoke0$$PHOSPHORTAGGED(NativeMethodAccessorImpl.java)
	at sun.reflect.NativeMethodAccessorImpl.invoke$$PHOSPHORTAGGED(NativeMethodAccessorImpl.java:62)
	at sun.reflect.NativeMethodAccessorImpl.invoke(NativeMethodAccessorImpl.java:0)
	at sun.reflect.DelegatingMethodAccessorImpl.invoke$$PHOSPHORTAGGED(DelegatingMethodAccessorImpl.java:43)
	at sun.reflect.DelegatingMethodAccessorImpl.invoke(DelegatingMethodAccessorImpl.java:0)
	at java.lang.reflect.Method.invoke$$PHOSPHORTAGGED(Method.java:498)
	at org.junit.runners.model.FrameworkMethod$1.runReflectiveCall$$PHOSPHORTAGGED(FrameworkMethod.java:50)
	at org.junit.internal.runners.model.ReflectiveCallable.run$$PHOSPHORTAGGED(ReflectiveCallable.java:12)
	at org.junit.runners.model.FrameworkMethod.invokeExplosively$$PHOSPHORTAGGED(FrameworkMethod.java:47)
	at org.junit.internal.runners.statements.InvokeMethod.evaluate$$PHOSPHORTAGGED(InvokeMethod.java:17)
	at org.junit.runners.ParentRunner.runLeaf$$PHOSPHORTAGGED(ParentRunner.java:325)
	at org.junit.runners.BlockJUnit4ClassRunner.runChild$$PHOSPHORTAGGED(BlockJUnit4ClassRunner.java:78)
	at org.junit.runners.BlockJUnit4ClassRunner.runChild$$PHOSPHORTAGGED(BlockJUnit4ClassRunner.java:57)
	at org.junit.runners.ParentRunner$3.run$$PHOSPHORTAGGED(ParentRunner.java:290)
	at org.junit.runners.ParentRunner$1.schedule$$PHOSPHORTAGGED(ParentRunner.java:71)
	at org.junit.runners.ParentRunner.runChildren$$PHOSPHORTAGGED(ParentRunner.java:288)
	at org.junit.runners.ParentRunner.access$000$$PHOSPHORTAGGED(ParentRunner.java:58)
	at org.junit.runners.ParentRunner$2.evaluate$$PHOSPHORTAGGED(ParentRunner.java:268)
	at org.junit.runners.ParentRunner.run$$PHOSPHORTAGGED(ParentRunner.java:363)
	at org.junit.runners.Suite.runChild$$PHOSPHORTAGGED(Suite.java:128)
	at org.junit.runners.Suite.runChild$$PHOSPHORTAGGED(Suite.java:27)
	at org.junit.runners.ParentRunner$3.run$$PHOSPHORTAGGED(ParentRunner.java:290)
	at org.junit.runners.ParentRunner$1.schedule$$PHOSPHORTAGGED(ParentRunner.java:71)
	at org.junit.runners.ParentRunner.runChildren$$PHOSPHORTAGGED(ParentRunner.java:288)
	at org.junit.runners.ParentRunner.access$000$$PHOSPHORTAGGED(ParentRunner.java:58)
	at org.junit.runners.ParentRunner$2.evaluate$$PHOSPHORTAGGED(ParentRunner.java:268)
	at org.junit.runners.ParentRunner.run$$PHOSPHORTAGGED(ParentRunner.java:363)
	at org.junit.runner.JUnitCore.run$$PHOSPHORTAGGED(JUnitCore.java:137)
	at org.junit.runner.JUnitCore.run$$PHOSPHORTAGGED(JUnitCore.java:115)
	at org.junit.runner.JUnitCore.runMain$$PHOSPHORTAGGED(JUnitCore.java:77)
	at org.junit.runner.JUnitCore.main$$PHOSPHORTAGGED(JUnitCore.java:36)
	at org.junit.runner.JUnitCore.main(JUnitCore.java)
43) test069_2(flaky.FlakyTest)
org.junit.ComparisonFailure: 'QUININE ARSENATE' != 'CELECOXIB' expected:<[QUININE ARSENATE]> but was:<[CELECOXIB]>
	at java.lang.Throwable.fillInStackTrace$$PHOSPHORTAGGED(Throwable.java)
	at java.lang.Throwable.fillInStackTrace$$PHOSPHORTAGGED(Throwable.java:784)
	at java.lang.Throwable.<init>(Throwable.java:266)
	at java.lang.Error.<init>(Error.java:70)
	at java.lang.AssertionError.<init>(AssertionError.java:58)
	at java.lang.AssertionError.<init>(AssertionError.java:74)
	at org.junit.ComparisonFailure.<init>(ComparisonFailure.java:37)
	at org.junit.Assert.assertEquals$$PHOSPHORTAGGED(Assert.java:115)
	at flaky.FlakyTest.test069_2$$PHOSPHORTAGGED(FlakyTest.java:780)
	at sun.reflect.NativeMethodAccessorImpl.invoke0(Native Method)
	at sun.reflect.NativeMethodAccessorImpl.invoke0$$PHOSPHORTAGGED(NativeMethodAccessorImpl.java)
	at sun.reflect.NativeMethodAccessorImpl.invoke$$PHOSPHORTAGGED(NativeMethodAccessorImpl.java:62)
	at sun.reflect.NativeMethodAccessorImpl.invoke(NativeMethodAccessorImpl.java:0)
	at sun.reflect.DelegatingMethodAccessorImpl.invoke$$PHOSPHORTAGGED(DelegatingMethodAccessorImpl.java:43)
	at sun.reflect.DelegatingMethodAccessorImpl.invoke(DelegatingMethodAccessorImpl.java:0)
	at java.lang.reflect.Method.invoke$$PHOSPHORTAGGED(Method.java:498)
	at org.junit.runners.model.FrameworkMethod$1.runReflectiveCall$$PHOSPHORTAGGED(FrameworkMethod.java:50)
	at org.junit.internal.runners.model.ReflectiveCallable.run$$PHOSPHORTAGGED(ReflectiveCallable.java:12)
	at org.junit.runners.model.FrameworkMethod.invokeExplosively$$PHOSPHORTAGGED(FrameworkMethod.java:47)
	at org.junit.internal.runners.statements.InvokeMethod.evaluate$$PHOSPHORTAGGED(InvokeMethod.java:17)
	at org.junit.runners.ParentRunner.runLeaf$$PHOSPHORTAGGED(ParentRunner.java:325)
	at org.junit.runners.BlockJUnit4ClassRunner.runChild$$PHOSPHORTAGGED(BlockJUnit4ClassRunner.java:78)
	at org.junit.runners.BlockJUnit4ClassRunner.runChild$$PHOSPHORTAGGED(BlockJUnit4ClassRunner.java:57)
	at org.junit.runners.ParentRunner$3.run$$PHOSPHORTAGGED(ParentRunner.java:290)
	at org.junit.runners.ParentRunner$1.schedule$$PHOSPHORTAGGED(ParentRunner.java:71)
	at org.junit.runners.ParentRunner.runChildren$$PHOSPHORTAGGED(ParentRunner.java:288)
	at org.junit.runners.ParentRunner.access$000$$PHOSPHORTAGGED(ParentRunner.java:58)
	at org.junit.runners.ParentRunner$2.evaluate$$PHOSPHORTAGGED(ParentRunner.java:268)
	at org.junit.runners.ParentRunner.run$$PHOSPHORTAGGED(ParentRunner.java:363)
	at org.junit.runners.Suite.runChild$$PHOSPHORTAGGED(Suite.java:128)
	at org.junit.runners.Suite.runChild$$PHOSPHORTAGGED(Suite.java:27)
	at org.junit.runners.ParentRunner$3.run$$PHOSPHORTAGGED(ParentRunner.java:290)
	at org.junit.runners.ParentRunner$1.schedule$$PHOSPHORTAGGED(ParentRunner.java:71)
	at org.junit.runners.ParentRunner.runChildren$$PHOSPHORTAGGED(ParentRunner.java:288)
	at org.junit.runners.ParentRunner.access$000$$PHOSPHORTAGGED(ParentRunner.java:58)
	at org.junit.runners.ParentRunner$2.evaluate$$PHOSPHORTAGGED(ParentRunner.java:268)
	at org.junit.runners.ParentRunner.run$$PHOSPHORTAGGED(ParentRunner.java:363)
	at org.junit.runner.JUnitCore.run$$PHOSPHORTAGGED(JUnitCore.java:137)
	at org.junit.runner.JUnitCore.run$$PHOSPHORTAGGED(JUnitCore.java:115)
	at org.junit.runner.JUnitCore.runMain$$PHOSPHORTAGGED(JUnitCore.java:77)
	at org.junit.runner.JUnitCore.main$$PHOSPHORTAGGED(JUnitCore.java:36)
	at org.junit.runner.JUnitCore.main(JUnitCore.java)
44) test070_1(flaky.FlakyTest)
org.junit.ComparisonFailure: 'Hospitality Supervisor' != 'Chief IT Liaison' expected:<[Hospitality Supervisor]> but was:<[Chief IT Liaison]>
	at java.lang.Throwable.fillInStackTrace$$PHOSPHORTAGGED(Throwable.java)
	at java.lang.Throwable.fillInStackTrace$$PHOSPHORTAGGED(Throwable.java:784)
	at java.lang.Throwable.<init>(Throwable.java:266)
	at java.lang.Error.<init>(Error.java:70)
	at java.lang.AssertionError.<init>(AssertionError.java:58)
	at java.lang.AssertionError.<init>(AssertionError.java:74)
	at org.junit.ComparisonFailure.<init>(ComparisonFailure.java:37)
	at org.junit.Assert.assertEquals$$PHOSPHORTAGGED(Assert.java:115)
	at flaky.FlakyTest.test070_1$$PHOSPHORTAGGED(FlakyTest.java:797)
	at sun.reflect.NativeMethodAccessorImpl.invoke0(Native Method)
	at sun.reflect.NativeMethodAccessorImpl.invoke0$$PHOSPHORTAGGED(NativeMethodAccessorImpl.java)
	at sun.reflect.NativeMethodAccessorImpl.invoke$$PHOSPHORTAGGED(NativeMethodAccessorImpl.java:62)
	at sun.reflect.NativeMethodAccessorImpl.invoke(NativeMethodAccessorImpl.java:0)
	at sun.reflect.DelegatingMethodAccessorImpl.invoke$$PHOSPHORTAGGED(DelegatingMethodAccessorImpl.java:43)
	at sun.reflect.DelegatingMethodAccessorImpl.invoke(DelegatingMethodAccessorImpl.java:0)
	at java.lang.reflect.Method.invoke$$PHOSPHORTAGGED(Method.java:498)
	at org.junit.runners.model.FrameworkMethod$1.runReflectiveCall$$PHOSPHORTAGGED(FrameworkMethod.java:50)
	at org.junit.internal.runners.model.ReflectiveCallable.run$$PHOSPHORTAGGED(ReflectiveCallable.java:12)
	at org.junit.runners.model.FrameworkMethod.invokeExplosively$$PHOSPHORTAGGED(FrameworkMethod.java:47)
	at org.junit.internal.runners.statements.InvokeMethod.evaluate$$PHOSPHORTAGGED(InvokeMethod.java:17)
	at org.junit.runners.ParentRunner.runLeaf$$PHOSPHORTAGGED(ParentRunner.java:325)
	at org.junit.runners.BlockJUnit4ClassRunner.runChild$$PHOSPHORTAGGED(BlockJUnit4ClassRunner.java:78)
	at org.junit.runners.BlockJUnit4ClassRunner.runChild$$PHOSPHORTAGGED(BlockJUnit4ClassRunner.java:57)
	at org.junit.runners.ParentRunner$3.run$$PHOSPHORTAGGED(ParentRunner.java:290)
	at org.junit.runners.ParentRunner$1.schedule$$PHOSPHORTAGGED(ParentRunner.java:71)
	at org.junit.runners.ParentRunner.runChildren$$PHOSPHORTAGGED(ParentRunner.java:288)
	at org.junit.runners.ParentRunner.access$000$$PHOSPHORTAGGED(ParentRunner.java:58)
	at org.junit.runners.ParentRunner$2.evaluate$$PHOSPHORTAGGED(ParentRunner.java:268)
	at org.junit.runners.ParentRunner.run$$PHOSPHORTAGGED(ParentRunner.java:363)
	at org.junit.runners.Suite.runChild$$PHOSPHORTAGGED(Suite.java:128)
	at org.junit.runners.Suite.runChild$$PHOSPHORTAGGED(Suite.java:27)
	at org.junit.runners.ParentRunner$3.run$$PHOSPHORTAGGED(ParentRunner.java:290)
	at org.junit.runners.ParentRunner$1.schedule$$PHOSPHORTAGGED(ParentRunner.java:71)
	at org.junit.runners.ParentRunner.runChildren$$PHOSPHORTAGGED(ParentRunner.java:288)
	at org.junit.runners.ParentRunner.access$000$$PHOSPHORTAGGED(ParentRunner.java:58)
	at org.junit.runners.ParentRunner$2.evaluate$$PHOSPHORTAGGED(ParentRunner.java:268)
	at org.junit.runners.ParentRunner.run$$PHOSPHORTAGGED(ParentRunner.java:363)
	at org.junit.runner.JUnitCore.run$$PHOSPHORTAGGED(JUnitCore.java:137)
	at org.junit.runner.JUnitCore.run$$PHOSPHORTAGGED(JUnitCore.java:115)
	at org.junit.runner.JUnitCore.runMain$$PHOSPHORTAGGED(JUnitCore.java:77)
	at org.junit.runner.JUnitCore.main$$PHOSPHORTAGGED(JUnitCore.java:36)
	at org.junit.runner.JUnitCore.main(JUnitCore.java)
45) test070_2(flaky.FlakyTest)
org.junit.ComparisonFailure: 'Retail' != 'Marketing' expected:<[Retail]> but was:<[Marketing]>
	at java.lang.Throwable.fillInStackTrace$$PHOSPHORTAGGED(Throwable.java)
	at java.lang.Throwable.fillInStackTrace$$PHOSPHORTAGGED(Throwable.java:784)
	at java.lang.Throwable.<init>(Throwable.java:266)
	at java.lang.Error.<init>(Error.java:70)
	at java.lang.AssertionError.<init>(AssertionError.java:58)
	at java.lang.AssertionError.<init>(AssertionError.java:74)
	at org.junit.ComparisonFailure.<init>(ComparisonFailure.java:37)
	at org.junit.Assert.assertEquals$$PHOSPHORTAGGED(Assert.java:115)
	at flaky.FlakyTest.test070_2$$PHOSPHORTAGGED(FlakyTest.java:817)
	at sun.reflect.NativeMethodAccessorImpl.invoke0(Native Method)
	at sun.reflect.NativeMethodAccessorImpl.invoke0$$PHOSPHORTAGGED(NativeMethodAccessorImpl.java)
	at sun.reflect.NativeMethodAccessorImpl.invoke$$PHOSPHORTAGGED(NativeMethodAccessorImpl.java:62)
	at sun.reflect.NativeMethodAccessorImpl.invoke(NativeMethodAccessorImpl.java:0)
	at sun.reflect.DelegatingMethodAccessorImpl.invoke$$PHOSPHORTAGGED(DelegatingMethodAccessorImpl.java:43)
	at sun.reflect.DelegatingMethodAccessorImpl.invoke(DelegatingMethodAccessorImpl.java:0)
	at java.lang.reflect.Method.invoke$$PHOSPHORTAGGED(Method.java:498)
	at org.junit.runners.model.FrameworkMethod$1.runReflectiveCall$$PHOSPHORTAGGED(FrameworkMethod.java:50)
	at org.junit.internal.runners.model.ReflectiveCallable.run$$PHOSPHORTAGGED(ReflectiveCallable.java:12)
	at org.junit.runners.model.FrameworkMethod.invokeExplosively$$PHOSPHORTAGGED(FrameworkMethod.java:47)
	at org.junit.internal.runners.statements.InvokeMethod.evaluate$$PHOSPHORTAGGED(InvokeMethod.java:17)
	at org.junit.runners.ParentRunner.runLeaf$$PHOSPHORTAGGED(ParentRunner.java:325)
	at org.junit.runners.BlockJUnit4ClassRunner.runChild$$PHOSPHORTAGGED(BlockJUnit4ClassRunner.java:78)
	at org.junit.runners.BlockJUnit4ClassRunner.runChild$$PHOSPHORTAGGED(BlockJUnit4ClassRunner.java:57)
	at org.junit.runners.ParentRunner$3.run$$PHOSPHORTAGGED(ParentRunner.java:290)
	at org.junit.runners.ParentRunner$1.schedule$$PHOSPHORTAGGED(ParentRunner.java:71)
	at org.junit.runners.ParentRunner.runChildren$$PHOSPHORTAGGED(ParentRunner.java:288)
	at org.junit.runners.ParentRunner.access$000$$PHOSPHORTAGGED(ParentRunner.java:58)
	at org.junit.runners.ParentRunner$2.evaluate$$PHOSPHORTAGGED(ParentRunner.java:268)
	at org.junit.runners.ParentRunner.run$$PHOSPHORTAGGED(ParentRunner.java:363)
	at org.junit.runners.Suite.runChild$$PHOSPHORTAGGED(Suite.java:128)
	at org.junit.runners.Suite.runChild$$PHOSPHORTAGGED(Suite.java:27)
	at org.junit.runners.ParentRunner$3.run$$PHOSPHORTAGGED(ParentRunner.java:290)
	at org.junit.runners.ParentRunner$1.schedule$$PHOSPHORTAGGED(ParentRunner.java:71)
	at org.junit.runners.ParentRunner.runChildren$$PHOSPHORTAGGED(ParentRunner.java:288)
	at org.junit.runners.ParentRunner.access$000$$PHOSPHORTAGGED(ParentRunner.java:58)
	at org.junit.runners.ParentRunner$2.evaluate$$PHOSPHORTAGGED(ParentRunner.java:268)
	at org.junit.runners.ParentRunner.run$$PHOSPHORTAGGED(ParentRunner.java:363)
	at org.junit.runner.JUnitCore.run$$PHOSPHORTAGGED(JUnitCore.java:137)
	at org.junit.runner.JUnitCore.run$$PHOSPHORTAGGED(JUnitCore.java:115)
	at org.junit.runner.JUnitCore.runMain$$PHOSPHORTAGGED(JUnitCore.java:77)
	at org.junit.runner.JUnitCore.main$$PHOSPHORTAGGED(JUnitCore.java:36)
	at org.junit.runner.JUnitCore.main(JUnitCore.java)
46) test070_3(flaky.FlakyTest)
org.junit.ComparisonFailure: 'Marketing Administrator' != 'Direct Mining Technician' expected:<[Marketing Administrator]> but was:<[Direct Mining Technician]>
	at java.lang.Throwable.fillInStackTrace$$PHOSPHORTAGGED(Throwable.java)
	at java.lang.Throwable.fillInStackTrace$$PHOSPHORTAGGED(Throwable.java:784)
	at java.lang.Throwable.<init>(Throwable.java:266)
	at java.lang.Error.<init>(Error.java:70)
	at java.lang.AssertionError.<init>(AssertionError.java:58)
	at java.lang.AssertionError.<init>(AssertionError.java:74)
	at org.junit.ComparisonFailure.<init>(ComparisonFailure.java:37)
	at org.junit.Assert.assertEquals$$PHOSPHORTAGGED(Assert.java:115)
	at flaky.FlakyTest.test070_3$$PHOSPHORTAGGED(FlakyTest.java:837)
	at sun.reflect.NativeMethodAccessorImpl.invoke0(Native Method)
	at sun.reflect.NativeMethodAccessorImpl.invoke0$$PHOSPHORTAGGED(NativeMethodAccessorImpl.java)
	at sun.reflect.NativeMethodAccessorImpl.invoke$$PHOSPHORTAGGED(NativeMethodAccessorImpl.java:62)
	at sun.reflect.NativeMethodAccessorImpl.invoke(NativeMethodAccessorImpl.java:0)
	at sun.reflect.DelegatingMethodAccessorImpl.invoke$$PHOSPHORTAGGED(DelegatingMethodAccessorImpl.java:43)
	at sun.reflect.DelegatingMethodAccessorImpl.invoke(DelegatingMethodAccessorImpl.java:0)
	at java.lang.reflect.Method.invoke$$PHOSPHORTAGGED(Method.java:498)
	at org.junit.runners.model.FrameworkMethod$1.runReflectiveCall$$PHOSPHORTAGGED(FrameworkMethod.java:50)
	at org.junit.internal.runners.model.ReflectiveCallable.run$$PHOSPHORTAGGED(ReflectiveCallable.java:12)
	at org.junit.runners.model.FrameworkMethod.invokeExplosively$$PHOSPHORTAGGED(FrameworkMethod.java:47)
	at org.junit.internal.runners.statements.InvokeMethod.evaluate$$PHOSPHORTAGGED(InvokeMethod.java:17)
	at org.junit.runners.ParentRunner.runLeaf$$PHOSPHORTAGGED(ParentRunner.java:325)
	at org.junit.runners.BlockJUnit4ClassRunner.runChild$$PHOSPHORTAGGED(BlockJUnit4ClassRunner.java:78)
	at org.junit.runners.BlockJUnit4ClassRunner.runChild$$PHOSPHORTAGGED(BlockJUnit4ClassRunner.java:57)
	at org.junit.runners.ParentRunner$3.run$$PHOSPHORTAGGED(ParentRunner.java:290)
	at org.junit.runners.ParentRunner$1.schedule$$PHOSPHORTAGGED(ParentRunner.java:71)
	at org.junit.runners.ParentRunner.runChildren$$PHOSPHORTAGGED(ParentRunner.java:288)
	at org.junit.runners.ParentRunner.access$000$$PHOSPHORTAGGED(ParentRunner.java:58)
	at org.junit.runners.ParentRunner$2.evaluate$$PHOSPHORTAGGED(ParentRunner.java:268)
	at org.junit.runners.ParentRunner.run$$PHOSPHORTAGGED(ParentRunner.java:363)
	at org.junit.runners.Suite.runChild$$PHOSPHORTAGGED(Suite.java:128)
	at org.junit.runners.Suite.runChild$$PHOSPHORTAGGED(Suite.java:27)
	at org.junit.runners.ParentRunner$3.run$$PHOSPHORTAGGED(ParentRunner.java:290)
	at org.junit.runners.ParentRunner$1.schedule$$PHOSPHORTAGGED(ParentRunner.java:71)
	at org.junit.runners.ParentRunner.runChildren$$PHOSPHORTAGGED(ParentRunner.java:288)
	at org.junit.runners.ParentRunner.access$000$$PHOSPHORTAGGED(ParentRunner.java:58)
	at org.junit.runners.ParentRunner$2.evaluate$$PHOSPHORTAGGED(ParentRunner.java:268)
	at org.junit.runners.ParentRunner.run$$PHOSPHORTAGGED(ParentRunner.java:363)
	at org.junit.runner.JUnitCore.run$$PHOSPHORTAGGED(JUnitCore.java:137)
	at org.junit.runner.JUnitCore.run$$PHOSPHORTAGGED(JUnitCore.java:115)
	at org.junit.runner.JUnitCore.runMain$$PHOSPHORTAGGED(JUnitCore.java:77)
	at org.junit.runner.JUnitCore.main$$PHOSPHORTAGGED(JUnitCore.java:36)
	at org.junit.runner.JUnitCore.main(JUnitCore.java)
47) test071_1(flaky.FlakyTest)
java.lang.AssertionError: '74' != '62'
	at java.lang.Throwable.fillInStackTrace$$PHOSPHORTAGGED(Throwable.java)
	at java.lang.Throwable.fillInStackTrace$$PHOSPHORTAGGED(Throwable.java:784)
	at java.lang.Throwable.<init>(Throwable.java:266)
	at java.lang.Error.<init>(Error.java:70)
	at java.lang.AssertionError.<init>(AssertionError.java:58)
	at java.lang.AssertionError.<init>(AssertionError.java:74)
	at org.junit.Assert.fail$$PHOSPHORTAGGED(Assert.java:88)
	at org.junit.Assert.assertTrue$$PHOSPHORTAGGED(Assert.java:41)
	at flaky.FlakyTest.test071_1$$PHOSPHORTAGGED(FlakyTest.java:854)
	at sun.reflect.NativeMethodAccessorImpl.invoke0(Native Method)
	at sun.reflect.NativeMethodAccessorImpl.invoke0$$PHOSPHORTAGGED(NativeMethodAccessorImpl.java)
	at sun.reflect.NativeMethodAccessorImpl.invoke$$PHOSPHORTAGGED(NativeMethodAccessorImpl.java:62)
	at sun.reflect.NativeMethodAccessorImpl.invoke(NativeMethodAccessorImpl.java:0)
	at sun.reflect.DelegatingMethodAccessorImpl.invoke$$PHOSPHORTAGGED(DelegatingMethodAccessorImpl.java:43)
	at sun.reflect.DelegatingMethodAccessorImpl.invoke(DelegatingMethodAccessorImpl.java:0)
	at java.lang.reflect.Method.invoke$$PHOSPHORTAGGED(Method.java:498)
	at org.junit.runners.model.FrameworkMethod$1.runReflectiveCall$$PHOSPHORTAGGED(FrameworkMethod.java:50)
	at org.junit.internal.runners.model.ReflectiveCallable.run$$PHOSPHORTAGGED(ReflectiveCallable.java:12)
	at org.junit.runners.model.FrameworkMethod.invokeExplosively$$PHOSPHORTAGGED(FrameworkMethod.java:47)
	at org.junit.internal.runners.statements.InvokeMethod.evaluate$$PHOSPHORTAGGED(InvokeMethod.java:17)
	at org.junit.runners.ParentRunner.runLeaf$$PHOSPHORTAGGED(ParentRunner.java:325)
	at org.junit.runners.BlockJUnit4ClassRunner.runChild$$PHOSPHORTAGGED(BlockJUnit4ClassRunner.java:78)
	at org.junit.runners.BlockJUnit4ClassRunner.runChild$$PHOSPHORTAGGED(BlockJUnit4ClassRunner.java:57)
	at org.junit.runners.ParentRunner$3.run$$PHOSPHORTAGGED(ParentRunner.java:290)
	at org.junit.runners.ParentRunner$1.schedule$$PHOSPHORTAGGED(ParentRunner.java:71)
	at org.junit.runners.ParentRunner.runChildren$$PHOSPHORTAGGED(ParentRunner.java:288)
	at org.junit.runners.ParentRunner.access$000$$PHOSPHORTAGGED(ParentRunner.java:58)
	at org.junit.runners.ParentRunner$2.evaluate$$PHOSPHORTAGGED(ParentRunner.java:268)
	at org.junit.runners.ParentRunner.run$$PHOSPHORTAGGED(ParentRunner.java:363)
	at org.junit.runners.Suite.runChild$$PHOSPHORTAGGED(Suite.java:128)
	at org.junit.runners.Suite.runChild$$PHOSPHORTAGGED(Suite.java:27)
	at org.junit.runners.ParentRunner$3.run$$PHOSPHORTAGGED(ParentRunner.java:290)
	at org.junit.runners.ParentRunner$1.schedule$$PHOSPHORTAGGED(ParentRunner.java:71)
	at org.junit.runners.ParentRunner.runChildren$$PHOSPHORTAGGED(ParentRunner.java:288)
	at org.junit.runners.ParentRunner.access$000$$PHOSPHORTAGGED(ParentRunner.java:58)
	at org.junit.runners.ParentRunner$2.evaluate$$PHOSPHORTAGGED(ParentRunner.java:268)
	at org.junit.runners.ParentRunner.run$$PHOSPHORTAGGED(ParentRunner.java:363)
	at org.junit.runner.JUnitCore.run$$PHOSPHORTAGGED(JUnitCore.java:137)
	at org.junit.runner.JUnitCore.run$$PHOSPHORTAGGED(JUnitCore.java:115)
	at org.junit.runner.JUnitCore.runMain$$PHOSPHORTAGGED(JUnitCore.java:77)
	at org.junit.runner.JUnitCore.main$$PHOSPHORTAGGED(JUnitCore.java:36)
	at org.junit.runner.JUnitCore.main(JUnitCore.java)
48) test072_1(flaky.FlakyTest)
org.junit.ComparisonFailure: 'It is by will alone I set my mind in motion. It is by the juice of Sapho that thoughts acquire speed, the lips acquire stains. The stains become a warning.' != 'A process cannot be understood by stopping it. Understanding must move with the flow of the process, must join it and flow with it.' expected:<[It is by will alone I set my mind in motion. It is by the juice of Sapho that thoughts acquire speed, the lips acquire stains. The stains become a warning].> but was:<[A process cannot be understood by stopping it. Understanding must move with the flow of the process, must join it and flow with it].>
	at java.lang.Throwable.fillInStackTrace$$PHOSPHORTAGGED(Throwable.java)
	at java.lang.Throwable.fillInStackTrace$$PHOSPHORTAGGED(Throwable.java:784)
	at java.lang.Throwable.<init>(Throwable.java:266)
	at java.lang.Error.<init>(Error.java:70)
	at java.lang.AssertionError.<init>(AssertionError.java:58)
	at java.lang.AssertionError.<init>(AssertionError.java:74)
	at org.junit.ComparisonFailure.<init>(ComparisonFailure.java:37)
	at org.junit.Assert.assertEquals$$PHOSPHORTAGGED(Assert.java:115)
	at flaky.FlakyTest.test072_1$$PHOSPHORTAGGED(FlakyTest.java:871)
	at sun.reflect.NativeMethodAccessorImpl.invoke0(Native Method)
	at sun.reflect.NativeMethodAccessorImpl.invoke0$$PHOSPHORTAGGED(NativeMethodAccessorImpl.java)
	at sun.reflect.NativeMethodAccessorImpl.invoke$$PHOSPHORTAGGED(NativeMethodAccessorImpl.java:62)
	at sun.reflect.NativeMethodAccessorImpl.invoke(NativeMethodAccessorImpl.java:0)
	at sun.reflect.DelegatingMethodAccessorImpl.invoke$$PHOSPHORTAGGED(DelegatingMethodAccessorImpl.java:43)
	at sun.reflect.DelegatingMethodAccessorImpl.invoke(DelegatingMethodAccessorImpl.java:0)
	at java.lang.reflect.Method.invoke$$PHOSPHORTAGGED(Method.java:498)
	at org.junit.runners.model.FrameworkMethod$1.runReflectiveCall$$PHOSPHORTAGGED(FrameworkMethod.java:50)
	at org.junit.internal.runners.model.ReflectiveCallable.run$$PHOSPHORTAGGED(ReflectiveCallable.java:12)
	at org.junit.runners.model.FrameworkMethod.invokeExplosively$$PHOSPHORTAGGED(FrameworkMethod.java:47)
	at org.junit.internal.runners.statements.InvokeMethod.evaluate$$PHOSPHORTAGGED(InvokeMethod.java:17)
	at org.junit.runners.ParentRunner.runLeaf$$PHOSPHORTAGGED(ParentRunner.java:325)
	at org.junit.runners.BlockJUnit4ClassRunner.runChild$$PHOSPHORTAGGED(BlockJUnit4ClassRunner.java:78)
	at org.junit.runners.BlockJUnit4ClassRunner.runChild$$PHOSPHORTAGGED(BlockJUnit4ClassRunner.java:57)
	at org.junit.runners.ParentRunner$3.run$$PHOSPHORTAGGED(ParentRunner.java:290)
	at org.junit.runners.ParentRunner$1.schedule$$PHOSPHORTAGGED(ParentRunner.java:71)
	at org.junit.runners.ParentRunner.runChildren$$PHOSPHORTAGGED(ParentRunner.java:288)
	at org.junit.runners.ParentRunner.access$000$$PHOSPHORTAGGED(ParentRunner.java:58)
	at org.junit.runners.ParentRunner$2.evaluate$$PHOSPHORTAGGED(ParentRunner.java:268)
	at org.junit.runners.ParentRunner.run$$PHOSPHORTAGGED(ParentRunner.java:363)
	at org.junit.runners.Suite.runChild$$PHOSPHORTAGGED(Suite.java:128)
	at org.junit.runners.Suite.runChild$$PHOSPHORTAGGED(Suite.java:27)
	at org.junit.runners.ParentRunner$3.run$$PHOSPHORTAGGED(ParentRunner.java:290)
	at org.junit.runners.ParentRunner$1.schedule$$PHOSPHORTAGGED(ParentRunner.java:71)
	at org.junit.runners.ParentRunner.runChildren$$PHOSPHORTAGGED(ParentRunner.java:288)
	at org.junit.runners.ParentRunner.access$000$$PHOSPHORTAGGED(ParentRunner.java:58)
	at org.junit.runners.ParentRunner$2.evaluate$$PHOSPHORTAGGED(ParentRunner.java:268)
	at org.junit.runners.ParentRunner.run$$PHOSPHORTAGGED(ParentRunner.java:363)
	at org.junit.runner.JUnitCore.run$$PHOSPHORTAGGED(JUnitCore.java:137)
	at org.junit.runner.JUnitCore.run$$PHOSPHORTAGGED(JUnitCore.java:115)
	at org.junit.runner.JUnitCore.runMain$$PHOSPHORTAGGED(JUnitCore.java:77)
	at org.junit.runner.JUnitCore.main$$PHOSPHORTAGGED(JUnitCore.java:36)
	at org.junit.runner.JUnitCore.main(JUnitCore.java)
49) test072_2(flaky.FlakyTest)
org.junit.ComparisonFailure: 'Usul has called a big one. Again, it is the legend.' != ' no matter the mood! Mood's a thing for cattle or making love or playing the baliset. It's not for fighting.' expected:<[Usul has called a big one. Again, it is the legend].> but was:<[ no matter the mood! Mood's a thing for cattle or making love or playing the baliset. It's not for fighting].>
	at java.lang.Throwable.fillInStackTrace$$PHOSPHORTAGGED(Throwable.java)
	at java.lang.Throwable.fillInStackTrace$$PHOSPHORTAGGED(Throwable.java:784)
	at java.lang.Throwable.<init>(Throwable.java:266)
	at java.lang.Error.<init>(Error.java:70)
	at java.lang.AssertionError.<init>(AssertionError.java:58)
	at java.lang.AssertionError.<init>(AssertionError.java:74)
	at org.junit.ComparisonFailure.<init>(ComparisonFailure.java:37)
	at org.junit.Assert.assertEquals$$PHOSPHORTAGGED(Assert.java:115)
	at flaky.FlakyTest.test072_2$$PHOSPHORTAGGED(FlakyTest.java:891)
	at sun.reflect.NativeMethodAccessorImpl.invoke0(Native Method)
	at sun.reflect.NativeMethodAccessorImpl.invoke0$$PHOSPHORTAGGED(NativeMethodAccessorImpl.java)
	at sun.reflect.NativeMethodAccessorImpl.invoke$$PHOSPHORTAGGED(NativeMethodAccessorImpl.java:62)
	at sun.reflect.NativeMethodAccessorImpl.invoke(NativeMethodAccessorImpl.java:0)
	at sun.reflect.DelegatingMethodAccessorImpl.invoke$$PHOSPHORTAGGED(DelegatingMethodAccessorImpl.java:43)
	at sun.reflect.DelegatingMethodAccessorImpl.invoke(DelegatingMethodAccessorImpl.java:0)
	at java.lang.reflect.Method.invoke$$PHOSPHORTAGGED(Method.java:498)
	at org.junit.runners.model.FrameworkMethod$1.runReflectiveCall$$PHOSPHORTAGGED(FrameworkMethod.java:50)
	at org.junit.internal.runners.model.ReflectiveCallable.run$$PHOSPHORTAGGED(ReflectiveCallable.java:12)
	at org.junit.runners.model.FrameworkMethod.invokeExplosively$$PHOSPHORTAGGED(FrameworkMethod.java:47)
	at org.junit.internal.runners.statements.InvokeMethod.evaluate$$PHOSPHORTAGGED(InvokeMethod.java:17)
	at org.junit.runners.ParentRunner.runLeaf$$PHOSPHORTAGGED(ParentRunner.java:325)
	at org.junit.runners.BlockJUnit4ClassRunner.runChild$$PHOSPHORTAGGED(BlockJUnit4ClassRunner.java:78)
	at org.junit.runners.BlockJUnit4ClassRunner.runChild$$PHOSPHORTAGGED(BlockJUnit4ClassRunner.java:57)
	at org.junit.runners.ParentRunner$3.run$$PHOSPHORTAGGED(ParentRunner.java:290)
	at org.junit.runners.ParentRunner$1.schedule$$PHOSPHORTAGGED(ParentRunner.java:71)
	at org.junit.runners.ParentRunner.runChildren$$PHOSPHORTAGGED(ParentRunner.java:288)
	at org.junit.runners.ParentRunner.access$000$$PHOSPHORTAGGED(ParentRunner.java:58)
	at org.junit.runners.ParentRunner$2.evaluate$$PHOSPHORTAGGED(ParentRunner.java:268)
	at org.junit.runners.ParentRunner.run$$PHOSPHORTAGGED(ParentRunner.java:363)
	at org.junit.runners.Suite.runChild$$PHOSPHORTAGGED(Suite.java:128)
	at org.junit.runners.Suite.runChild$$PHOSPHORTAGGED(Suite.java:27)
	at org.junit.runners.ParentRunner$3.run$$PHOSPHORTAGGED(ParentRunner.java:290)
	at org.junit.runners.ParentRunner$1.schedule$$PHOSPHORTAGGED(ParentRunner.java:71)
	at org.junit.runners.ParentRunner.runChildren$$PHOSPHORTAGGED(ParentRunner.java:288)
	at org.junit.runners.ParentRunner.access$000$$PHOSPHORTAGGED(ParentRunner.java:58)
	at org.junit.runners.ParentRunner$2.evaluate$$PHOSPHORTAGGED(ParentRunner.java:268)
	at org.junit.runners.ParentRunner.run$$PHOSPHORTAGGED(ParentRunner.java:363)
	at org.junit.runner.JUnitCore.run$$PHOSPHORTAGGED(JUnitCore.java:137)
	at org.junit.runner.JUnitCore.run$$PHOSPHORTAGGED(JUnitCore.java:115)
	at org.junit.runner.JUnitCore.runMain$$PHOSPHORTAGGED(JUnitCore.java:77)
	at org.junit.runner.JUnitCore.main$$PHOSPHORTAGGED(JUnitCore.java:36)
	at org.junit.runner.JUnitCore.main(JUnitCore.java)
50) test072_3(flaky.FlakyTest)
org.junit.ComparisonFailure: 'Geidi Prime' != 'Kaitain' expected:<[Geidi Prime]> but was:<[Kaitain]>
	at java.lang.Throwable.fillInStackTrace$$PHOSPHORTAGGED(Throwable.java)
	at java.lang.Throwable.fillInStackTrace$$PHOSPHORTAGGED(Throwable.java:784)
	at java.lang.Throwable.<init>(Throwable.java:266)
	at java.lang.Error.<init>(Error.java:70)
	at java.lang.AssertionError.<init>(AssertionError.java:58)
	at java.lang.AssertionError.<init>(AssertionError.java:74)
	at org.junit.ComparisonFailure.<init>(ComparisonFailure.java:37)
	at org.junit.Assert.assertEquals$$PHOSPHORTAGGED(Assert.java:115)
	at flaky.FlakyTest.test072_3$$PHOSPHORTAGGED(FlakyTest.java:911)
	at sun.reflect.NativeMethodAccessorImpl.invoke0(Native Method)
	at sun.reflect.NativeMethodAccessorImpl.invoke0$$PHOSPHORTAGGED(NativeMethodAccessorImpl.java)
	at sun.reflect.NativeMethodAccessorImpl.invoke$$PHOSPHORTAGGED(NativeMethodAccessorImpl.java:62)
	at sun.reflect.NativeMethodAccessorImpl.invoke(NativeMethodAccessorImpl.java:0)
	at sun.reflect.DelegatingMethodAccessorImpl.invoke$$PHOSPHORTAGGED(DelegatingMethodAccessorImpl.java:43)
	at sun.reflect.DelegatingMethodAccessorImpl.invoke(DelegatingMethodAccessorImpl.java:0)
	at java.lang.reflect.Method.invoke$$PHOSPHORTAGGED(Method.java:498)
	at org.junit.runners.model.FrameworkMethod$1.runReflectiveCall$$PHOSPHORTAGGED(FrameworkMethod.java:50)
	at org.junit.internal.runners.model.ReflectiveCallable.run$$PHOSPHORTAGGED(ReflectiveCallable.java:12)
	at org.junit.runners.model.FrameworkMethod.invokeExplosively$$PHOSPHORTAGGED(FrameworkMethod.java:47)
	at org.junit.internal.runners.statements.InvokeMethod.evaluate$$PHOSPHORTAGGED(InvokeMethod.java:17)
	at org.junit.runners.ParentRunner.runLeaf$$PHOSPHORTAGGED(ParentRunner.java:325)
	at org.junit.runners.BlockJUnit4ClassRunner.runChild$$PHOSPHORTAGGED(BlockJUnit4ClassRunner.java:78)
	at org.junit.runners.BlockJUnit4ClassRunner.runChild$$PHOSPHORTAGGED(BlockJUnit4ClassRunner.java:57)
	at org.junit.runners.ParentRunner$3.run$$PHOSPHORTAGGED(ParentRunner.java:290)
	at org.junit.runners.ParentRunner$1.schedule$$PHOSPHORTAGGED(ParentRunner.java:71)
	at org.junit.runners.ParentRunner.runChildren$$PHOSPHORTAGGED(ParentRunner.java:288)
	at org.junit.runners.ParentRunner.access$000$$PHOSPHORTAGGED(ParentRunner.java:58)
	at org.junit.runners.ParentRunner$2.evaluate$$PHOSPHORTAGGED(ParentRunner.java:268)
	at org.junit.runners.ParentRunner.run$$PHOSPHORTAGGED(ParentRunner.java:363)
	at org.junit.runners.Suite.runChild$$PHOSPHORTAGGED(Suite.java:128)
	at org.junit.runners.Suite.runChild$$PHOSPHORTAGGED(Suite.java:27)
	at org.junit.runners.ParentRunner$3.run$$PHOSPHORTAGGED(ParentRunner.java:290)
	at org.junit.runners.ParentRunner$1.schedule$$PHOSPHORTAGGED(ParentRunner.java:71)
	at org.junit.runners.ParentRunner.runChildren$$PHOSPHORTAGGED(ParentRunner.java:288)
	at org.junit.runners.ParentRunner.access$000$$PHOSPHORTAGGED(ParentRunner.java:58)
	at org.junit.runners.ParentRunner$2.evaluate$$PHOSPHORTAGGED(ParentRunner.java:268)
	at org.junit.runners.ParentRunner.run$$PHOSPHORTAGGED(ParentRunner.java:363)
	at org.junit.runner.JUnitCore.run$$PHOSPHORTAGGED(JUnitCore.java:137)
	at org.junit.runner.JUnitCore.run$$PHOSPHORTAGGED(JUnitCore.java:115)
	at org.junit.runner.JUnitCore.runMain$$PHOSPHORTAGGED(JUnitCore.java:77)
	at org.junit.runner.JUnitCore.main$$PHOSPHORTAGGED(JUnitCore.java:36)
	at org.junit.runner.JUnitCore.main(JUnitCore.java)
51) test073_1(flaky.FlakyTest)
org.junit.ComparisonFailure: 'js' != 'jpeg' expected:<j[s]> but was:<j[peg]>
	at java.lang.Throwable.fillInStackTrace$$PHOSPHORTAGGED(Throwable.java)
	at java.lang.Throwable.fillInStackTrace$$PHOSPHORTAGGED(Throwable.java:784)
	at java.lang.Throwable.<init>(Throwable.java:266)
	at java.lang.Error.<init>(Error.java:70)
	at java.lang.AssertionError.<init>(AssertionError.java:58)
	at java.lang.AssertionError.<init>(AssertionError.java:74)
	at org.junit.ComparisonFailure.<init>(ComparisonFailure.java:37)
	at org.junit.Assert.assertEquals$$PHOSPHORTAGGED(Assert.java:115)
	at flaky.FlakyTest.test073_1$$PHOSPHORTAGGED(FlakyTest.java:934)
	at sun.reflect.NativeMethodAccessorImpl.invoke0(Native Method)
	at sun.reflect.NativeMethodAccessorImpl.invoke0$$PHOSPHORTAGGED(NativeMethodAccessorImpl.java)
	at sun.reflect.NativeMethodAccessorImpl.invoke$$PHOSPHORTAGGED(NativeMethodAccessorImpl.java:62)
	at sun.reflect.NativeMethodAccessorImpl.invoke(NativeMethodAccessorImpl.java:0)
	at sun.reflect.DelegatingMethodAccessorImpl.invoke$$PHOSPHORTAGGED(DelegatingMethodAccessorImpl.java:43)
	at sun.reflect.DelegatingMethodAccessorImpl.invoke(DelegatingMethodAccessorImpl.java:0)
	at java.lang.reflect.Method.invoke$$PHOSPHORTAGGED(Method.java:498)
	at org.junit.runners.model.FrameworkMethod$1.runReflectiveCall$$PHOSPHORTAGGED(FrameworkMethod.java:50)
	at org.junit.internal.runners.model.ReflectiveCallable.run$$PHOSPHORTAGGED(ReflectiveCallable.java:12)
	at org.junit.runners.model.FrameworkMethod.invokeExplosively$$PHOSPHORTAGGED(FrameworkMethod.java:47)
	at org.junit.internal.runners.statements.InvokeMethod.evaluate$$PHOSPHORTAGGED(InvokeMethod.java:17)
	at org.junit.runners.ParentRunner.runLeaf$$PHOSPHORTAGGED(ParentRunner.java:325)
	at org.junit.runners.BlockJUnit4ClassRunner.runChild$$PHOSPHORTAGGED(BlockJUnit4ClassRunner.java:78)
	at org.junit.runners.BlockJUnit4ClassRunner.runChild$$PHOSPHORTAGGED(BlockJUnit4ClassRunner.java:57)
	at org.junit.runners.ParentRunner$3.run$$PHOSPHORTAGGED(ParentRunner.java:290)
	at org.junit.runners.ParentRunner$1.schedule$$PHOSPHORTAGGED(ParentRunner.java:71)
	at org.junit.runners.ParentRunner.runChildren$$PHOSPHORTAGGED(ParentRunner.java:288)
	at org.junit.runners.ParentRunner.access$000$$PHOSPHORTAGGED(ParentRunner.java:58)
	at org.junit.runners.ParentRunner$2.evaluate$$PHOSPHORTAGGED(ParentRunner.java:268)
	at org.junit.runners.ParentRunner.run$$PHOSPHORTAGGED(ParentRunner.java:363)
	at org.junit.runners.Suite.runChild$$PHOSPHORTAGGED(Suite.java:128)
	at org.junit.runners.Suite.runChild$$PHOSPHORTAGGED(Suite.java:27)
	at org.junit.runners.ParentRunner$3.run$$PHOSPHORTAGGED(ParentRunner.java:290)
	at org.junit.runners.ParentRunner$1.schedule$$PHOSPHORTAGGED(ParentRunner.java:71)
	at org.junit.runners.ParentRunner.runChildren$$PHOSPHORTAGGED(ParentRunner.java:288)
	at org.junit.runners.ParentRunner.access$000$$PHOSPHORTAGGED(ParentRunner.java:58)
	at org.junit.runners.ParentRunner$2.evaluate$$PHOSPHORTAGGED(ParentRunner.java:268)
	at org.junit.runners.ParentRunner.run$$PHOSPHORTAGGED(ParentRunner.java:363)
	at org.junit.runner.JUnitCore.run$$PHOSPHORTAGGED(JUnitCore.java:137)
	at org.junit.runner.JUnitCore.run$$PHOSPHORTAGGED(JUnitCore.java:115)
	at org.junit.runner.JUnitCore.runMain$$PHOSPHORTAGGED(JUnitCore.java:77)
	at org.junit.runner.JUnitCore.main$$PHOSPHORTAGGED(JUnitCore.java:36)
	at org.junit.runner.JUnitCore.main(JUnitCore.java)
52) test074_1(flaky.FlakyTest)
java.lang.AssertionError: '95' != '86'
	at java.lang.Throwable.fillInStackTrace$$PHOSPHORTAGGED(Throwable.java)
	at java.lang.Throwable.fillInStackTrace$$PHOSPHORTAGGED(Throwable.java:784)
	at java.lang.Throwable.<init>(Throwable.java:266)
	at java.lang.Error.<init>(Error.java:70)
	at java.lang.AssertionError.<init>(AssertionError.java:58)
	at java.lang.AssertionError.<init>(AssertionError.java:74)
	at org.junit.Assert.fail$$PHOSPHORTAGGED(Assert.java:88)
	at org.junit.Assert.assertTrue$$PHOSPHORTAGGED(Assert.java:41)
	at flaky.FlakyTest.test074_1$$PHOSPHORTAGGED(FlakyTest.java:951)
	at sun.reflect.NativeMethodAccessorImpl.invoke0(Native Method)
	at sun.reflect.NativeMethodAccessorImpl.invoke0$$PHOSPHORTAGGED(NativeMethodAccessorImpl.java)
	at sun.reflect.NativeMethodAccessorImpl.invoke$$PHOSPHORTAGGED(NativeMethodAccessorImpl.java:62)
	at sun.reflect.NativeMethodAccessorImpl.invoke(NativeMethodAccessorImpl.java:0)
	at sun.reflect.DelegatingMethodAccessorImpl.invoke$$PHOSPHORTAGGED(DelegatingMethodAccessorImpl.java:43)
	at sun.reflect.DelegatingMethodAccessorImpl.invoke(DelegatingMethodAccessorImpl.java:0)
	at java.lang.reflect.Method.invoke$$PHOSPHORTAGGED(Method.java:498)
	at org.junit.runners.model.FrameworkMethod$1.runReflectiveCall$$PHOSPHORTAGGED(FrameworkMethod.java:50)
	at org.junit.internal.runners.model.ReflectiveCallable.run$$PHOSPHORTAGGED(ReflectiveCallable.java:12)
	at org.junit.runners.model.FrameworkMethod.invokeExplosively$$PHOSPHORTAGGED(FrameworkMethod.java:47)
	at org.junit.internal.runners.statements.InvokeMethod.evaluate$$PHOSPHORTAGGED(InvokeMethod.java:17)
	at org.junit.runners.ParentRunner.runLeaf$$PHOSPHORTAGGED(ParentRunner.java:325)
	at org.junit.runners.BlockJUnit4ClassRunner.runChild$$PHOSPHORTAGGED(BlockJUnit4ClassRunner.java:78)
	at org.junit.runners.BlockJUnit4ClassRunner.runChild$$PHOSPHORTAGGED(BlockJUnit4ClassRunner.java:57)
	at org.junit.runners.ParentRunner$3.run$$PHOSPHORTAGGED(ParentRunner.java:290)
	at org.junit.runners.ParentRunner$1.schedule$$PHOSPHORTAGGED(ParentRunner.java:71)
	at org.junit.runners.ParentRunner.runChildren$$PHOSPHORTAGGED(ParentRunner.java:288)
	at org.junit.runners.ParentRunner.access$000$$PHOSPHORTAGGED(ParentRunner.java:58)
	at org.junit.runners.ParentRunner$2.evaluate$$PHOSPHORTAGGED(ParentRunner.java:268)
	at org.junit.runners.ParentRunner.run$$PHOSPHORTAGGED(ParentRunner.java:363)
	at org.junit.runners.Suite.runChild$$PHOSPHORTAGGED(Suite.java:128)
	at org.junit.runners.Suite.runChild$$PHOSPHORTAGGED(Suite.java:27)
	at org.junit.runners.ParentRunner$3.run$$PHOSPHORTAGGED(ParentRunner.java:290)
	at org.junit.runners.ParentRunner$1.schedule$$PHOSPHORTAGGED(ParentRunner.java:71)
	at org.junit.runners.ParentRunner.runChildren$$PHOSPHORTAGGED(ParentRunner.java:288)
	at org.junit.runners.ParentRunner.access$000$$PHOSPHORTAGGED(ParentRunner.java:58)
	at org.junit.runners.ParentRunner$2.evaluate$$PHOSPHORTAGGED(ParentRunner.java:268)
	at org.junit.runners.ParentRunner.run$$PHOSPHORTAGGED(ParentRunner.java:363)
	at org.junit.runner.JUnitCore.run$$PHOSPHORTAGGED(JUnitCore.java:137)
	at org.junit.runner.JUnitCore.run$$PHOSPHORTAGGED(JUnitCore.java:115)
	at org.junit.runner.JUnitCore.runMain$$PHOSPHORTAGGED(JUnitCore.java:77)
	at org.junit.runner.JUnitCore.main$$PHOSPHORTAGGED(JUnitCore.java:36)
	at org.junit.runner.JUnitCore.main(JUnitCore.java)
53) test074_2(flaky.FlakyTest)
org.junit.ComparisonFailure: '19E175C537' != '01962844B4' expected:<[19E175C537]> but was:<[01962844B4]>
	at java.lang.Throwable.fillInStackTrace$$PHOSPHORTAGGED(Throwable.java)
	at java.lang.Throwable.fillInStackTrace$$PHOSPHORTAGGED(Throwable.java:784)
	at java.lang.Throwable.<init>(Throwable.java:266)
	at java.lang.Error.<init>(Error.java:70)
	at java.lang.AssertionError.<init>(AssertionError.java:58)
	at java.lang.AssertionError.<init>(AssertionError.java:74)
	at org.junit.ComparisonFailure.<init>(ComparisonFailure.java:37)
	at org.junit.Assert.assertEquals$$PHOSPHORTAGGED(Assert.java:115)
	at flaky.FlakyTest.test074_2$$PHOSPHORTAGGED(FlakyTest.java:970)
	at sun.reflect.NativeMethodAccessorImpl.invoke0(Native Method)
	at sun.reflect.NativeMethodAccessorImpl.invoke0$$PHOSPHORTAGGED(NativeMethodAccessorImpl.java)
	at sun.reflect.NativeMethodAccessorImpl.invoke$$PHOSPHORTAGGED(NativeMethodAccessorImpl.java:62)
	at sun.reflect.NativeMethodAccessorImpl.invoke(NativeMethodAccessorImpl.java:0)
	at sun.reflect.DelegatingMethodAccessorImpl.invoke$$PHOSPHORTAGGED(DelegatingMethodAccessorImpl.java:43)
	at sun.reflect.DelegatingMethodAccessorImpl.invoke(DelegatingMethodAccessorImpl.java:0)
	at java.lang.reflect.Method.invoke$$PHOSPHORTAGGED(Method.java:498)
	at org.junit.runners.model.FrameworkMethod$1.runReflectiveCall$$PHOSPHORTAGGED(FrameworkMethod.java:50)
	at org.junit.internal.runners.model.ReflectiveCallable.run$$PHOSPHORTAGGED(ReflectiveCallable.java:12)
	at org.junit.runners.model.FrameworkMethod.invokeExplosively$$PHOSPHORTAGGED(FrameworkMethod.java:47)
	at org.junit.internal.runners.statements.InvokeMethod.evaluate$$PHOSPHORTAGGED(InvokeMethod.java:17)
	at org.junit.runners.ParentRunner.runLeaf$$PHOSPHORTAGGED(ParentRunner.java:325)
	at org.junit.runners.BlockJUnit4ClassRunner.runChild$$PHOSPHORTAGGED(BlockJUnit4ClassRunner.java:78)
	at org.junit.runners.BlockJUnit4ClassRunner.runChild$$PHOSPHORTAGGED(BlockJUnit4ClassRunner.java:57)
	at org.junit.runners.ParentRunner$3.run$$PHOSPHORTAGGED(ParentRunner.java:290)
	at org.junit.runners.ParentRunner$1.schedule$$PHOSPHORTAGGED(ParentRunner.java:71)
	at org.junit.runners.ParentRunner.runChildren$$PHOSPHORTAGGED(ParentRunner.java:288)
	at org.junit.runners.ParentRunner.access$000$$PHOSPHORTAGGED(ParentRunner.java:58)
	at org.junit.runners.ParentRunner$2.evaluate$$PHOSPHORTAGGED(ParentRunner.java:268)
	at org.junit.runners.ParentRunner.run$$PHOSPHORTAGGED(ParentRunner.java:363)
	at org.junit.runners.Suite.runChild$$PHOSPHORTAGGED(Suite.java:128)
	at org.junit.runners.Suite.runChild$$PHOSPHORTAGGED(Suite.java:27)
	at org.junit.runners.ParentRunner$3.run$$PHOSPHORTAGGED(ParentRunner.java:290)
	at org.junit.runners.ParentRunner$1.schedule$$PHOSPHORTAGGED(ParentRunner.java:71)
	at org.junit.runners.ParentRunner.runChildren$$PHOSPHORTAGGED(ParentRunner.java:288)
	at org.junit.runners.ParentRunner.access$000$$PHOSPHORTAGGED(ParentRunner.java:58)
	at org.junit.runners.ParentRunner$2.evaluate$$PHOSPHORTAGGED(ParentRunner.java:268)
	at org.junit.runners.ParentRunner.run$$PHOSPHORTAGGED(ParentRunner.java:363)
	at org.junit.runner.JUnitCore.run$$PHOSPHORTAGGED(JUnitCore.java:137)
	at org.junit.runner.JUnitCore.run$$PHOSPHORTAGGED(JUnitCore.java:115)
	at org.junit.runner.JUnitCore.runMain$$PHOSPHORTAGGED(JUnitCore.java:77)
	at org.junit.runner.JUnitCore.main$$PHOSPHORTAGGED(JUnitCore.java:36)
	at org.junit.runner.JUnitCore.main(JUnitCore.java)

FAILURES!!!
Tests run: 53,  Failures: 53

