[INFO] Scanning for projects...
[INFO] 
[INFO] ----------------< com.j256.simplemetrics:simplemetrics >----------------
[INFO] Building Simple Metrics 1.10-SNAPSHOT
[INFO]   from pom.xml
[INFO] --------------------------------[ jar ]---------------------------------
[INFO] 
[INFO] --- enforcer:1.0-beta-1:enforce (enforce-maven) @ simplemetrics ---
[INFO] 
[INFO] --- jacoco:0.8.6:prepare-agent (default) @ simplemetrics ---
[INFO] argLine set to -javaagent:/Users/yhcrown/.m2/repository/org/jacoco/org.jacoco.agent/0.8.6/org.jacoco.agent-0.8.6-runtime.jar=destfile=/Users/yhcrown/Documents/flaky_java_projects/j256-simplemetrics/target/jacoco.exec
[INFO] 
[INFO] --- resources:3.3.1:resources (default-resources) @ simplemetrics ---
[INFO] skip non existing resourceDirectory /Users/yhcrown/Documents/flaky_java_projects/j256-simplemetrics/src/main/resources
[INFO] 
[INFO] --- compiler:2.5.1:compile (default-compile) @ simplemetrics ---
[INFO] Nothing to compile - all classes are up to date
[INFO] 
[INFO] --- resources:3.3.1:testResources (default-testResources) @ simplemetrics ---
[INFO] Copying 9 resources from src/test/resources to target/test-classes
[INFO] 
[INFO] --- compiler:2.5.1:testCompile (default-testCompile) @ simplemetrics ---
[INFO] Compiling 1 source file to /Users/yhcrown/Documents/flaky_java_projects/j256-simplemetrics/target/test-classes
[INFO] 
[INFO] --- surefire:2.19.1:test (default-test) @ simplemetrics ---

-------------------------------------------------------
 T E S T S
-------------------------------------------------------

Results :

Tests run: 0, Failures: 0, Errors: 0, Skipped: 0

[INFO] ------------------------------------------------------------------------
[INFO] BUILD FAILURE
[INFO] ------------------------------------------------------------------------
[INFO] Total time:  1.872 s
[INFO] Finished at: 2023-11-20T15:14:03-06:00
[INFO] ------------------------------------------------------------------------
[ERROR] Failed to execute goal org.apache.maven.plugins:maven-surefire-plugin:2.19.1:test (default-test) on project simplemetrics: No tests were executed!  (Set -DfailIfNoTests=false to ignore this error.) -> [Help 1]
[ERROR] 
[ERROR] To see the full stack trace of the errors, re-run Maven with the -e switch.
[ERROR] Re-run Maven using the -X switch to enable full debug logging.
[ERROR] 
[ERROR] For more information about the errors and possible solutions, please read the following articles:
[ERROR] [Help 1] http://cwiki.apache.org/confluence/display/MAVEN/MojoFailureException
