[INFO] Scanning for projects...
[INFO] 
[INFO] ----< com.google.code.externalsortinginjava:externalsortinginjava >-----
[INFO] Building externalsortinginjava 0.6.2-SNAPSHOT
[INFO]   from pom.xml
[INFO] --------------------------------[ jar ]---------------------------------
[INFO] 
[INFO] --- enforcer:1.0-beta-1:enforce (enforce-maven) @ externalsortinginjava ---
[INFO] 
[INFO] --- jacoco:0.7.8:prepare-agent (prepare-agent) @ externalsortinginjava ---
[INFO] argLine set to -javaagent:/Users/yhcrown/.m2/repository/org/jacoco/org.jacoco.agent/0.7.8/org.jacoco.agent-0.7.8-runtime.jar=destfile=/Users/yhcrown/Documents/flaky_java_projects/lemire-externalsortinginjava/target/jacoco.exec
[INFO] 
[INFO] --- dependency:3.6.0:copy-dependencies (default) @ externalsortinginjava ---
[INFO] junit:junit:jar:4.13.1 already exists in destination.
[INFO] org.hamcrest:hamcrest-core:jar:1.3 already exists in destination.
[INFO] com.github.jbellis:jamm:jar:0.3.1 already exists in destination.
[INFO] org.apache.commons:commons-csv:jar:1.9.0 already exists in destination.
[INFO] 
[INFO] --- resources:3.3.1:resources (default-resources) @ externalsortinginjava ---
[INFO] skip non existing resourceDirectory /Users/yhcrown/Documents/flaky_java_projects/lemire-externalsortinginjava/src/main/resources
[INFO] 
[INFO] --- compiler:3.5.1:compile (default-compile) @ externalsortinginjava ---
[INFO] Nothing to compile - all classes are up to date
[INFO] 
[INFO] --- resources:3.3.1:testResources (default-testResources) @ externalsortinginjava ---
[INFO] Copying 7 resources from src/test/resources to target/test-classes
[INFO] 
[INFO] --- compiler:3.5.1:testCompile (default-testCompile) @ externalsortinginjava ---
[INFO] Nothing to compile - all classes are up to date
[INFO] 
[INFO] --- surefire:2.19.1:test (default-test) @ externalsortinginjava ---

-------------------------------------------------------
 T E S T S
-------------------------------------------------------
Running flaky.FlakyTest
Tests run: 1, Failures: 1, Errors: 0, Skipped: 0, Time elapsed: 0.177 sec <<< FAILURE! - in flaky.FlakyTest
test100_3(flaky.FlakyTest)  Time elapsed: 0.091 sec  <<< FAILURE!
org.junit.ComparisonFailure: expected:<...0000gn/T/sortInBatch[2094521996426721650]flatfile> but was:<...0000gn/T/sortInBatch[3590573042195606694]flatfile>
	at flaky.FlakyTest.test100_3(FlakyTest.java:7465)


Results :

Failed tests: 
  FlakyTest.test100_3:7465 expected:<...0000gn/T/sortInBatch[2094521996426721650]flatfile> but was:<...0000gn/T/sortInBatch[3590573042195606694]flatfile>

Tests run: 1, Failures: 1, Errors: 0, Skipped: 0

[INFO] ------------------------------------------------------------------------
[INFO] BUILD FAILURE
[INFO] ------------------------------------------------------------------------
[INFO] Total time:  1.872 s
[INFO] Finished at: 2023-11-22T13:52:12-06:00
[INFO] ------------------------------------------------------------------------
[ERROR] Failed to execute goal org.apache.maven.plugins:maven-surefire-plugin:2.19.1:test (default-test) on project externalsortinginjava: There are test failures.
[ERROR] 
[ERROR] Please refer to /Users/yhcrown/Documents/flaky_java_projects/lemire-externalsortinginjava/target/surefire-reports for the individual test results.
[ERROR] -> [Help 1]
[ERROR] 
[ERROR] To see the full stack trace of the errors, re-run Maven with the -e switch.
[ERROR] Re-run Maven using the -X switch to enable full debug logging.
[ERROR] 
[ERROR] For more information about the errors and possible solutions, please read the following articles:
[ERROR] [Help 1] http://cwiki.apache.org/confluence/display/MAVEN/MojoFailureException
