[INFO] Scanning for projects...
[WARNING] 
[WARNING] Some problems were encountered while building the effective model for com.github.819548945:tool.encryptionAndDecryption.core:jar:0.1.8
[WARNING] 'build.plugins.plugin.version' for org.apache.maven.plugins:maven-gpg-plugin is missing. @ line 112, column 29
[WARNING] 'build.plugins.plugin.version' for org.apache.maven.plugins:maven-compiler-plugin is missing. @ line 56, column 11
[WARNING] 'build.plugins.plugin.version' for org.sonatype.plugins:nexus-staging-maven-plugin is missing. @ line 125, column 29
[WARNING] 'build.plugins.plugin.version' for org.apache.maven.plugins:maven-source-plugin is missing. @ line 92, column 29
[WARNING] 
[WARNING] It is highly recommended to fix these problems because they threaten the stability of your build.
[WARNING] 
[WARNING] For this reason, future Maven versions might no longer support building such malformed projects.
[WARNING] 
[INFO] Inspecting build with total of 1 modules...
[INFO] Installing Nexus Staging features:
[INFO]   ... total of 1 executions of maven-deploy-plugin replaced with nexus-staging-maven-plugin
Downloading from central: https://repo.maven.apache.org/maven2/org/codehaus/mojo/maven-metadata.xml
Downloading from central: https://repo.maven.apache.org/maven2/org/apache/maven/plugins/maven-metadata.xml
Progress (1): 1.4/21 kBProgress (2): 1.4/21 kB | 1.4/14 kBProgress (2): 2.7/21 kB | 1.4/14 kBProgress (2): 2.7/21 kB | 2.7/14 kBProgress (2): 4.1/21 kB | 2.7/14 kBProgress (2): 4.1/21 kB | 4.1/14 kBProgress (2): 5.5/21 kB | 4.1/14 kBProgress (2): 5.5/21 kB | 5.5/14 kBProgress (2): 6.9/21 kB | 5.5/14 kBProgress (2): 6.9/21 kB | 6.9/14 kBProgress (2): 8.2/21 kB | 6.9/14 kBProgress (2): 8.2/21 kB | 8.2/14 kBProgress (2): 9.6/21 kB | 8.2/14 kBProgress (2): 9.6/21 kB | 9.6/14 kBProgress (2): 11/21 kB | 9.6/14 kB Progress (2): 11/21 kB | 11/14 kB Progress (2): 12/21 kB | 11/14 kBProgress (2): 12/21 kB | 12/14 kBProgress (2): 14/21 kB | 12/14 kBProgress (2): 14/21 kB | 14/14 kBProgress (2): 15/21 kB | 14/14 kBProgress (2): 15/21 kB | 14 kB   Progress (2): 16/21 kB | 14 kBProgress (2): 17/21 kB | 14 kBProgress (2): 19/21 kB | 14 kBProgress (2): 20/21 kB | 14 kBProgress (2): 21 kB | 14 kB                              Downloaded from central: https://repo.maven.apache.org/maven2/org/apache/maven/plugins/maven-metadata.xml (14 kB at 76 kB/s)
Downloaded from central: https://repo.maven.apache.org/maven2/org/codehaus/mojo/maven-metadata.xml (21 kB at 110 kB/s)
[INFO] ------------------------------------------------------------------------
[INFO] BUILD FAILURE
[INFO] ------------------------------------------------------------------------
[INFO] Total time:  0.893 s
[INFO] Finished at: 2023-11-21T15:24:03-06:00
[INFO] ------------------------------------------------------------------------
[ERROR] No plugin found for prefix 'surfire' in the current project and in the plugin groups [org.apache.maven.plugins, org.codehaus.mojo] available from the repositories [local (/Users/yhcrown/.m2/repository), central (https://repo.maven.apache.org/maven2)] -> [Help 1]
[ERROR] 
[ERROR] To see the full stack trace of the errors, re-run Maven with the -e switch.
[ERROR] Re-run Maven using the -X switch to enable full debug logging.
[ERROR] 
[ERROR] For more information about the errors and possible solutions, please read the following articles:
[ERROR] [Help 1] http://cwiki.apache.org/confluence/display/MAVEN/NoPluginFoundForPrefixException
