edwardcapriolo-gossip, BUILD FAILURE
[ERROR] Failed to execute goal on project gossip: Could not resolve dependencies for project io.teknek:gossip:jar:0.0.4-SNAPSHOT: Failed to collect dependencies at io.teknek:tunit:jar:0.0.0: Failed to read artifact descriptor for io.teknek:tunit:jar:0.0.0: Could not transfer artifact io.teknek:tunit:pom:0.0.0 from/to central (https://repo.maven.apache.org/maven2): /root/.m2/repository/io/teknek/tunit/0.0.0/tunit-0.0.0.pom.part (No such file or directory) -> [Help 1]
[ERROR] 
[ERROR] To see the full stack trace of the errors, re-run Maven with the -e switch.
[ERROR] Re-run Maven using the -X switch to enable full debug logging.
[ERROR] 
[ERROR] For more information about the errors and possible solutions, please read the following articles:
[ERROR] [Help 1] http://cwiki.apache.org/confluence/display/MAVEN/DependencyResolutionException
rolfl-MicroBench, BUILD FAILURE
[ERROR] Failed to execute goal org.apache.maven.plugins:maven-gpg-plugin:3.2.4:sign (sign-artifacts) on project ubench: Exit code: 2 -> [Help 1]
[ERROR] 
[ERROR] To see the full stack trace of the errors, re-run Maven with the -e switch.
[ERROR] Re-run Maven using the -X switch to enable full debug logging.
[ERROR] 
[ERROR] For more information about the errors and possible solutions, please read the following articles:
[ERROR] [Help 1] http://cwiki.apache.org/confluence/display/MAVEN/MojoExecutionException
j256-simplemetrics, BUILD FAILURE
[ERROR] Failed to execute goal org.apache.maven.plugins:maven-gpg-plugin:1.6:sign (sign-artifacts) on project simplemetrics: Exit code: 2 -> [Help 1]
[ERROR] 
[ERROR] To see the full stack trace of the errors, re-run Maven with the -e switch.
[ERROR] Re-run Maven using the -X switch to enable full debug logging.
[ERROR] 
[ERROR] For more information about the errors and possible solutions, please read the following articles:
[ERROR] [Help 1] http://cwiki.apache.org/confluence/display/MAVEN/MojoExecutionException
mitoma-ponto, BUILD FAILURE
[ERROR] Failed to execute goal on project ponto: Could not resolve dependencies for project in.tombo:ponto:jar:1.1.1-SNAPSHOT: Failed to collect dependencies at org.seasar.aptina:aptina-unit:jar:1.0.0: Failed to read artifact descriptor for org.seasar.aptina:aptina-unit:jar:1.0.0: Could not transfer artifact org.seasar.aptina:aptina-unit:pom:1.0.0 from/to maven-default-http-blocker (http://0.0.0.0/): Blocked mirror for repositories: [maven.seasar.org (http://maven.seasar.org/maven2, default, releases+snapshots)] -> [Help 1]
[ERROR] 
[ERROR] To see the full stack trace of the errors, re-run Maven with the -e switch.
[ERROR] Re-run Maven using the -X switch to enable full debug logging.
[ERROR] 
[ERROR] For more information about the errors and possible solutions, please read the following articles:
[ERROR] [Help 1] http://cwiki.apache.org/confluence/display/MAVEN/DependencyResolutionException
stoyanr-Evictor, BUILD FAILURE
[ERROR] Failed to execute goal org.apache.maven.plugins:maven-javadoc-plugin:2.9.1:jar (attach-javadocs) on project evictor: MavenReportException: Error while creating archive: 
[ERROR] Exit code: 1 - /shared-data/generated-flaky/projects/stoyanr-Evictor/src/main/java/com/stoyanr/evictor/scheduler/AbstractQueueEvictionScheduler.java:105: warning: no @return
[ERROR]     protected boolean hasScheduledEvictions() {
[ERROR]                       ^
[ERROR] /shared-data/generated-flaky/projects/stoyanr-Evictor/src/main/java/com/stoyanr/evictor/scheduler/AbstractQueueEvictionScheduler.java:113: warning: no @return
[ERROR]     protected long getNextEvictionTime() {
[ERROR]                    ^
[ERROR] /shared-data/generated-flaky/projects/stoyanr-Evictor/src/main/java/com/stoyanr/evictor/scheduler/AbstractQueueEvictionScheduler.java:56: error: reference not found
[ERROR]      * @throws NullPointerExceptin
[ERROR]        ^
[ERROR] /shared-data/generated-flaky/projects/stoyanr-Evictor/src/main/java/com/stoyanr/evictor/ConcurrentMapWithTimedEviction.java:60: warning: nested tag not allowed: <tt>
[ERROR]      * @return the previous value associated with <tt>key</tt>, or <tt>null</tt>
[ERROR]                                                   ^
[ERROR] /shared-data/generated-flaky/projects/stoyanr-Evictor/src/main/java/com/stoyanr/evictor/ConcurrentMapWithTimedEviction.java:60: warning: nested tag not allowed: <tt>
[ERROR]      * @return the previous value associated with <tt>key</tt>, or <tt>null</tt>
[ERROR]                                                                    ^
[ERROR] /shared-data/generated-flaky/projects/stoyanr-Evictor/src/main/java/com/stoyanr/evictor/ConcurrentMapWithTimedEviction.java:61: warning: nested tag not allowed: <tt>
[ERROR]      *         if there was no mapping for <tt>key</tt>. (A <tt>null</tt> return
[ERROR]                                            ^
[ERROR] /shared-data/generated-flaky/projects/stoyanr-Evictor/src/main/java/com/stoyanr/evictor/ConcurrentMapWithTimedEviction.java:61: warning: nested tag not allowed: <tt>
[ERROR]      *         if there was no mapping for <tt>key</tt>. (A <tt>null</tt> return
[ERROR]                                                             ^
[ERROR] /shared-data/generated-flaky/projects/stoyanr-Evictor/src/main/java/com/stoyanr/evictor/ConcurrentMapWithTimedEviction.java:63: warning: nested tag not allowed: <tt>
[ERROR]      *         <tt>null</tt> with <tt>key</tt>, if the implementation supports
[ERROR]                ^
[ERROR] /shared-data/generated-flaky/projects/stoyanr-Evictor/src/main/java/com/stoyanr/evictor/ConcurrentMapWithTimedEviction.java:63: warning: nested tag not allowed: <tt>
[ERROR]      *         <tt>null</tt> with <tt>key</tt>, if the implementation supports
[ERROR]                                   ^
[ERROR] /shared-data/generated-flaky/projects/stoyanr-Evictor/src/main/java/com/stoyanr/evictor/ConcurrentMapWithTimedEviction.java:64: warning: nested tag not allowed: <tt>
[ERROR]      *         <tt>null</tt> values.)
[ERROR]                ^
[ERROR] /shared-data/generated-flaky/projects/stoyanr-Evictor/src/main/java/com/stoyanr/evictor/ConcurrentMapWithTimedEviction.java:67: warning: nested tag not allowed: <tt>
[ERROR]      *             if the <tt>put</tt> operation is not supported by this map
[ERROR]                           ^
[ERROR] /shared-data/generated-flaky/projects/stoyanr-Evictor/src/main/java/com/stoyanr/evictor/ConcurrentMapWithTimedEviction.java:58: error: element not closed: tt
[ERROR]      *            equivalent to <tt>put(key, value).
[ERROR]                                 ^
[ERROR] /shared-data/generated-flaky/projects/stoyanr-Evictor/src/main/java/com/stoyanr/evictor/ConcurrentMapWithTimedEviction.java:110: warning: nested tag not allowed: <tt>
[ERROR]      * @return the previous value associated with the specified key, or <tt>null</tt>
[ERROR]                                                                         ^
[ERROR] /shared-data/generated-flaky/projects/stoyanr-Evictor/src/main/java/com/stoyanr/evictor/ConcurrentMapWithTimedEviction.java:111: warning: nested tag not allowed: <tt>
[ERROR]      *         if there was no mapping for the key. (A <tt>null</tt> return can
[ERROR]                                                        ^
[ERROR] /shared-data/generated-flaky/projects/stoyanr-Evictor/src/main/java/com/stoyanr/evictor/ConcurrentMapWithTimedEviction.java:112: warning: nested tag not allowed: <tt>
[ERROR]      *         also indicate that the map previously associated <tt>null</tt>
[ERROR]                                                                 ^
[ERROR] /shared-data/generated-flaky/projects/stoyanr-Evictor/src/main/java/com/stoyanr/evictor/ConcurrentMapWithTimedEviction.java:116: warning: nested tag not allowed: <tt>
[ERROR]      *             if the <tt>put</tt> operation is not supported by this map
[ERROR]                           ^
[ERROR] /shared-data/generated-flaky/projects/stoyanr-Evictor/src/main/java/com/stoyanr/evictor/ConcurrentMapWithTimedEviction.java:108: error: element not closed: tt
[ERROR]      *            <tt>putIfAbsent(key, value).
[ERROR]                   ^
[ERROR] /shared-data/generated-flaky/projects/stoyanr-Evictor/src/main/java/com/stoyanr/evictor/ConcurrentMapWithTimedEviction.java:158: warning: nested tag not allowed: <tt>
[ERROR]      * @return the previous value associated with the specified key, or <tt>null</tt>
[ERROR]                                                                         ^
[ERROR] /shared-data/generated-flaky/projects/stoyanr-Evictor/src/main/java/com/stoyanr/evictor/ConcurrentMapWithTimedEviction.java:159: warning: nested tag not allowed: <tt>
[ERROR]      *         if there was no mapping for the key. (A <tt>null</tt> return can
[ERROR]                                                        ^
[ERROR] /shared-data/generated-flaky/projects/stoyanr-Evictor/src/main/java/com/stoyanr/evictor/ConcurrentMapWithTimedEviction.java:160: warning: nested tag not allowed: <tt>
[ERROR]      *         also indicate that the map previously associated <tt>null</tt>
[ERROR]                                                                 ^
[ERROR] /shared-data/generated-flaky/projects/stoyanr-Evictor/src/main/java/com/stoyanr/evictor/ConcurrentMapWithTimedEviction.java:164: warning: nested tag not allowed: <tt>
[ERROR]      *             if the <tt>put</tt> operation is not supported by this map
[ERROR]                           ^
[ERROR] /shared-data/generated-flaky/projects/stoyanr-Evictor/src/main/java/com/stoyanr/evictor/ConcurrentMapWithTimedEviction.java:156: error: element not closed: tt
[ERROR]      *            is equivalent to <tt>replace(key, value).
[ERROR]                                    ^
[ERROR] /shared-data/generated-flaky/projects/stoyanr-Evictor/src/main/java/com/stoyanr/evictor/ConcurrentMapWithTimedEviction.java:211: warning: nested tag not allowed: <tt>
[ERROR]      * @return <tt>true</tt> if the value was replaced
[ERROR]                ^
[ERROR] /shared-data/generated-flaky/projects/stoyanr-Evictor/src/main/java/com/stoyanr/evictor/ConcurrentMapWithTimedEviction.java:214: warning: nested tag not allowed: <tt>
[ERROR]      *             if the <tt>put</tt> operation is not supported by this map
[ERROR]                           ^
[ERROR] /shared-data/generated-flaky/projects/stoyanr-Evictor/src/main/java/com/stoyanr/evictor/ConcurrentMapWithTimedEviction.java:209: error: element not closed: tt
[ERROR]      *            <tt>put(key, oldValue, newValue).
[ERROR]                   ^
[ERROR] 
[ERROR] Command line was: /shared-data/jdk8u422-b05/jre/../bin/javadoc @options @packages
[ERROR] 
[ERROR] Refer to the generated Javadoc files in '/shared-data/generated-flaky/projects/stoyanr-Evictor/target/apidocs' dir.
[ERROR] 
[ERROR] -> [Help 1]
[ERROR] 
[ERROR] To see the full stack trace of the errors, re-run Maven with the -e switch.
[ERROR] Re-run Maven using the -X switch to enable full debug logging.
[ERROR] 
[ERROR] For more information about the errors and possible solutions, please read the following articles:
[ERROR] [Help 1] http://cwiki.apache.org/confluence/display/MAVEN/MojoExecutionException
[ERROR] [ERROR] Some problems were encountered while processing the POMs:
[ERROR] Unresolveable build extension: Plugin org.sonatype.plugins:nexus-staging-maven-plugin:1.6.8 or one of its dependencies could not be resolved: Failed to read artifact descriptor for org.sonatype.plugins:nexus-staging-maven-plugin:jar:1.6.8 @ 
[ERROR] The build could not read 1 project -> [Help 1]
[ERROR]   
[ERROR]   The project io.github.wesleyone:qy-weixin-robot-spring-boot-starter:2.0 (/shared-data/generated-flaky/projects/WesleyOne-qy-weixin-robot-spring-boot-starter/pom.xml) has 1 error
[ERROR]     Unresolveable build extension: Plugin org.sonatype.plugins:nexus-staging-maven-plugin:1.6.8 or one of its dependencies could not be resolved: Failed to read artifact descriptor for org.sonatype.plugins:nexus-staging-maven-plugin:jar:1.6.8: Could not transfer artifact org.sonatype.nexus.maven:nexus-maven-plugins:pom:1.6.8 from/to central (https://repo.maven.apache.org/maven2): No such file or directory -> [Help 2]
[ERROR] 
[ERROR] To see the full stack trace of the errors, re-run Maven with the -e switch.
[ERROR] Re-run Maven using the -X switch to enable full debug logging.
[ERROR] 
[ERROR] For more information about the errors and possible solutions, please read the following articles:
[ERROR] [Help 1] http://cwiki.apache.org/confluence/display/MAVEN/ProjectBuildingException
[ERROR] [Help 2] http://cwiki.apache.org/confluence/display/MAVEN/PluginManagerException
aoindustries-ao-fluent-html-any, BUILD FAILURE
[ERROR] Failed to execute goal org.sonatype.ossindex.maven:ossindex-maven-plugin:3.2.0:audit (audit-dependencies) on project ao-fluent-html-any: Detected 1 vulnerable components:
[ERROR]   org.apache.bcel:bcel:jar:6.5.0:test; https://ossindex.sonatype.org/component/pkg:maven/org.apache.bcel/bcel@6.5.0?utm_source=ossindex-client&utm_medium=integration&utm_content=1.8.1
[ERROR]     * [CVE-2022-42920] CWE-787: Out-of-bounds Write (9.8); https://ossindex.sonatype.org/vulnerability/CVE-2022-42920?component-type=maven&component-name=org.apache.bcel%2Fbcel&utm_source=ossindex-client&utm_medium=integration&utm_content=1.8.1
[ERROR] 
[ERROR] -> [Help 1]
[ERROR] 
[ERROR] To see the full stack trace of the errors, re-run Maven with the -e switch.
[ERROR] Re-run Maven using the -X switch to enable full debug logging.
[ERROR] 
[ERROR] For more information about the errors and possible solutions, please read the following articles:
[ERROR] [Help 1] http://cwiki.apache.org/confluence/display/MAVEN/MojoFailureException
[ERROR] [ERROR] Some problems were encountered while processing the POMs:
[ERROR] Unresolveable build extension: Plugin org.sonatype.plugins:nexus-staging-maven-plugin:1.6.7 or one of its dependencies could not be resolved: Failed to read artifact descriptor for org.sonatype.plugins:nexus-staging-maven-plugin:jar:1.6.7 @ 
[ERROR] The build could not read 1 project -> [Help 1]
[ERROR]   
[ERROR]   The project io.resourcepool:little-bob:1.1-SNAPSHOT (/shared-data/generated-flaky/projects/resourcepool-little-bob/pom.xml) has 1 error
[ERROR]     Unresolveable build extension: Plugin org.sonatype.plugins:nexus-staging-maven-plugin:1.6.7 or one of its dependencies could not be resolved: Failed to read artifact descriptor for org.sonatype.plugins:nexus-staging-maven-plugin:jar:1.6.7: Could not transfer artifact org.sonatype.plugins:nexus-staging-maven-plugin:pom:1.6.7 from/to central (https://repo.maven.apache.org/maven2): No such file or directory -> [Help 2]
[ERROR] 
[ERROR] To see the full stack trace of the errors, re-run Maven with the -e switch.
[ERROR] Re-run Maven using the -X switch to enable full debug logging.
[ERROR] 
[ERROR] For more information about the errors and possible solutions, please read the following articles:
[ERROR] [Help 1] http://cwiki.apache.org/confluence/display/MAVEN/ProjectBuildingException
[ERROR] [Help 2] http://cwiki.apache.org/confluence/display/MAVEN/PluginManagerException
[ERROR] COMPILATION ERROR : 
[ERROR] /shared-data/generated-flaky/projects/BriteSnow-jomni/src/test/java/flaky/FlakyTest.java:[3,16] error: cannot find symbol
[ERROR]  package org.junit
[ERROR]  package org.junit.runners
[ERROR]  class FixMethodOrder
[ERROR]  package org.junit
[ERROR]  package org.junit.runners
BriteSnow-jomni, BUILD FAILURE
[ERROR] Failed to execute goal org.apache.maven.plugins:maven-compiler-plugin:2.3.2:testCompile (default-testCompile) on project jomni: Compilation failure: Compilation failure: 
[ERROR] /shared-data/generated-flaky/projects/BriteSnow-jomni/src/test/java/flaky/FlakyTest.java:[3,16] error: cannot find symbol
[ERROR]  package org.junit
[ERROR] /shared-data/generated-flaky/projects/BriteSnow-jomni/src/test/java/flaky/FlakyTest.java:[7,24] error: cannot find symbol
[ERROR]  package org.junit.runners
[ERROR] /shared-data/generated-flaky/projects/BriteSnow-jomni/src/test/java/flaky/FlakyTest.java:[9,1] error: cannot find symbol
[ERROR]  class FixMethodOrder
[ERROR] /shared-data/generated-flaky/projects/BriteSnow-jomni/src/test/java/flaky/RandoopTest.java:[3,16] error: cannot find symbol
[ERROR]  package org.junit
[ERROR] /shared-data/generated-flaky/projects/BriteSnow-jomni/src/test/java/flaky/RandoopTest.java:[7,24] error: cannot find symbol
[ERROR]  package org.junit.runners
[ERROR] /shared-data/generated-flaky/projects/BriteSnow-jomni/src/test/java/flaky/RandoopTest.java:[11,1] error: cannot find symbol
[ERROR] -> [Help 1]
[ERROR] 
[ERROR] To see the full stack trace of the errors, re-run Maven with the -e switch.
[ERROR] Re-run Maven using the -X switch to enable full debug logging.
[ERROR] 
[ERROR] For more information about the errors and possible solutions, please read the following articles:
[ERROR] [Help 1] http://cwiki.apache.org/confluence/display/MAVEN/MojoFailureException
julman99-gson-fire, BUILD FAILURE
[ERROR] Failed to execute goal biz.aQute.bnd:bnd-maven-plugin:7.0.0:bnd-process (default) on project gson-fire: Execution default of goal biz.aQute.bnd:bnd-maven-plugin:7.0.0:bnd-process failed: Unable to load the mojo 'bnd-process' in the plugin 'biz.aQute.bnd:bnd-maven-plugin:7.0.0' due to an API incompatibility: org.codehaus.plexus.component.repository.exception.ComponentLookupException: aQute/bnd/maven/plugin/BndMavenPlugin has been compiled by a more recent version of the Java Runtime (class file version 61.0), this version of the Java Runtime only recognizes class file versions up to 52.0
[ERROR] -----------------------------------------------------
[ERROR] realm =    plugin>biz.aQute.bnd:bnd-maven-plugin:7.0.0
[ERROR] strategy = org.codehaus.plexus.classworlds.strategy.SelfFirstStrategy
[ERROR] urls[0] = file:/root/.m2/repository/biz/aQute/bnd/bnd-maven-plugin/7.0.0/bnd-maven-plugin-7.0.0.jar
[ERROR] urls[1] = file:/root/.m2/repository/org/apache/maven/shared/maven-mapping/3.0.0/maven-mapping-3.0.0.jar
[ERROR] urls[2] = file:/root/.m2/repository/org/sonatype/aether/aether-util/1.7/aether-util-1.7.jar
[ERROR] urls[3] = file:/root/.m2/repository/org/sonatype/sisu/sisu-inject-bean/1.4.2/sisu-inject-bean-1.4.2.jar
[ERROR] urls[4] = file:/root/.m2/repository/org/sonatype/sisu/sisu-guice/2.1.7/sisu-guice-2.1.7-noaop.jar
[ERROR] urls[5] = file:/root/.m2/repository/org/codehaus/plexus/plexus-component-annotations/1.5.5/plexus-component-annotations-1.5.5.jar
[ERROR] urls[6] = file:/root/.m2/repository/org/sonatype/plexus/plexus-sec-dispatcher/1.3/plexus-sec-dispatcher-1.3.jar
[ERROR] urls[7] = file:/root/.m2/repository/org/sonatype/plexus/plexus-cipher/1.4/plexus-cipher-1.4.jar
[ERROR] urls[8] = file:/root/.m2/repository/org/codehaus/plexus/plexus-interpolation/1.21/plexus-interpolation-1.21.jar
[ERROR] urls[9] = file:/root/.m2/repository/org/sonatype/plexus/plexus-build-api/0.0.7/plexus-build-api-0.0.7.jar
[ERROR] urls[10] = file:/root/.m2/repository/org/codehaus/plexus/plexus-utils/1.5.8/plexus-utils-1.5.8.jar
[ERROR] urls[11] = file:/root/.m2/repository/biz/aQute/bnd/biz.aQute.bnd.maven/7.0.0/biz.aQute.bnd.maven-7.0.0.jar
[ERROR] urls[12] = file:/root/.m2/repository/org/osgi/org.osgi.dto/1.0.0/org.osgi.dto-1.0.0.jar
[ERROR] urls[13] = file:/root/.m2/repository/org/osgi/org.osgi.resource/1.0.0/org.osgi.resource-1.0.0.jar
[ERROR] urls[14] = file:/root/.m2/repository/org/osgi/org.osgi.framework/1.8.0/org.osgi.framework-1.8.0.jar
[ERROR] urls[15] = file:/root/.m2/repository/org/osgi/org.osgi.service.repository/1.1.0/org.osgi.service.repository-1.1.0.jar
[ERROR] urls[16] = file:/root/.m2/repository/org/osgi/org.osgi.util.function/1.2.0/org.osgi.util.function-1.2.0.jar
[ERROR] urls[17] = file:/root/.m2/repository/org/osgi/osgi.annotation/8.0.1/osgi.annotation-8.0.1.jar
[ERROR] urls[18] = file:/root/.m2/repository/org/osgi/org.osgi.util.promise/1.2.0/org.osgi.util.promise-1.2.0.jar
[ERROR] urls[19] = file:/root/.m2/repository/biz/aQute/bnd/biz.aQute.bnd.util/7.0.0/biz.aQute.bnd.util-7.0.0.jar
[ERROR] urls[20] = file:/root/.m2/repository/biz/aQute/bnd/biz.aQute.resolve/7.0.0/biz.aQute.resolve-7.0.0.jar
[ERROR] urls[21] = file:/root/.m2/repository/org/osgi/org.osgi.service.resolver/1.1.1/org.osgi.service.resolver-1.1.1.jar
[ERROR] urls[22] = file:/root/.m2/repository/biz/aQute/bnd/biz.aQute.repository/7.0.0/biz.aQute.repository-7.0.0.jar
[ERROR] urls[23] = file:/root/.m2/repository/org/osgi/org.osgi.service.coordinator/1.0.2/org.osgi.service.coordinator-1.0.2.jar
[ERROR] urls[24] = file:/root/.m2/repository/biz/aQute/bnd/biz.aQute.bndlib/7.0.0/biz.aQute.bndlib-7.0.0.jar
[ERROR] urls[25] = file:/root/.m2/repository/org/osgi/org.osgi.util.tracker/1.5.4/org.osgi.util.tracker-1.5.4.jar
[ERROR] urls[26] = file:/root/.m2/repository/org/osgi/org.osgi.service.log/1.3.0/org.osgi.service.log-1.3.0.jar
[ERROR] Number of foreign imports: 1
[ERROR] import: Entry[import  from realm ClassRealm[project>io.gsonfire:gson-fire:1.8.5, parent: ClassRealm[maven.api, parent: null]]]
[ERROR] 
[ERROR] -----------------------------------------------------
[ERROR] 
[ERROR] -> [Help 1]
[ERROR] 
[ERROR] To see the full stack trace of the errors, re-run Maven with the -e switch.
[ERROR] Re-run Maven using the -X switch to enable full debug logging.
[ERROR] 
[ERROR] For more information about the errors and possible solutions, please read the following articles:
[ERROR] [Help 1] http://cwiki.apache.org/confluence/display/MAVEN/PluginContainerException
[ERROR] COMPILATION ERROR : 
[ERROR] /shared-data/generated-flaky/projects/TareqK-Jesse/src/test/java/flaky/FlakyTest.java:[3,17] package org.junit does not exist
[ERROR] /shared-data/generated-flaky/projects/TareqK-Jesse/src/test/java/flaky/FlakyTest.java:[5,17] package org.junit does not exist
[ERROR] /shared-data/generated-flaky/projects/TareqK-Jesse/src/test/java/flaky/FlakyTest.java:[7,25] package org.junit.runners does not exist
[ERROR] /shared-data/generated-flaky/projects/TareqK-Jesse/src/test/java/flaky/FlakyTest.java:[9,2] cannot find symbol
[ERROR] /shared-data/generated-flaky/projects/TareqK-Jesse/src/test/java/flaky/RandoopTest.java:[3,17] cannot find symbol
[ERROR] /shared-data/generated-flaky/projects/TareqK-Jesse/src/test/java/flaky/RandoopTest.java:[5,17] cannot find symbol
[ERROR] /shared-data/generated-flaky/projects/TareqK-Jesse/src/test/java/flaky/RandoopTest.java:[7,25] package org.junit.runners does not exist
[ERROR] /shared-data/generated-flaky/projects/TareqK-Jesse/src/test/java/flaky/RandoopTest.java:[11,2] cannot find symbol
[ERROR] /shared-data/generated-flaky/projects/TareqK-Jesse/src/test/java/flaky/FlakyTest.java:[14,10] cannot find symbol
[ERROR] /shared-data/generated-flaky/projects/TareqK-Jesse/src/test/java/flaky/FlakyTest.java:[50,10] cannot find symbol
[ERROR] /shared-data/generated-flaky/projects/TareqK-Jesse/src/test/java/flaky/FlakyTest.java:[88,10] cannot find symbol
[ERROR] /shared-data/generated-flaky/projects/TareqK-Jesse/src/test/java/flaky/FlakyTest.java:[123,10] cannot find symbol
[ERROR] /shared-data/generated-flaky/projects/TareqK-Jesse/src/test/java/flaky/FlakyTest.java:[140,10] cannot find symbol
[ERROR] /shared-data/generated-flaky/projects/TareqK-Jesse/src/test/java/flaky/FlakyTest.java:[176,10] cannot find symbol
[ERROR] /shared-data/generated-flaky/projects/TareqK-Jesse/src/test/java/flaky/FlakyTest.java:[193,10] cannot find symbol
[ERROR] /shared-data/generated-flaky/projects/TareqK-Jesse/src/test/java/flaky/FlakyTest.java:[214,10] cannot find symbol
[ERROR] /shared-data/generated-flaky/projects/TareqK-Jesse/src/test/java/flaky/FlakyTest.java:[235,10] cannot find symbol
[ERROR] /shared-data/generated-flaky/projects/TareqK-Jesse/src/test/java/flaky/FlakyTest.java:[257,10] cannot find symbol
[ERROR] /shared-data/generated-flaky/projects/TareqK-Jesse/src/test/java/flaky/FlakyTest.java:[298,10] cannot find symbol
[ERROR] /shared-data/generated-flaky/projects/TareqK-Jesse/src/test/java/flaky/FlakyTest.java:[316,10] cannot find symbol
[ERROR] /shared-data/generated-flaky/projects/TareqK-Jesse/src/test/java/flaky/FlakyTest.java:[333,10] cannot find symbol
[ERROR] /shared-data/generated-flaky/projects/TareqK-Jesse/src/test/java/flaky/FlakyTest.java:[379,10] cannot find symbol
[ERROR] /shared-data/generated-flaky/projects/TareqK-Jesse/src/test/java/flaky/FlakyTest.java:[424,10] cannot find symbol
[ERROR] /shared-data/generated-flaky/projects/TareqK-Jesse/src/test/java/flaky/FlakyTest.java:[469,10] cannot find symbol
[ERROR] /shared-data/generated-flaky/projects/TareqK-Jesse/src/test/java/flaky/FlakyTest.java:[514,10] cannot find symbol
[ERROR] /shared-data/generated-flaky/projects/TareqK-Jesse/src/test/java/flaky/FlakyTest.java:[534,10] cannot find symbol
[ERROR] /shared-data/generated-flaky/projects/TareqK-Jesse/src/test/java/flaky/FlakyTest.java:[554,10] cannot find symbol
[ERROR] /shared-data/generated-flaky/projects/TareqK-Jesse/src/test/java/flaky/FlakyTest.java:[574,10] cannot find symbol
[ERROR] /shared-data/generated-flaky/projects/TareqK-Jesse/src/test/java/flaky/FlakyTest.java:[594,10] cannot find symbol
[ERROR] /shared-data/generated-flaky/projects/TareqK-Jesse/src/test/java/flaky/FlakyTest.java:[638,10] cannot find symbol
[ERROR] /shared-data/generated-flaky/projects/TareqK-Jesse/src/test/java/flaky/FlakyTest.java:[666,10] cannot find symbol
[ERROR] /shared-data/generated-flaky/projects/TareqK-Jesse/src/test/java/flaky/FlakyTest.java:[694,10] cannot find symbol
[ERROR] /shared-data/generated-flaky/projects/TareqK-Jesse/src/test/java/flaky/FlakyTest.java:[712,10] cannot find symbol
[ERROR] /shared-data/generated-flaky/projects/TareqK-Jesse/src/test/java/flaky/FlakyTest.java:[733,10] cannot find symbol
[ERROR] /shared-data/generated-flaky/projects/TareqK-Jesse/src/test/java/flaky/FlakyTest.java:[754,10] cannot find symbol
[ERROR] /shared-data/generated-flaky/projects/TareqK-Jesse/src/test/java/flaky/FlakyTest.java:[772,10] cannot find symbol
[ERROR] /shared-data/generated-flaky/projects/TareqK-Jesse/src/test/java/flaky/FlakyTest.java:[792,10] cannot find symbol
[ERROR] /shared-data/generated-flaky/projects/TareqK-Jesse/src/test/java/flaky/FlakyTest.java:[812,10] cannot find symbol
[ERROR] /shared-data/generated-flaky/projects/TareqK-Jesse/src/test/java/flaky/FlakyTest.java:[829,10] cannot find symbol
[ERROR] /shared-data/generated-flaky/projects/TareqK-Jesse/src/test/java/flaky/FlakyTest.java:[846,10] cannot find symbol
[ERROR] /shared-data/generated-flaky/projects/TareqK-Jesse/src/test/java/flaky/FlakyTest.java:[891,10] cannot find symbol
[ERROR] /shared-data/generated-flaky/projects/TareqK-Jesse/src/test/java/flaky/FlakyTest.java:[927,10] cannot find symbol
[ERROR] /shared-data/generated-flaky/projects/TareqK-Jesse/src/test/java/flaky/FlakyTest.java:[948,10] cannot find symbol
[ERROR] /shared-data/generated-flaky/projects/TareqK-Jesse/src/test/java/flaky/FlakyTest.java:[969,10] cannot find symbol
[ERROR] /shared-data/generated-flaky/projects/TareqK-Jesse/src/test/java/flaky/FlakyTest.java:[998,10] cannot find symbol
[ERROR] /shared-data/generated-flaky/projects/TareqK-Jesse/src/test/java/flaky/FlakyTest.java:[1023,10] cannot find symbol
[ERROR] /shared-data/generated-flaky/projects/TareqK-Jesse/src/test/java/flaky/FlakyTest.java:[1041,10] cannot find symbol
[ERROR] /shared-data/generated-flaky/projects/TareqK-Jesse/src/test/java/flaky/FlakyTest.java:[1064,10] cannot find symbol
[ERROR] /shared-data/generated-flaky/projects/TareqK-Jesse/src/test/java/flaky/FlakyTest.java:[1087,10] cannot find symbol
[ERROR] /shared-data/generated-flaky/projects/TareqK-Jesse/src/test/java/flaky/FlakyTest.java:[1110,10] cannot find symbol
[ERROR] /shared-data/generated-flaky/projects/TareqK-Jesse/src/test/java/flaky/FlakyTest.java:[1135,10] cannot find symbol
[ERROR] /shared-data/generated-flaky/projects/TareqK-Jesse/src/test/java/flaky/FlakyTest.java:[1160,10] cannot find symbol
[ERROR] /shared-data/generated-flaky/projects/TareqK-Jesse/src/test/java/flaky/FlakyTest.java:[1215,10] cannot find symbol
[ERROR] /shared-data/generated-flaky/projects/TareqK-Jesse/src/test/java/flaky/FlakyTest.java:[1270,10] cannot find symbol
[ERROR] /shared-data/generated-flaky/projects/TareqK-Jesse/src/test/java/flaky/FlakyTest.java:[1306,10] cannot find symbol
[ERROR] /shared-data/generated-flaky/projects/TareqK-Jesse/src/test/java/flaky/FlakyTest.java:[1351,10] cannot find symbol
[ERROR] /shared-data/generated-flaky/projects/TareqK-Jesse/src/test/java/flaky/FlakyTest.java:[1374,10] cannot find symbol
[ERROR] /shared-data/generated-flaky/projects/TareqK-Jesse/src/test/java/flaky/FlakyTest.java:[1397,10] cannot find symbol
[ERROR] /shared-data/generated-flaky/projects/TareqK-Jesse/src/test/java/flaky/FlakyTest.java:[1420,10] cannot find symbol
[ERROR] /shared-data/generated-flaky/projects/TareqK-Jesse/src/test/java/flaky/FlakyTest.java:[1446,10] cannot find symbol
[ERROR] /shared-data/generated-flaky/projects/TareqK-Jesse/src/test/java/flaky/FlakyTest.java:[1475,10] cannot find symbol
[ERROR] /shared-data/generated-flaky/projects/TareqK-Jesse/src/test/java/flaky/FlakyTest.java:[1504,10] cannot find symbol
[ERROR] /shared-data/generated-flaky/projects/TareqK-Jesse/src/test/java/flaky/FlakyTest.java:[1533,10] cannot find symbol
[ERROR] /shared-data/generated-flaky/projects/TareqK-Jesse/src/test/java/flaky/FlakyTest.java:[1572,10] cannot find symbol
[ERROR] /shared-data/generated-flaky/projects/TareqK-Jesse/src/test/java/flaky/FlakyTest.java:[1611,10] cannot find symbol
[ERROR] /shared-data/generated-flaky/projects/TareqK-Jesse/src/test/java/flaky/FlakyTest.java:[1650,10] cannot find symbol
[ERROR] /shared-data/generated-flaky/projects/TareqK-Jesse/src/test/java/flaky/FlakyTest.java:[1695,10] cannot find symbol
[ERROR] /shared-data/generated-flaky/projects/TareqK-Jesse/src/test/java/flaky/FlakyTest.java:[1740,10] cannot find symbol
[ERROR] /shared-data/generated-flaky/projects/TareqK-Jesse/src/test/java/flaky/FlakyTest.java:[1789,10] cannot find symbol
[ERROR] /shared-data/generated-flaky/projects/TareqK-Jesse/src/test/java/flaky/FlakyTest.java:[1810,10] cannot find symbol
[ERROR] /shared-data/generated-flaky/projects/TareqK-Jesse/src/test/java/flaky/FlakyTest.java:[1831,10] cannot find symbol
[ERROR] /shared-data/generated-flaky/projects/TareqK-Jesse/src/test/java/flaky/FlakyTest.java:[1855,10] cannot find symbol
[ERROR] /shared-data/generated-flaky/projects/TareqK-Jesse/src/test/java/flaky/FlakyTest.java:[1879,10] cannot find symbol
[ERROR] /shared-data/generated-flaky/projects/TareqK-Jesse/src/test/java/flaky/FlakyTest.java:[1903,10] cannot find symbol
[ERROR] /shared-data/generated-flaky/projects/TareqK-Jesse/src/test/java/flaky/FlakyTest.java:[1954,10] cannot find symbol
[ERROR] /shared-data/generated-flaky/projects/TareqK-Jesse/src/test/java/flaky/FlakyTest.java:[2005,10] cannot find symbol
[ERROR] /shared-data/generated-flaky/projects/TareqK-Jesse/src/test/java/flaky/FlakyTest.java:[2017,10] cannot find symbol
[ERROR] /shared-data/generated-flaky/projects/TareqK-Jesse/src/test/java/flaky/FlakyTest.java:[2076,10] cannot find symbol
[ERROR] /shared-data/generated-flaky/projects/TareqK-Jesse/src/test/java/flaky/FlakyTest.java:[2135,10] cannot find symbol
[ERROR] /shared-data/generated-flaky/projects/TareqK-Jesse/src/test/java/flaky/FlakyTest.java:[2194,10] cannot find symbol
[ERROR] /shared-data/generated-flaky/projects/TareqK-Jesse/src/test/java/flaky/FlakyTest.java:[2253,10] cannot find symbol
[ERROR] /shared-data/generated-flaky/projects/TareqK-Jesse/src/test/java/flaky/FlakyTest.java:[2297,10] cannot find symbol
[ERROR] /shared-data/generated-flaky/projects/TareqK-Jesse/src/test/java/flaky/FlakyTest.java:[2333,10] cannot find symbol
[ERROR] /shared-data/generated-flaky/projects/TareqK-Jesse/src/test/java/flaky/FlakyTest.java:[2372,10] cannot find symbol
[ERROR] /shared-data/generated-flaky/projects/TareqK-Jesse/src/test/java/flaky/FlakyTest.java:[2413,10] cannot find symbol
[ERROR] /shared-data/generated-flaky/projects/TareqK-Jesse/src/test/java/flaky/FlakyTest.java:[2454,10] cannot find symbol
[ERROR] /shared-data/generated-flaky/projects/TareqK-Jesse/src/test/java/flaky/FlakyTest.java:[2495,10] cannot find symbol
[ERROR] /shared-data/generated-flaky/projects/TareqK-Jesse/src/test/java/flaky/FlakyTest.java:[2534,10] cannot find symbol
[ERROR] /shared-data/generated-flaky/projects/TareqK-Jesse/src/test/java/flaky/FlakyTest.java:[2577,10] cannot find symbol
[ERROR] /shared-data/generated-flaky/projects/TareqK-Jesse/src/test/java/flaky/FlakyTest.java:[2620,10] cannot find symbol
[ERROR] /shared-data/generated-flaky/projects/TareqK-Jesse/src/test/java/flaky/FlakyTest.java:[2719,10] cannot find symbol
[ERROR] /shared-data/generated-flaky/projects/TareqK-Jesse/src/test/java/flaky/FlakyTest.java:[2818,10] cannot find symbol
[ERROR] /shared-data/generated-flaky/projects/TareqK-Jesse/src/test/java/flaky/FlakyTest.java:[2841,10] cannot find symbol
[ERROR] /shared-data/generated-flaky/projects/TareqK-Jesse/src/test/java/flaky/FlakyTest.java:[2864,10] cannot find symbol
[ERROR] /shared-data/generated-flaky/projects/TareqK-Jesse/src/test/java/flaky/FlakyTest.java:[2887,10] cannot find symbol
[ERROR] /shared-data/generated-flaky/projects/TareqK-Jesse/src/test/java/flaky/FlakyTest.java:[2913,10] cannot find symbol
[ERROR] /shared-data/generated-flaky/projects/TareqK-Jesse/src/test/java/flaky/FlakyTest.java:[2939,10] cannot find symbol
[ERROR] /shared-data/generated-flaky/projects/TareqK-Jesse/src/test/java/flaky/FlakyTest.java:[2965,10] cannot find symbol
[ERROR] /shared-data/generated-flaky/projects/TareqK-Jesse/src/test/java/flaky/FlakyTest.java:[2991,10] cannot find symbol
[ERROR] /shared-data/generated-flaky/projects/TareqK-Jesse/src/test/java/flaky/FlakyTest.java:[3029,10] cannot find symbol
TareqK-Jesse, BUILD FAILURE
[ERROR] Failed to execute goal org.apache.maven.plugins:maven-compiler-plugin:3.1:testCompile (default-testCompile) on project jesse: Compilation failure: Compilation failure: 
[ERROR] /shared-data/generated-flaky/projects/TareqK-Jesse/src/test/java/flaky/FlakyTest.java:[3,17] package org.junit does not exist
[ERROR] /shared-data/generated-flaky/projects/TareqK-Jesse/src/test/java/flaky/FlakyTest.java:[5,17] package org.junit does not exist
[ERROR] /shared-data/generated-flaky/projects/TareqK-Jesse/src/test/java/flaky/FlakyTest.java:[7,25] package org.junit.runners does not exist
[ERROR] /shared-data/generated-flaky/projects/TareqK-Jesse/src/test/java/flaky/FlakyTest.java:[9,2] cannot find symbol
[ERROR]   symbol: class FixMethodOrder
[ERROR] /shared-data/generated-flaky/projects/TareqK-Jesse/src/test/java/flaky/RandoopTest.java:[3,17] cannot find symbol
[ERROR]   symbol:   class FixMethodOrder
[ERROR]   location: package org.junit
[ERROR] /shared-data/generated-flaky/projects/TareqK-Jesse/src/test/java/flaky/RandoopTest.java:[5,17] cannot find symbol
[ERROR]   symbol:   class Test
[ERROR]   location: package org.junit
[ERROR] /shared-data/generated-flaky/projects/TareqK-Jesse/src/test/java/flaky/RandoopTest.java:[7,25] package org.junit.runners does not exist
[ERROR] /shared-data/generated-flaky/projects/TareqK-Jesse/src/test/java/flaky/RandoopTest.java:[11,2] cannot find symbol
[ERROR]   symbol: class FixMethodOrder
[ERROR] /shared-data/generated-flaky/projects/TareqK-Jesse/src/test/java/flaky/FlakyTest.java:[14,10] cannot find symbol
[ERROR]   symbol:   class Test
[ERROR]   location: class flaky.FlakyTest
[ERROR] /shared-data/generated-flaky/projects/TareqK-Jesse/src/test/java/flaky/FlakyTest.java:[50,10] cannot find symbol
[ERROR]   symbol:   class Test
[ERROR]   location: class flaky.FlakyTest
[ERROR] /shared-data/generated-flaky/projects/TareqK-Jesse/src/test/java/flaky/FlakyTest.java:[88,10] cannot find symbol
[ERROR]   symbol:   class Test
[ERROR]   location: class flaky.FlakyTest
[ERROR] /shared-data/generated-flaky/projects/TareqK-Jesse/src/test/java/flaky/FlakyTest.java:[123,10] cannot find symbol
[ERROR]   symbol:   class Test
[ERROR]   location: class flaky.FlakyTest
[ERROR] /shared-data/generated-flaky/projects/TareqK-Jesse/src/test/java/flaky/FlakyTest.java:[140,10] cannot find symbol
[ERROR]   symbol:   class Test
[ERROR]   location: class flaky.FlakyTest
[ERROR] /shared-data/generated-flaky/projects/TareqK-Jesse/src/test/java/flaky/FlakyTest.java:[176,10] cannot find symbol
[ERROR]   symbol:   class Test
[ERROR]   location: class flaky.FlakyTest
[ERROR] /shared-data/generated-flaky/projects/TareqK-Jesse/src/test/java/flaky/FlakyTest.java:[193,10] cannot find symbol
[ERROR]   symbol:   class Test
[ERROR]   location: class flaky.FlakyTest
[ERROR] /shared-data/generated-flaky/projects/TareqK-Jesse/src/test/java/flaky/FlakyTest.java:[214,10] cannot find symbol
[ERROR]   symbol:   class Test
[ERROR]   location: class flaky.FlakyTest
[ERROR] /shared-data/generated-flaky/projects/TareqK-Jesse/src/test/java/flaky/FlakyTest.java:[235,10] cannot find symbol
[ERROR]   symbol:   class Test
[ERROR]   location: class flaky.FlakyTest
[ERROR] /shared-data/generated-flaky/projects/TareqK-Jesse/src/test/java/flaky/FlakyTest.java:[257,10] cannot find symbol
[ERROR]   symbol:   class Test
[ERROR]   location: class flaky.FlakyTest
[ERROR] /shared-data/generated-flaky/projects/TareqK-Jesse/src/test/java/flaky/FlakyTest.java:[298,10] cannot find symbol
[ERROR]   symbol:   class Test
[ERROR]   location: class flaky.FlakyTest
[ERROR] /shared-data/generated-flaky/projects/TareqK-Jesse/src/test/java/flaky/FlakyTest.java:[316,10] cannot find symbol
[ERROR]   symbol:   class Test
[ERROR]   location: class flaky.FlakyTest
[ERROR] /shared-data/generated-flaky/projects/TareqK-Jesse/src/test/java/flaky/FlakyTest.java:[333,10] cannot find symbol
[ERROR]   symbol:   class Test
[ERROR]   location: class flaky.FlakyTest
[ERROR] /shared-data/generated-flaky/projects/TareqK-Jesse/src/test/java/flaky/FlakyTest.java:[379,10] cannot find symbol
[ERROR]   symbol:   class Test
[ERROR]   location: class flaky.FlakyTest
[ERROR] /shared-data/generated-flaky/projects/TareqK-Jesse/src/test/java/flaky/FlakyTest.java:[424,10] cannot find symbol
[ERROR]   symbol:   class Test
[ERROR]   location: class flaky.FlakyTest
[ERROR] /shared-data/generated-flaky/projects/TareqK-Jesse/src/test/java/flaky/FlakyTest.java:[469,10] cannot find symbol
[ERROR]   symbol:   class Test
[ERROR]   location: class flaky.FlakyTest
[ERROR] /shared-data/generated-flaky/projects/TareqK-Jesse/src/test/java/flaky/FlakyTest.java:[514,10] cannot find symbol
[ERROR]   symbol:   class Test
[ERROR]   location: class flaky.FlakyTest
[ERROR] /shared-data/generated-flaky/projects/TareqK-Jesse/src/test/java/flaky/FlakyTest.java:[534,10] cannot find symbol
[ERROR]   symbol:   class Test
[ERROR]   location: class flaky.FlakyTest
[ERROR] /shared-data/generated-flaky/projects/TareqK-Jesse/src/test/java/flaky/FlakyTest.java:[554,10] cannot find symbol
[ERROR]   symbol:   class Test
[ERROR]   location: class flaky.FlakyTest
[ERROR] /shared-data/generated-flaky/projects/TareqK-Jesse/src/test/java/flaky/FlakyTest.java:[574,10] cannot find symbol
[ERROR]   symbol:   class Test
[ERROR]   location: class flaky.FlakyTest
[ERROR] /shared-data/generated-flaky/projects/TareqK-Jesse/src/test/java/flaky/FlakyTest.java:[594,10] cannot find symbol
[ERROR]   symbol:   class Test
[ERROR]   location: class flaky.FlakyTest
[ERROR] /shared-data/generated-flaky/projects/TareqK-Jesse/src/test/java/flaky/FlakyTest.java:[638,10] cannot find symbol
[ERROR]   symbol:   class Test
[ERROR]   location: class flaky.FlakyTest
[ERROR] /shared-data/generated-flaky/projects/TareqK-Jesse/src/test/java/flaky/FlakyTest.java:[666,10] cannot find symbol
[ERROR]   symbol:   class Test
[ERROR]   location: class flaky.FlakyTest
[ERROR] /shared-data/generated-flaky/projects/TareqK-Jesse/src/test/java/flaky/FlakyTest.java:[694,10] cannot find symbol
[ERROR]   symbol:   class Test
[ERROR]   location: class flaky.FlakyTest
[ERROR] /shared-data/generated-flaky/projects/TareqK-Jesse/src/test/java/flaky/FlakyTest.java:[712,10] cannot find symbol
[ERROR]   symbol:   class Test
[ERROR]   location: class flaky.FlakyTest
[ERROR] /shared-data/generated-flaky/projects/TareqK-Jesse/src/test/java/flaky/FlakyTest.java:[733,10] cannot find symbol
[ERROR]   symbol:   class Test
[ERROR]   location: class flaky.FlakyTest
[ERROR] /shared-data/generated-flaky/projects/TareqK-Jesse/src/test/java/flaky/FlakyTest.java:[754,10] cannot find symbol
[ERROR]   symbol:   class Test
[ERROR]   location: class flaky.FlakyTest
[ERROR] /shared-data/generated-flaky/projects/TareqK-Jesse/src/test/java/flaky/FlakyTest.java:[772,10] cannot find symbol
[ERROR]   symbol:   class Test
[ERROR]   location: class flaky.FlakyTest
[ERROR] /shared-data/generated-flaky/projects/TareqK-Jesse/src/test/java/flaky/FlakyTest.java:[792,10] cannot find symbol
[ERROR]   symbol:   class Test
[ERROR]   location: class flaky.FlakyTest
[ERROR] /shared-data/generated-flaky/projects/TareqK-Jesse/src/test/java/flaky/FlakyTest.java:[812,10] cannot find symbol
[ERROR]   symbol:   class Test
[ERROR]   location: class flaky.FlakyTest
[ERROR] /shared-data/generated-flaky/projects/TareqK-Jesse/src/test/java/flaky/FlakyTest.java:[829,10] cannot find symbol
[ERROR]   symbol:   class Test
[ERROR]   location: class flaky.FlakyTest
[ERROR] /shared-data/generated-flaky/projects/TareqK-Jesse/src/test/java/flaky/FlakyTest.java:[846,10] cannot find symbol
[ERROR]   symbol:   class Test
[ERROR]   location: class flaky.FlakyTest
[ERROR] /shared-data/generated-flaky/projects/TareqK-Jesse/src/test/java/flaky/FlakyTest.java:[891,10] cannot find symbol
[ERROR]   symbol:   class Test
[ERROR]   location: class flaky.FlakyTest
[ERROR] /shared-data/generated-flaky/projects/TareqK-Jesse/src/test/java/flaky/FlakyTest.java:[927,10] cannot find symbol
[ERROR]   symbol:   class Test
[ERROR]   location: class flaky.FlakyTest
[ERROR] /shared-data/generated-flaky/projects/TareqK-Jesse/src/test/java/flaky/FlakyTest.java:[948,10] cannot find symbol
[ERROR]   symbol:   class Test
[ERROR]   location: class flaky.FlakyTest
[ERROR] /shared-data/generated-flaky/projects/TareqK-Jesse/src/test/java/flaky/FlakyTest.java:[969,10] cannot find symbol
[ERROR]   symbol:   class Test
[ERROR]   location: class flaky.FlakyTest
[ERROR] /shared-data/generated-flaky/projects/TareqK-Jesse/src/test/java/flaky/FlakyTest.java:[998,10] cannot find symbol
[ERROR]   symbol:   class Test
[ERROR]   location: class flaky.FlakyTest
[ERROR] /shared-data/generated-flaky/projects/TareqK-Jesse/src/test/java/flaky/FlakyTest.java:[1023,10] cannot find symbol
[ERROR]   symbol:   class Test
[ERROR]   location: class flaky.FlakyTest
[ERROR] /shared-data/generated-flaky/projects/TareqK-Jesse/src/test/java/flaky/FlakyTest.java:[1041,10] cannot find symbol
[ERROR]   symbol:   class Test
[ERROR]   location: class flaky.FlakyTest
[ERROR] /shared-data/generated-flaky/projects/TareqK-Jesse/src/test/java/flaky/FlakyTest.java:[1064,10] cannot find symbol
[ERROR]   symbol:   class Test
[ERROR]   location: class flaky.FlakyTest
[ERROR] /shared-data/generated-flaky/projects/TareqK-Jesse/src/test/java/flaky/FlakyTest.java:[1087,10] cannot find symbol
[ERROR]   symbol:   class Test
[ERROR]   location: class flaky.FlakyTest
[ERROR] /shared-data/generated-flaky/projects/TareqK-Jesse/src/test/java/flaky/FlakyTest.java:[1110,10] cannot find symbol
[ERROR]   symbol:   class Test
[ERROR]   location: class flaky.FlakyTest
[ERROR] /shared-data/generated-flaky/projects/TareqK-Jesse/src/test/java/flaky/FlakyTest.java:[1135,10] cannot find symbol
[ERROR]   symbol:   class Test
[ERROR]   location: class flaky.FlakyTest
[ERROR] /shared-data/generated-flaky/projects/TareqK-Jesse/src/test/java/flaky/FlakyTest.java:[1160,10] cannot find symbol
[ERROR]   symbol:   class Test
[ERROR]   location: class flaky.FlakyTest
[ERROR] /shared-data/generated-flaky/projects/TareqK-Jesse/src/test/java/flaky/FlakyTest.java:[1215,10] cannot find symbol
[ERROR]   symbol:   class Test
[ERROR]   location: class flaky.FlakyTest
[ERROR] /shared-data/generated-flaky/projects/TareqK-Jesse/src/test/java/flaky/FlakyTest.java:[1270,10] cannot find symbol
[ERROR]   symbol:   class Test
[ERROR]   location: class flaky.FlakyTest
[ERROR] /shared-data/generated-flaky/projects/TareqK-Jesse/src/test/java/flaky/FlakyTest.java:[1306,10] cannot find symbol
[ERROR]   symbol:   class Test
[ERROR]   location: class flaky.FlakyTest
[ERROR] /shared-data/generated-flaky/projects/TareqK-Jesse/src/test/java/flaky/FlakyTest.java:[1351,10] cannot find symbol
[ERROR]   symbol:   class Test
[ERROR]   location: class flaky.FlakyTest
[ERROR] /shared-data/generated-flaky/projects/TareqK-Jesse/src/test/java/flaky/FlakyTest.java:[1374,10] cannot find symbol
[ERROR]   symbol:   class Test
[ERROR]   location: class flaky.FlakyTest
[ERROR] /shared-data/generated-flaky/projects/TareqK-Jesse/src/test/java/flaky/FlakyTest.java:[1397,10] cannot find symbol
[ERROR]   symbol:   class Test
[ERROR]   location: class flaky.FlakyTest
[ERROR] /shared-data/generated-flaky/projects/TareqK-Jesse/src/test/java/flaky/FlakyTest.java:[1420,10] cannot find symbol
[ERROR]   symbol:   class Test
[ERROR]   location: class flaky.FlakyTest
[ERROR] /shared-data/generated-flaky/projects/TareqK-Jesse/src/test/java/flaky/FlakyTest.java:[1446,10] cannot find symbol
[ERROR]   symbol:   class Test
[ERROR]   location: class flaky.FlakyTest
[ERROR] /shared-data/generated-flaky/projects/TareqK-Jesse/src/test/java/flaky/FlakyTest.java:[1475,10] cannot find symbol
[ERROR]   symbol:   class Test
[ERROR]   location: class flaky.FlakyTest
[ERROR] /shared-data/generated-flaky/projects/TareqK-Jesse/src/test/java/flaky/FlakyTest.java:[1504,10] cannot find symbol
[ERROR]   symbol:   class Test
[ERROR]   location: class flaky.FlakyTest
[ERROR] /shared-data/generated-flaky/projects/TareqK-Jesse/src/test/java/flaky/FlakyTest.java:[1533,10] cannot find symbol
[ERROR]   symbol:   class Test
[ERROR]   location: class flaky.FlakyTest
[ERROR] /shared-data/generated-flaky/projects/TareqK-Jesse/src/test/java/flaky/FlakyTest.java:[1572,10] cannot find symbol
[ERROR]   symbol:   class Test
[ERROR]   location: class flaky.FlakyTest
[ERROR] /shared-data/generated-flaky/projects/TareqK-Jesse/src/test/java/flaky/FlakyTest.java:[1611,10] cannot find symbol
[ERROR]   symbol:   class Test
[ERROR]   location: class flaky.FlakyTest
[ERROR] /shared-data/generated-flaky/projects/TareqK-Jesse/src/test/java/flaky/FlakyTest.java:[1650,10] cannot find symbol
[ERROR]   symbol:   class Test
[ERROR]   location: class flaky.FlakyTest
[ERROR] /shared-data/generated-flaky/projects/TareqK-Jesse/src/test/java/flaky/FlakyTest.java:[1695,10] cannot find symbol
[ERROR]   symbol:   class Test
[ERROR]   location: class flaky.FlakyTest
[ERROR] /shared-data/generated-flaky/projects/TareqK-Jesse/src/test/java/flaky/FlakyTest.java:[1740,10] cannot find symbol
[ERROR]   symbol:   class Test
[ERROR]   location: class flaky.FlakyTest
[ERROR] /shared-data/generated-flaky/projects/TareqK-Jesse/src/test/java/flaky/FlakyTest.java:[1789,10] cannot find symbol
[ERROR]   symbol:   class Test
[ERROR]   location: class flaky.FlakyTest
[ERROR] /shared-data/generated-flaky/projects/TareqK-Jesse/src/test/java/flaky/FlakyTest.java:[1810,10] cannot find symbol
[ERROR]   symbol:   class Test
[ERROR]   location: class flaky.FlakyTest
[ERROR] /shared-data/generated-flaky/projects/TareqK-Jesse/src/test/java/flaky/FlakyTest.java:[1831,10] cannot find symbol
[ERROR]   symbol:   class Test
[ERROR]   location: class flaky.FlakyTest
[ERROR] /shared-data/generated-flaky/projects/TareqK-Jesse/src/test/java/flaky/FlakyTest.java:[1855,10] cannot find symbol
[ERROR]   symbol:   class Test
[ERROR]   location: class flaky.FlakyTest
[ERROR] /shared-data/generated-flaky/projects/TareqK-Jesse/src/test/java/flaky/FlakyTest.java:[1879,10] cannot find symbol
[ERROR]   symbol:   class Test
[ERROR]   location: class flaky.FlakyTest
[ERROR] /shared-data/generated-flaky/projects/TareqK-Jesse/src/test/java/flaky/FlakyTest.java:[1903,10] cannot find symbol
[ERROR]   symbol:   class Test
[ERROR]   location: class flaky.FlakyTest
[ERROR] /shared-data/generated-flaky/projects/TareqK-Jesse/src/test/java/flaky/FlakyTest.java:[1954,10] cannot find symbol
[ERROR]   symbol:   class Test
[ERROR]   location: class flaky.FlakyTest
[ERROR] /shared-data/generated-flaky/projects/TareqK-Jesse/src/test/java/flaky/FlakyTest.java:[2005,10] cannot find symbol
[ERROR]   symbol:   class Test
[ERROR]   location: class flaky.FlakyTest
[ERROR] /shared-data/generated-flaky/projects/TareqK-Jesse/src/test/java/flaky/FlakyTest.java:[2017,10] cannot find symbol
[ERROR]   symbol:   class Test
[ERROR]   location: class flaky.FlakyTest
[ERROR] /shared-data/generated-flaky/projects/TareqK-Jesse/src/test/java/flaky/FlakyTest.java:[2076,10] cannot find symbol
[ERROR]   symbol:   class Test
[ERROR]   location: class flaky.FlakyTest
[ERROR] /shared-data/generated-flaky/projects/TareqK-Jesse/src/test/java/flaky/FlakyTest.java:[2135,10] cannot find symbol
[ERROR]   symbol:   class Test
[ERROR]   location: class flaky.FlakyTest
[ERROR] /shared-data/generated-flaky/projects/TareqK-Jesse/src/test/java/flaky/FlakyTest.java:[2194,10] cannot find symbol
[ERROR]   symbol:   class Test
[ERROR]   location: class flaky.FlakyTest
[ERROR] /shared-data/generated-flaky/projects/TareqK-Jesse/src/test/java/flaky/FlakyTest.java:[2253,10] cannot find symbol
[ERROR]   symbol:   class Test
[ERROR]   location: class flaky.FlakyTest
[ERROR] /shared-data/generated-flaky/projects/TareqK-Jesse/src/test/java/flaky/FlakyTest.java:[2297,10] cannot find symbol
[ERROR]   symbol:   class Test
[ERROR]   location: class flaky.FlakyTest
[ERROR] /shared-data/generated-flaky/projects/TareqK-Jesse/src/test/java/flaky/FlakyTest.java:[2333,10] cannot find symbol
[ERROR]   symbol:   class Test
[ERROR]   location: class flaky.FlakyTest
[ERROR] /shared-data/generated-flaky/projects/TareqK-Jesse/src/test/java/flaky/FlakyTest.java:[2372,10] cannot find symbol
[ERROR]   symbol:   class Test
[ERROR]   location: class flaky.FlakyTest
[ERROR] /shared-data/generated-flaky/projects/TareqK-Jesse/src/test/java/flaky/FlakyTest.java:[2413,10] cannot find symbol
[ERROR]   symbol:   class Test
[ERROR]   location: class flaky.FlakyTest
[ERROR] /shared-data/generated-flaky/projects/TareqK-Jesse/src/test/java/flaky/FlakyTest.java:[2454,10] cannot find symbol
[ERROR]   symbol:   class Test
[ERROR]   location: class flaky.FlakyTest
[ERROR] /shared-data/generated-flaky/projects/TareqK-Jesse/src/test/java/flaky/FlakyTest.java:[2495,10] cannot find symbol
[ERROR]   symbol:   class Test
[ERROR]   location: class flaky.FlakyTest
[ERROR] /shared-data/generated-flaky/projects/TareqK-Jesse/src/test/java/flaky/FlakyTest.java:[2534,10] cannot find symbol
[ERROR]   symbol:   class Test
[ERROR]   location: class flaky.FlakyTest
[ERROR] /shared-data/generated-flaky/projects/TareqK-Jesse/src/test/java/flaky/FlakyTest.java:[2577,10] cannot find symbol
[ERROR]   symbol:   class Test
[ERROR]   location: class flaky.FlakyTest
[ERROR] /shared-data/generated-flaky/projects/TareqK-Jesse/src/test/java/flaky/FlakyTest.java:[2620,10] cannot find symbol
[ERROR]   symbol:   class Test
[ERROR]   location: class flaky.FlakyTest
[ERROR] /shared-data/generated-flaky/projects/TareqK-Jesse/src/test/java/flaky/FlakyTest.java:[2719,10] cannot find symbol
[ERROR]   symbol:   class Test
[ERROR]   location: class flaky.FlakyTest
[ERROR] /shared-data/generated-flaky/projects/TareqK-Jesse/src/test/java/flaky/FlakyTest.java:[2818,10] cannot find symbol
[ERROR]   symbol:   class Test
[ERROR]   location: class flaky.FlakyTest
[ERROR] /shared-data/generated-flaky/projects/TareqK-Jesse/src/test/java/flaky/FlakyTest.java:[2841,10] cannot find symbol
[ERROR]   symbol:   class Test
[ERROR]   location: class flaky.FlakyTest
[ERROR] /shared-data/generated-flaky/projects/TareqK-Jesse/src/test/java/flaky/FlakyTest.java:[2864,10] cannot find symbol
[ERROR]   symbol:   class Test
[ERROR]   location: class flaky.FlakyTest
[ERROR] /shared-data/generated-flaky/projects/TareqK-Jesse/src/test/java/flaky/FlakyTest.java:[2887,10] cannot find symbol
[ERROR]   symbol:   class Test
[ERROR]   location: class flaky.FlakyTest
[ERROR] /shared-data/generated-flaky/projects/TareqK-Jesse/src/test/java/flaky/FlakyTest.java:[2913,10] cannot find symbol
[ERROR]   symbol:   class Test
[ERROR]   location: class flaky.FlakyTest
[ERROR] /shared-data/generated-flaky/projects/TareqK-Jesse/src/test/java/flaky/FlakyTest.java:[2939,10] cannot find symbol
[ERROR]   symbol:   class Test
[ERROR]   location: class flaky.FlakyTest
[ERROR] /shared-data/generated-flaky/projects/TareqK-Jesse/src/test/java/flaky/FlakyTest.java:[2965,10] cannot find symbol
[ERROR]   symbol:   class Test
[ERROR]   location: class flaky.FlakyTest
[ERROR] /shared-data/generated-flaky/projects/TareqK-Jesse/src/test/java/flaky/FlakyTest.java:[2991,10] cannot find symbol
[ERROR]   symbol:   class Test
[ERROR]   location: class flaky.FlakyTest
[ERROR] /shared-data/generated-flaky/projects/TareqK-Jesse/src/test/java/flaky/FlakyTest.java:[3029,10] cannot find symbol
[ERROR]   symbol:   class Test
[ERROR]   location: class flaky.FlakyTest
[ERROR] -> [Help 1]
[ERROR] 
[ERROR] To see the full stack trace of the errors, re-run Maven with the -e switch.
[ERROR] Re-run Maven using the -X switch to enable full debug logging.
[ERROR] 
[ERROR] For more information about the errors and possible solutions, please read the following articles:
[ERROR] [Help 1] http://cwiki.apache.org/confluence/display/MAVEN/MojoFailureException
[ERROR] COMPILATION ERROR : 
[ERROR] /shared-data/generated-flaky/projects/RestExpress-Syntaxe/src/java/com/strategicgains/syntaxe/annotation/RegexValidation.java:[26,26] cannot find symbol
[ERROR] /shared-data/generated-flaky/projects/RestExpress-Syntaxe/src/java/com/strategicgains/syntaxe/annotation/RegexValidation.java:[26,40] cannot find symbol
[ERROR] /shared-data/generated-flaky/projects/RestExpress-Syntaxe/src/java/com/strategicgains/syntaxe/validator/impl/StringValidator.java:[105,60] cannot find symbol
RestExpress-Syntaxe, BUILD FAILURE
[ERROR] Failed to execute goal org.apache.maven.plugins:maven-compiler-plugin:3.8.1:compile (default-compile) on project Syntaxe: Compilation failure: Compilation failure: 
[ERROR] /shared-data/generated-flaky/projects/RestExpress-Syntaxe/src/java/com/strategicgains/syntaxe/annotation/RegexValidation.java:[26,26] cannot find symbol
[ERROR]   symbol:   method forRemoval()
[ERROR]   location: @interface java.lang.Deprecated
[ERROR] /shared-data/generated-flaky/projects/RestExpress-Syntaxe/src/java/com/strategicgains/syntaxe/annotation/RegexValidation.java:[26,40] cannot find symbol
[ERROR]   symbol:   method since()
[ERROR]   location: @interface java.lang.Deprecated
[ERROR] /shared-data/generated-flaky/projects/RestExpress-Syntaxe/src/java/com/strategicgains/syntaxe/validator/impl/StringValidator.java:[105,60] cannot find symbol
[ERROR]   symbol:   method isBlank()
[ERROR]   location: class java.lang.String
[ERROR] -> [Help 1]
[ERROR] 
[ERROR] To see the full stack trace of the errors, re-run Maven with the -e switch.
[ERROR] Re-run Maven using the -X switch to enable full debug logging.
[ERROR] 
[ERROR] For more information about the errors and possible solutions, please read the following articles:
[ERROR] [Help 1] http://cwiki.apache.org/confluence/display/MAVEN/MojoFailureException
seasarorg-mayaa, BUILD FAILURE
[ERROR] Failed to execute goal org.apache.maven.plugins:maven-gpg-plugin:1.5:sign (sign-artifacts) on project mayaa: Exit code: 2 -> [Help 1]
[ERROR] 
[ERROR] To see the full stack trace of the errors, re-run Maven with the -e switch.
[ERROR] Re-run Maven using the -X switch to enable full debug logging.
[ERROR] 
[ERROR] For more information about the errors and possible solutions, please read the following articles:
[ERROR] [Help 1] http://cwiki.apache.org/confluence/display/MAVEN/MojoExecutionException
[ERROR] We have duplicated artifacts attached.
819548945-tool-encryptionAndDecryption-core, BUILD FAILURE
[ERROR] Failed to execute goal org.apache.maven.plugins:maven-source-plugin:3.3.1:jar-no-fork (snapshot) on project tool.encryptionAndDecryption.core: Presumably you have configured maven-source-plugin to execute twice in your build. You have to configure a classifier for at least one of them. -> [Help 1]
[ERROR] 
[ERROR] To see the full stack trace of the errors, re-run Maven with the -e switch.
[ERROR] Re-run Maven using the -X switch to enable full debug logging.
[ERROR] 
[ERROR] For more information about the errors and possible solutions, please read the following articles:
[ERROR] [Help 1] http://cwiki.apache.org/confluence/display/MAVEN/MojoExecutionException
MidCoard-MiraiQQ, BUILD FAILURE
[ERROR] Failed to execute goal org.apache.maven.plugins:maven-compiler-plugin:3.1:compile (default-compile) on project focess-qq: Fatal error compiling: invalid target release: 10 -> [Help 1]
[ERROR] 
[ERROR] To see the full stack trace of the errors, re-run Maven with the -e switch.
[ERROR] Re-run Maven using the -X switch to enable full debug logging.
[ERROR] 
[ERROR] For more information about the errors and possible solutions, please read the following articles:
[ERROR] [Help 1] http://cwiki.apache.org/confluence/display/MAVEN/MojoExecutionException
[ERROR] COMPILATION ERROR : 
[ERROR] /shared-data/generated-flaky/projects/bennidi-lab/src/test/java/flaky/FlakyTest.java:[3,17] cannot find symbol
[ERROR] /shared-data/generated-flaky/projects/bennidi-lab/src/test/java/flaky/FlakyTest.java:[7,25] cannot find symbol
[ERROR] /shared-data/generated-flaky/projects/bennidi-lab/src/test/java/flaky/FlakyTest.java:[9,2] cannot find symbol
[ERROR] /shared-data/generated-flaky/projects/bennidi-lab/src/test/java/flaky/RandoopTest.java:[3,17] cannot find symbol
[ERROR] /shared-data/generated-flaky/projects/bennidi-lab/src/test/java/flaky/RandoopTest.java:[7,25] cannot find symbol
[ERROR] /shared-data/generated-flaky/projects/bennidi-lab/src/test/java/flaky/RandoopTest.java:[11,2] cannot find symbol
bennidi-lab, BUILD FAILURE
[ERROR] Failed to execute goal org.apache.maven.plugins:maven-compiler-plugin:3.1:testCompile (default-testCompile) on project lab: Compilation failure: Compilation failure: 
[ERROR] /shared-data/generated-flaky/projects/bennidi-lab/src/test/java/flaky/FlakyTest.java:[3,17] cannot find symbol
[ERROR]   symbol:   class FixMethodOrder
[ERROR]   location: package org.junit
[ERROR] /shared-data/generated-flaky/projects/bennidi-lab/src/test/java/flaky/FlakyTest.java:[7,25] cannot find symbol
[ERROR]   symbol:   class MethodSorters
[ERROR]   location: package org.junit.runners
[ERROR] /shared-data/generated-flaky/projects/bennidi-lab/src/test/java/flaky/FlakyTest.java:[9,2] cannot find symbol
[ERROR]   symbol: class FixMethodOrder
[ERROR] /shared-data/generated-flaky/projects/bennidi-lab/src/test/java/flaky/RandoopTest.java:[3,17] cannot find symbol
[ERROR]   symbol:   class FixMethodOrder
[ERROR]   location: package org.junit
[ERROR] /shared-data/generated-flaky/projects/bennidi-lab/src/test/java/flaky/RandoopTest.java:[7,25] cannot find symbol
[ERROR]   symbol:   class MethodSorters
[ERROR]   location: package org.junit.runners
[ERROR] /shared-data/generated-flaky/projects/bennidi-lab/src/test/java/flaky/RandoopTest.java:[11,2] cannot find symbol
[ERROR]   symbol: class FixMethodOrder
[ERROR] -> [Help 1]
[ERROR] 
[ERROR] To see the full stack trace of the errors, re-run Maven with the -e switch.
[ERROR] Re-run Maven using the -X switch to enable full debug logging.
[ERROR] 
[ERROR] For more information about the errors and possible solutions, please read the following articles:
[ERROR] [Help 1] http://cwiki.apache.org/confluence/display/MAVEN/MojoFailureException
vlingo-vlingo-lattice, BUILD FAILURE
[ERROR] Failed to execute goal on project xoom-lattice: Could not resolve dependencies for project io.vlingo.xoom:xoom-lattice:jar:1.11.1-SNAPSHOT: The following artifacts could not be resolved: io.vlingo.xoom:xoom-common:jar:1.11.1-SNAPSHOT, io.vlingo.xoom:xoom-actors:jar:1.11.1-SNAPSHOT, io.vlingo.xoom:xoom-streams:jar:1.11.1-SNAPSHOT, io.vlingo.xoom:xoom-cluster:jar:1.11.1-SNAPSHOT, io.vlingo.xoom:xoom-symbio:jar:1.11.1-SNAPSHOT: Could not find artifact io.vlingo.xoom:xoom-common:jar:1.11.1-SNAPSHOT in ossrh-snapshots (https://oss.sonatype.org/content/repositories/snapshots/) -> [Help 1]
[ERROR] 
[ERROR] To see the full stack trace of the errors, re-run Maven with the -e switch.
[ERROR] Re-run Maven using the -X switch to enable full debug logging.
[ERROR] 
[ERROR] For more information about the errors and possible solutions, please read the following articles:
[ERROR] [Help 1] http://cwiki.apache.org/confluence/display/MAVEN/DependencyResolutionException
[ERROR] [ERROR] Some problems were encountered while processing the POMs:
[ERROR] Unresolveable build extension: Plugin org.sonatype.plugins:nexus-staging-maven-plugin:1.6.7 or one of its dependencies could not be resolved: Failed to collect dependencies at org.sonatype.plugins:nexus-staging-maven-plugin:jar:1.6.7 -> org.sonatype.nexus:nexus-client-core:jar:2.9.1-02 -> commons-io:commons-io:jar:2.4 @ 
[ERROR] The build could not read 1 project -> [Help 1]
[ERROR]   
[ERROR]   The project io.github.maroodb:simple-event:1.0.2-SNAPSHOT (/shared-data/generated-flaky/projects/maroodb-simple-event/pom.xml) has 1 error
[ERROR]     Unresolveable build extension: Plugin org.sonatype.plugins:nexus-staging-maven-plugin:1.6.7 or one of its dependencies could not be resolved: Failed to collect dependencies at org.sonatype.plugins:nexus-staging-maven-plugin:jar:1.6.7 -> org.sonatype.nexus:nexus-client-core:jar:2.9.1-02 -> commons-io:commons-io:jar:2.4: Failed to read artifact descriptor for commons-io:commons-io:jar:2.4: Could not transfer artifact commons-io:commons-io:pom:2.4 from/to central (https://repo.maven.apache.org/maven2): /root/.m2/repository/commons-io/commons-io/2.4/commons-io-2.4.pom.part (No such file or directory) -> [Help 2]
[ERROR] 
[ERROR] To see the full stack trace of the errors, re-run Maven with the -e switch.
[ERROR] Re-run Maven using the -X switch to enable full debug logging.
[ERROR] 
[ERROR] For more information about the errors and possible solutions, please read the following articles:
[ERROR] [Help 1] http://cwiki.apache.org/confluence/display/MAVEN/ProjectBuildingException
[ERROR] [Help 2] http://cwiki.apache.org/confluence/display/MAVEN/PluginManagerException
showcodes-cn-promise, BUILD FAILURE
[ERROR] Plugin org.apache.maven.plugins:maven-resources-plugin:2.6 or one of its dependencies could not be resolved: Could not transfer artifact org.apache.maven.plugins:maven-resources-plugin:jar:2.6 from/to central (https://repo.maven.apache.org/maven2): GET request of: org/apache/maven/plugins/maven-resources-plugin/2.6/maven-resources-plugin-2.6.jar from central failed: /root/.m2/repository/org/apache/maven/plugins/maven-resources-plugin/2.6/maven-resources-plugin-2.6.jar.part (No such file or directory) -> [Help 1]
[ERROR] 
[ERROR] To see the full stack trace of the errors, re-run Maven with the -e switch.
[ERROR] Re-run Maven using the -X switch to enable full debug logging.
[ERROR] 
[ERROR] For more information about the errors and possible solutions, please read the following articles:
[ERROR] [Help 1] http://cwiki.apache.org/confluence/display/MAVEN/PluginResolutionException
lecogiteur-csvbang, BUILD FAILURE
[ERROR] Failed to execute goal org.apache.maven.plugins:maven-resources-plugin:2.6:resources (default-resources) on project csvbang: Execution default-resources of goal org.apache.maven.plugins:maven-resources-plugin:2.6:resources failed: Plugin org.apache.maven.plugins:maven-resources-plugin:2.6 or one of its dependencies could not be resolved: Failed to collect dependencies at org.apache.maven.plugins:maven-resources-plugin:jar:2.6 -> org.apache.maven:maven-project:jar:2.0.6 -> org.apache.maven:maven-settings:jar:2.0.6 -> org.codehaus.plexus:plexus-container-default:jar:1.0-alpha-9-stable-1: Failed to read artifact descriptor for org.codehaus.plexus:plexus-container-default:jar:1.0-alpha-9-stable-1: Could not transfer artifact org.codehaus.plexus:plexus-container-default:pom:1.0-alpha-9-stable-1 from/to central (https://repo.maven.apache.org/maven2): /root/.m2/repository/org/codehaus/plexus/plexus-container-default/1.0-alpha-9-stable-1/plexus-container-default-1.0-alpha-9-stable-1.pom.part (No such file or directory) -> [Help 1]
[ERROR] 
[ERROR] To see the full stack trace of the errors, re-run Maven with the -e switch.
[ERROR] Re-run Maven using the -X switch to enable full debug logging.
[ERROR] 
[ERROR] For more information about the errors and possible solutions, please read the following articles:
[ERROR] [Help 1] http://cwiki.apache.org/confluence/display/MAVEN/PluginResolutionException
[ERROR] [ERROR] Some problems were encountered while processing the POMs:
[ERROR] Unresolveable build extension: Plugin org.sonatype.plugins:nexus-staging-maven-plugin:1.6.7 or one of its dependencies could not be resolved: Failed to collect dependencies at org.sonatype.plugins:nexus-staging-maven-plugin:jar:1.6.7 -> org.sonatype.spice.zapper:spice-zapper:jar:1.3 -> org.slf4j:slf4j-api:jar:1.7.7 @ 
[ERROR] The build could not read 1 project -> [Help 1]
[ERROR]   
[ERROR]   The project com.irurueta:irurueta-navigation-indoor:1.1.0 (/shared-data/generated-flaky/projects/albertoirurueta-irurueta-navigation-indoor/pom.xml) has 1 error
[ERROR]     Unresolveable build extension: Plugin org.sonatype.plugins:nexus-staging-maven-plugin:1.6.7 or one of its dependencies could not be resolved: Failed to collect dependencies at org.sonatype.plugins:nexus-staging-maven-plugin:jar:1.6.7 -> org.sonatype.spice.zapper:spice-zapper:jar:1.3 -> org.slf4j:slf4j-api:jar:1.7.7: Failed to read artifact descriptor for org.slf4j:slf4j-api:jar:1.7.7: Could not transfer artifact org.slf4j:slf4j-api:pom:1.7.7 from/to central (https://repo.maven.apache.org/maven2): /root/.m2/repository/org/slf4j/slf4j-api/1.7.7/slf4j-api-1.7.7.pom.part (No such file or directory) -> [Help 2]
[ERROR] 
[ERROR] To see the full stack trace of the errors, re-run Maven with the -e switch.
[ERROR] Re-run Maven using the -X switch to enable full debug logging.
[ERROR] 
[ERROR] For more information about the errors and possible solutions, please read the following articles:
[ERROR] [Help 1] http://cwiki.apache.org/confluence/display/MAVEN/ProjectBuildingException
[ERROR] [Help 2] http://cwiki.apache.org/confluence/display/MAVEN/PluginManagerException
fmcarvalho-HtmlFlow, BUILD FAILURE
[ERROR] Failed to execute goal on project htmlflow: Could not resolve dependencies for project com.github.xmlet:htmlflow:jar:3.10-SNAPSHOT: Failed to collect dependencies at com.github.xmlet:htmlApiFaster:jar:1.0.9 -> com.github.xmlet:xsdAsmFaster:jar:1.0.8 -> com.github.xmlet:xsdParser:jar:1.0.13: Failed to read artifact descriptor for com.github.xmlet:xsdParser:jar:1.0.13: Could not transfer artifact com.github.xmlet:xsdParser:pom:1.0.13 from/to central (https://repo.maven.apache.org/maven2): /root/.m2/repository/com/github/xmlet/xsdParser/1.0.13/xsdParser-1.0.13.pom.part (No such file or directory) -> [Help 1]
[ERROR] 
[ERROR] To see the full stack trace of the errors, re-run Maven with the -e switch.
[ERROR] Re-run Maven using the -X switch to enable full debug logging.
[ERROR] 
[ERROR] For more information about the errors and possible solutions, please read the following articles:
[ERROR] [Help 1] http://cwiki.apache.org/confluence/display/MAVEN/DependencyResolutionException
OpenHFT-JLBH, BUILD FAILURE
[ERROR] Failed to execute goal on project jlbh: Could not resolve dependencies for project net.openhft:jlbh:jar:1.23ea1-SNAPSHOT: Failed to collect dependencies at net.openhft:affinity:jar:3.23ea1: Failed to read artifact descriptor for net.openhft:affinity:jar:3.23ea1: Could not find artifact net.openhft:third-party-bom:pom:3.22.4-SNAPSHOT in sonatype-nexus-staging (https://oss.sonatype.org/content/repositories/staging) -> [Help 1]
[ERROR] 
[ERROR] To see the full stack trace of the errors, re-run Maven with the -e switch.
[ERROR] Re-run Maven using the -X switch to enable full debug logging.
[ERROR] 
[ERROR] For more information about the errors and possible solutions, please read the following articles:
[ERROR] [Help 1] http://cwiki.apache.org/confluence/display/MAVEN/DependencyResolutionException
j256-simplejmx, BUILD FAILURE
[ERROR] Failed to execute goal org.apache.maven.plugins:maven-gpg-plugin:1.6:sign (sign-artifacts) on project simplejmx: Exit code: 2 -> [Help 1]
[ERROR] 
[ERROR] To see the full stack trace of the errors, re-run Maven with the -e switch.
[ERROR] Re-run Maven using the -X switch to enable full debug logging.
[ERROR] 
[ERROR] For more information about the errors and possible solutions, please read the following articles:
[ERROR] [Help 1] http://cwiki.apache.org/confluence/display/MAVEN/MojoExecutionException
braully-bopepo, BUILD FAILURE
[ERROR] Failed to execute goal org.apache.maven.plugins:maven-compiler-plugin:3.1:compile (default-compile) on project bpp-cobranca: Fatal error compiling: invalid target release: 11 -> [Help 1]
[ERROR] 
[ERROR] To see the full stack trace of the errors, re-run Maven with the -e switch.
[ERROR] Re-run Maven using the -X switch to enable full debug logging.
[ERROR] 
[ERROR] For more information about the errors and possible solutions, please read the following articles:
[ERROR] [Help 1] http://cwiki.apache.org/confluence/display/MAVEN/MojoExecutionException
[ERROR] COMPILATION ERROR : 
[ERROR] /shared-data/generated-flaky/projects/testinfected-time/src/test/java/flaky/FlakyTest.java:[3,16] error: cannot find symbol
[ERROR]  package org.junit
[ERROR]  package org.junit.runners
[ERROR]  class FixMethodOrder
[ERROR]  package org.junit
[ERROR]  package org.junit.runners
testinfected-time, BUILD FAILURE
[ERROR] Failed to execute goal org.apache.maven.plugins:maven-compiler-plugin:2.3.2:testCompile (default-testCompile) on project time: Compilation failure: Compilation failure: 
[ERROR] /shared-data/generated-flaky/projects/testinfected-time/src/test/java/flaky/FlakyTest.java:[3,16] error: cannot find symbol
[ERROR]  package org.junit
[ERROR] /shared-data/generated-flaky/projects/testinfected-time/src/test/java/flaky/FlakyTest.java:[7,24] error: cannot find symbol
[ERROR]  package org.junit.runners
[ERROR] /shared-data/generated-flaky/projects/testinfected-time/src/test/java/flaky/FlakyTest.java:[9,1] error: cannot find symbol
[ERROR]  class FixMethodOrder
[ERROR] /shared-data/generated-flaky/projects/testinfected-time/src/test/java/flaky/RandoopTest.java:[3,16] error: cannot find symbol
[ERROR]  package org.junit
[ERROR] /shared-data/generated-flaky/projects/testinfected-time/src/test/java/flaky/RandoopTest.java:[7,24] error: cannot find symbol
[ERROR]  package org.junit.runners
[ERROR] /shared-data/generated-flaky/projects/testinfected-time/src/test/java/flaky/RandoopTest.java:[11,1] error: cannot find symbol
[ERROR] -> [Help 1]
[ERROR] 
[ERROR] To see the full stack trace of the errors, re-run Maven with the -e switch.
[ERROR] Re-run Maven using the -X switch to enable full debug logging.
[ERROR] 
[ERROR] For more information about the errors and possible solutions, please read the following articles:
[ERROR] [Help 1] http://cwiki.apache.org/confluence/display/MAVEN/MojoFailureException
[ERROR] COMPILATION ERROR : 
[ERROR] /shared-data/generated-flaky/projects/daniel-frak-dummy4j/src/test/java/flaky/RandoopTest.java:[3,17] cannot find symbol
[ERROR] /shared-data/generated-flaky/projects/daniel-frak-dummy4j/src/test/java/flaky/RandoopTest.java:[5,17] cannot find symbol
[ERROR] /shared-data/generated-flaky/projects/daniel-frak-dummy4j/src/test/java/flaky/RandoopTest.java:[7,25] package org.junit.runners does not exist
[ERROR] /shared-data/generated-flaky/projects/daniel-frak-dummy4j/src/test/java/flaky/RandoopTest.java:[11,2] cannot find symbol
[ERROR] /shared-data/generated-flaky/projects/daniel-frak-dummy4j/src/test/java/flaky/FlakyTest.java:[3,17] cannot find symbol
[ERROR] /shared-data/generated-flaky/projects/daniel-frak-dummy4j/src/test/java/flaky/FlakyTest.java:[5,17] cannot find symbol
[ERROR] /shared-data/generated-flaky/projects/daniel-frak-dummy4j/src/test/java/flaky/FlakyTest.java:[7,25] package org.junit.runners does not exist
[ERROR] /shared-data/generated-flaky/projects/daniel-frak-dummy4j/src/test/java/flaky/FlakyTest.java:[9,2] cannot find symbol
[ERROR] /shared-data/generated-flaky/projects/daniel-frak-dummy4j/src/test/java/flaky/RandoopTest.java:[20,6] cannot find symbol
[ERROR] /shared-data/generated-flaky/projects/daniel-frak-dummy4j/src/test/java/flaky/RandoopTest.java:[36,6] cannot find symbol
[ERROR] /shared-data/generated-flaky/projects/daniel-frak-dummy4j/src/test/java/flaky/RandoopTest.java:[52,6] cannot find symbol
[ERROR] /shared-data/generated-flaky/projects/daniel-frak-dummy4j/src/test/java/flaky/RandoopTest.java:[68,6] cannot find symbol
[ERROR] /shared-data/generated-flaky/projects/daniel-frak-dummy4j/src/test/java/flaky/RandoopTest.java:[84,6] cannot find symbol
[ERROR] /shared-data/generated-flaky/projects/daniel-frak-dummy4j/src/test/java/flaky/RandoopTest.java:[100,6] cannot find symbol
[ERROR] /shared-data/generated-flaky/projects/daniel-frak-dummy4j/src/test/java/flaky/RandoopTest.java:[116,6] cannot find symbol
[ERROR] /shared-data/generated-flaky/projects/daniel-frak-dummy4j/src/test/java/flaky/RandoopTest.java:[132,6] cannot find symbol
[ERROR] /shared-data/generated-flaky/projects/daniel-frak-dummy4j/src/test/java/flaky/RandoopTest.java:[148,6] cannot find symbol
[ERROR] /shared-data/generated-flaky/projects/daniel-frak-dummy4j/src/test/java/flaky/RandoopTest.java:[164,6] cannot find symbol
[ERROR] /shared-data/generated-flaky/projects/daniel-frak-dummy4j/src/test/java/flaky/RandoopTest.java:[180,6] cannot find symbol
[ERROR] /shared-data/generated-flaky/projects/daniel-frak-dummy4j/src/test/java/flaky/RandoopTest.java:[196,6] cannot find symbol
[ERROR] /shared-data/generated-flaky/projects/daniel-frak-dummy4j/src/test/java/flaky/RandoopTest.java:[228,6] cannot find symbol
[ERROR] /shared-data/generated-flaky/projects/daniel-frak-dummy4j/src/test/java/flaky/RandoopTest.java:[244,6] cannot find symbol
[ERROR] /shared-data/generated-flaky/projects/daniel-frak-dummy4j/src/test/java/flaky/RandoopTest.java:[260,6] cannot find symbol
[ERROR] /shared-data/generated-flaky/projects/daniel-frak-dummy4j/src/test/java/flaky/RandoopTest.java:[276,6] cannot find symbol
[ERROR] /shared-data/generated-flaky/projects/daniel-frak-dummy4j/src/test/java/flaky/RandoopTest.java:[292,6] cannot find symbol
[ERROR] /shared-data/generated-flaky/projects/daniel-frak-dummy4j/src/test/java/flaky/RandoopTest.java:[324,6] cannot find symbol
[ERROR] /shared-data/generated-flaky/projects/daniel-frak-dummy4j/src/test/java/flaky/RandoopTest.java:[340,6] cannot find symbol
[ERROR] /shared-data/generated-flaky/projects/daniel-frak-dummy4j/src/test/java/flaky/RandoopTest.java:[366,6] cannot find symbol
[ERROR] /shared-data/generated-flaky/projects/daniel-frak-dummy4j/src/test/java/flaky/RandoopTest.java:[382,6] cannot find symbol
[ERROR] /shared-data/generated-flaky/projects/daniel-frak-dummy4j/src/test/java/flaky/RandoopTest.java:[398,6] cannot find symbol
[ERROR] /shared-data/generated-flaky/projects/daniel-frak-dummy4j/src/test/java/flaky/RandoopTest.java:[422,6] cannot find symbol
[ERROR] /shared-data/generated-flaky/projects/daniel-frak-dummy4j/src/test/java/flaky/RandoopTest.java:[464,6] cannot find symbol
[ERROR] /shared-data/generated-flaky/projects/daniel-frak-dummy4j/src/test/java/flaky/RandoopTest.java:[480,6] cannot find symbol
[ERROR] /shared-data/generated-flaky/projects/daniel-frak-dummy4j/src/test/java/flaky/RandoopTest.java:[512,6] cannot find symbol
[ERROR] /shared-data/generated-flaky/projects/daniel-frak-dummy4j/src/test/java/flaky/RandoopTest.java:[528,6] cannot find symbol
[ERROR] /shared-data/generated-flaky/projects/daniel-frak-dummy4j/src/test/java/flaky/RandoopTest.java:[546,6] cannot find symbol
[ERROR] /shared-data/generated-flaky/projects/daniel-frak-dummy4j/src/test/java/flaky/RandoopTest.java:[562,6] cannot find symbol
[ERROR] /shared-data/generated-flaky/projects/daniel-frak-dummy4j/src/test/java/flaky/RandoopTest.java:[604,6] cannot find symbol
[ERROR] /shared-data/generated-flaky/projects/daniel-frak-dummy4j/src/test/java/flaky/RandoopTest.java:[620,6] cannot find symbol
[ERROR] /shared-data/generated-flaky/projects/daniel-frak-dummy4j/src/test/java/flaky/RandoopTest.java:[636,6] cannot find symbol
[ERROR] /shared-data/generated-flaky/projects/daniel-frak-dummy4j/src/test/java/flaky/RandoopTest.java:[652,6] cannot find symbol
[ERROR] /shared-data/generated-flaky/projects/daniel-frak-dummy4j/src/test/java/flaky/RandoopTest.java:[684,6] cannot find symbol
[ERROR] /shared-data/generated-flaky/projects/daniel-frak-dummy4j/src/test/java/flaky/RandoopTest.java:[700,6] cannot find symbol
[ERROR] /shared-data/generated-flaky/projects/daniel-frak-dummy4j/src/test/java/flaky/RandoopTest.java:[716,6] cannot find symbol
[ERROR] /shared-data/generated-flaky/projects/daniel-frak-dummy4j/src/test/java/flaky/RandoopTest.java:[748,6] cannot find symbol
[ERROR] /shared-data/generated-flaky/projects/daniel-frak-dummy4j/src/test/java/flaky/RandoopTest.java:[764,6] cannot find symbol
[ERROR] /shared-data/generated-flaky/projects/daniel-frak-dummy4j/src/test/java/flaky/RandoopTest.java:[790,6] cannot find symbol
[ERROR] /shared-data/generated-flaky/projects/daniel-frak-dummy4j/src/test/java/flaky/RandoopTest.java:[806,6] cannot find symbol
[ERROR] /shared-data/generated-flaky/projects/daniel-frak-dummy4j/src/test/java/flaky/RandoopTest.java:[856,6] cannot find symbol
[ERROR] /shared-data/generated-flaky/projects/daniel-frak-dummy4j/src/test/java/flaky/RandoopTest.java:[872,6] cannot find symbol
[ERROR] /shared-data/generated-flaky/projects/daniel-frak-dummy4j/src/test/java/flaky/RandoopTest.java:[886,6] cannot find symbol
[ERROR] /shared-data/generated-flaky/projects/daniel-frak-dummy4j/src/test/java/flaky/RandoopTest.java:[906,6] cannot find symbol
[ERROR] /shared-data/generated-flaky/projects/daniel-frak-dummy4j/src/test/java/flaky/RandoopTest.java:[922,6] cannot find symbol
[ERROR] /shared-data/generated-flaky/projects/daniel-frak-dummy4j/src/test/java/flaky/RandoopTest.java:[954,6] cannot find symbol
[ERROR] /shared-data/generated-flaky/projects/daniel-frak-dummy4j/src/test/java/flaky/RandoopTest.java:[970,6] cannot find symbol
[ERROR] /shared-data/generated-flaky/projects/daniel-frak-dummy4j/src/test/java/flaky/RandoopTest.java:[986,6] cannot find symbol
[ERROR] /shared-data/generated-flaky/projects/daniel-frak-dummy4j/src/test/java/flaky/RandoopTest.java:[1002,6] cannot find symbol
[ERROR] /shared-data/generated-flaky/projects/daniel-frak-dummy4j/src/test/java/flaky/RandoopTest.java:[1018,6] cannot find symbol
[ERROR] /shared-data/generated-flaky/projects/daniel-frak-dummy4j/src/test/java/flaky/RandoopTest.java:[1034,6] cannot find symbol
[ERROR] /shared-data/generated-flaky/projects/daniel-frak-dummy4j/src/test/java/flaky/RandoopTest.java:[1064,6] cannot find symbol
[ERROR] /shared-data/generated-flaky/projects/daniel-frak-dummy4j/src/test/java/flaky/RandoopTest.java:[1080,6] cannot find symbol
[ERROR] /shared-data/generated-flaky/projects/daniel-frak-dummy4j/src/test/java/flaky/RandoopTest.java:[1096,6] cannot find symbol
[ERROR] /shared-data/generated-flaky/projects/daniel-frak-dummy4j/src/test/java/flaky/RandoopTest.java:[1112,6] cannot find symbol
[ERROR] /shared-data/generated-flaky/projects/daniel-frak-dummy4j/src/test/java/flaky/RandoopTest.java:[1162,6] cannot find symbol
[ERROR] /shared-data/generated-flaky/projects/daniel-frak-dummy4j/src/test/java/flaky/RandoopTest.java:[1178,6] cannot find symbol
[ERROR] /shared-data/generated-flaky/projects/daniel-frak-dummy4j/src/test/java/flaky/RandoopTest.java:[1214,6] cannot find symbol
[ERROR] /shared-data/generated-flaky/projects/daniel-frak-dummy4j/src/test/java/flaky/RandoopTest.java:[1246,6] cannot find symbol
[ERROR] /shared-data/generated-flaky/projects/daniel-frak-dummy4j/src/test/java/flaky/RandoopTest.java:[1262,6] cannot find symbol
[ERROR] /shared-data/generated-flaky/projects/daniel-frak-dummy4j/src/test/java/flaky/RandoopTest.java:[1294,6] cannot find symbol
[ERROR] /shared-data/generated-flaky/projects/daniel-frak-dummy4j/src/test/java/flaky/RandoopTest.java:[1324,6] cannot find symbol
[ERROR] /shared-data/generated-flaky/projects/daniel-frak-dummy4j/src/test/java/flaky/RandoopTest.java:[1340,6] cannot find symbol
[ERROR] /shared-data/generated-flaky/projects/daniel-frak-dummy4j/src/test/java/flaky/RandoopTest.java:[1372,6] cannot find symbol
[ERROR] /shared-data/generated-flaky/projects/daniel-frak-dummy4j/src/test/java/flaky/RandoopTest.java:[1404,6] cannot find symbol
[ERROR] /shared-data/generated-flaky/projects/daniel-frak-dummy4j/src/test/java/flaky/RandoopTest.java:[1420,6] cannot find symbol
[ERROR] /shared-data/generated-flaky/projects/daniel-frak-dummy4j/src/test/java/flaky/RandoopTest.java:[1452,6] cannot find symbol
[ERROR] /shared-data/generated-flaky/projects/daniel-frak-dummy4j/src/test/java/flaky/RandoopTest.java:[1470,6] cannot find symbol
[ERROR] /shared-data/generated-flaky/projects/daniel-frak-dummy4j/src/test/java/flaky/RandoopTest.java:[1486,6] cannot find symbol
[ERROR] /shared-data/generated-flaky/projects/daniel-frak-dummy4j/src/test/java/flaky/RandoopTest.java:[1510,6] cannot find symbol
[ERROR] /shared-data/generated-flaky/projects/daniel-frak-dummy4j/src/test/java/flaky/RandoopTest.java:[1526,6] cannot find symbol
[ERROR] /shared-data/generated-flaky/projects/daniel-frak-dummy4j/src/test/java/flaky/RandoopTest.java:[1542,6] cannot find symbol
[ERROR] /shared-data/generated-flaky/projects/daniel-frak-dummy4j/src/test/java/flaky/RandoopTest.java:[1558,6] cannot find symbol
[ERROR] /shared-data/generated-flaky/projects/daniel-frak-dummy4j/src/test/java/flaky/RandoopTest.java:[1590,6] cannot find symbol
[ERROR] /shared-data/generated-flaky/projects/daniel-frak-dummy4j/src/test/java/flaky/RandoopTest.java:[1604,6] cannot find symbol
[ERROR] /shared-data/generated-flaky/projects/daniel-frak-dummy4j/src/test/java/flaky/RandoopTest.java:[1636,6] cannot find symbol
[ERROR] /shared-data/generated-flaky/projects/daniel-frak-dummy4j/src/test/java/flaky/RandoopTest.java:[1666,6] cannot find symbol
[ERROR] /shared-data/generated-flaky/projects/daniel-frak-dummy4j/src/test/java/flaky/RandoopTest.java:[1684,6] cannot find symbol
[ERROR] /shared-data/generated-flaky/projects/daniel-frak-dummy4j/src/test/java/flaky/RandoopTest.java:[1714,6] cannot find symbol
[ERROR] /shared-data/generated-flaky/projects/daniel-frak-dummy4j/src/test/java/flaky/RandoopTest.java:[1746,6] cannot find symbol
[ERROR] /shared-data/generated-flaky/projects/daniel-frak-dummy4j/src/test/java/flaky/RandoopTest.java:[1776,6] cannot find symbol
[ERROR] /shared-data/generated-flaky/projects/daniel-frak-dummy4j/src/test/java/flaky/RandoopTest.java:[1792,6] cannot find symbol
[ERROR] /shared-data/generated-flaky/projects/daniel-frak-dummy4j/src/test/java/flaky/RandoopTest.java:[1808,6] cannot find symbol
[ERROR] /shared-data/generated-flaky/projects/daniel-frak-dummy4j/src/test/java/flaky/RandoopTest.java:[1826,6] cannot find symbol
[ERROR] /shared-data/generated-flaky/projects/daniel-frak-dummy4j/src/test/java/flaky/RandoopTest.java:[1842,6] cannot find symbol
[ERROR] /shared-data/generated-flaky/projects/daniel-frak-dummy4j/src/test/java/flaky/RandoopTest.java:[1858,6] cannot find symbol
[ERROR] /shared-data/generated-flaky/projects/daniel-frak-dummy4j/src/test/java/flaky/RandoopTest.java:[1874,6] cannot find symbol
[ERROR] /shared-data/generated-flaky/projects/daniel-frak-dummy4j/src/test/java/flaky/RandoopTest.java:[1894,6] cannot find symbol
[ERROR] /shared-data/generated-flaky/projects/daniel-frak-dummy4j/src/test/java/flaky/RandoopTest.java:[1910,6] cannot find symbol
[ERROR] /shared-data/generated-flaky/projects/daniel-frak-dummy4j/src/test/java/flaky/RandoopTest.java:[1926,6] cannot find symbol
[ERROR] /shared-data/generated-flaky/projects/daniel-frak-dummy4j/src/test/java/flaky/RandoopTest.java:[1942,6] cannot find symbol
[ERROR] /shared-data/generated-flaky/projects/daniel-frak-dummy4j/src/test/java/flaky/RandoopTest.java:[1974,6] cannot find symbol
daniel-frak-dummy4j, BUILD FAILURE
[ERROR] Failed to execute goal org.apache.maven.plugins:maven-compiler-plugin:3.1:testCompile (default-testCompile) on project dummy4j: Compilation failure: Compilation failure: 
[ERROR] /shared-data/generated-flaky/projects/daniel-frak-dummy4j/src/test/java/flaky/RandoopTest.java:[3,17] cannot find symbol
[ERROR]   symbol:   class FixMethodOrder
[ERROR]   location: package org.junit
[ERROR] /shared-data/generated-flaky/projects/daniel-frak-dummy4j/src/test/java/flaky/RandoopTest.java:[5,17] cannot find symbol
[ERROR]   symbol:   class Test
[ERROR]   location: package org.junit
[ERROR] /shared-data/generated-flaky/projects/daniel-frak-dummy4j/src/test/java/flaky/RandoopTest.java:[7,25] package org.junit.runners does not exist
[ERROR] /shared-data/generated-flaky/projects/daniel-frak-dummy4j/src/test/java/flaky/RandoopTest.java:[11,2] cannot find symbol
[ERROR]   symbol: class FixMethodOrder
[ERROR] /shared-data/generated-flaky/projects/daniel-frak-dummy4j/src/test/java/flaky/FlakyTest.java:[3,17] cannot find symbol
[ERROR]   symbol:   class FixMethodOrder
[ERROR]   location: package org.junit
[ERROR] /shared-data/generated-flaky/projects/daniel-frak-dummy4j/src/test/java/flaky/FlakyTest.java:[5,17] cannot find symbol
[ERROR]   symbol:   class Test
[ERROR]   location: package org.junit
[ERROR] /shared-data/generated-flaky/projects/daniel-frak-dummy4j/src/test/java/flaky/FlakyTest.java:[7,25] package org.junit.runners does not exist
[ERROR] /shared-data/generated-flaky/projects/daniel-frak-dummy4j/src/test/java/flaky/FlakyTest.java:[9,2] cannot find symbol
[ERROR]   symbol: class FixMethodOrder
[ERROR] /shared-data/generated-flaky/projects/daniel-frak-dummy4j/src/test/java/flaky/RandoopTest.java:[20,6] cannot find symbol
[ERROR]   symbol:   class Test
[ERROR]   location: class flaky.RandoopTest
[ERROR] /shared-data/generated-flaky/projects/daniel-frak-dummy4j/src/test/java/flaky/RandoopTest.java:[36,6] cannot find symbol
[ERROR]   symbol:   class Test
[ERROR]   location: class flaky.RandoopTest
[ERROR] /shared-data/generated-flaky/projects/daniel-frak-dummy4j/src/test/java/flaky/RandoopTest.java:[52,6] cannot find symbol
[ERROR]   symbol:   class Test
[ERROR]   location: class flaky.RandoopTest
[ERROR] /shared-data/generated-flaky/projects/daniel-frak-dummy4j/src/test/java/flaky/RandoopTest.java:[68,6] cannot find symbol
[ERROR]   symbol:   class Test
[ERROR]   location: class flaky.RandoopTest
[ERROR] /shared-data/generated-flaky/projects/daniel-frak-dummy4j/src/test/java/flaky/RandoopTest.java:[84,6] cannot find symbol
[ERROR]   symbol:   class Test
[ERROR]   location: class flaky.RandoopTest
[ERROR] /shared-data/generated-flaky/projects/daniel-frak-dummy4j/src/test/java/flaky/RandoopTest.java:[100,6] cannot find symbol
[ERROR]   symbol:   class Test
[ERROR]   location: class flaky.RandoopTest
[ERROR] /shared-data/generated-flaky/projects/daniel-frak-dummy4j/src/test/java/flaky/RandoopTest.java:[116,6] cannot find symbol
[ERROR]   symbol:   class Test
[ERROR]   location: class flaky.RandoopTest
[ERROR] /shared-data/generated-flaky/projects/daniel-frak-dummy4j/src/test/java/flaky/RandoopTest.java:[132,6] cannot find symbol
[ERROR]   symbol:   class Test
[ERROR]   location: class flaky.RandoopTest
[ERROR] /shared-data/generated-flaky/projects/daniel-frak-dummy4j/src/test/java/flaky/RandoopTest.java:[148,6] cannot find symbol
[ERROR]   symbol:   class Test
[ERROR]   location: class flaky.RandoopTest
[ERROR] /shared-data/generated-flaky/projects/daniel-frak-dummy4j/src/test/java/flaky/RandoopTest.java:[164,6] cannot find symbol
[ERROR]   symbol:   class Test
[ERROR]   location: class flaky.RandoopTest
[ERROR] /shared-data/generated-flaky/projects/daniel-frak-dummy4j/src/test/java/flaky/RandoopTest.java:[180,6] cannot find symbol
[ERROR]   symbol:   class Test
[ERROR]   location: class flaky.RandoopTest
[ERROR] /shared-data/generated-flaky/projects/daniel-frak-dummy4j/src/test/java/flaky/RandoopTest.java:[196,6] cannot find symbol
[ERROR]   symbol:   class Test
[ERROR]   location: class flaky.RandoopTest
[ERROR] /shared-data/generated-flaky/projects/daniel-frak-dummy4j/src/test/java/flaky/RandoopTest.java:[228,6] cannot find symbol
[ERROR]   symbol:   class Test
[ERROR]   location: class flaky.RandoopTest
[ERROR] /shared-data/generated-flaky/projects/daniel-frak-dummy4j/src/test/java/flaky/RandoopTest.java:[244,6] cannot find symbol
[ERROR]   symbol:   class Test
[ERROR]   location: class flaky.RandoopTest
[ERROR] /shared-data/generated-flaky/projects/daniel-frak-dummy4j/src/test/java/flaky/RandoopTest.java:[260,6] cannot find symbol
[ERROR]   symbol:   class Test
[ERROR]   location: class flaky.RandoopTest
[ERROR] /shared-data/generated-flaky/projects/daniel-frak-dummy4j/src/test/java/flaky/RandoopTest.java:[276,6] cannot find symbol
[ERROR]   symbol:   class Test
[ERROR]   location: class flaky.RandoopTest
[ERROR] /shared-data/generated-flaky/projects/daniel-frak-dummy4j/src/test/java/flaky/RandoopTest.java:[292,6] cannot find symbol
[ERROR]   symbol:   class Test
[ERROR]   location: class flaky.RandoopTest
[ERROR] /shared-data/generated-flaky/projects/daniel-frak-dummy4j/src/test/java/flaky/RandoopTest.java:[324,6] cannot find symbol
[ERROR]   symbol:   class Test
[ERROR]   location: class flaky.RandoopTest
[ERROR] /shared-data/generated-flaky/projects/daniel-frak-dummy4j/src/test/java/flaky/RandoopTest.java:[340,6] cannot find symbol
[ERROR]   symbol:   class Test
[ERROR]   location: class flaky.RandoopTest
[ERROR] /shared-data/generated-flaky/projects/daniel-frak-dummy4j/src/test/java/flaky/RandoopTest.java:[366,6] cannot find symbol
[ERROR]   symbol:   class Test
[ERROR]   location: class flaky.RandoopTest
[ERROR] /shared-data/generated-flaky/projects/daniel-frak-dummy4j/src/test/java/flaky/RandoopTest.java:[382,6] cannot find symbol
[ERROR]   symbol:   class Test
[ERROR]   location: class flaky.RandoopTest
[ERROR] /shared-data/generated-flaky/projects/daniel-frak-dummy4j/src/test/java/flaky/RandoopTest.java:[398,6] cannot find symbol
[ERROR]   symbol:   class Test
[ERROR]   location: class flaky.RandoopTest
[ERROR] /shared-data/generated-flaky/projects/daniel-frak-dummy4j/src/test/java/flaky/RandoopTest.java:[422,6] cannot find symbol
[ERROR]   symbol:   class Test
[ERROR]   location: class flaky.RandoopTest
[ERROR] /shared-data/generated-flaky/projects/daniel-frak-dummy4j/src/test/java/flaky/RandoopTest.java:[464,6] cannot find symbol
[ERROR]   symbol:   class Test
[ERROR]   location: class flaky.RandoopTest
[ERROR] /shared-data/generated-flaky/projects/daniel-frak-dummy4j/src/test/java/flaky/RandoopTest.java:[480,6] cannot find symbol
[ERROR]   symbol:   class Test
[ERROR]   location: class flaky.RandoopTest
[ERROR] /shared-data/generated-flaky/projects/daniel-frak-dummy4j/src/test/java/flaky/RandoopTest.java:[512,6] cannot find symbol
[ERROR]   symbol:   class Test
[ERROR]   location: class flaky.RandoopTest
[ERROR] /shared-data/generated-flaky/projects/daniel-frak-dummy4j/src/test/java/flaky/RandoopTest.java:[528,6] cannot find symbol
[ERROR]   symbol:   class Test
[ERROR]   location: class flaky.RandoopTest
[ERROR] /shared-data/generated-flaky/projects/daniel-frak-dummy4j/src/test/java/flaky/RandoopTest.java:[546,6] cannot find symbol
[ERROR]   symbol:   class Test
[ERROR]   location: class flaky.RandoopTest
[ERROR] /shared-data/generated-flaky/projects/daniel-frak-dummy4j/src/test/java/flaky/RandoopTest.java:[562,6] cannot find symbol
[ERROR]   symbol:   class Test
[ERROR]   location: class flaky.RandoopTest
[ERROR] /shared-data/generated-flaky/projects/daniel-frak-dummy4j/src/test/java/flaky/RandoopTest.java:[604,6] cannot find symbol
[ERROR]   symbol:   class Test
[ERROR]   location: class flaky.RandoopTest
[ERROR] /shared-data/generated-flaky/projects/daniel-frak-dummy4j/src/test/java/flaky/RandoopTest.java:[620,6] cannot find symbol
[ERROR]   symbol:   class Test
[ERROR]   location: class flaky.RandoopTest
[ERROR] /shared-data/generated-flaky/projects/daniel-frak-dummy4j/src/test/java/flaky/RandoopTest.java:[636,6] cannot find symbol
[ERROR]   symbol:   class Test
[ERROR]   location: class flaky.RandoopTest
[ERROR] /shared-data/generated-flaky/projects/daniel-frak-dummy4j/src/test/java/flaky/RandoopTest.java:[652,6] cannot find symbol
[ERROR]   symbol:   class Test
[ERROR]   location: class flaky.RandoopTest
[ERROR] /shared-data/generated-flaky/projects/daniel-frak-dummy4j/src/test/java/flaky/RandoopTest.java:[684,6] cannot find symbol
[ERROR]   symbol:   class Test
[ERROR]   location: class flaky.RandoopTest
[ERROR] /shared-data/generated-flaky/projects/daniel-frak-dummy4j/src/test/java/flaky/RandoopTest.java:[700,6] cannot find symbol
[ERROR]   symbol:   class Test
[ERROR]   location: class flaky.RandoopTest
[ERROR] /shared-data/generated-flaky/projects/daniel-frak-dummy4j/src/test/java/flaky/RandoopTest.java:[716,6] cannot find symbol
[ERROR]   symbol:   class Test
[ERROR]   location: class flaky.RandoopTest
[ERROR] /shared-data/generated-flaky/projects/daniel-frak-dummy4j/src/test/java/flaky/RandoopTest.java:[748,6] cannot find symbol
[ERROR]   symbol:   class Test
[ERROR]   location: class flaky.RandoopTest
[ERROR] /shared-data/generated-flaky/projects/daniel-frak-dummy4j/src/test/java/flaky/RandoopTest.java:[764,6] cannot find symbol
[ERROR]   symbol:   class Test
[ERROR]   location: class flaky.RandoopTest
[ERROR] /shared-data/generated-flaky/projects/daniel-frak-dummy4j/src/test/java/flaky/RandoopTest.java:[790,6] cannot find symbol
[ERROR]   symbol:   class Test
[ERROR]   location: class flaky.RandoopTest
[ERROR] /shared-data/generated-flaky/projects/daniel-frak-dummy4j/src/test/java/flaky/RandoopTest.java:[806,6] cannot find symbol
[ERROR]   symbol:   class Test
[ERROR]   location: class flaky.RandoopTest
[ERROR] /shared-data/generated-flaky/projects/daniel-frak-dummy4j/src/test/java/flaky/RandoopTest.java:[856,6] cannot find symbol
[ERROR]   symbol:   class Test
[ERROR]   location: class flaky.RandoopTest
[ERROR] /shared-data/generated-flaky/projects/daniel-frak-dummy4j/src/test/java/flaky/RandoopTest.java:[872,6] cannot find symbol
[ERROR]   symbol:   class Test
[ERROR]   location: class flaky.RandoopTest
[ERROR] /shared-data/generated-flaky/projects/daniel-frak-dummy4j/src/test/java/flaky/RandoopTest.java:[886,6] cannot find symbol
[ERROR]   symbol:   class Test
[ERROR]   location: class flaky.RandoopTest
[ERROR] /shared-data/generated-flaky/projects/daniel-frak-dummy4j/src/test/java/flaky/RandoopTest.java:[906,6] cannot find symbol
[ERROR]   symbol:   class Test
[ERROR]   location: class flaky.RandoopTest
[ERROR] /shared-data/generated-flaky/projects/daniel-frak-dummy4j/src/test/java/flaky/RandoopTest.java:[922,6] cannot find symbol
[ERROR]   symbol:   class Test
[ERROR]   location: class flaky.RandoopTest
[ERROR] /shared-data/generated-flaky/projects/daniel-frak-dummy4j/src/test/java/flaky/RandoopTest.java:[954,6] cannot find symbol
[ERROR]   symbol:   class Test
[ERROR]   location: class flaky.RandoopTest
[ERROR] /shared-data/generated-flaky/projects/daniel-frak-dummy4j/src/test/java/flaky/RandoopTest.java:[970,6] cannot find symbol
[ERROR]   symbol:   class Test
[ERROR]   location: class flaky.RandoopTest
[ERROR] /shared-data/generated-flaky/projects/daniel-frak-dummy4j/src/test/java/flaky/RandoopTest.java:[986,6] cannot find symbol
[ERROR]   symbol:   class Test
[ERROR]   location: class flaky.RandoopTest
[ERROR] /shared-data/generated-flaky/projects/daniel-frak-dummy4j/src/test/java/flaky/RandoopTest.java:[1002,6] cannot find symbol
[ERROR]   symbol:   class Test
[ERROR]   location: class flaky.RandoopTest
[ERROR] /shared-data/generated-flaky/projects/daniel-frak-dummy4j/src/test/java/flaky/RandoopTest.java:[1018,6] cannot find symbol
[ERROR]   symbol:   class Test
[ERROR]   location: class flaky.RandoopTest
[ERROR] /shared-data/generated-flaky/projects/daniel-frak-dummy4j/src/test/java/flaky/RandoopTest.java:[1034,6] cannot find symbol
[ERROR]   symbol:   class Test
[ERROR]   location: class flaky.RandoopTest
[ERROR] /shared-data/generated-flaky/projects/daniel-frak-dummy4j/src/test/java/flaky/RandoopTest.java:[1064,6] cannot find symbol
[ERROR]   symbol:   class Test
[ERROR]   location: class flaky.RandoopTest
[ERROR] /shared-data/generated-flaky/projects/daniel-frak-dummy4j/src/test/java/flaky/RandoopTest.java:[1080,6] cannot find symbol
[ERROR]   symbol:   class Test
[ERROR]   location: class flaky.RandoopTest
[ERROR] /shared-data/generated-flaky/projects/daniel-frak-dummy4j/src/test/java/flaky/RandoopTest.java:[1096,6] cannot find symbol
[ERROR]   symbol:   class Test
[ERROR]   location: class flaky.RandoopTest
[ERROR] /shared-data/generated-flaky/projects/daniel-frak-dummy4j/src/test/java/flaky/RandoopTest.java:[1112,6] cannot find symbol
[ERROR]   symbol:   class Test
[ERROR]   location: class flaky.RandoopTest
[ERROR] /shared-data/generated-flaky/projects/daniel-frak-dummy4j/src/test/java/flaky/RandoopTest.java:[1162,6] cannot find symbol
[ERROR]   symbol:   class Test
[ERROR]   location: class flaky.RandoopTest
[ERROR] /shared-data/generated-flaky/projects/daniel-frak-dummy4j/src/test/java/flaky/RandoopTest.java:[1178,6] cannot find symbol
[ERROR]   symbol:   class Test
[ERROR]   location: class flaky.RandoopTest
[ERROR] /shared-data/generated-flaky/projects/daniel-frak-dummy4j/src/test/java/flaky/RandoopTest.java:[1214,6] cannot find symbol
[ERROR]   symbol:   class Test
[ERROR]   location: class flaky.RandoopTest
[ERROR] /shared-data/generated-flaky/projects/daniel-frak-dummy4j/src/test/java/flaky/RandoopTest.java:[1246,6] cannot find symbol
[ERROR]   symbol:   class Test
[ERROR]   location: class flaky.RandoopTest
[ERROR] /shared-data/generated-flaky/projects/daniel-frak-dummy4j/src/test/java/flaky/RandoopTest.java:[1262,6] cannot find symbol
[ERROR]   symbol:   class Test
[ERROR]   location: class flaky.RandoopTest
[ERROR] /shared-data/generated-flaky/projects/daniel-frak-dummy4j/src/test/java/flaky/RandoopTest.java:[1294,6] cannot find symbol
[ERROR]   symbol:   class Test
[ERROR]   location: class flaky.RandoopTest
[ERROR] /shared-data/generated-flaky/projects/daniel-frak-dummy4j/src/test/java/flaky/RandoopTest.java:[1324,6] cannot find symbol
[ERROR]   symbol:   class Test
[ERROR]   location: class flaky.RandoopTest
[ERROR] /shared-data/generated-flaky/projects/daniel-frak-dummy4j/src/test/java/flaky/RandoopTest.java:[1340,6] cannot find symbol
[ERROR]   symbol:   class Test
[ERROR]   location: class flaky.RandoopTest
[ERROR] /shared-data/generated-flaky/projects/daniel-frak-dummy4j/src/test/java/flaky/RandoopTest.java:[1372,6] cannot find symbol
[ERROR]   symbol:   class Test
[ERROR]   location: class flaky.RandoopTest
[ERROR] /shared-data/generated-flaky/projects/daniel-frak-dummy4j/src/test/java/flaky/RandoopTest.java:[1404,6] cannot find symbol
[ERROR]   symbol:   class Test
[ERROR]   location: class flaky.RandoopTest
[ERROR] /shared-data/generated-flaky/projects/daniel-frak-dummy4j/src/test/java/flaky/RandoopTest.java:[1420,6] cannot find symbol
[ERROR]   symbol:   class Test
[ERROR]   location: class flaky.RandoopTest
[ERROR] /shared-data/generated-flaky/projects/daniel-frak-dummy4j/src/test/java/flaky/RandoopTest.java:[1452,6] cannot find symbol
[ERROR]   symbol:   class Test
[ERROR]   location: class flaky.RandoopTest
[ERROR] /shared-data/generated-flaky/projects/daniel-frak-dummy4j/src/test/java/flaky/RandoopTest.java:[1470,6] cannot find symbol
[ERROR]   symbol:   class Test
[ERROR]   location: class flaky.RandoopTest
[ERROR] /shared-data/generated-flaky/projects/daniel-frak-dummy4j/src/test/java/flaky/RandoopTest.java:[1486,6] cannot find symbol
[ERROR]   symbol:   class Test
[ERROR]   location: class flaky.RandoopTest
[ERROR] /shared-data/generated-flaky/projects/daniel-frak-dummy4j/src/test/java/flaky/RandoopTest.java:[1510,6] cannot find symbol
[ERROR]   symbol:   class Test
[ERROR]   location: class flaky.RandoopTest
[ERROR] /shared-data/generated-flaky/projects/daniel-frak-dummy4j/src/test/java/flaky/RandoopTest.java:[1526,6] cannot find symbol
[ERROR]   symbol:   class Test
[ERROR]   location: class flaky.RandoopTest
[ERROR] /shared-data/generated-flaky/projects/daniel-frak-dummy4j/src/test/java/flaky/RandoopTest.java:[1542,6] cannot find symbol
[ERROR]   symbol:   class Test
[ERROR]   location: class flaky.RandoopTest
[ERROR] /shared-data/generated-flaky/projects/daniel-frak-dummy4j/src/test/java/flaky/RandoopTest.java:[1558,6] cannot find symbol
[ERROR]   symbol:   class Test
[ERROR]   location: class flaky.RandoopTest
[ERROR] /shared-data/generated-flaky/projects/daniel-frak-dummy4j/src/test/java/flaky/RandoopTest.java:[1590,6] cannot find symbol
[ERROR]   symbol:   class Test
[ERROR]   location: class flaky.RandoopTest
[ERROR] /shared-data/generated-flaky/projects/daniel-frak-dummy4j/src/test/java/flaky/RandoopTest.java:[1604,6] cannot find symbol
[ERROR]   symbol:   class Test
[ERROR]   location: class flaky.RandoopTest
[ERROR] /shared-data/generated-flaky/projects/daniel-frak-dummy4j/src/test/java/flaky/RandoopTest.java:[1636,6] cannot find symbol
[ERROR]   symbol:   class Test
[ERROR]   location: class flaky.RandoopTest
[ERROR] /shared-data/generated-flaky/projects/daniel-frak-dummy4j/src/test/java/flaky/RandoopTest.java:[1666,6] cannot find symbol
[ERROR]   symbol:   class Test
[ERROR]   location: class flaky.RandoopTest
[ERROR] /shared-data/generated-flaky/projects/daniel-frak-dummy4j/src/test/java/flaky/RandoopTest.java:[1684,6] cannot find symbol
[ERROR]   symbol:   class Test
[ERROR]   location: class flaky.RandoopTest
[ERROR] /shared-data/generated-flaky/projects/daniel-frak-dummy4j/src/test/java/flaky/RandoopTest.java:[1714,6] cannot find symbol
[ERROR]   symbol:   class Test
[ERROR]   location: class flaky.RandoopTest
[ERROR] /shared-data/generated-flaky/projects/daniel-frak-dummy4j/src/test/java/flaky/RandoopTest.java:[1746,6] cannot find symbol
[ERROR]   symbol:   class Test
[ERROR]   location: class flaky.RandoopTest
[ERROR] /shared-data/generated-flaky/projects/daniel-frak-dummy4j/src/test/java/flaky/RandoopTest.java:[1776,6] cannot find symbol
[ERROR]   symbol:   class Test
[ERROR]   location: class flaky.RandoopTest
[ERROR] /shared-data/generated-flaky/projects/daniel-frak-dummy4j/src/test/java/flaky/RandoopTest.java:[1792,6] cannot find symbol
[ERROR]   symbol:   class Test
[ERROR]   location: class flaky.RandoopTest
[ERROR] /shared-data/generated-flaky/projects/daniel-frak-dummy4j/src/test/java/flaky/RandoopTest.java:[1808,6] cannot find symbol
[ERROR]   symbol:   class Test
[ERROR]   location: class flaky.RandoopTest
[ERROR] /shared-data/generated-flaky/projects/daniel-frak-dummy4j/src/test/java/flaky/RandoopTest.java:[1826,6] cannot find symbol
[ERROR]   symbol:   class Test
[ERROR]   location: class flaky.RandoopTest
[ERROR] /shared-data/generated-flaky/projects/daniel-frak-dummy4j/src/test/java/flaky/RandoopTest.java:[1842,6] cannot find symbol
[ERROR]   symbol:   class Test
[ERROR]   location: class flaky.RandoopTest
[ERROR] /shared-data/generated-flaky/projects/daniel-frak-dummy4j/src/test/java/flaky/RandoopTest.java:[1858,6] cannot find symbol
[ERROR]   symbol:   class Test
[ERROR]   location: class flaky.RandoopTest
[ERROR] /shared-data/generated-flaky/projects/daniel-frak-dummy4j/src/test/java/flaky/RandoopTest.java:[1874,6] cannot find symbol
[ERROR]   symbol:   class Test
[ERROR]   location: class flaky.RandoopTest
[ERROR] /shared-data/generated-flaky/projects/daniel-frak-dummy4j/src/test/java/flaky/RandoopTest.java:[1894,6] cannot find symbol
[ERROR]   symbol:   class Test
[ERROR]   location: class flaky.RandoopTest
[ERROR] /shared-data/generated-flaky/projects/daniel-frak-dummy4j/src/test/java/flaky/RandoopTest.java:[1910,6] cannot find symbol
[ERROR]   symbol:   class Test
[ERROR]   location: class flaky.RandoopTest
[ERROR] /shared-data/generated-flaky/projects/daniel-frak-dummy4j/src/test/java/flaky/RandoopTest.java:[1926,6] cannot find symbol
[ERROR]   symbol:   class Test
[ERROR]   location: class flaky.RandoopTest
[ERROR] /shared-data/generated-flaky/projects/daniel-frak-dummy4j/src/test/java/flaky/RandoopTest.java:[1942,6] cannot find symbol
[ERROR]   symbol:   class Test
[ERROR]   location: class flaky.RandoopTest
[ERROR] /shared-data/generated-flaky/projects/daniel-frak-dummy4j/src/test/java/flaky/RandoopTest.java:[1974,6] cannot find symbol
[ERROR]   symbol:   class Test
[ERROR]   location: class flaky.RandoopTest
[ERROR] -> [Help 1]
[ERROR] 
[ERROR] To see the full stack trace of the errors, re-run Maven with the -e switch.
[ERROR] Re-run Maven using the -X switch to enable full debug logging.
[ERROR] 
[ERROR] For more information about the errors and possible solutions, please read the following articles:
[ERROR] [Help 1] http://cwiki.apache.org/confluence/display/MAVEN/MojoFailureException
[ERROR] COMPILATION ERROR : 
[ERROR] /shared-data/generated-flaky/projects/DataONEorg-d1-cn-common/src/test/java/flaky/FlakyTest.java:[3,17] cannot find symbol
[ERROR] /shared-data/generated-flaky/projects/DataONEorg-d1-cn-common/src/test/java/flaky/FlakyTest.java:[7,25] cannot find symbol
[ERROR] /shared-data/generated-flaky/projects/DataONEorg-d1-cn-common/src/test/java/flaky/FlakyTest.java:[9,2] cannot find symbol
[ERROR] /shared-data/generated-flaky/projects/DataONEorg-d1-cn-common/src/test/java/flaky/RandoopTest.java:[3,17] cannot find symbol
[ERROR] /shared-data/generated-flaky/projects/DataONEorg-d1-cn-common/src/test/java/flaky/RandoopTest.java:[7,25] cannot find symbol
[ERROR] /shared-data/generated-flaky/projects/DataONEorg-d1-cn-common/src/test/java/flaky/RandoopTest.java:[11,2] cannot find symbol
DataONEorg-d1-cn-common, BUILD FAILURE
[ERROR] Failed to execute goal org.apache.maven.plugins:maven-compiler-plugin:3.1:testCompile (default-testCompile) on project d1_cn_common: Compilation failure: Compilation failure: 
[ERROR] /shared-data/generated-flaky/projects/DataONEorg-d1-cn-common/src/test/java/flaky/FlakyTest.java:[3,17] cannot find symbol
[ERROR]   symbol:   class FixMethodOrder
[ERROR]   location: package org.junit
[ERROR] /shared-data/generated-flaky/projects/DataONEorg-d1-cn-common/src/test/java/flaky/FlakyTest.java:[7,25] cannot find symbol
[ERROR]   symbol:   class MethodSorters
[ERROR]   location: package org.junit.runners
[ERROR] /shared-data/generated-flaky/projects/DataONEorg-d1-cn-common/src/test/java/flaky/FlakyTest.java:[9,2] cannot find symbol
[ERROR]   symbol: class FixMethodOrder
[ERROR] /shared-data/generated-flaky/projects/DataONEorg-d1-cn-common/src/test/java/flaky/RandoopTest.java:[3,17] cannot find symbol
[ERROR]   symbol:   class FixMethodOrder
[ERROR]   location: package org.junit
[ERROR] /shared-data/generated-flaky/projects/DataONEorg-d1-cn-common/src/test/java/flaky/RandoopTest.java:[7,25] cannot find symbol
[ERROR]   symbol:   class MethodSorters
[ERROR]   location: package org.junit.runners
[ERROR] /shared-data/generated-flaky/projects/DataONEorg-d1-cn-common/src/test/java/flaky/RandoopTest.java:[11,2] cannot find symbol
[ERROR]   symbol: class FixMethodOrder
[ERROR] -> [Help 1]
[ERROR] 
[ERROR] To see the full stack trace of the errors, re-run Maven with the -e switch.
[ERROR] Re-run Maven using the -X switch to enable full debug logging.
[ERROR] 
[ERROR] For more information about the errors and possible solutions, please read the following articles:
[ERROR] [Help 1] http://cwiki.apache.org/confluence/display/MAVEN/MojoFailureException
goldolphin-cate, BUILD FAILURE
[ERROR] Failed to execute goal org.apache.maven.plugins:maven-gpg-plugin:1.5:sign (sign-artifacts) on project cate: Exit code: 2 -> [Help 1]
[ERROR] 
[ERROR] To see the full stack trace of the errors, re-run Maven with the -e switch.
[ERROR] Re-run Maven using the -X switch to enable full debug logging.
[ERROR] 
[ERROR] For more information about the errors and possible solutions, please read the following articles:
[ERROR] [Help 1] http://cwiki.apache.org/confluence/display/MAVEN/MojoExecutionException
[ERROR] COMPILATION ERROR : 
[ERROR] /shared-data/generated-flaky/projects/fluent-fluent-logger-java/src/test/java/flaky/RandoopTest.java:[3,17] cannot find symbol
[ERROR] /shared-data/generated-flaky/projects/fluent-fluent-logger-java/src/test/java/flaky/RandoopTest.java:[7,25] cannot find symbol
[ERROR] /shared-data/generated-flaky/projects/fluent-fluent-logger-java/src/test/java/flaky/RandoopTest.java:[11,2] cannot find symbol
[ERROR] /shared-data/generated-flaky/projects/fluent-fluent-logger-java/src/test/java/flaky/FlakyTest.java:[3,17] cannot find symbol
[ERROR] /shared-data/generated-flaky/projects/fluent-fluent-logger-java/src/test/java/flaky/FlakyTest.java:[7,25] cannot find symbol
[ERROR] /shared-data/generated-flaky/projects/fluent-fluent-logger-java/src/test/java/flaky/FlakyTest.java:[9,2] cannot find symbol
fluent-fluent-logger-java, BUILD FAILURE
[ERROR] Failed to execute goal org.apache.maven.plugins:maven-compiler-plugin:3.1:testCompile (default-testCompile) on project fluent-logger: Compilation failure: Compilation failure: 
[ERROR] /shared-data/generated-flaky/projects/fluent-fluent-logger-java/src/test/java/flaky/RandoopTest.java:[3,17] cannot find symbol
[ERROR]   symbol:   class FixMethodOrder
[ERROR]   location: package org.junit
[ERROR] /shared-data/generated-flaky/projects/fluent-fluent-logger-java/src/test/java/flaky/RandoopTest.java:[7,25] cannot find symbol
[ERROR]   symbol:   class MethodSorters
[ERROR]   location: package org.junit.runners
[ERROR] /shared-data/generated-flaky/projects/fluent-fluent-logger-java/src/test/java/flaky/RandoopTest.java:[11,2] cannot find symbol
[ERROR]   symbol: class FixMethodOrder
[ERROR] /shared-data/generated-flaky/projects/fluent-fluent-logger-java/src/test/java/flaky/FlakyTest.java:[3,17] cannot find symbol
[ERROR]   symbol:   class FixMethodOrder
[ERROR]   location: package org.junit
[ERROR] /shared-data/generated-flaky/projects/fluent-fluent-logger-java/src/test/java/flaky/FlakyTest.java:[7,25] cannot find symbol
[ERROR]   symbol:   class MethodSorters
[ERROR]   location: package org.junit.runners
[ERROR] /shared-data/generated-flaky/projects/fluent-fluent-logger-java/src/test/java/flaky/FlakyTest.java:[9,2] cannot find symbol
[ERROR]   symbol: class FixMethodOrder
[ERROR] -> [Help 1]
[ERROR] 
[ERROR] To see the full stack trace of the errors, re-run Maven with the -e switch.
[ERROR] Re-run Maven using the -X switch to enable full debug logging.
[ERROR] 
[ERROR] For more information about the errors and possible solutions, please read the following articles:
[ERROR] [Help 1] http://cwiki.apache.org/confluence/display/MAVEN/MojoFailureException
Aleks-Ya-ascii2native-maven-plugin, BUILD FAILURE
[ERROR] Plugin org.apache.maven.plugins:maven-javadoc-plugin:2.10.3 or one of its dependencies could not be resolved: Failed to read artifact descriptor for org.apache.maven.plugins:maven-javadoc-plugin:jar:2.10.3: Could not transfer artifact org.apache.maven.plugins:maven-plugins:pom:27 from/to central (https://repo.maven.apache.org/maven2): /root/.m2/repository/org/apache/maven/plugins/maven-plugins/27/maven-plugins-27.pom.part (No such file or directory) -> [Help 1]
[ERROR] 
[ERROR] To see the full stack trace of the errors, re-run Maven with the -e switch.
[ERROR] Re-run Maven using the -X switch to enable full debug logging.
[ERROR] 
[ERROR] For more information about the errors and possible solutions, please read the following articles:
[ERROR] [Help 1] http://cwiki.apache.org/confluence/display/MAVEN/PluginResolutionException
