[INFO] Scanning for projects...
[INFO] 
[INFO] ----< com.google.code.externalsortinginjava:externalsortinginjava >-----
[INFO] Building externalsortinginjava 0.6.2-SNAPSHOT
[INFO]   from pom.xml
[INFO] --------------------------------[ jar ]---------------------------------
[INFO] 
[INFO] --- surefire:2.19.1:test (default-cli) @ externalsortinginjava ---

-------------------------------------------------------
 T E S T S
-------------------------------------------------------
Running flaky.FlakyTest
Tests run: 1, Failures: 1, Errors: 0, Skipped: 0, Time elapsed: 0.132 sec <<< FAILURE! - in flaky.FlakyTest
test275_5(flaky.FlakyTest)  Time elapsed: 0.077 sec  <<< FAILURE!
org.junit.ComparisonFailure: expected:<...0000gn/T/sortInBatch[2675716943244651503]flatfile> but was:<...0000gn/T/sortInBatch[9068240122310145754]flatfile>
	at flaky.FlakyTest.test275_5(FlakyTest.java:42781)


Results :

Failed tests: 
  FlakyTest.test275_5:42781 expected:<...0000gn/T/sortInBatch[2675716943244651503]flatfile> but was:<...0000gn/T/sortInBatch[9068240122310145754]flatfile>

Tests run: 1, Failures: 1, Errors: 0, Skipped: 0

[INFO] ------------------------------------------------------------------------
[INFO] BUILD FAILURE
[INFO] ------------------------------------------------------------------------
[INFO] Total time:  1.257 s
[INFO] Finished at: 2023-11-22T23:55:20-06:00
[INFO] ------------------------------------------------------------------------
[ERROR] Failed to execute goal org.apache.maven.plugins:maven-surefire-plugin:2.19.1:test (default-cli) on project externalsortinginjava: There are test failures.
[ERROR] 
[ERROR] Please refer to /Users/yhcrown/Documents/flaky_java_projects/lemire-externalsortinginjava/target/surefire-reports for the individual test results.
[ERROR] -> [Help 1]
[ERROR] 
[ERROR] To see the full stack trace of the errors, re-run Maven with the -e switch.
[ERROR] Re-run Maven using the -X switch to enable full debug logging.
[ERROR] 
[ERROR] For more information about the errors and possible solutions, please read the following articles:
[ERROR] [Help 1] http://cwiki.apache.org/confluence/display/MAVEN/MojoFailureException
