[INFO] Scanning for projects...
[INFO] 
[INFO] --------------------< org.openhim:mediator-engine >---------------------
[INFO] Building OpenHIM Mediator Engine 4.0.0
[INFO]   from pom.xml
[INFO] --------------------------------[ jar ]---------------------------------
[INFO] 
[INFO] --- resources:3.3.1:resources (default-resources) @ mediator-engine ---
[INFO] skip non existing resourceDirectory /Users/yhcrown/Documents/flaky_java_projects/jembi-openhim-mediator-engine-java/src/main/resources
[INFO] 
[INFO] --- compiler:3.2:compile (default-compile) @ mediator-engine ---
[INFO] Nothing to compile - all classes are up to date
[INFO] 
[INFO] --- resources:3.3.1:testResources (default-testResources) @ mediator-engine ---
[INFO] Copying 8 resources from src/test/resources to target/test-classes
[INFO] 
[INFO] --- compiler:3.2:testCompile (default-testCompile) @ mediator-engine ---
[INFO] Changes detected - recompiling the module!
[INFO] Compiling 13 source files to /Users/yhcrown/Documents/flaky_java_projects/jembi-openhim-mediator-engine-java/target/test-classes
[INFO] -------------------------------------------------------------
[ERROR] COMPILATION ERROR : 
[INFO] -------------------------------------------------------------
[ERROR] /Users/yhcrown/Documents/flaky_java_projects/jembi-openhim-mediator-engine-java/src/test/java/flaky/FlakyTest.java:[42,64] unclosed string literal
[ERROR] /Users/yhcrown/Documents/flaky_java_projects/jembi-openhim-mediator-engine-java/src/test/java/flaky/FlakyTest.java:[43,10] type annotations are not supported in -source 1.7
  (use -source 8 or higher to enable type annotations)
[ERROR] /Users/yhcrown/Documents/flaky_java_projects/jembi-openhim-mediator-engine-java/src/test/java/flaky/FlakyTest.java:[43,9] illegal start of expression
[ERROR] /Users/yhcrown/Documents/flaky_java_projects/jembi-openhim-mediator-engine-java/src/test/java/flaky/FlakyTest.java:[43,14] ';' expected
[ERROR] /Users/yhcrown/Documents/flaky_java_projects/jembi-openhim-mediator-engine-java/src/test/java/flaky/FlakyTest.java:[44,12] illegal start of expression
[ERROR] /Users/yhcrown/Documents/flaky_java_projects/jembi-openhim-mediator-engine-java/src/test/java/flaky/FlakyTest.java:[44,26] ';' expected
[ERROR] /Users/yhcrown/Documents/flaky_java_projects/jembi-openhim-mediator-engine-java/src/test/java/flaky/FlakyTest.java:[44,36] not a statement
[ERROR] /Users/yhcrown/Documents/flaky_java_projects/jembi-openhim-mediator-engine-java/src/test/java/flaky/FlakyTest.java:[44,45] ';' expected
[ERROR] /Users/yhcrown/Documents/flaky_java_projects/jembi-openhim-mediator-engine-java/src/test/java/flaky/FlakyTest.java:[54,64] unclosed string literal
[ERROR] /Users/yhcrown/Documents/flaky_java_projects/jembi-openhim-mediator-engine-java/src/test/java/flaky/FlakyTest.java:[55,9] illegal start of expression
[ERROR] /Users/yhcrown/Documents/flaky_java_projects/jembi-openhim-mediator-engine-java/src/test/java/flaky/FlakyTest.java:[55,14] ';' expected
[ERROR] /Users/yhcrown/Documents/flaky_java_projects/jembi-openhim-mediator-engine-java/src/test/java/flaky/FlakyTest.java:[56,12] illegal start of expression
[ERROR] /Users/yhcrown/Documents/flaky_java_projects/jembi-openhim-mediator-engine-java/src/test/java/flaky/FlakyTest.java:[56,26] ';' expected
[ERROR] /Users/yhcrown/Documents/flaky_java_projects/jembi-openhim-mediator-engine-java/src/test/java/flaky/FlakyTest.java:[56,36] not a statement
[ERROR] /Users/yhcrown/Documents/flaky_java_projects/jembi-openhim-mediator-engine-java/src/test/java/flaky/FlakyTest.java:[56,45] ';' expected
[ERROR] /Users/yhcrown/Documents/flaky_java_projects/jembi-openhim-mediator-engine-java/src/test/java/flaky/FlakyTest.java:[73,26] ';' expected
[ERROR] /Users/yhcrown/Documents/flaky_java_projects/jembi-openhim-mediator-engine-java/src/test/java/flaky/FlakyTest.java:[73,36] not a statement
[ERROR] /Users/yhcrown/Documents/flaky_java_projects/jembi-openhim-mediator-engine-java/src/test/java/flaky/FlakyTest.java:[73,45] ';' expected
[ERROR] /Users/yhcrown/Documents/flaky_java_projects/jembi-openhim-mediator-engine-java/src/test/java/flaky/FlakyTest.java:[93,2] reached end of file while parsing
[INFO] 19 errors 
[INFO] -------------------------------------------------------------
[INFO] ------------------------------------------------------------------------
[INFO] BUILD FAILURE
[INFO] ------------------------------------------------------------------------
[INFO] Total time:  0.710 s
[INFO] Finished at: 2023-11-22T02:29:36-06:00
[INFO] ------------------------------------------------------------------------
[ERROR] Failed to execute goal org.apache.maven.plugins:maven-compiler-plugin:3.2:testCompile (default-testCompile) on project mediator-engine: Compilation failure: Compilation failure: 
[ERROR] /Users/yhcrown/Documents/flaky_java_projects/jembi-openhim-mediator-engine-java/src/test/java/flaky/FlakyTest.java:[42,64] unclosed string literal
[ERROR] /Users/yhcrown/Documents/flaky_java_projects/jembi-openhim-mediator-engine-java/src/test/java/flaky/FlakyTest.java:[43,10] type annotations are not supported in -source 1.7
[ERROR]   (use -source 8 or higher to enable type annotations)
[ERROR] /Users/yhcrown/Documents/flaky_java_projects/jembi-openhim-mediator-engine-java/src/test/java/flaky/FlakyTest.java:[43,9] illegal start of expression
[ERROR] /Users/yhcrown/Documents/flaky_java_projects/jembi-openhim-mediator-engine-java/src/test/java/flaky/FlakyTest.java:[43,14] ';' expected
[ERROR] /Users/yhcrown/Documents/flaky_java_projects/jembi-openhim-mediator-engine-java/src/test/java/flaky/FlakyTest.java:[44,12] illegal start of expression
[ERROR] /Users/yhcrown/Documents/flaky_java_projects/jembi-openhim-mediator-engine-java/src/test/java/flaky/FlakyTest.java:[44,26] ';' expected
[ERROR] /Users/yhcrown/Documents/flaky_java_projects/jembi-openhim-mediator-engine-java/src/test/java/flaky/FlakyTest.java:[44,36] not a statement
[ERROR] /Users/yhcrown/Documents/flaky_java_projects/jembi-openhim-mediator-engine-java/src/test/java/flaky/FlakyTest.java:[44,45] ';' expected
[ERROR] /Users/yhcrown/Documents/flaky_java_projects/jembi-openhim-mediator-engine-java/src/test/java/flaky/FlakyTest.java:[54,64] unclosed string literal
[ERROR] /Users/yhcrown/Documents/flaky_java_projects/jembi-openhim-mediator-engine-java/src/test/java/flaky/FlakyTest.java:[55,9] illegal start of expression
[ERROR] /Users/yhcrown/Documents/flaky_java_projects/jembi-openhim-mediator-engine-java/src/test/java/flaky/FlakyTest.java:[55,14] ';' expected
[ERROR] /Users/yhcrown/Documents/flaky_java_projects/jembi-openhim-mediator-engine-java/src/test/java/flaky/FlakyTest.java:[56,12] illegal start of expression
[ERROR] /Users/yhcrown/Documents/flaky_java_projects/jembi-openhim-mediator-engine-java/src/test/java/flaky/FlakyTest.java:[56,26] ';' expected
[ERROR] /Users/yhcrown/Documents/flaky_java_projects/jembi-openhim-mediator-engine-java/src/test/java/flaky/FlakyTest.java:[56,36] not a statement
[ERROR] /Users/yhcrown/Documents/flaky_java_projects/jembi-openhim-mediator-engine-java/src/test/java/flaky/FlakyTest.java:[56,45] ';' expected
[ERROR] /Users/yhcrown/Documents/flaky_java_projects/jembi-openhim-mediator-engine-java/src/test/java/flaky/FlakyTest.java:[73,26] ';' expected
[ERROR] /Users/yhcrown/Documents/flaky_java_projects/jembi-openhim-mediator-engine-java/src/test/java/flaky/FlakyTest.java:[73,36] not a statement
[ERROR] /Users/yhcrown/Documents/flaky_java_projects/jembi-openhim-mediator-engine-java/src/test/java/flaky/FlakyTest.java:[73,45] ';' expected
[ERROR] /Users/yhcrown/Documents/flaky_java_projects/jembi-openhim-mediator-engine-java/src/test/java/flaky/FlakyTest.java:[93,2] reached end of file while parsing
[ERROR] -> [Help 1]
[ERROR] 
[ERROR] To see the full stack trace of the errors, re-run Maven with the -e switch.
[ERROR] Re-run Maven using the -X switch to enable full debug logging.
[ERROR] 
[ERROR] For more information about the errors and possible solutions, please read the following articles:
[ERROR] [Help 1] http://cwiki.apache.org/confluence/display/MAVEN/MojoFailureException
