[INFO] Scanning for projects...
[INFO] Inspecting build with total of 1 modules...
[INFO] Installing Nexus Staging features:
[INFO]   ... total of 1 executions of maven-deploy-plugin replaced with nexus-staging-maven-plugin
[INFO] 
[INFO] ------------------< com.github.seasarorg.mayaa:mayaa >------------------
[INFO] Building Mayaa 1.2.1-SNAPSHOT
[INFO]   from pom.xml
[INFO] --------------------------------[ jar ]---------------------------------
[INFO] 
[INFO] --- jacoco:0.8.6:prepare-agent (default) @ mayaa ---
[INFO] jacocoArgs set to -javaagent:/Users/yhcrown/.m2/repository/org/jacoco/org.jacoco.agent/0.8.6/org.jacoco.agent-0.8.6-runtime.jar=destfile=/Users/yhcrown/Documents/flaky_java_projects/seasarorg-mayaa/target/jacoco-output/jacoco-ut.exec
[INFO] 
[INFO] --- build-helper:3.2.0:add-source (add-source) @ mayaa ---
[INFO] Source directory: /Users/yhcrown/Documents/flaky_java_projects/seasarorg-mayaa/src-impl added.
[INFO] 
[INFO] --- templating:1.0.0:filter-sources (filter-src) @ mayaa ---
[INFO] Coping files with filtering to temporary directory.
[INFO] Using 'UTF-8' encoding to copy filtered resources.
[INFO] Copying 1 resource
[INFO] No files needs to be copied to output directory. Up to date: /Users/yhcrown/Documents/flaky_java_projects/seasarorg-mayaa/target/generated-sources/java-templates
[INFO] Source directory: /Users/yhcrown/Documents/flaky_java_projects/seasarorg-mayaa/target/generated-sources/java-templates added.
[INFO] 
[INFO] --- resources:3.3.1:resources (default-resources) @ mayaa ---
[INFO] Copying 0 resource from src-api to target/classes
[INFO] Copying 59 resources from src-impl to target/classes
[INFO] Copying 6 resources from src/main/resources to target/classes
[INFO] 
[INFO] --- compiler:3.11.0:compile (default-compile) @ mayaa ---
[INFO] Nothing to compile - all classes are up to date
[INFO] 
[INFO] --- build-helper:3.2.0:add-test-resource (add-test-resource) @ mayaa ---
[INFO] 
[INFO] --- resources:3.3.1:testResources (default-testResources) @ mayaa ---
[INFO] Copying 30 resources from src/test/java to target/test-classes
[INFO] Copying 263 resources from src/test/resources to target/test-classes
[INFO] Copying 2 resources from src/integration-test/resources to target/test-classes
[INFO] 
[INFO] --- compiler:3.11.0:testCompile (default-testCompile) @ mayaa ---
[INFO] Changes detected - recompiling the module! :source
[INFO] Compiling 97 source files with javac [debug target 1.7] to target/test-classes
[WARNING] bootstrap class path not set in conjunction with -source 1.7
[INFO] 
[INFO] --- surefire:3.0.0-M5:test (default-test) @ mayaa ---
[INFO] 
[INFO] -------------------------------------------------------
[INFO]  T E S T S
[INFO] -------------------------------------------------------
[INFO] 
[INFO] Results:
[INFO] 
[INFO] Tests run: 0, Failures: 0, Errors: 0, Skipped: 0
[INFO] 
[INFO] ------------------------------------------------------------------------
[INFO] BUILD FAILURE
[INFO] ------------------------------------------------------------------------
[INFO] Total time:  2.883 s
[INFO] Finished at: 2023-11-20T03:31:20-06:00
[INFO] ------------------------------------------------------------------------
[ERROR] Failed to execute goal org.apache.maven.plugins:maven-surefire-plugin:3.0.0-M5:test (default-test) on project mayaa: No tests were executed!  (Set -DfailIfNoTests=false to ignore this error.) -> [Help 1]
[ERROR] 
[ERROR] To see the full stack trace of the errors, re-run Maven with the -e switch.
[ERROR] Re-run Maven using the -X switch to enable full debug logging.
[ERROR] 
[ERROR] For more information about the errors and possible solutions, please read the following articles:
[ERROR] [Help 1] http://cwiki.apache.org/confluence/display/MAVEN/MojoFailureException
