[INFO] Scanning for projects...
[INFO] 
[INFO] ----------------< com.j256.simplemetrics:simplemetrics >----------------
[INFO] Building Simple Metrics 1.10-SNAPSHOT
[INFO]   from pom.xml
[INFO] --------------------------------[ jar ]---------------------------------
[INFO] 
[INFO] --- surefire:2.19.1:test (default-cli) @ simplemetrics ---

-------------------------------------------------------
 T E S T S
-------------------------------------------------------
Running flaky.FlakyTest
Tests run: 3, Failures: 3, Errors: 0, Skipped: 0, Time elapsed: 0.042 sec <<< FAILURE! - in flaky.FlakyTest
test166_1(flaky.FlakyTest)  Time elapsed: 0.006 sec  <<< FAILURE!
java.lang.AssertionError: '1702170225928' != '1700471538023'
	at flaky.FlakyTest.test166_1(FlakyTest.java:20)

test208_1(flaky.FlakyTest)  Time elapsed: 0 sec  <<< FAILURE!
java.lang.AssertionError: '1702170225841' != '1700471540565'
	at flaky.FlakyTest.test208_1(FlakyTest.java:29)

test208_2(flaky.FlakyTest)  Time elapsed: 0 sec  <<< FAILURE!
java.lang.AssertionError: '1702170225941' != '1700471540665'
	at flaky.FlakyTest.test208_2(FlakyTest.java:40)


Results :

Failed tests: 
  FlakyTest.test166_1:20 '1702170225928' != '1700471538023'
  FlakyTest.test208_1:29 '1702170225841' != '1700471540565'
  FlakyTest.test208_2:40 '1702170225941' != '1700471540665'

Tests run: 3, Failures: 3, Errors: 0, Skipped: 0

[INFO] ------------------------------------------------------------------------
[INFO] BUILD FAILURE
[INFO] ------------------------------------------------------------------------
[INFO] Total time:  1.294 s
[INFO] Finished at: 2023-12-09T19:03:46-06:00
[INFO] ------------------------------------------------------------------------
[ERROR] Failed to execute goal org.apache.maven.plugins:maven-surefire-plugin:2.19.1:test (default-cli) on project simplemetrics: There are test failures.
[ERROR] 
[ERROR] Please refer to /Users/yhcrown/Documents/flaky_java_projects/j256-simplemetrics/target/surefire-reports for the individual test results.
[ERROR] -> [Help 1]
[ERROR] 
[ERROR] To see the full stack trace of the errors, re-run Maven with the -e switch.
[ERROR] Re-run Maven using the -X switch to enable full debug logging.
[ERROR] 
[ERROR] For more information about the errors and possible solutions, please read the following articles:
[ERROR] [Help 1] http://cwiki.apache.org/confluence/display/MAVEN/MojoFailureException
