[INFO] Scanning for projects...
[INFO] 
[INFO] ----< com.google.code.externalsortinginjava:externalsortinginjava >-----
[INFO] Building externalsortinginjava 0.6.2-SNAPSHOT
[INFO]   from pom.xml
[INFO] --------------------------------[ jar ]---------------------------------
[INFO] 
[INFO] --- surefire:2.19.1:test (default-cli) @ externalsortinginjava ---

-------------------------------------------------------
 T E S T S
-------------------------------------------------------
Running flaky.FlakyTest
Tests run: 1, Failures: 1, Errors: 0, Skipped: 0, Time elapsed: 0.143 sec <<< FAILURE! - in flaky.FlakyTest
test118_5(flaky.FlakyTest)  Time elapsed: 0.086 sec  <<< FAILURE!
org.junit.ComparisonFailure: expected:<...000gn/T/sortInBatch2[168160721524016514]flatfile> but was:<...000gn/T/sortInBatch2[265128279765214725]flatfile>
	at flaky.FlakyTest.test118_5(FlakyTest.java:12481)


Results :

Failed tests: 
  FlakyTest.test118_5:12481 expected:<...000gn/T/sortInBatch2[168160721524016514]flatfile> but was:<...000gn/T/sortInBatch2[265128279765214725]flatfile>

Tests run: 1, Failures: 1, Errors: 0, Skipped: 0

[INFO] ------------------------------------------------------------------------
[INFO] BUILD FAILURE
[INFO] ------------------------------------------------------------------------
[INFO] Total time:  1.223 s
[INFO] Finished at: 2023-11-22T14:08:16-06:00
[INFO] ------------------------------------------------------------------------
[ERROR] Failed to execute goal org.apache.maven.plugins:maven-surefire-plugin:2.19.1:test (default-cli) on project externalsortinginjava: There are test failures.
[ERROR] 
[ERROR] Please refer to /Users/yhcrown/Documents/flaky_java_projects/lemire-externalsortinginjava/target/surefire-reports for the individual test results.
[ERROR] -> [Help 1]
[ERROR] 
[ERROR] To see the full stack trace of the errors, re-run Maven with the -e switch.
[ERROR] Re-run Maven using the -X switch to enable full debug logging.
[ERROR] 
[ERROR] For more information about the errors and possible solutions, please read the following articles:
[ERROR] [Help 1] http://cwiki.apache.org/confluence/display/MAVEN/MojoFailureException
