[INFO] Scanning for projects...
[INFO] 
[INFO] -------------------< com.github.javafaker:javafaker >-------------------
[INFO] Building Java Faker 1.0.3-SNAPSHOT
[INFO]   from pom.xml
[INFO] --------------------------------[ jar ]---------------------------------
[INFO] 
[INFO] --- surefire:3.1.2:test (default-cli) @ javafaker ---
[INFO] Using auto detected provider org.apache.maven.surefire.junit4.JUnit4Provider
[INFO] 
[INFO] -------------------------------------------------------
[INFO]  T E S T S
[INFO] -------------------------------------------------------
[INFO] Running flaky.FlakyTest
[ERROR] Tests run: 1, Failures: 1, Errors: 0, Skipped: 0, Time elapsed: 0.174 s <<< FAILURE! -- in flaky.FlakyTest
[ERROR] flaky.FlakyTest.test062_2 -- Time elapsed: 0.121 s <<< FAILURE!
org.junit.ComparisonFailure: expected:<..., 48, 10, 111, 61, 8[6, 105, 110, 99, 101, 110, 116, 32, 101, 53, 48, 53, 102, 57, 49, 97, 45, 57, 57, 49, 48, 45, 52, 57, 56, 48, 45, 57, 50, 52, 100, 45, 49, 98, 49, 50, 49, 56, 101, 57, 97, 97, 100, 50, 32, 73, 78, 32, 73, 80, 52, 32, 103, 105, 98, 115, 111, 110, 46, 99, 111, 109, 10, 115, 61, 45, 10, 99, 61, 73, 78, 32, 73, 80, 52, 32, 49, 57, 57, 46, 49, 57, 48, 46, 51, 53, 46, 50, 49, 10, 116, 61, 48, 32, 48, 10, 109, 61, 97, 117, 100, 105, 111, 32, 52, 55, 52, 50, 50], 32, 82, 84, 80, 47...> but was:<..., 48, 10, 111, 61, 8[2, 101, 102, 117, 103, 105, 111, 32, 52, 55, 49, 99, 48, 49, 97, 52, 45, 56, 100, 50, 49, 45, 52, 97, 53, 101, 45, 97, 97, 57, 100, 45, 99, 102, 55, 57, 54, 48, 56, 55, 101, 49, 49, 48, 32, 73, 78, 32, 73, 80, 52, 32, 112, 97, 103, 97, 99, 46, 111, 114, 103, 10, 115, 61, 45, 10, 99, 61, 73, 78, 32, 73, 80, 52, 32, 49, 49, 46, 49, 48, 51, 46, 56, 53, 46, 49, 48, 55, 10, 116, 61, 48, 32, 48, 10, 109, 61, 97, 117, 100, 105, 111, 32, 52, 50, 56, 51, 54], 32, 82, 84, 80, 47...>
	at org.junit.Assert.assertEquals(Assert.java:115)
	at org.junit.Assert.assertEquals(Assert.java:144)
	at flaky.FlakyTest.test062_2(FlakyTest.java:692)
	at sun.reflect.NativeMethodAccessorImpl.invoke0(Native Method)
	at sun.reflect.NativeMethodAccessorImpl.invoke(NativeMethodAccessorImpl.java:62)
	at sun.reflect.DelegatingMethodAccessorImpl.invoke(DelegatingMethodAccessorImpl.java:43)
	at java.lang.reflect.Method.invoke(Method.java:498)
	at org.junit.runners.model.FrameworkMethod$1.runReflectiveCall(FrameworkMethod.java:50)
	at org.junit.internal.runners.model.ReflectiveCallable.run(ReflectiveCallable.java:12)
	at org.junit.runners.model.FrameworkMethod.invokeExplosively(FrameworkMethod.java:47)
	at org.junit.internal.runners.statements.InvokeMethod.evaluate(InvokeMethod.java:17)
	at org.junit.runners.ParentRunner.runLeaf(ParentRunner.java:325)
	at org.junit.runners.BlockJUnit4ClassRunner.runChild(BlockJUnit4ClassRunner.java:78)
	at org.junit.runners.BlockJUnit4ClassRunner.runChild(BlockJUnit4ClassRunner.java:57)
	at org.junit.runners.ParentRunner$3.run(ParentRunner.java:290)
	at org.junit.runners.ParentRunner$1.schedule(ParentRunner.java:71)
	at org.junit.runners.ParentRunner.runChildren(ParentRunner.java:288)
	at org.junit.runners.ParentRunner.access$000(ParentRunner.java:58)
	at org.junit.runners.ParentRunner$2.evaluate(ParentRunner.java:268)
	at org.junit.runners.ParentRunner.run(ParentRunner.java:363)
	at org.apache.maven.surefire.junit4.JUnit4Provider.execute(JUnit4Provider.java:316)
	at org.apache.maven.surefire.junit4.JUnit4Provider.executeWithRerun(JUnit4Provider.java:240)
	at org.apache.maven.surefire.junit4.JUnit4Provider.executeTestSet(JUnit4Provider.java:214)
	at org.apache.maven.surefire.junit4.JUnit4Provider.invoke(JUnit4Provider.java:155)
	at org.apache.maven.surefire.booter.ForkedBooter.runSuitesInProcess(ForkedBooter.java:385)
	at org.apache.maven.surefire.booter.ForkedBooter.execute(ForkedBooter.java:162)
	at org.apache.maven.surefire.booter.ForkedBooter.run(ForkedBooter.java:507)
	at org.apache.maven.surefire.booter.ForkedBooter.main(ForkedBooter.java:495)

[INFO] 
[INFO] Results:
[INFO] 
[ERROR] Failures: 
[ERROR]   FlakyTest.test062_2:692 expected:<..., 48, 10, 111, 61, 8[6, 105, 110, 99, 101, 110, 116, 32, 101, 53, 48, 53, 102, 57, 49, 97, 45, 57, 57, 49, 48, 45, 52, 57, 56, 48, 45, 57, 50, 52, 100, 45, 49, 98, 49, 50, 49, 56, 101, 57, 97, 97, 100, 50, 32, 73, 78, 32, 73, 80, 52, 32, 103, 105, 98, 115, 111, 110, 46, 99, 111, 109, 10, 115, 61, 45, 10, 99, 61, 73, 78, 32, 73, 80, 52, 32, 49, 57, 57, 46, 49, 57, 48, 46, 51, 53, 46, 50, 49, 10, 116, 61, 48, 32, 48, 10, 109, 61, 97, 117, 100, 105, 111, 32, 52, 55, 52, 50, 50], 32, 82, 84, 80, 47...> but was:<..., 48, 10, 111, 61, 8[2, 101, 102, 117, 103, 105, 111, 32, 52, 55, 49, 99, 48, 49, 97, 52, 45, 56, 100, 50, 49, 45, 52, 97, 53, 101, 45, 97, 97, 57, 100, 45, 99, 102, 55, 57, 54, 48, 56, 55, 101, 49, 49, 48, 32, 73, 78, 32, 73, 80, 52, 32, 112, 97, 103, 97, 99, 46, 111, 114, 103, 10, 115, 61, 45, 10, 99, 61, 73, 78, 32, 73, 80, 52, 32, 49, 49, 46, 49, 48, 51, 46, 56, 53, 46, 49, 48, 55, 10, 116, 61, 48, 32, 48, 10, 109, 61, 97, 117, 100, 105, 111, 32, 52, 50, 56, 51, 54], 32, 82, 84, 80, 47...>
[INFO] 
[ERROR] Tests run: 1, Failures: 1, Errors: 0, Skipped: 0
[INFO] 
[INFO] ------------------------------------------------------------------------
[INFO] BUILD FAILURE
[INFO] ------------------------------------------------------------------------
[INFO] Total time:  0.903 s
[INFO] Finished at: 2023-11-25T18:34:25-06:00
[INFO] ------------------------------------------------------------------------
[ERROR] Failed to execute goal org.apache.maven.plugins:maven-surefire-plugin:3.1.2:test (default-cli) on project javafaker: There are test failures.
[ERROR] 
[ERROR] Please refer to /Users/yhcrown/Documents/flaky_java_projects/DiUS-java-faker/target/surefire-reports for the individual test results.
[ERROR] Please refer to dump files (if any exist) [date].dump, [date]-jvmRun[N].dump and [date].dumpstream.
[ERROR] -> [Help 1]
[ERROR] 
[ERROR] To see the full stack trace of the errors, re-run Maven with the -e switch.
[ERROR] Re-run Maven using the -X switch to enable full debug logging.
[ERROR] 
[ERROR] For more information about the errors and possible solutions, please read the following articles:
[ERROR] [Help 1] http://cwiki.apache.org/confluence/display/MAVEN/MojoFailureException
